---------------------------------------------------------------

[2022-08-24T06:22:54+08:00] 106.55.173.105 GET htkj.chatimdajian.com/api/system/base
[运行时间：0.872549s] [吞吐率：1.15req/s] [内存消耗：780.48kb] [文件加载：81]
[ info ] [ LANG ] C:\wwwroot\kongjiangrenwu\hld3\admin\tp6_bhzRC3\thinkphp\lang\zh-cn.php
[ info ] [ ROUTE ] array (
)
[ info ] [ HEADER ] array (
  'accept-language' => 'en-US',
  'accept-encoding' => 'gzip, deflate',
  'referer' => 'http://renwu.chatimdajian.com/',
  'origin' => 'http://renwu.chatimdajian.com',
  'user-agent' => 'Mozilla/5.0 (Windows NT 10.0; Win64; x64) AppleWebKit/537.36 (KHTML, like Gecko) Chrome/89.0.4389.90 Safari/537.36 Edg/89.0.774.54',
  'accept' => 'application/json, text/plain, */*',
  'connection' => 'close',
  'host' => 'htkj.chatimdajian.com',
)
[ info ] [ PARAM ] array (
)
[ info ] [ DB ] INIT mysql
[ sql ] [ DB ] CONNECT:[ UseTime:0.002513s ] mysql:host=127.0.0.1;dbname=tcmy;charset=utf8
[ sql ] [ SQL ] SHOW COLUMNS FROM `system` [ RunTime:0.011615s ]
[ sql ] [ SQL ] SELECT * FROM `system` WHERE  `key` = 'base' LIMIT 1 [ RunTime:0.000802s ]
---------------------------------------------------------------

[2022-08-24T06:22:54+08:00] 106.55.173.105 GET htkj.chatimdajian.com/api/system/base
[运行时间：0.603192s] [吞吐率：1.66req/s] [内存消耗：538.03kb] [文件加载：81]
[ info ] [ LANG ] C:\wwwroot\kongjiangrenwu\hld3\admin\tp6_bhzRC3\thinkphp\lang\zh-cn.php
[ info ] [ ROUTE ] array (
)
[ info ] [ HEADER ] array (
  'accept-language' => 'en-US',
  'accept-encoding' => 'gzip, deflate',
  'referer' => 'http://renwu.chatimdajian.com/',
  'origin' => 'http://renwu.chatimdajian.com',
  'user-agent' => 'Mozilla/5.0 (Windows NT 10.0; Win64; x64) AppleWebKit/537.36 (KHTML, like Gecko) Chrome/89.0.4389.90 Safari/537.36 Edg/89.0.774.54',
  'accept' => 'application/json, text/plain, */*',
  'connection' => 'close',
  'host' => 'htkj.chatimdajian.com',
)
[ info ] [ PARAM ] array (
)
[ info ] [ DB ] INIT mysql
[ sql ] [ DB ] CONNECT:[ UseTime:0.001674s ] mysql:host=127.0.0.1;dbname=tcmy;charset=utf8
[ sql ] [ SQL ] SHOW COLUMNS FROM `system` [ RunTime:0.003468s ]
[ sql ] [ SQL ] SELECT * FROM `system` WHERE  `key` = 'base' LIMIT 1 [ RunTime:0.000516s ]
---------------------------------------------------------------

[2022-08-24T06:22:55+08:00] 106.55.173.105 GET htkj.chatimdajian.com/api/system/config
[运行时间：0.883256s] [吞吐率：1.13req/s] [内存消耗：623.74kb] [文件加载：84]
[ info ] [ LANG ] C:\wwwroot\kongjiangrenwu\hld3\admin\tp6_bhzRC3\thinkphp\lang\zh-cn.php
[ info ] [ ROUTE ] array (
)
[ info ] [ HEADER ] array (
  'accept-language' => 'en-US',
  'accept-encoding' => 'gzip, deflate',
  'referer' => 'http://renwu.chatimdajian.com/',
  'origin' => 'http://renwu.chatimdajian.com',
  'user-agent' => 'Mozilla/5.0 (Windows NT 10.0; Win64; x64) AppleWebKit/537.36 (KHTML, like Gecko) Chrome/89.0.4389.90 Safari/537.36 Edg/89.0.774.54',
  'accept' => 'application/json, text/plain, */*',
  'connection' => 'close',
  'host' => 'htkj.chatimdajian.com',
)
[ info ] [ PARAM ] array (
)
[ info ] [ DB ] INIT mysql
[ sql ] [ DB ] CONNECT:[ UseTime:0.002047s ] mysql:host=127.0.0.1;dbname=tcmy;charset=utf8
[ sql ] [ SQL ] SHOW COLUMNS FROM `notice` [ RunTime:0.003995s ]
[ sql ] [ SQL ] SELECT `text` FROM `notice` WHERE  `hot` = 1  AND `status` = 1 LIMIT 1 [ RunTime:0.000489s ]
[ sql ] [ SQL ] SHOW COLUMNS FROM `banner` [ RunTime:0.003085s ]
[ sql ] [ SQL ] SELECT * FROM `banner` WHERE  `status` = 1 [ RunTime:0.000373s ]
[ sql ] [ SQL ] SHOW COLUMNS FROM `video` [ RunTime:0.003553s ]
[ sql ] [ SQL ] SELECT * FROM `video` WHERE  `vod_status` = 1  AND `vod_hot` = 1 ORDER BY `id` ASC [ RunTime:0.000527s ]
[ sql ] [ SQL ] SELECT * FROM `video` WHERE  `vod_status` = 1 ORDER BY rand(),`id` ASC LIMIT 8 [ RunTime:0.265527s ]
---------------------------------------------------------------

[2022-08-24T06:22:55+08:00] 106.55.173.105 GET htkj.chatimdajian.com/api/system/config
[运行时间：2.394747s] [吞吐率：0.42req/s] [内存消耗：989.59kb] [文件加载：82]
[ info ] [ LANG ] C:\wwwroot\kongjiangrenwu\hld3\admin\tp6_bhzRC3\thinkphp\lang\zh-cn.php
[ info ] [ ROUTE ] array (
)
[ info ] [ HEADER ] array (
  'accept-language' => 'en-US',
  'accept-encoding' => 'gzip, deflate',
  'referer' => 'http://renwu.chatimdajian.com/',
  'origin' => 'http://renwu.chatimdajian.com',
  'user-agent' => 'Mozilla/5.0 (Windows NT 10.0; Win64; x64) AppleWebKit/537.36 (KHTML, like Gecko) Chrome/89.0.4389.90 Safari/537.36 Edg/89.0.774.54',
  'accept' => 'application/json, text/plain, */*',
  'connection' => 'close',
  'host' => 'htkj.chatimdajian.com',
)
[ info ] [ PARAM ] array (
)
[ info ] [ DB ] INIT mysql
[ sql ] [ DB ] CONNECT:[ UseTime:0.002197s ] mysql:host=127.0.0.1;dbname=tcmy;charset=utf8
[ sql ] [ SQL ] SHOW COLUMNS FROM `notice` [ RunTime:0.006967s ]
[ sql ] [ SQL ] SELECT `text` FROM `notice` WHERE  `hot` = 1  AND `status` = 1 LIMIT 1 [ RunTime:0.000725s ]
[ sql ] [ SQL ] SHOW COLUMNS FROM `banner` [ RunTime:0.005186s ]
[ sql ] [ SQL ] SELECT * FROM `banner` WHERE  `status` = 1 [ RunTime:0.000699s ]
[ sql ] [ SQL ] SHOW COLUMNS FROM `video` [ RunTime:0.009612s ]
[ sql ] [ SQL ] SELECT * FROM `video` WHERE  `vod_status` = 1  AND `vod_hot` = 1 ORDER BY `id` ASC [ RunTime:0.000526s ]
[ sql ] [ SQL ] SELECT * FROM `video` WHERE  `vod_status` = 1 ORDER BY rand(),`id` ASC LIMIT 8 [ RunTime:0.530076s ]
---------------------------------------------------------------

[2022-08-24T06:22:55+08:00] 106.55.173.105 GET htkj.chatimdajian.com/api/Lottery/hotLottery
[运行时间：0.245683s] [吞吐率：4.07req/s] [内存消耗：546.36kb] [文件加载：83]
[ info ] [ LANG ] C:\wwwroot\kongjiangrenwu\hld3\admin\tp6_bhzRC3\thinkphp\lang\zh-cn.php
[ info ] [ ROUTE ] array (
)
[ info ] [ HEADER ] array (
  'accept-language' => 'en-US',
  'accept-encoding' => 'gzip, deflate',
  'referer' => 'http://renwu.chatimdajian.com/',
  'origin' => 'http://renwu.chatimdajian.com',
  'user-agent' => 'Mozilla/5.0 (Windows NT 10.0; Win64; x64) AppleWebKit/537.36 (KHTML, like Gecko) Chrome/89.0.4389.90 Safari/537.36 Edg/89.0.774.54',
  'accept' => 'application/json, text/plain, */*',
  'connection' => 'close',
  'host' => 'htkj.chatimdajian.com',
)
[ info ] [ PARAM ] array (
)
[ info ] [ DB ] INIT mysql
[ sql ] [ DB ] CONNECT:[ UseTime:0.000831s ] mysql:host=127.0.0.1;dbname=tcmy;charset=utf8
[ sql ] [ SQL ] SHOW COLUMNS FROM `lottery` [ RunTime:0.013797s ]
[ sql ] [ SQL ] SELECT * FROM `lottery` WHERE  `status` = 1  AND `hot` = 1 ORDER BY `id` ASC [ RunTime:0.000501s ]
---------------------------------------------------------------

[2022-08-24T22:27:37+08:00] 58.152.48.222 GET htkj.chatimdajian.com/api/system/config
[运行时间：0.701358s] [吞吐率：1.43req/s] [内存消耗：960.52kb] [文件加载：82]
[ info ] [ LANG ] C:\wwwroot\kongjiangrenwu\hld3\admin\tp6_bhzRC3\thinkphp\lang\zh-cn.php
[ info ] [ ROUTE ] array (
)
[ info ] [ HEADER ] array (
  'referer' => 'http://renwu.chatimdajian.com/',
  'origin' => 'http://renwu.chatimdajian.com',
  'connection' => 'close',
  'accept-language' => 'zh-CN,zh;q=0.9,en;q=0.8,en-GB;q=0.7,en-US;q=0.6',
  'accept-encoding' => 'gzip, deflate',
  'accept' => 'application/json, text/plain, */*',
  'user-agent' => 'Mozilla/5.0 (Windows NT 10.0; Win64; x64) AppleWebKit/537.36 (KHTML, like Gecko) Chrome/104.0.5112.102 Safari/537.36 Edg/104.0.1293.63',
  'host' => 'htkj.chatimdajian.com',
)
[ info ] [ PARAM ] array (
)
[ info ] [ DB ] INIT mysql
[ sql ] [ DB ] CONNECT:[ UseTime:0.006862s ] mysql:host=127.0.0.1;dbname=tcmy;charset=utf8
[ sql ] [ SQL ] SHOW COLUMNS FROM `notice` [ RunTime:0.012759s ]
[ sql ] [ SQL ] SELECT `text` FROM `notice` WHERE  `hot` = 1  AND `status` = 1 LIMIT 1 [ RunTime:0.001689s ]
[ sql ] [ SQL ] SHOW COLUMNS FROM `banner` [ RunTime:0.006511s ]
[ sql ] [ SQL ] SELECT * FROM `banner` WHERE  `status` = 1 [ RunTime:0.000445s ]
[ sql ] [ SQL ] SHOW COLUMNS FROM `video` [ RunTime:0.005390s ]
[ sql ] [ SQL ] SELECT * FROM `video` WHERE  `vod_status` = 1  AND `vod_hot` = 1 ORDER BY `id` ASC [ RunTime:0.001153s ]
[ sql ] [ SQL ] SELECT * FROM `video` WHERE  `vod_status` = 1 ORDER BY rand(),`id` ASC LIMIT 8 [ RunTime:0.223740s ]
---------------------------------------------------------------

[2022-08-24T22:27:37+08:00] 58.152.48.222 GET htkj.chatimdajian.com/api/system/base
[运行时间：0.291114s] [吞吐率：3.44req/s] [内存消耗：538.33kb] [文件加载：81]
[ info ] [ LANG ] C:\wwwroot\kongjiangrenwu\hld3\admin\tp6_bhzRC3\thinkphp\lang\zh-cn.php
[ info ] [ ROUTE ] array (
)
[ info ] [ HEADER ] array (
  'referer' => 'http://renwu.chatimdajian.com/',
  'origin' => 'http://renwu.chatimdajian.com',
  'connection' => 'close',
  'accept-language' => 'zh-CN,zh;q=0.9,en;q=0.8,en-GB;q=0.7,en-US;q=0.6',
  'accept-encoding' => 'gzip, deflate',
  'accept' => 'application/json, text/plain, */*',
  'user-agent' => 'Mozilla/5.0 (Windows NT 10.0; Win64; x64) AppleWebKit/537.36 (KHTML, like Gecko) Chrome/104.0.5112.102 Safari/537.36 Edg/104.0.1293.63',
  'host' => 'htkj.chatimdajian.com',
)
[ info ] [ PARAM ] array (
)
[ info ] [ DB ] INIT mysql
[ sql ] [ DB ] CONNECT:[ UseTime:0.001132s ] mysql:host=127.0.0.1;dbname=tcmy;charset=utf8
[ sql ] [ SQL ] SHOW COLUMNS FROM `system` [ RunTime:0.003980s ]
[ sql ] [ SQL ] SELECT * FROM `system` WHERE  `key` = 'base' LIMIT 1 [ RunTime:0.000539s ]
---------------------------------------------------------------

[2022-08-24T22:27:38+08:00] 58.152.48.222 GET htkj.chatimdajian.com/api/Lottery/hotLottery
[运行时间：0.255574s] [吞吐率：3.91req/s] [内存消耗：546.67kb] [文件加载：83]
[ info ] [ LANG ] C:\wwwroot\kongjiangrenwu\hld3\admin\tp6_bhzRC3\thinkphp\lang\zh-cn.php
[ info ] [ ROUTE ] array (
)
[ info ] [ HEADER ] array (
  'referer' => 'http://renwu.chatimdajian.com/',
  'origin' => 'http://renwu.chatimdajian.com',
  'connection' => 'close',
  'accept-language' => 'zh-CN,zh;q=0.9,en;q=0.8,en-GB;q=0.7,en-US;q=0.6',
  'accept-encoding' => 'gzip, deflate',
  'accept' => 'application/json, text/plain, */*',
  'user-agent' => 'Mozilla/5.0 (Windows NT 10.0; Win64; x64) AppleWebKit/537.36 (KHTML, like Gecko) Chrome/104.0.5112.102 Safari/537.36 Edg/104.0.1293.63',
  'host' => 'htkj.chatimdajian.com',
)
[ info ] [ PARAM ] array (
)
[ info ] [ DB ] INIT mysql
[ sql ] [ DB ] CONNECT:[ UseTime:0.001574s ] mysql:host=127.0.0.1;dbname=tcmy;charset=utf8
[ sql ] [ SQL ] SHOW COLUMNS FROM `lottery` [ RunTime:0.007706s ]
[ sql ] [ SQL ] SELECT * FROM `lottery` WHERE  `status` = 1  AND `hot` = 1 ORDER BY `id` ASC [ RunTime:0.000664s ]
