---------------------------------------------------------------

[2022-01-31T23:42:02+08:00] 40.83.103.135 GET admin.mihuanjishupinzhifuwudiyi44.cc/api/LotteryApi/autoProgram
[运行时间：0.112590s] [吞吐率：8.88req/s] [内存消耗：3,403.78kb] [文件加载：82]
[ info ] [ LANG ] /www/wwwroot/tongchengmiyue/tp6/thinkphp/lang/zh-cn.php
[ info ] [ ROUTE ] array (
)
[ info ] [ HEADER ] array (
  'accept' => '*/*',
  'user-agent' => 'curl/7.29.0',
  'connection' => 'close',
  'x-request-id' => 'd4bf4b457ae58e7bec621ec18471b8a9',
  'x-country' => 'HK',
  'x-forwarded-proto' => 'https',
  'x-forward-scheme' => 'https',
  'x-real-ip' => '40.83.103.135',
  'host' => 'admin.mihuanjishupinzhifuwudiyi44.cc',
  'x-forward-for' => '40.83.103.135',
  'x-forwarded-for' => '40.83.103.135',
  'content-type' => '',
  'content-length' => '',
)
[ info ] [ PARAM ] array (
)
[ info ] [ DB ] INIT mysql
[ sql ] [ DB ] CONNECT:[ UseTime:0.000488s ] mysql:host=127.0.0.1;dbname=tcmy;charset=utf8
[ sql ] [ SQL ] SHOW COLUMNS FROM `lottery` [ RunTime:0.000992s ]
[ sql ] [ SQL ] SELECT `id`,`name`,`status`,`rule`,`cid`,`condition`,`hot`,`key`,`ico`,`create_time`,`update_time` FROM `lottery` WHERE  `status` = 1 ORDER BY `id` ASC [ RunTime:0.000292s ]
[ sql ] [ SQL ] SHOW COLUMNS FROM `lottery_kj` [ RunTime:0.000765s ]
[ sql ] [ SQL ] SELECT * FROM `lottery_kj` WHERE  `key` = 'game1'  AND `expect` = '2022013111422' LIMIT 1 [ RunTime:0.026306s ]
[ sql ] [ SQL ] SHOW COLUMNS FROM `lottery_yukaijiang` [ RunTime:0.000861s ]
[ sql ] [ SQL ] SELECT * FROM `lottery_yukaijiang` WHERE  `key` = 'game1'  AND `expect` = '2022013111422' LIMIT 1 [ RunTime:0.002232s ]
[ sql ] [ SQL ] INSERT INTO `lottery_kj` (`key` , `expect` , `opencode` , `is_yukaijiang` , `create_time` , `update_time`) VALUES ('game1' , '2022013111422' , '1,5,3' , 0 , 1643643721 , 1643643721) [ RunTime:0.004097s ]
[ sql ] [ SQL ] SELECT * FROM `lottery_kj` WHERE  `key` = '5'  AND `expect` = '202201313474' LIMIT 1 [ RunTime:0.022274s ]
[ sql ] [ SQL ] SELECT * FROM `lottery_yukaijiang` WHERE  `key` = '5'  AND `expect` = '202201313474' LIMIT 1 [ RunTime:0.001892s ]
[ sql ] [ SQL ] INSERT INTO `lottery_kj` (`key` , `expect` , `opencode` , `is_yukaijiang` , `create_time` , `update_time`) VALUES ('5' , '202201313474' , '5,1,1' , 0 , 1643643721 , 1643643721) [ RunTime:0.003648s ]
[ sql ] [ SQL ] SELECT * FROM `lottery_kj` WHERE  `key` = 'game2'  AND `expect` = '202201315284' LIMIT 1 [ RunTime:0.022061s ]
[ sql ] [ SQL ] SELECT * FROM `lottery_yukaijiang` WHERE  `key` = 'game2'  AND `expect` = '202201315284' LIMIT 1 [ RunTime:0.002066s ]
[ sql ] [ SQL ] SHOW COLUMNS FROM `game` [ RunTime:0.000783s ]
[ sql ] [ SQL ] SELECT * FROM `game` WHERE  `status` = 0 [ RunTime:0.000478s ]
---------------------------------------------------------------

[2022-01-31T23:42:51+08:00] 180.138.78.128 GET admin.mihuanjishupinzhifuwudiyi44.cc/api/system/base
[运行时间：0.025439s] [吞吐率：39.31req/s] [内存消耗：3,262.30kb] [文件加载：79]
[ info ] [ LANG ] /www/wwwroot/tongchengmiyue/tp6/thinkphp/lang/zh-cn.php
[ info ] [ ROUTE ] array (
)
[ info ] [ HEADER ] array (
  'x-requested-with' => 'com.mdcm.hengyao',
  'accept-language' => 'zh,zh-CN;q=0.9,en-US;q=0.8',
  'accept-encoding' => 'gzip, deflate',
  'referer' => 'https://www.mihuanjishupinzhifuwudiyi50.cc/',
  'user-agent' => 'meimaweb-android',
  'origin' => 'https://www.mihuanjishupinzhifuwudiyi50.cc',
  'accept' => 'application/json, text/plain, */*',
  'connection' => 'close',
  'x-request-id' => '90d7028af29a5829529140d2c3e2b158',
  'x-country' => 'CN',
  'x-forwarded-proto' => 'https',
  'x-forward-scheme' => 'https',
  'x-real-ip' => '180.138.78.128',
  'host' => 'admin.mihuanjishupinzhifuwudiyi44.cc',
  'x-forward-for' => '180.138.78.128',
  'x-forwarded-for' => '180.138.78.128',
  'content-type' => '',
  'content-length' => '',
)
[ info ] [ PARAM ] array (
)
[ info ] [ DB ] INIT mysql
[ sql ] [ DB ] CONNECT:[ UseTime:0.000376s ] mysql:host=127.0.0.1;dbname=tcmy;charset=utf8
[ sql ] [ SQL ] SHOW COLUMNS FROM `system` [ RunTime:0.000941s ]
[ sql ] [ SQL ] SELECT * FROM `system` WHERE  `key` = 'base' LIMIT 1 [ RunTime:0.000312s ]
---------------------------------------------------------------

[2022-01-31T23:42:51+08:00] 180.138.78.128 GET admin.mihuanjishupinzhifuwudiyi44.cc/api/system/config
[运行时间：0.062282s] [吞吐率：16.06req/s] [内存消耗：3,412.88kb] [文件加载：82]
[ info ] [ LANG ] /www/wwwroot/tongchengmiyue/tp6/thinkphp/lang/zh-cn.php
[ info ] [ ROUTE ] array (
)
[ info ] [ HEADER ] array (
  'x-requested-with' => 'com.mdcm.hengyao',
  'accept-language' => 'zh,zh-CN;q=0.9,en-US;q=0.8',
  'accept-encoding' => 'gzip, deflate',
  'referer' => 'https://www.mihuanjishupinzhifuwudiyi50.cc/',
  'user-agent' => 'meimaweb-android',
  'origin' => 'https://www.mihuanjishupinzhifuwudiyi50.cc',
  'accept' => 'application/json, text/plain, */*',
  'connection' => 'close',
  'x-request-id' => 'aaf2bb860c09b569fd5a33d71c0da430',
  'x-country' => 'CN',
  'x-forwarded-proto' => 'https',
  'x-forward-scheme' => 'https',
  'x-real-ip' => '180.138.78.128',
  'host' => 'admin.mihuanjishupinzhifuwudiyi44.cc',
  'x-forward-for' => '180.138.78.128',
  'x-forwarded-for' => '180.138.78.128',
  'content-type' => '',
  'content-length' => '',
)
[ info ] [ PARAM ] array (
)
[ info ] [ DB ] INIT mysql
[ sql ] [ DB ] CONNECT:[ UseTime:0.000436s ] mysql:host=127.0.0.1;dbname=tcmy;charset=utf8
[ sql ] [ SQL ] SHOW COLUMNS FROM `notice` [ RunTime:0.000887s ]
[ sql ] [ SQL ] SELECT `text` FROM `notice` WHERE  `hot` = 1  AND `status` = 1 LIMIT 1 [ RunTime:0.000291s ]
[ sql ] [ SQL ] SHOW COLUMNS FROM `banner` [ RunTime:0.001129s ]
[ sql ] [ SQL ] SELECT * FROM `banner` WHERE  `status` = 1 [ RunTime:0.000247s ]
[ sql ] [ SQL ] SHOW COLUMNS FROM `video` [ RunTime:0.001022s ]
[ sql ] [ SQL ] SELECT * FROM `video` WHERE  `vod_status` = 1  AND `vod_hot` = 1 ORDER BY `id` ASC [ RunTime:0.009774s ]
[ sql ] [ SQL ] SELECT * FROM `video` WHERE  `vod_status` = 1 ORDER BY rand(),`id` ASC LIMIT 8 [ RunTime:0.025433s ]
---------------------------------------------------------------

[2022-01-31T23:42:51+08:00] 180.138.78.128 GET admin.mihuanjishupinzhifuwudiyi44.cc/api/Lottery/hotLottery
[运行时间：0.024075s] [吞吐率：41.54req/s] [内存消耗：3,335.10kb] [文件加载：81]
[ info ] [ LANG ] /www/wwwroot/tongchengmiyue/tp6/thinkphp/lang/zh-cn.php
[ info ] [ ROUTE ] array (
)
[ info ] [ HEADER ] array (
  'x-requested-with' => 'com.mdcm.hengyao',
  'accept-language' => 'zh,zh-CN;q=0.9,en-US;q=0.8',
  'accept-encoding' => 'gzip, deflate',
  'referer' => 'https://www.mihuanjishupinzhifuwudiyi50.cc/',
  'user-agent' => 'meimaweb-android',
  'origin' => 'https://www.mihuanjishupinzhifuwudiyi50.cc',
  'accept' => 'application/json, text/plain, */*',
  'connection' => 'close',
  'x-request-id' => '7999611e1f44de18188d020ff1822253',
  'x-country' => 'CN',
  'x-forwarded-proto' => 'https',
  'x-forward-scheme' => 'https',
  'x-real-ip' => '180.138.78.128',
  'host' => 'admin.mihuanjishupinzhifuwudiyi44.cc',
  'x-forward-for' => '180.138.78.128',
  'x-forwarded-for' => '180.138.78.128',
  'content-type' => '',
  'content-length' => '',
)
[ info ] [ PARAM ] array (
)
[ info ] [ DB ] INIT mysql
[ sql ] [ DB ] CONNECT:[ UseTime:0.000437s ] mysql:host=127.0.0.1;dbname=tcmy;charset=utf8
[ sql ] [ SQL ] SHOW COLUMNS FROM `lottery` [ RunTime:0.000911s ]
[ sql ] [ SQL ] SELECT * FROM `lottery` WHERE  `status` = 1  AND `hot` = 1 ORDER BY `id` ASC [ RunTime:0.000309s ]
---------------------------------------------------------------

[2022-01-31T23:43:01+08:00] 40.83.103.135 GET admin.mihuanjishupinzhifuwudiyi44.cc/api/LotteryApi/autoProgram
[运行时间：0.118088s] [吞吐率：8.47req/s] [内存消耗：3,403.06kb] [文件加载：82]
[ info ] [ LANG ] /www/wwwroot/tongchengmiyue/tp6/thinkphp/lang/zh-cn.php
[ info ] [ ROUTE ] array (
)
[ info ] [ HEADER ] array (
  'accept' => '*/*',
  'user-agent' => 'curl/7.29.0',
  'connection' => 'close',
  'x-request-id' => 'b7854711707b788a9f184eb4e1a7a7a1',
  'x-country' => 'HK',
  'x-forwarded-proto' => 'https',
  'x-forward-scheme' => 'https',
  'x-real-ip' => '40.83.103.135',
  'host' => 'admin.mihuanjishupinzhifuwudiyi44.cc',
  'x-forward-for' => '40.83.103.135',
  'x-forwarded-for' => '40.83.103.135',
  'content-type' => '',
  'content-length' => '',
)
[ info ] [ PARAM ] array (
)
[ info ] [ DB ] INIT mysql
[ sql ] [ DB ] CONNECT:[ UseTime:0.000495s ] mysql:host=127.0.0.1;dbname=tcmy;charset=utf8
[ sql ] [ SQL ] SHOW COLUMNS FROM `lottery` [ RunTime:0.000894s ]
[ sql ] [ SQL ] SELECT `id`,`name`,`status`,`rule`,`cid`,`condition`,`hot`,`key`,`ico`,`create_time`,`update_time` FROM `lottery` WHERE  `status` = 1 ORDER BY `id` ASC [ RunTime:0.000355s ]
[ sql ] [ SQL ] SHOW COLUMNS FROM `lottery_kj` [ RunTime:0.000759s ]
[ sql ] [ SQL ] SELECT * FROM `lottery_kj` WHERE  `key` = 'game1'  AND `expect` = '2022013111423' LIMIT 1 [ RunTime:0.024747s ]
[ sql ] [ SQL ] SHOW COLUMNS FROM `lottery_yukaijiang` [ RunTime:0.000742s ]
[ sql ] [ SQL ] SELECT * FROM `lottery_yukaijiang` WHERE  `key` = 'game1'  AND `expect` = '2022013111423' LIMIT 1 [ RunTime:0.001988s ]
[ sql ] [ SQL ] INSERT INTO `lottery_kj` (`key` , `expect` , `opencode` , `is_yukaijiang` , `create_time` , `update_time`) VALUES ('game1' , '2022013111423' , '5,6,6' , 0 , 1643643781 , 1643643781) [ RunTime:0.004252s ]
[ sql ] [ SQL ] SELECT * FROM `lottery_kj` WHERE  `key` = '5'  AND `expect` = '202201313474' LIMIT 1 [ RunTime:0.022250s ]
[ sql ] [ SQL ] SELECT * FROM `lottery_yukaijiang` WHERE  `key` = '5'  AND `expect` = '202201313474' LIMIT 1 [ RunTime:0.001943s ]
[ sql ] [ SQL ] SELECT * FROM `lottery_kj` WHERE  `key` = 'game2'  AND `expect` = '202201315284' LIMIT 1 [ RunTime:0.022356s ]
[ sql ] [ SQL ] SELECT * FROM `lottery_yukaijiang` WHERE  `key` = 'game2'  AND `expect` = '202201315284' LIMIT 1 [ RunTime:0.002018s ]
[ sql ] [ SQL ] SHOW COLUMNS FROM `game` [ RunTime:0.000890s ]
[ sql ] [ SQL ] SELECT * FROM `game` WHERE  `status` = 0 [ RunTime:0.000475s ]
---------------------------------------------------------------

[2022-01-31T23:43:25+08:00] 180.138.78.128 GET admin.mihuanjishupinzhifuwudiyi44.cc/api/member/doLogin?username=%E7%8E%8B%E6%BA%90%E6%B3%89&password=qq123456789
[运行时间：0.024091s] [吞吐率：41.51req/s] [内存消耗：3,276.61kb] [文件加载：79]
[ info ] [ LANG ] /www/wwwroot/tongchengmiyue/tp6/thinkphp/lang/zh-cn.php
[ info ] [ ROUTE ] array (
)
[ info ] [ HEADER ] array (
  'x-requested-with' => 'com.mdcm.hengyao',
  'accept-language' => 'zh,zh-CN;q=0.9,en-US;q=0.8',
  'accept-encoding' => 'gzip, deflate',
  'referer' => 'https://www.mihuanjishupinzhifuwudiyi50.cc/',
  'user-agent' => 'meimaweb-android',
  'origin' => 'https://www.mihuanjishupinzhifuwudiyi50.cc',
  'accept' => 'application/json, text/plain, */*',
  'connection' => 'close',
  'x-request-id' => '62849aca04c148ed45216089c0ebc9cb',
  'x-country' => 'CN',
  'x-forwarded-proto' => 'https',
  'x-forward-scheme' => 'https',
  'x-real-ip' => '180.138.78.128',
  'host' => 'admin.mihuanjishupinzhifuwudiyi44.cc',
  'x-forward-for' => '180.138.78.128',
  'x-forwarded-for' => '180.138.78.128',
  'content-type' => '',
  'content-length' => '',
)
[ info ] [ PARAM ] array (
  'username' => '王源泉',
  'password' => 'qq123456789',
)
[ info ] [ DB ] INIT mysql
[ sql ] [ DB ] CONNECT:[ UseTime:0.000527s ] mysql:host=127.0.0.1;dbname=tcmy;charset=utf8
[ sql ] [ SQL ] SHOW COLUMNS FROM `member` [ RunTime:0.000863s ]
[ sql ] [ SQL ] SELECT * FROM `member` WHERE  `username` = '王源泉' LIMIT 1 [ RunTime:0.001082s ]
---------------------------------------------------------------

[2022-01-31T23:43:52+08:00] 180.138.78.128 GET admin.mihuanjishupinzhifuwudiyi44.cc/api/member/doLogin?username=%E7%8E%8B%E4%BC%9F%E4%B8%9C&password=qq123456789
[运行时间：0.024908s] [吞吐率：40.15req/s] [内存消耗：3,276.61kb] [文件加载：79]
[ info ] [ LANG ] /www/wwwroot/tongchengmiyue/tp6/thinkphp/lang/zh-cn.php
[ info ] [ ROUTE ] array (
)
[ info ] [ HEADER ] array (
  'x-requested-with' => 'com.mdcm.hengyao',
  'accept-language' => 'zh,zh-CN;q=0.9,en-US;q=0.8',
  'accept-encoding' => 'gzip, deflate',
  'referer' => 'https://www.mihuanjishupinzhifuwudiyi50.cc/',
  'user-agent' => 'meimaweb-android',
  'origin' => 'https://www.mihuanjishupinzhifuwudiyi50.cc',
  'accept' => 'application/json, text/plain, */*',
  'connection' => 'close',
  'x-request-id' => 'a7f1d2ca44cd38f234d7461de0c285ec',
  'x-country' => 'CN',
  'x-forwarded-proto' => 'https',
  'x-forward-scheme' => 'https',
  'x-real-ip' => '180.138.78.128',
  'host' => 'admin.mihuanjishupinzhifuwudiyi44.cc',
  'x-forward-for' => '180.138.78.128',
  'x-forwarded-for' => '180.138.78.128',
  'content-type' => '',
  'content-length' => '',
)
[ info ] [ PARAM ] array (
  'username' => '王伟东',
  'password' => 'qq123456789',
)
[ info ] [ DB ] INIT mysql
[ sql ] [ DB ] CONNECT:[ UseTime:0.000530s ] mysql:host=127.0.0.1;dbname=tcmy;charset=utf8
[ sql ] [ SQL ] SHOW COLUMNS FROM `member` [ RunTime:0.001016s ]
[ sql ] [ SQL ] SELECT * FROM `member` WHERE  `username` = '王伟东' LIMIT 1 [ RunTime:0.001297s ]
---------------------------------------------------------------

[2022-01-31T23:44:01+08:00] 40.83.103.135 GET admin.mihuanjishupinzhifuwudiyi44.cc/api/LotteryApi/autoProgram
[运行时间：0.118941s] [吞吐率：8.41req/s] [内存消耗：3,403.09kb] [文件加载：82]
[ info ] [ LANG ] /www/wwwroot/tongchengmiyue/tp6/thinkphp/lang/zh-cn.php
[ info ] [ ROUTE ] array (
)
[ info ] [ HEADER ] array (
  'accept' => '*/*',
  'user-agent' => 'curl/7.29.0',
  'connection' => 'close',
  'x-request-id' => '9294b25f89eec3138a042fa80d2d681e',
  'x-country' => 'HK',
  'x-forwarded-proto' => 'https',
  'x-forward-scheme' => 'https',
  'x-real-ip' => '40.83.103.135',
  'host' => 'admin.mihuanjishupinzhifuwudiyi44.cc',
  'x-forward-for' => '40.83.103.135',
  'x-forwarded-for' => '40.83.103.135',
  'content-type' => '',
  'content-length' => '',
)
[ info ] [ PARAM ] array (
)
[ info ] [ DB ] INIT mysql
[ sql ] [ DB ] CONNECT:[ UseTime:0.000565s ] mysql:host=127.0.0.1;dbname=tcmy;charset=utf8
[ sql ] [ SQL ] SHOW COLUMNS FROM `lottery` [ RunTime:0.001017s ]
[ sql ] [ SQL ] SELECT `id`,`name`,`status`,`rule`,`cid`,`condition`,`hot`,`key`,`ico`,`create_time`,`update_time` FROM `lottery` WHERE  `status` = 1 ORDER BY `id` ASC [ RunTime:0.000360s ]
[ sql ] [ SQL ] SHOW COLUMNS FROM `lottery_kj` [ RunTime:0.000664s ]
[ sql ] [ SQL ] SELECT * FROM `lottery_kj` WHERE  `key` = 'game1'  AND `expect` = '2022013111424' LIMIT 1 [ RunTime:0.023782s ]
[ sql ] [ SQL ] SHOW COLUMNS FROM `lottery_yukaijiang` [ RunTime:0.000813s ]
[ sql ] [ SQL ] SELECT * FROM `lottery_yukaijiang` WHERE  `key` = 'game1'  AND `expect` = '2022013111424' LIMIT 1 [ RunTime:0.001993s ]
[ sql ] [ SQL ] INSERT INTO `lottery_kj` (`key` , `expect` , `opencode` , `is_yukaijiang` , `create_time` , `update_time`) VALUES ('game1' , '2022013111424' , '1,5,4' , 0 , 1643643841 , 1643643841) [ RunTime:0.004708s ]
[ sql ] [ SQL ] SELECT * FROM `lottery_kj` WHERE  `key` = '5'  AND `expect` = '202201313474' LIMIT 1 [ RunTime:0.023141s ]
[ sql ] [ SQL ] SELECT * FROM `lottery_yukaijiang` WHERE  `key` = '5'  AND `expect` = '202201313474' LIMIT 1 [ RunTime:0.001928s ]
[ sql ] [ SQL ] SELECT * FROM `lottery_kj` WHERE  `key` = 'game2'  AND `expect` = '202201315284' LIMIT 1 [ RunTime:0.022180s ]
[ sql ] [ SQL ] SELECT * FROM `lottery_yukaijiang` WHERE  `key` = 'game2'  AND `expect` = '202201315284' LIMIT 1 [ RunTime:0.002037s ]
[ sql ] [ SQL ] SHOW COLUMNS FROM `game` [ RunTime:0.000878s ]
[ sql ] [ SQL ] SELECT * FROM `game` WHERE  `status` = 0 [ RunTime:0.000464s ]
---------------------------------------------------------------

[2022-01-31T23:44:26+08:00] 180.138.78.128 POST admin.mihuanjishupinzhifuwudiyi44.cc/api/member/doRegister
[运行时间：0.024799s] [吞吐率：40.32req/s] [内存消耗：3,330.05kb] [文件加载：80]
[ info ] [ LANG ] /www/wwwroot/tongchengmiyue/tp6/thinkphp/lang/zh-cn.php
[ info ] [ ROUTE ] array (
)
[ info ] [ HEADER ] array (
  'x-requested-with' => 'com.mdcm.hengyao',
  'accept-language' => 'zh,zh-CN;q=0.9,en-US;q=0.8',
  'accept-encoding' => 'gzip, deflate',
  'referer' => 'https://www.mihuanjishupinzhifuwudiyi50.cc/',
  'accept' => '*/*',
  'content-type' => 'application/x-www-form-urlencoded;charset=UTF-8',
  'user-agent' => 'meimaweb-android',
  'origin' => 'https://www.mihuanjishupinzhifuwudiyi50.cc',
  'content-length' => '46',
  'connection' => 'close',
  'x-request-id' => '1fa64261a15e207bfbd40499c0f349d3',
  'x-country' => 'CN',
  'x-forwarded-proto' => 'https',
  'x-forward-scheme' => 'https',
  'x-real-ip' => '180.138.78.128',
  'host' => 'admin.mihuanjishupinzhifuwudiyi44.cc',
  'x-forward-for' => '180.138.78.128',
  'x-forwarded-for' => '180.138.78.128',
)
[ info ] [ PARAM ] array (
  'username' => 'qwerty',
  'password' => 'qq123456789',
  'code' => '1235',
)
[ info ] [ DB ] INIT mysql
[ sql ] [ DB ] CONNECT:[ UseTime:0.000496s ] mysql:host=127.0.0.1;dbname=tcmy;charset=utf8
[ sql ] [ SQL ] SHOW COLUMNS FROM `user` [ RunTime:0.000817s ]
[ sql ] [ SQL ] SELECT * FROM `user` WHERE  `code` = 1235 LIMIT 1 [ RunTime:0.000308s ]
---------------------------------------------------------------

[2022-01-31T23:45:02+08:00] 40.83.103.135 GET admin.mihuanjishupinzhifuwudiyi44.cc/api/LotteryApi/autoProgram
[运行时间：0.186499s] [吞吐率：5.36req/s] [内存消耗：3,404.84kb] [文件加载：82]
[ info ] [ LANG ] /www/wwwroot/tongchengmiyue/tp6/thinkphp/lang/zh-cn.php
[ info ] [ ROUTE ] array (
)
[ info ] [ HEADER ] array (
  'accept' => '*/*',
  'user-agent' => 'curl/7.29.0',
  'connection' => 'close',
  'x-request-id' => '5d9af2e5ff725dcb33cf76c86df7d8f4',
  'x-country' => 'HK',
  'x-forwarded-proto' => 'https',
  'x-forward-scheme' => 'https',
  'x-real-ip' => '40.83.103.135',
  'host' => 'admin.mihuanjishupinzhifuwudiyi44.cc',
  'x-forward-for' => '40.83.103.135',
  'x-forwarded-for' => '40.83.103.135',
  'content-type' => '',
  'content-length' => '',
)
[ info ] [ PARAM ] array (
)
[ info ] [ DB ] INIT mysql
[ sql ] [ DB ] CONNECT:[ UseTime:0.000437s ] mysql:host=127.0.0.1;dbname=tcmy;charset=utf8
[ sql ] [ SQL ] SHOW COLUMNS FROM `lottery` [ RunTime:0.000972s ]
[ sql ] [ SQL ] SELECT `id`,`name`,`status`,`rule`,`cid`,`condition`,`hot`,`key`,`ico`,`create_time`,`update_time` FROM `lottery` WHERE  `status` = 1 ORDER BY `id` ASC [ RunTime:0.000283s ]
[ sql ] [ SQL ] SHOW COLUMNS FROM `lottery_kj` [ RunTime:0.000840s ]
[ sql ] [ SQL ] SELECT * FROM `lottery_kj` WHERE  `key` = 'game1'  AND `expect` = '2022013111425' LIMIT 1 [ RunTime:0.043397s ]
[ sql ] [ SQL ] SHOW COLUMNS FROM `lottery_yukaijiang` [ RunTime:0.001120s ]
[ sql ] [ SQL ] SELECT * FROM `lottery_yukaijiang` WHERE  `key` = 'game1'  AND `expect` = '2022013111425' LIMIT 1 [ RunTime:0.003317s ]
[ sql ] [ SQL ] INSERT INTO `lottery_kj` (`key` , `expect` , `opencode` , `is_yukaijiang` , `create_time` , `update_time`) VALUES ('game1' , '2022013111425' , '5,1,3' , 0 , 1643643902 , 1643643902) [ RunTime:0.003036s ]
[ sql ] [ SQL ] SELECT * FROM `lottery_kj` WHERE  `key` = '5'  AND `expect` = '202201313475' LIMIT 1 [ RunTime:0.040344s ]
[ sql ] [ SQL ] SELECT * FROM `lottery_yukaijiang` WHERE  `key` = '5'  AND `expect` = '202201313475' LIMIT 1 [ RunTime:0.003203s ]
[ sql ] [ SQL ] INSERT INTO `lottery_kj` (`key` , `expect` , `opencode` , `is_yukaijiang` , `create_time` , `update_time`) VALUES ('5' , '202201313475' , '1,3,3' , 0 , 1643643902 , 1643643902) [ RunTime:0.003637s ]
[ sql ] [ SQL ] SELECT * FROM `lottery_kj` WHERE  `key` = 'game2'  AND `expect` = '202201315285' LIMIT 1 [ RunTime:0.039842s ]
[ sql ] [ SQL ] SELECT * FROM `lottery_yukaijiang` WHERE  `key` = 'game2'  AND `expect` = '202201315285' LIMIT 1 [ RunTime:0.003442s ]
[ sql ] [ SQL ] INSERT INTO `lottery_kj` (`key` , `expect` , `opencode` , `is_yukaijiang` , `create_time` , `update_time`) VALUES ('game2' , '202201315285' , '3,5,3' , 0 , 1643643902 , 1643643902) [ RunTime:0.008667s ]
[ sql ] [ SQL ] SHOW COLUMNS FROM `game` [ RunTime:0.001103s ]
[ sql ] [ SQL ] SELECT * FROM `game` WHERE  `status` = 0 [ RunTime:0.000645s ]
---------------------------------------------------------------

[2022-01-31T23:46:02+08:00] 40.83.103.135 GET admin.mihuanjishupinzhifuwudiyi44.cc/api/LotteryApi/autoProgram
[运行时间：0.114642s] [吞吐率：8.72req/s] [内存消耗：3,403.06kb] [文件加载：82]
[ info ] [ LANG ] /www/wwwroot/tongchengmiyue/tp6/thinkphp/lang/zh-cn.php
[ info ] [ ROUTE ] array (
)
[ info ] [ HEADER ] array (
  'accept' => '*/*',
  'user-agent' => 'curl/7.29.0',
  'connection' => 'close',
  'x-request-id' => 'ca40d786fd88b1c118017f4c5bf079c5',
  'x-country' => 'HK',
  'x-forwarded-proto' => 'https',
  'x-forward-scheme' => 'https',
  'x-real-ip' => '40.83.103.135',
  'host' => 'admin.mihuanjishupinzhifuwudiyi44.cc',
  'x-forward-for' => '40.83.103.135',
  'x-forwarded-for' => '40.83.103.135',
  'content-type' => '',
  'content-length' => '',
)
[ info ] [ PARAM ] array (
)
[ info ] [ DB ] INIT mysql
[ sql ] [ DB ] CONNECT:[ UseTime:0.000469s ] mysql:host=127.0.0.1;dbname=tcmy;charset=utf8
[ sql ] [ SQL ] SHOW COLUMNS FROM `lottery` [ RunTime:0.000906s ]
[ sql ] [ SQL ] SELECT `id`,`name`,`status`,`rule`,`cid`,`condition`,`hot`,`key`,`ico`,`create_time`,`update_time` FROM `lottery` WHERE  `status` = 1 ORDER BY `id` ASC [ RunTime:0.000345s ]
[ sql ] [ SQL ] SHOW COLUMNS FROM `lottery_kj` [ RunTime:0.000744s ]
[ sql ] [ SQL ] SELECT * FROM `lottery_kj` WHERE  `key` = 'game1'  AND `expect` = '2022013111426' LIMIT 1 [ RunTime:0.023861s ]
[ sql ] [ SQL ] SHOW COLUMNS FROM `lottery_yukaijiang` [ RunTime:0.000808s ]
[ sql ] [ SQL ] SELECT * FROM `lottery_yukaijiang` WHERE  `key` = 'game1'  AND `expect` = '2022013111426' LIMIT 1 [ RunTime:0.002016s ]
[ sql ] [ SQL ] INSERT INTO `lottery_kj` (`key` , `expect` , `opencode` , `is_yukaijiang` , `create_time` , `update_time`) VALUES ('game1' , '2022013111426' , '3,3,2' , 0 , 1643643961 , 1643643961) [ RunTime:0.003889s ]
[ sql ] [ SQL ] SELECT * FROM `lottery_kj` WHERE  `key` = '5'  AND `expect` = '202201313475' LIMIT 1 [ RunTime:0.022337s ]
[ sql ] [ SQL ] SELECT * FROM `lottery_yukaijiang` WHERE  `key` = '5'  AND `expect` = '202201313475' LIMIT 1 [ RunTime:0.002090s ]
[ sql ] [ SQL ] SELECT * FROM `lottery_kj` WHERE  `key` = 'game2'  AND `expect` = '202201315285' LIMIT 1 [ RunTime:0.025996s ]
[ sql ] [ SQL ] SELECT * FROM `lottery_yukaijiang` WHERE  `key` = 'game2'  AND `expect` = '202201315285' LIMIT 1 [ RunTime:0.002109s ]
[ sql ] [ SQL ] SHOW COLUMNS FROM `game` [ RunTime:0.000859s ]
[ sql ] [ SQL ] SELECT * FROM `game` WHERE  `status` = 0 [ RunTime:0.000490s ]
---------------------------------------------------------------

[2022-01-31T23:47:01+08:00] 40.83.103.135 GET admin.mihuanjishupinzhifuwudiyi44.cc/api/LotteryApi/autoProgram
[运行时间：0.108413s] [吞吐率：9.22req/s] [内存消耗：3,403.09kb] [文件加载：82]
[ info ] [ LANG ] /www/wwwroot/tongchengmiyue/tp6/thinkphp/lang/zh-cn.php
[ info ] [ ROUTE ] array (
)
[ info ] [ HEADER ] array (
  'accept' => '*/*',
  'user-agent' => 'curl/7.29.0',
  'connection' => 'close',
  'x-request-id' => '42129b80f9379deedd720cf1adc404a8',
  'x-country' => 'HK',
  'x-forwarded-proto' => 'https',
  'x-forward-scheme' => 'https',
  'x-real-ip' => '40.83.103.135',
  'host' => 'admin.mihuanjishupinzhifuwudiyi44.cc',
  'x-forward-for' => '40.83.103.135',
  'x-forwarded-for' => '40.83.103.135',
  'content-type' => '',
  'content-length' => '',
)
[ info ] [ PARAM ] array (
)
[ info ] [ DB ] INIT mysql
[ sql ] [ DB ] CONNECT:[ UseTime:0.000545s ] mysql:host=127.0.0.1;dbname=tcmy;charset=utf8
[ sql ] [ SQL ] SHOW COLUMNS FROM `lottery` [ RunTime:0.000899s ]
[ sql ] [ SQL ] SELECT `id`,`name`,`status`,`rule`,`cid`,`condition`,`hot`,`key`,`ico`,`create_time`,`update_time` FROM `lottery` WHERE  `status` = 1 ORDER BY `id` ASC [ RunTime:0.000299s ]
[ sql ] [ SQL ] SHOW COLUMNS FROM `lottery_kj` [ RunTime:0.000655s ]
[ sql ] [ SQL ] SELECT * FROM `lottery_kj` WHERE  `key` = 'game1'  AND `expect` = '2022013111427' LIMIT 1 [ RunTime:0.023617s ]
[ sql ] [ SQL ] SHOW COLUMNS FROM `lottery_yukaijiang` [ RunTime:0.000779s ]
[ sql ] [ SQL ] SELECT * FROM `lottery_yukaijiang` WHERE  `key` = 'game1'  AND `expect` = '2022013111427' LIMIT 1 [ RunTime:0.002045s ]
[ sql ] [ SQL ] INSERT INTO `lottery_kj` (`key` , `expect` , `opencode` , `is_yukaijiang` , `create_time` , `update_time`) VALUES ('game1' , '2022013111427' , '1,6,5' , 0 , 1643644021 , 1643644021) [ RunTime:0.005425s ]
[ sql ] [ SQL ] SELECT * FROM `lottery_kj` WHERE  `key` = '5'  AND `expect` = '202201313475' LIMIT 1 [ RunTime:0.021792s ]
[ sql ] [ SQL ] SELECT * FROM `lottery_yukaijiang` WHERE  `key` = '5'  AND `expect` = '202201313475' LIMIT 1 [ RunTime:0.002061s ]
[ sql ] [ SQL ] SELECT * FROM `lottery_kj` WHERE  `key` = 'game2'  AND `expect` = '202201315285' LIMIT 1 [ RunTime:0.022458s ]
[ sql ] [ SQL ] SELECT * FROM `lottery_yukaijiang` WHERE  `key` = 'game2'  AND `expect` = '202201315285' LIMIT 1 [ RunTime:0.002208s ]
[ sql ] [ SQL ] SHOW COLUMNS FROM `game` [ RunTime:0.000958s ]
[ sql ] [ SQL ] SELECT * FROM `game` WHERE  `status` = 0 [ RunTime:0.000455s ]
---------------------------------------------------------------

[2022-01-31T23:48:01+08:00] 40.83.103.135 GET admin.mihuanjishupinzhifuwudiyi44.cc/api/LotteryApi/autoProgram
[运行时间：0.135482s] [吞吐率：7.38req/s] [内存消耗：3,403.84kb] [文件加载：82]
[ info ] [ LANG ] /www/wwwroot/tongchengmiyue/tp6/thinkphp/lang/zh-cn.php
[ info ] [ ROUTE ] array (
)
[ info ] [ HEADER ] array (
  'accept' => '*/*',
  'user-agent' => 'curl/7.29.0',
  'connection' => 'close',
  'x-request-id' => '0f34f06460836e290d9721b777e95cf5',
  'x-country' => 'HK',
  'x-forwarded-proto' => 'https',
  'x-forward-scheme' => 'https',
  'x-real-ip' => '40.83.103.135',
  'host' => 'admin.mihuanjishupinzhifuwudiyi44.cc',
  'x-forward-for' => '40.83.103.135',
  'x-forwarded-for' => '40.83.103.135',
  'content-type' => '',
  'content-length' => '',
)
[ info ] [ PARAM ] array (
)
[ info ] [ DB ] INIT mysql
[ sql ] [ DB ] CONNECT:[ UseTime:0.000438s ] mysql:host=127.0.0.1;dbname=tcmy;charset=utf8
[ sql ] [ SQL ] SHOW COLUMNS FROM `lottery` [ RunTime:0.000994s ]
[ sql ] [ SQL ] SELECT `id`,`name`,`status`,`rule`,`cid`,`condition`,`hot`,`key`,`ico`,`create_time`,`update_time` FROM `lottery` WHERE  `status` = 1 ORDER BY `id` ASC [ RunTime:0.000419s ]
[ sql ] [ SQL ] SHOW COLUMNS FROM `lottery_kj` [ RunTime:0.000758s ]
[ sql ] [ SQL ] SELECT * FROM `lottery_kj` WHERE  `key` = 'game1'  AND `expect` = '2022013111428' LIMIT 1 [ RunTime:0.039418s ]
[ sql ] [ SQL ] SHOW COLUMNS FROM `lottery_yukaijiang` [ RunTime:0.000986s ]
[ sql ] [ SQL ] SELECT * FROM `lottery_yukaijiang` WHERE  `key` = 'game1'  AND `expect` = '2022013111428' LIMIT 1 [ RunTime:0.003381s ]
[ sql ] [ SQL ] INSERT INTO `lottery_kj` (`key` , `expect` , `opencode` , `is_yukaijiang` , `create_time` , `update_time`) VALUES ('game1' , '2022013111428' , '5,6,2' , 0 , 1643644081 , 1643644081) [ RunTime:0.007616s ]
[ sql ] [ SQL ] SELECT * FROM `lottery_kj` WHERE  `key` = '5'  AND `expect` = '202201313476' LIMIT 1 [ RunTime:0.023595s ]
[ sql ] [ SQL ] SELECT * FROM `lottery_yukaijiang` WHERE  `key` = '5'  AND `expect` = '202201313476' LIMIT 1 [ RunTime:0.001970s ]
[ sql ] [ SQL ] INSERT INTO `lottery_kj` (`key` , `expect` , `opencode` , `is_yukaijiang` , `create_time` , `update_time`) VALUES ('5' , '202201313476' , '6,6,3' , 0 , 1643644081 , 1643644081) [ RunTime:0.004658s ]
[ sql ] [ SQL ] SELECT * FROM `lottery_kj` WHERE  `key` = 'game2'  AND `expect` = '202201315285' LIMIT 1 [ RunTime:0.024054s ]
[ sql ] [ SQL ] SELECT * FROM `lottery_yukaijiang` WHERE  `key` = 'game2'  AND `expect` = '202201315285' LIMIT 1 [ RunTime:0.002101s ]
[ sql ] [ SQL ] SHOW COLUMNS FROM `game` [ RunTime:0.000803s ]
[ sql ] [ SQL ] SELECT * FROM `game` WHERE  `status` = 0 [ RunTime:0.000480s ]
---------------------------------------------------------------

[2022-01-31T23:49:02+08:00] 40.83.103.135 GET admin.mihuanjishupinzhifuwudiyi44.cc/api/LotteryApi/autoProgram
[运行时间：0.106194s] [吞吐率：9.42req/s] [内存消耗：3,403.09kb] [文件加载：82]
[ info ] [ LANG ] /www/wwwroot/tongchengmiyue/tp6/thinkphp/lang/zh-cn.php
[ info ] [ ROUTE ] array (
)
[ info ] [ HEADER ] array (
  'accept' => '*/*',
  'user-agent' => 'curl/7.29.0',
  'connection' => 'close',
  'x-request-id' => '113ac1721a4fadb7c1a3c0610a958969',
  'x-country' => 'HK',
  'x-forwarded-proto' => 'https',
  'x-forward-scheme' => 'https',
  'x-real-ip' => '40.83.103.135',
  'host' => 'admin.mihuanjishupinzhifuwudiyi44.cc',
  'x-forward-for' => '40.83.103.135',
  'x-forwarded-for' => '40.83.103.135',
  'content-type' => '',
  'content-length' => '',
)
[ info ] [ PARAM ] array (
)
[ info ] [ DB ] INIT mysql
[ sql ] [ DB ] CONNECT:[ UseTime:0.000424s ] mysql:host=127.0.0.1;dbname=tcmy;charset=utf8
[ sql ] [ SQL ] SHOW COLUMNS FROM `lottery` [ RunTime:0.000971s ]
[ sql ] [ SQL ] SELECT `id`,`name`,`status`,`rule`,`cid`,`condition`,`hot`,`key`,`ico`,`create_time`,`update_time` FROM `lottery` WHERE  `status` = 1 ORDER BY `id` ASC [ RunTime:0.000370s ]
[ sql ] [ SQL ] SHOW COLUMNS FROM `lottery_kj` [ RunTime:0.000758s ]
[ sql ] [ SQL ] SELECT * FROM `lottery_kj` WHERE  `key` = 'game1'  AND `expect` = '2022013111429' LIMIT 1 [ RunTime:0.023969s ]
[ sql ] [ SQL ] SHOW COLUMNS FROM `lottery_yukaijiang` [ RunTime:0.000694s ]
[ sql ] [ SQL ] SELECT * FROM `lottery_yukaijiang` WHERE  `key` = 'game1'  AND `expect` = '2022013111429' LIMIT 1 [ RunTime:0.002012s ]
[ sql ] [ SQL ] INSERT INTO `lottery_kj` (`key` , `expect` , `opencode` , `is_yukaijiang` , `create_time` , `update_time`) VALUES ('game1' , '2022013111429' , '6,1,5' , 0 , 1643644142 , 1643644142) [ RunTime:0.003657s ]
[ sql ] [ SQL ] SELECT * FROM `lottery_kj` WHERE  `key` = '5'  AND `expect` = '202201313476' LIMIT 1 [ RunTime:0.021704s ]
[ sql ] [ SQL ] SELECT * FROM `lottery_yukaijiang` WHERE  `key` = '5'  AND `expect` = '202201313476' LIMIT 1 [ RunTime:0.001928s ]
[ sql ] [ SQL ] SELECT * FROM `lottery_kj` WHERE  `key` = 'game2'  AND `expect` = '202201315285' LIMIT 1 [ RunTime:0.022055s ]
[ sql ] [ SQL ] SELECT * FROM `lottery_yukaijiang` WHERE  `key` = 'game2'  AND `expect` = '202201315285' LIMIT 1 [ RunTime:0.001974s ]
[ sql ] [ SQL ] SHOW COLUMNS FROM `game` [ RunTime:0.000801s ]
[ sql ] [ SQL ] SELECT * FROM `game` WHERE  `status` = 0 [ RunTime:0.000416s ]
---------------------------------------------------------------

[2022-01-31T23:50:02+08:00] 40.83.103.135 GET admin.mihuanjishupinzhifuwudiyi44.cc/api/LotteryApi/autoProgram
[运行时间：0.152531s] [吞吐率：6.56req/s] [内存消耗：3,403.84kb] [文件加载：82]
[ info ] [ LANG ] /www/wwwroot/tongchengmiyue/tp6/thinkphp/lang/zh-cn.php
[ info ] [ ROUTE ] array (
)
[ info ] [ HEADER ] array (
  'accept' => '*/*',
  'user-agent' => 'curl/7.29.0',
  'connection' => 'close',
  'x-request-id' => 'd552482fb45cede5280998d2834dc1d6',
  'x-country' => 'HK',
  'x-forwarded-proto' => 'https',
  'x-forward-scheme' => 'https',
  'x-real-ip' => '40.83.103.135',
  'host' => 'admin.mihuanjishupinzhifuwudiyi44.cc',
  'x-forward-for' => '40.83.103.135',
  'x-forwarded-for' => '40.83.103.135',
  'content-type' => '',
  'content-length' => '',
)
[ info ] [ PARAM ] array (
)
[ info ] [ DB ] INIT mysql
[ sql ] [ DB ] CONNECT:[ UseTime:0.000417s ] mysql:host=127.0.0.1;dbname=tcmy;charset=utf8
[ sql ] [ SQL ] SHOW COLUMNS FROM `lottery` [ RunTime:0.000799s ]
[ sql ] [ SQL ] SELECT `id`,`name`,`status`,`rule`,`cid`,`condition`,`hot`,`key`,`ico`,`create_time`,`update_time` FROM `lottery` WHERE  `status` = 1 ORDER BY `id` ASC [ RunTime:0.000367s ]
[ sql ] [ SQL ] SHOW COLUMNS FROM `lottery_kj` [ RunTime:0.000760s ]
[ sql ] [ SQL ] SELECT * FROM `lottery_kj` WHERE  `key` = 'game1'  AND `expect` = '2022013111430' LIMIT 1 [ RunTime:0.024083s ]
[ sql ] [ SQL ] SHOW COLUMNS FROM `lottery_yukaijiang` [ RunTime:0.000833s ]
[ sql ] [ SQL ] SELECT * FROM `lottery_yukaijiang` WHERE  `key` = 'game1'  AND `expect` = '2022013111430' LIMIT 1 [ RunTime:0.002083s ]
[ sql ] [ SQL ] INSERT INTO `lottery_kj` (`key` , `expect` , `opencode` , `is_yukaijiang` , `create_time` , `update_time`) VALUES ('game1' , '2022013111430' , '1,2,1' , 0 , 1643644202 , 1643644202) [ RunTime:0.009064s ]
[ sql ] [ SQL ] SELECT * FROM `lottery_kj` WHERE  `key` = '5'  AND `expect` = '202201313476' LIMIT 1 [ RunTime:0.036199s ]
[ sql ] [ SQL ] SELECT * FROM `lottery_yukaijiang` WHERE  `key` = '5'  AND `expect` = '202201313476' LIMIT 1 [ RunTime:0.003274s ]
[ sql ] [ SQL ] SELECT * FROM `lottery_kj` WHERE  `key` = 'game2'  AND `expect` = '202201315286' LIMIT 1 [ RunTime:0.039884s ]
[ sql ] [ SQL ] SELECT * FROM `lottery_yukaijiang` WHERE  `key` = 'game2'  AND `expect` = '202201315286' LIMIT 1 [ RunTime:0.003407s ]
[ sql ] [ SQL ] INSERT INTO `lottery_kj` (`key` , `expect` , `opencode` , `is_yukaijiang` , `create_time` , `update_time`) VALUES ('game2' , '202201315286' , '5,2,3' , 0 , 1643644202 , 1643644202) [ RunTime:0.004170s ]
[ sql ] [ SQL ] SHOW COLUMNS FROM `game` [ RunTime:0.001005s ]
[ sql ] [ SQL ] SELECT * FROM `game` WHERE  `status` = 0 [ RunTime:0.000606s ]
---------------------------------------------------------------

[2022-01-31T23:51:01+08:00] 40.83.103.135 GET admin.mihuanjishupinzhifuwudiyi44.cc/api/LotteryApi/autoProgram
[运行时间：0.113705s] [吞吐率：8.79req/s] [内存消耗：3,403.84kb] [文件加载：82]
[ info ] [ LANG ] /www/wwwroot/tongchengmiyue/tp6/thinkphp/lang/zh-cn.php
[ info ] [ ROUTE ] array (
)
[ info ] [ HEADER ] array (
  'accept' => '*/*',
  'user-agent' => 'curl/7.29.0',
  'connection' => 'close',
  'x-request-id' => 'cc8269171389cb2578ac7343e5ed38bf',
  'x-country' => 'HK',
  'x-forwarded-proto' => 'https',
  'x-forward-scheme' => 'https',
  'x-real-ip' => '40.83.103.135',
  'host' => 'admin.mihuanjishupinzhifuwudiyi44.cc',
  'x-forward-for' => '40.83.103.135',
  'x-forwarded-for' => '40.83.103.135',
  'content-type' => '',
  'content-length' => '',
)
[ info ] [ PARAM ] array (
)
[ info ] [ DB ] INIT mysql
[ sql ] [ DB ] CONNECT:[ UseTime:0.000538s ] mysql:host=127.0.0.1;dbname=tcmy;charset=utf8
[ sql ] [ SQL ] SHOW COLUMNS FROM `lottery` [ RunTime:0.000923s ]
[ sql ] [ SQL ] SELECT `id`,`name`,`status`,`rule`,`cid`,`condition`,`hot`,`key`,`ico`,`create_time`,`update_time` FROM `lottery` WHERE  `status` = 1 ORDER BY `id` ASC [ RunTime:0.000300s ]
[ sql ] [ SQL ] SHOW COLUMNS FROM `lottery_kj` [ RunTime:0.000752s ]
[ sql ] [ SQL ] SELECT * FROM `lottery_kj` WHERE  `key` = 'game1'  AND `expect` = '2022013111431' LIMIT 1 [ RunTime:0.025026s ]
[ sql ] [ SQL ] SHOW COLUMNS FROM `lottery_yukaijiang` [ RunTime:0.000671s ]
[ sql ] [ SQL ] SELECT * FROM `lottery_yukaijiang` WHERE  `key` = 'game1'  AND `expect` = '2022013111431' LIMIT 1 [ RunTime:0.002014s ]
[ sql ] [ SQL ] INSERT INTO `lottery_kj` (`key` , `expect` , `opencode` , `is_yukaijiang` , `create_time` , `update_time`) VALUES ('game1' , '2022013111431' , '3,5,5' , 0 , 1643644261 , 1643644261) [ RunTime:0.005027s ]
[ sql ] [ SQL ] SELECT * FROM `lottery_kj` WHERE  `key` = '5'  AND `expect` = '202201313477' LIMIT 1 [ RunTime:0.022338s ]
[ sql ] [ SQL ] SELECT * FROM `lottery_yukaijiang` WHERE  `key` = '5'  AND `expect` = '202201313477' LIMIT 1 [ RunTime:0.001987s ]
[ sql ] [ SQL ] INSERT INTO `lottery_kj` (`key` , `expect` , `opencode` , `is_yukaijiang` , `create_time` , `update_time`) VALUES ('5' , '202201313477' , '6,6,1' , 0 , 1643644261 , 1643644261) [ RunTime:0.003487s ]
[ sql ] [ SQL ] SELECT * FROM `lottery_kj` WHERE  `key` = 'game2'  AND `expect` = '202201315286' LIMIT 1 [ RunTime:0.023481s ]
[ sql ] [ SQL ] SELECT * FROM `lottery_yukaijiang` WHERE  `key` = 'game2'  AND `expect` = '202201315286' LIMIT 1 [ RunTime:0.001992s ]
[ sql ] [ SQL ] SHOW COLUMNS FROM `game` [ RunTime:0.000888s ]
[ sql ] [ SQL ] SELECT * FROM `game` WHERE  `status` = 0 [ RunTime:0.000468s ]
---------------------------------------------------------------

[2022-01-31T23:52:02+08:00] 40.83.103.135 GET admin.mihuanjishupinzhifuwudiyi44.cc/api/LotteryApi/autoProgram
[运行时间：0.122120s] [吞吐率：8.19req/s] [内存消耗：3,403.06kb] [文件加载：82]
[ info ] [ LANG ] /www/wwwroot/tongchengmiyue/tp6/thinkphp/lang/zh-cn.php
[ info ] [ ROUTE ] array (
)
[ info ] [ HEADER ] array (
  'accept' => '*/*',
  'user-agent' => 'curl/7.29.0',
  'connection' => 'close',
  'x-request-id' => '72c6fab9bc8f2e39bfffb6446d084e7b',
  'x-country' => 'HK',
  'x-forwarded-proto' => 'https',
  'x-forward-scheme' => 'https',
  'x-real-ip' => '40.83.103.135',
  'host' => 'admin.mihuanjishupinzhifuwudiyi44.cc',
  'x-forward-for' => '40.83.103.135',
  'x-forwarded-for' => '40.83.103.135',
  'content-type' => '',
  'content-length' => '',
)
[ info ] [ PARAM ] array (
)
[ info ] [ DB ] INIT mysql
[ sql ] [ DB ] CONNECT:[ UseTime:0.000550s ] mysql:host=127.0.0.1;dbname=tcmy;charset=utf8
[ sql ] [ SQL ] SHOW COLUMNS FROM `lottery` [ RunTime:0.000915s ]
[ sql ] [ SQL ] SELECT `id`,`name`,`status`,`rule`,`cid`,`condition`,`hot`,`key`,`ico`,`create_time`,`update_time` FROM `lottery` WHERE  `status` = 1 ORDER BY `id` ASC [ RunTime:0.000337s ]
[ sql ] [ SQL ] SHOW COLUMNS FROM `lottery_kj` [ RunTime:0.000768s ]
[ sql ] [ SQL ] SELECT * FROM `lottery_kj` WHERE  `key` = 'game1'  AND `expect` = '2022013111432' LIMIT 1 [ RunTime:0.025294s ]
[ sql ] [ SQL ] SHOW COLUMNS FROM `lottery_yukaijiang` [ RunTime:0.000817s ]
[ sql ] [ SQL ] SELECT * FROM `lottery_yukaijiang` WHERE  `key` = 'game1'  AND `expect` = '2022013111432' LIMIT 1 [ RunTime:0.001974s ]
[ sql ] [ SQL ] INSERT INTO `lottery_kj` (`key` , `expect` , `opencode` , `is_yukaijiang` , `create_time` , `update_time`) VALUES ('game1' , '2022013111432' , '1,5,1' , 0 , 1643644322 , 1643644322) [ RunTime:0.003502s ]
[ sql ] [ SQL ] SELECT * FROM `lottery_kj` WHERE  `key` = '5'  AND `expect` = '202201313477' LIMIT 1 [ RunTime:0.025908s ]
[ sql ] [ SQL ] SELECT * FROM `lottery_yukaijiang` WHERE  `key` = '5'  AND `expect` = '202201313477' LIMIT 1 [ RunTime:0.001989s ]
[ sql ] [ SQL ] SELECT * FROM `lottery_kj` WHERE  `key` = 'game2'  AND `expect` = '202201315286' LIMIT 1 [ RunTime:0.022692s ]
[ sql ] [ SQL ] SELECT * FROM `lottery_yukaijiang` WHERE  `key` = 'game2'  AND `expect` = '202201315286' LIMIT 1 [ RunTime:0.002051s ]
[ sql ] [ SQL ] SHOW COLUMNS FROM `game` [ RunTime:0.000856s ]
[ sql ] [ SQL ] SELECT * FROM `game` WHERE  `status` = 0 [ RunTime:0.000499s ]
---------------------------------------------------------------

[2022-01-31T23:53:02+08:00] 40.83.103.135 GET admin.mihuanjishupinzhifuwudiyi44.cc/api/LotteryApi/autoProgram
[运行时间：0.132566s] [吞吐率：7.54req/s] [内存消耗：3,403.09kb] [文件加载：82]
[ info ] [ LANG ] /www/wwwroot/tongchengmiyue/tp6/thinkphp/lang/zh-cn.php
[ info ] [ ROUTE ] array (
)
[ info ] [ HEADER ] array (
  'accept' => '*/*',
  'user-agent' => 'curl/7.29.0',
  'connection' => 'close',
  'x-request-id' => '4886ba55f3649254adec2e5eeb6e3166',
  'x-country' => 'HK',
  'x-forwarded-proto' => 'https',
  'x-forward-scheme' => 'https',
  'x-real-ip' => '40.83.103.135',
  'host' => 'admin.mihuanjishupinzhifuwudiyi44.cc',
  'x-forward-for' => '40.83.103.135',
  'x-forwarded-for' => '40.83.103.135',
  'content-type' => '',
  'content-length' => '',
)
[ info ] [ PARAM ] array (
)
[ info ] [ DB ] INIT mysql
[ sql ] [ DB ] CONNECT:[ UseTime:0.000483s ] mysql:host=127.0.0.1;dbname=tcmy;charset=utf8
[ sql ] [ SQL ] SHOW COLUMNS FROM `lottery` [ RunTime:0.000859s ]
[ sql ] [ SQL ] SELECT `id`,`name`,`status`,`rule`,`cid`,`condition`,`hot`,`key`,`ico`,`create_time`,`update_time` FROM `lottery` WHERE  `status` = 1 ORDER BY `id` ASC [ RunTime:0.000299s ]
[ sql ] [ SQL ] SHOW COLUMNS FROM `lottery_kj` [ RunTime:0.000807s ]
[ sql ] [ SQL ] SELECT * FROM `lottery_kj` WHERE  `key` = 'game1'  AND `expect` = '2022013111433' LIMIT 1 [ RunTime:0.043093s ]
[ sql ] [ SQL ] SHOW COLUMNS FROM `lottery_yukaijiang` [ RunTime:0.001038s ]
[ sql ] [ SQL ] SELECT * FROM `lottery_yukaijiang` WHERE  `key` = 'game1'  AND `expect` = '2022013111433' LIMIT 1 [ RunTime:0.003364s ]
[ sql ] [ SQL ] INSERT INTO `lottery_kj` (`key` , `expect` , `opencode` , `is_yukaijiang` , `create_time` , `update_time`) VALUES ('game1' , '2022013111433' , '1,1,3' , 0 , 1643644381 , 1643644381) [ RunTime:0.003771s ]
[ sql ] [ SQL ] SELECT * FROM `lottery_kj` WHERE  `key` = '5'  AND `expect` = '202201313477' LIMIT 1 [ RunTime:0.022402s ]
[ sql ] [ SQL ] SELECT * FROM `lottery_yukaijiang` WHERE  `key` = '5'  AND `expect` = '202201313477' LIMIT 1 [ RunTime:0.001991s ]
[ sql ] [ SQL ] SELECT * FROM `lottery_kj` WHERE  `key` = 'game2'  AND `expect` = '202201315286' LIMIT 1 [ RunTime:0.021922s ]
[ sql ] [ SQL ] SELECT * FROM `lottery_yukaijiang` WHERE  `key` = 'game2'  AND `expect` = '202201315286' LIMIT 1 [ RunTime:0.002034s ]
[ sql ] [ SQL ] SHOW COLUMNS FROM `game` [ RunTime:0.000763s ]
[ sql ] [ SQL ] SELECT * FROM `game` WHERE  `status` = 0 [ RunTime:0.000414s ]
---------------------------------------------------------------

[2022-01-31T23:54:01+08:00] 40.83.103.135 GET admin.mihuanjishupinzhifuwudiyi44.cc/api/LotteryApi/autoProgram
[运行时间：0.115508s] [吞吐率：8.66req/s] [内存消耗：3,403.81kb] [文件加载：82]
[ info ] [ LANG ] /www/wwwroot/tongchengmiyue/tp6/thinkphp/lang/zh-cn.php
[ info ] [ ROUTE ] array (
)
[ info ] [ HEADER ] array (
  'accept' => '*/*',
  'user-agent' => 'curl/7.29.0',
  'connection' => 'close',
  'x-request-id' => 'd7148b6fd2d2f09a5a29887ae170a263',
  'x-country' => 'HK',
  'x-forwarded-proto' => 'https',
  'x-forward-scheme' => 'https',
  'x-real-ip' => '40.83.103.135',
  'host' => 'admin.mihuanjishupinzhifuwudiyi44.cc',
  'x-forward-for' => '40.83.103.135',
  'x-forwarded-for' => '40.83.103.135',
  'content-type' => '',
  'content-length' => '',
)
[ info ] [ PARAM ] array (
)
[ info ] [ DB ] INIT mysql
[ sql ] [ DB ] CONNECT:[ UseTime:0.000638s ] mysql:host=127.0.0.1;dbname=tcmy;charset=utf8
[ sql ] [ SQL ] SHOW COLUMNS FROM `lottery` [ RunTime:0.000976s ]
[ sql ] [ SQL ] SELECT `id`,`name`,`status`,`rule`,`cid`,`condition`,`hot`,`key`,`ico`,`create_time`,`update_time` FROM `lottery` WHERE  `status` = 1 ORDER BY `id` ASC [ RunTime:0.000305s ]
[ sql ] [ SQL ] SHOW COLUMNS FROM `lottery_kj` [ RunTime:0.000746s ]
[ sql ] [ SQL ] SELECT * FROM `lottery_kj` WHERE  `key` = 'game1'  AND `expect` = '2022013111434' LIMIT 1 [ RunTime:0.025049s ]
[ sql ] [ SQL ] SHOW COLUMNS FROM `lottery_yukaijiang` [ RunTime:0.000681s ]
[ sql ] [ SQL ] SELECT * FROM `lottery_yukaijiang` WHERE  `key` = 'game1'  AND `expect` = '2022013111434' LIMIT 1 [ RunTime:0.002187s ]
[ sql ] [ SQL ] INSERT INTO `lottery_kj` (`key` , `expect` , `opencode` , `is_yukaijiang` , `create_time` , `update_time`) VALUES ('game1' , '2022013111434' , '4,4,6' , 0 , 1643644441 , 1643644441) [ RunTime:0.003860s ]
[ sql ] [ SQL ] SELECT * FROM `lottery_kj` WHERE  `key` = '5'  AND `expect` = '202201313478' LIMIT 1 [ RunTime:0.021598s ]
[ sql ] [ SQL ] SELECT * FROM `lottery_yukaijiang` WHERE  `key` = '5'  AND `expect` = '202201313478' LIMIT 1 [ RunTime:0.001930s ]
[ sql ] [ SQL ] INSERT INTO `lottery_kj` (`key` , `expect` , `opencode` , `is_yukaijiang` , `create_time` , `update_time`) VALUES ('5' , '202201313478' , '2,3,3' , 0 , 1643644441 , 1643644441) [ RunTime:0.005031s ]
[ sql ] [ SQL ] SELECT * FROM `lottery_kj` WHERE  `key` = 'game2'  AND `expect` = '202201315286' LIMIT 1 [ RunTime:0.024379s ]
[ sql ] [ SQL ] SELECT * FROM `lottery_yukaijiang` WHERE  `key` = 'game2'  AND `expect` = '202201315286' LIMIT 1 [ RunTime:0.002048s ]
[ sql ] [ SQL ] SHOW COLUMNS FROM `game` [ RunTime:0.000832s ]
[ sql ] [ SQL ] SELECT * FROM `game` WHERE  `status` = 0 [ RunTime:0.000564s ]
---------------------------------------------------------------

[2022-01-31T23:54:57+08:00] 45.154.255.147 GET admin.mihuanjishupinzhifuwudiyi44.cc/empty.html
[运行时间：0.012474s] [吞吐率：80.17req/s] [内存消耗：1,192.07kb] [文件加载：48]
[ info ] [ LANG ] /www/wwwroot/tongchengmiyue/tp6/thinkphp/lang/zh-cn.php
---------------------------------------------------------------

[2022-01-31T23:54:58+08:00] 45.154.255.147 GET admin.mihuanjishupinzhifuwudiyi44.cc/empty.html
[运行时间：0.009426s] [吞吐率：106.09req/s] [内存消耗：1,192.07kb] [文件加载：48]
[ info ] [ LANG ] /www/wwwroot/tongchengmiyue/tp6/thinkphp/lang/zh-cn.php
---------------------------------------------------------------

[2022-01-31T23:55:01+08:00] 40.83.103.135 GET admin.mihuanjishupinzhifuwudiyi44.cc/api/LotteryApi/autoProgram
[运行时间：0.120358s] [吞吐率：8.31req/s] [内存消耗：3,403.84kb] [文件加载：82]
[ info ] [ LANG ] /www/wwwroot/tongchengmiyue/tp6/thinkphp/lang/zh-cn.php
[ info ] [ ROUTE ] array (
)
[ info ] [ HEADER ] array (
  'accept' => '*/*',
  'user-agent' => 'curl/7.29.0',
  'connection' => 'close',
  'x-request-id' => '950a4047b5aec47de94d64c50b1e85b9',
  'x-country' => 'HK',
  'x-forwarded-proto' => 'https',
  'x-forward-scheme' => 'https',
  'x-real-ip' => '40.83.103.135',
  'host' => 'admin.mihuanjishupinzhifuwudiyi44.cc',
  'x-forward-for' => '40.83.103.135',
  'x-forwarded-for' => '40.83.103.135',
  'content-type' => '',
  'content-length' => '',
)
[ info ] [ PARAM ] array (
)
[ info ] [ DB ] INIT mysql
[ sql ] [ DB ] CONNECT:[ UseTime:0.000462s ] mysql:host=127.0.0.1;dbname=tcmy;charset=utf8
[ sql ] [ SQL ] SHOW COLUMNS FROM `lottery` [ RunTime:0.000911s ]
[ sql ] [ SQL ] SELECT `id`,`name`,`status`,`rule`,`cid`,`condition`,`hot`,`key`,`ico`,`create_time`,`update_time` FROM `lottery` WHERE  `status` = 1 ORDER BY `id` ASC [ RunTime:0.000295s ]
[ sql ] [ SQL ] SHOW COLUMNS FROM `lottery_kj` [ RunTime:0.000786s ]
[ sql ] [ SQL ] SELECT * FROM `lottery_kj` WHERE  `key` = 'game1'  AND `expect` = '2022013111435' LIMIT 1 [ RunTime:0.025410s ]
[ sql ] [ SQL ] SHOW COLUMNS FROM `lottery_yukaijiang` [ RunTime:0.000812s ]
[ sql ] [ SQL ] SELECT * FROM `lottery_yukaijiang` WHERE  `key` = 'game1'  AND `expect` = '2022013111435' LIMIT 1 [ RunTime:0.002355s ]
[ sql ] [ SQL ] INSERT INTO `lottery_kj` (`key` , `expect` , `opencode` , `is_yukaijiang` , `create_time` , `update_time`) VALUES ('game1' , '2022013111435' , '6,2,2' , 0 , 1643644501 , 1643644501) [ RunTime:0.007668s ]
[ sql ] [ SQL ] SELECT * FROM `lottery_kj` WHERE  `key` = '5'  AND `expect` = '202201313478' LIMIT 1 [ RunTime:0.023475s ]
[ sql ] [ SQL ] SELECT * FROM `lottery_yukaijiang` WHERE  `key` = '5'  AND `expect` = '202201313478' LIMIT 1 [ RunTime:0.002057s ]
[ sql ] [ SQL ] SELECT * FROM `lottery_kj` WHERE  `key` = 'game2'  AND `expect` = '202201315287' LIMIT 1 [ RunTime:0.022235s ]
[ sql ] [ SQL ] SELECT * FROM `lottery_yukaijiang` WHERE  `key` = 'game2'  AND `expect` = '202201315287' LIMIT 1 [ RunTime:0.002148s ]
[ sql ] [ SQL ] INSERT INTO `lottery_kj` (`key` , `expect` , `opencode` , `is_yukaijiang` , `create_time` , `update_time`) VALUES ('game2' , '202201315287' , '4,3,1' , 0 , 1643644501 , 1643644501) [ RunTime:0.006711s ]
[ sql ] [ SQL ] SHOW COLUMNS FROM `game` [ RunTime:0.000831s ]
[ sql ] [ SQL ] SELECT * FROM `game` WHERE  `status` = 0 [ RunTime:0.000463s ]
---------------------------------------------------------------

[2022-01-31T23:56:01+08:00] 40.83.103.135 GET admin.mihuanjishupinzhifuwudiyi44.cc/api/LotteryApi/autoProgram
[运行时间：0.124671s] [吞吐率：8.02req/s] [内存消耗：3,403.06kb] [文件加载：82]
[ info ] [ LANG ] /www/wwwroot/tongchengmiyue/tp6/thinkphp/lang/zh-cn.php
[ info ] [ ROUTE ] array (
)
[ info ] [ HEADER ] array (
  'accept' => '*/*',
  'user-agent' => 'curl/7.29.0',
  'connection' => 'close',
  'x-request-id' => '0681e3b07590be13709351e0822f1ef9',
  'x-country' => 'HK',
  'x-forwarded-proto' => 'https',
  'x-forward-scheme' => 'https',
  'x-real-ip' => '40.83.103.135',
  'host' => 'admin.mihuanjishupinzhifuwudiyi44.cc',
  'x-forward-for' => '40.83.103.135',
  'x-forwarded-for' => '40.83.103.135',
  'content-type' => '',
  'content-length' => '',
)
[ info ] [ PARAM ] array (
)
[ info ] [ DB ] INIT mysql
[ sql ] [ DB ] CONNECT:[ UseTime:0.000442s ] mysql:host=127.0.0.1;dbname=tcmy;charset=utf8
[ sql ] [ SQL ] SHOW COLUMNS FROM `lottery` [ RunTime:0.000851s ]
[ sql ] [ SQL ] SELECT `id`,`name`,`status`,`rule`,`cid`,`condition`,`hot`,`key`,`ico`,`create_time`,`update_time` FROM `lottery` WHERE  `status` = 1 ORDER BY `id` ASC [ RunTime:0.000298s ]
[ sql ] [ SQL ] SHOW COLUMNS FROM `lottery_kj` [ RunTime:0.000803s ]
[ sql ] [ SQL ] SELECT * FROM `lottery_kj` WHERE  `key` = 'game1'  AND `expect` = '2022013111436' LIMIT 1 [ RunTime:0.042188s ]
[ sql ] [ SQL ] SHOW COLUMNS FROM `lottery_yukaijiang` [ RunTime:0.000964s ]
[ sql ] [ SQL ] SELECT * FROM `lottery_yukaijiang` WHERE  `key` = 'game1'  AND `expect` = '2022013111436' LIMIT 1 [ RunTime:0.002079s ]
[ sql ] [ SQL ] INSERT INTO `lottery_kj` (`key` , `expect` , `opencode` , `is_yukaijiang` , `create_time` , `update_time`) VALUES ('game1' , '2022013111436' , '4,4,4' , 0 , 1643644561 , 1643644561) [ RunTime:0.004351s ]
[ sql ] [ SQL ] SELECT * FROM `lottery_kj` WHERE  `key` = '5'  AND `expect` = '202201313478' LIMIT 1 [ RunTime:0.022190s ]
[ sql ] [ SQL ] SELECT * FROM `lottery_yukaijiang` WHERE  `key` = '5'  AND `expect` = '202201313478' LIMIT 1 [ RunTime:0.001924s ]
[ sql ] [ SQL ] SELECT * FROM `lottery_kj` WHERE  `key` = 'game2'  AND `expect` = '202201315287' LIMIT 1 [ RunTime:0.022170s ]
[ sql ] [ SQL ] SELECT * FROM `lottery_yukaijiang` WHERE  `key` = 'game2'  AND `expect` = '202201315287' LIMIT 1 [ RunTime:0.002069s ]
[ sql ] [ SQL ] SHOW COLUMNS FROM `game` [ RunTime:0.000705s ]
[ sql ] [ SQL ] SELECT * FROM `game` WHERE  `status` = 0 [ RunTime:0.000448s ]
---------------------------------------------------------------

[2022-01-31T23:57:01+08:00] 40.83.103.135 GET admin.mihuanjishupinzhifuwudiyi44.cc/api/LotteryApi/autoProgram
[运行时间：0.115509s] [吞吐率：8.66req/s] [内存消耗：3,403.81kb] [文件加载：82]
[ info ] [ LANG ] /www/wwwroot/tongchengmiyue/tp6/thinkphp/lang/zh-cn.php
[ info ] [ ROUTE ] array (
)
[ info ] [ HEADER ] array (
  'accept' => '*/*',
  'user-agent' => 'curl/7.29.0',
  'connection' => 'close',
  'x-request-id' => 'c05811d93feb8de576ecc53d4ec6eccf',
  'x-country' => 'HK',
  'x-forwarded-proto' => 'https',
  'x-forward-scheme' => 'https',
  'x-real-ip' => '40.83.103.135',
  'host' => 'admin.mihuanjishupinzhifuwudiyi44.cc',
  'x-forward-for' => '40.83.103.135',
  'x-forwarded-for' => '40.83.103.135',
  'content-type' => '',
  'content-length' => '',
)
[ info ] [ PARAM ] array (
)
[ info ] [ DB ] INIT mysql
[ sql ] [ DB ] CONNECT:[ UseTime:0.000554s ] mysql:host=127.0.0.1;dbname=tcmy;charset=utf8
[ sql ] [ SQL ] SHOW COLUMNS FROM `lottery` [ RunTime:0.000948s ]
[ sql ] [ SQL ] SELECT `id`,`name`,`status`,`rule`,`cid`,`condition`,`hot`,`key`,`ico`,`create_time`,`update_time` FROM `lottery` WHERE  `status` = 1 ORDER BY `id` ASC [ RunTime:0.000296s ]
[ sql ] [ SQL ] SHOW COLUMNS FROM `lottery_kj` [ RunTime:0.000758s ]
[ sql ] [ SQL ] SELECT * FROM `lottery_kj` WHERE  `key` = 'game1'  AND `expect` = '2022013111437' LIMIT 1 [ RunTime:0.025517s ]
[ sql ] [ SQL ] SHOW COLUMNS FROM `lottery_yukaijiang` [ RunTime:0.000681s ]
[ sql ] [ SQL ] SELECT * FROM `lottery_yukaijiang` WHERE  `key` = 'game1'  AND `expect` = '2022013111437' LIMIT 1 [ RunTime:0.002061s ]
[ sql ] [ SQL ] INSERT INTO `lottery_kj` (`key` , `expect` , `opencode` , `is_yukaijiang` , `create_time` , `update_time`) VALUES ('game1' , '2022013111437' , '4,5,5' , 0 , 1643644621 , 1643644621) [ RunTime:0.003624s ]
[ sql ] [ SQL ] SELECT * FROM `lottery_kj` WHERE  `key` = '5'  AND `expect` = '202201313479' LIMIT 1 [ RunTime:0.023098s ]
[ sql ] [ SQL ] SELECT * FROM `lottery_yukaijiang` WHERE  `key` = '5'  AND `expect` = '202201313479' LIMIT 1 [ RunTime:0.003951s ]
[ sql ] [ SQL ] INSERT INTO `lottery_kj` (`key` , `expect` , `opencode` , `is_yukaijiang` , `create_time` , `update_time`) VALUES ('5' , '202201313479' , '1,3,4' , 0 , 1643644621 , 1643644621) [ RunTime:0.004758s ]
[ sql ] [ SQL ] SELECT * FROM `lottery_kj` WHERE  `key` = 'game2'  AND `expect` = '202201315287' LIMIT 1 [ RunTime:0.022624s ]
[ sql ] [ SQL ] SELECT * FROM `lottery_yukaijiang` WHERE  `key` = 'game2'  AND `expect` = '202201315287' LIMIT 1 [ RunTime:0.002039s ]
[ sql ] [ SQL ] SHOW COLUMNS FROM `game` [ RunTime:0.000720s ]
[ sql ] [ SQL ] SELECT * FROM `game` WHERE  `status` = 0 [ RunTime:0.000484s ]
---------------------------------------------------------------

[2022-01-31T23:58:02+08:00] 40.83.103.135 GET admin.mihuanjishupinzhifuwudiyi44.cc/api/LotteryApi/autoProgram
[运行时间：0.105727s] [吞吐率：9.46req/s] [内存消耗：3,403.09kb] [文件加载：82]
[ info ] [ LANG ] /www/wwwroot/tongchengmiyue/tp6/thinkphp/lang/zh-cn.php
[ info ] [ ROUTE ] array (
)
[ info ] [ HEADER ] array (
  'accept' => '*/*',
  'user-agent' => 'curl/7.29.0',
  'connection' => 'close',
  'x-request-id' => '12e4216c988332ddf835f98b34f7ba62',
  'x-country' => 'HK',
  'x-forwarded-proto' => 'https',
  'x-forward-scheme' => 'https',
  'x-real-ip' => '40.83.103.135',
  'host' => 'admin.mihuanjishupinzhifuwudiyi44.cc',
  'x-forward-for' => '40.83.103.135',
  'x-forwarded-for' => '40.83.103.135',
  'content-type' => '',
  'content-length' => '',
)
[ info ] [ PARAM ] array (
)
[ info ] [ DB ] INIT mysql
[ sql ] [ DB ] CONNECT:[ UseTime:0.000469s ] mysql:host=127.0.0.1;dbname=tcmy;charset=utf8
[ sql ] [ SQL ] SHOW COLUMNS FROM `lottery` [ RunTime:0.000904s ]
[ sql ] [ SQL ] SELECT `id`,`name`,`status`,`rule`,`cid`,`condition`,`hot`,`key`,`ico`,`create_time`,`update_time` FROM `lottery` WHERE  `status` = 1 ORDER BY `id` ASC [ RunTime:0.000299s ]
[ sql ] [ SQL ] SHOW COLUMNS FROM `lottery_kj` [ RunTime:0.000659s ]
[ sql ] [ SQL ] SELECT * FROM `lottery_kj` WHERE  `key` = 'game1'  AND `expect` = '2022013111438' LIMIT 1 [ RunTime:0.023584s ]
[ sql ] [ SQL ] SHOW COLUMNS FROM `lottery_yukaijiang` [ RunTime:0.000680s ]
[ sql ] [ SQL ] SELECT * FROM `lottery_yukaijiang` WHERE  `key` = 'game1'  AND `expect` = '2022013111438' LIMIT 1 [ RunTime:0.002044s ]
[ sql ] [ SQL ] INSERT INTO `lottery_kj` (`key` , `expect` , `opencode` , `is_yukaijiang` , `create_time` , `update_time`) VALUES ('game1' , '2022013111438' , '2,4,2' , 0 , 1643644682 , 1643644682) [ RunTime:0.003609s ]
[ sql ] [ SQL ] SELECT * FROM `lottery_kj` WHERE  `key` = '5'  AND `expect` = '202201313479' LIMIT 1 [ RunTime:0.021746s ]
[ sql ] [ SQL ] SELECT * FROM `lottery_yukaijiang` WHERE  `key` = '5'  AND `expect` = '202201313479' LIMIT 1 [ RunTime:0.001993s ]
[ sql ] [ SQL ] SELECT * FROM `lottery_kj` WHERE  `key` = 'game2'  AND `expect` = '202201315287' LIMIT 1 [ RunTime:0.022550s ]
[ sql ] [ SQL ] SELECT * FROM `lottery_yukaijiang` WHERE  `key` = 'game2'  AND `expect` = '202201315287' LIMIT 1 [ RunTime:0.002108s ]
[ sql ] [ SQL ] SHOW COLUMNS FROM `game` [ RunTime:0.000802s ]
[ sql ] [ SQL ] SELECT * FROM `game` WHERE  `status` = 0 [ RunTime:0.000466s ]
---------------------------------------------------------------

[2022-01-31T23:59:01+08:00] 40.83.103.135 GET admin.mihuanjishupinzhifuwudiyi44.cc/api/LotteryApi/autoProgram
[运行时间：0.112387s] [吞吐率：8.90req/s] [内存消耗：3,403.09kb] [文件加载：82]
[ info ] [ LANG ] /www/wwwroot/tongchengmiyue/tp6/thinkphp/lang/zh-cn.php
[ info ] [ ROUTE ] array (
)
[ info ] [ HEADER ] array (
  'accept' => '*/*',
  'user-agent' => 'curl/7.29.0',
  'connection' => 'close',
  'x-request-id' => 'ac83d1a76d86024f4eab9dab8456856c',
  'x-country' => 'HK',
  'x-forwarded-proto' => 'https',
  'x-forward-scheme' => 'https',
  'x-real-ip' => '40.83.103.135',
  'host' => 'admin.mihuanjishupinzhifuwudiyi44.cc',
  'x-forward-for' => '40.83.103.135',
  'x-forwarded-for' => '40.83.103.135',
  'content-type' => '',
  'content-length' => '',
)
[ info ] [ PARAM ] array (
)
[ info ] [ DB ] INIT mysql
[ sql ] [ DB ] CONNECT:[ UseTime:0.000547s ] mysql:host=127.0.0.1;dbname=tcmy;charset=utf8
[ sql ] [ SQL ] SHOW COLUMNS FROM `lottery` [ RunTime:0.000989s ]
[ sql ] [ SQL ] SELECT `id`,`name`,`status`,`rule`,`cid`,`condition`,`hot`,`key`,`ico`,`create_time`,`update_time` FROM `lottery` WHERE  `status` = 1 ORDER BY `id` ASC [ RunTime:0.000297s ]
[ sql ] [ SQL ] SHOW COLUMNS FROM `lottery_kj` [ RunTime:0.000784s ]
[ sql ] [ SQL ] SELECT * FROM `lottery_kj` WHERE  `key` = 'game1'  AND `expect` = '2022013111439' LIMIT 1 [ RunTime:0.024274s ]
[ sql ] [ SQL ] SHOW COLUMNS FROM `lottery_yukaijiang` [ RunTime:0.000766s ]
[ sql ] [ SQL ] SELECT * FROM `lottery_yukaijiang` WHERE  `key` = 'game1'  AND `expect` = '2022013111439' LIMIT 1 [ RunTime:0.002008s ]
[ sql ] [ SQL ] INSERT INTO `lottery_kj` (`key` , `expect` , `opencode` , `is_yukaijiang` , `create_time` , `update_time`) VALUES ('game1' , '2022013111439' , '1,4,4' , 0 , 1643644741 , 1643644741) [ RunTime:0.003475s ]
[ sql ] [ SQL ] SELECT * FROM `lottery_kj` WHERE  `key` = '5'  AND `expect` = '202201313479' LIMIT 1 [ RunTime:0.026187s ]
[ sql ] [ SQL ] SELECT * FROM `lottery_yukaijiang` WHERE  `key` = '5'  AND `expect` = '202201313479' LIMIT 1 [ RunTime:0.002062s ]
[ sql ] [ SQL ] SELECT * FROM `lottery_kj` WHERE  `key` = 'game2'  AND `expect` = '202201315287' LIMIT 1 [ RunTime:0.022680s ]
[ sql ] [ SQL ] SELECT * FROM `lottery_yukaijiang` WHERE  `key` = 'game2'  AND `expect` = '202201315287' LIMIT 1 [ RunTime:0.002173s ]
[ sql ] [ SQL ] SHOW COLUMNS FROM `game` [ RunTime:0.000840s ]
[ sql ] [ SQL ] SELECT * FROM `game` WHERE  `status` = 0 [ RunTime:0.000468s ]
