---------------------------------------------------------------

[2022-03-02T02:15:58+08:00] 176.58.124.134 GET 40.83.103.135/FD873AC4-CF86-4FED-84EC-4BD59C6F17A7
[运行时间：0.014195s] [吞吐率：70.45req/s] [内存消耗：1,192.05kb] [文件加载：48]
[ info ] [ LANG ] /www/wwwroot/tongchengmiyue/tp6/thinkphp/lang/zh-cn.php
---------------------------------------------------------------

[2022-03-02T04:03:49+08:00] 192.241.219.110 GET 40.83.103.135/actuator/health
[运行时间：0.010062s] [吞吐率：99.38req/s] [内存消耗：1,192.04kb] [文件加载：48]
[ info ] [ LANG ] /www/wwwroot/tongchengmiyue/tp6/thinkphp/lang/zh-cn.php
---------------------------------------------------------------

[2022-03-02T05:42:23+08:00] 3.232.107.250 GET 40.83.103.135/.env
[运行时间：0.019042s] [吞吐率：52.52req/s] [内存消耗：2,808.24kb] [文件加载：90]
[ info ] [ LANG ] /www/wwwroot/tongchengmiyue/tp6/thinkphp/lang/zh-cn.php
[ info ] [ ROUTE ] array (
)
[ info ] [ HEADER ] array (
  'connection' => 'keep-alive',
  'accept' => '*/*',
  'accept-encoding' => 'gzip, deflate',
  'user-agent' => 'Mozilla/5.0 (Linux; U; Android 4.4.2; en-US; HM NOTE 1W Build/KOT49H) AppleWebKit/534.30 (KHTML, like Gecko) Version/4.0 UCBrowser/11.0.5.850 U3/0.8.0 Mobile Safari/534.30',
  'host' => '40.83.103.135',
  'content-type' => '',
  'content-length' => '',
)
[ info ] [ PARAM ] array (
)
---------------------------------------------------------------

[2022-03-02T05:42:24+08:00] 3.232.107.250 POST 40.83.103.135/
[运行时间：0.028812s] [吞吐率：34.71req/s] [内存消耗：3,674.34kb] [文件加载：95]
[ info ] [ LANG ] /www/wwwroot/tongchengmiyue/tp6/thinkphp/lang/zh-cn.php
[ info ] [ ROUTE ] array (
)
[ info ] [ HEADER ] array (
  'content-type' => 'application/x-www-form-urlencoded',
  'content-length' => '20',
  'connection' => 'keep-alive',
  'accept' => '*/*',
  'accept-encoding' => 'gzip, deflate',
  'user-agent' => 'Mozilla/5.0 (Linux; U; Android 4.4.2; en-US; HM NOTE 1W Build/KOT49H) AppleWebKit/534.30 (KHTML, like Gecko) Version/4.0 UCBrowser/11.0.5.850 U3/0.8.0 Mobile Safari/534.30',
  'host' => '40.83.103.135',
)
[ info ] [ PARAM ] array (
  '0x' => 
  array (
    0 => 'androxgh0st',
  ),
)
[ info ] [ DB ] INIT mysql
[ sql ] [ DB ] CONNECT:[ UseTime:0.000519s ] mysql:host=127.0.0.1;dbname=tcmy;charset=utf8
[ sql ] [ SQL ] SHOW COLUMNS FROM `user_log` [ RunTime:0.000690s ]
[ sql ] [ SQL ] INSERT INTO `user_log` (`url` , `param` , `ip` , `uid` , `uname`) VALUES ('/' , '{\"0x\":[\"androxgh0st\"]}' , '3.232.107.250' , NULL , NULL) [ RunTime:0.000257s ]
---------------------------------------------------------------

[2022-03-02T06:54:43+08:00] 209.17.96.50 GET 40.83.103.135:443/
[运行时间：0.018139s] [吞吐率：55.13req/s] [内存消耗：2,806.75kb] [文件加载：90]
[ info ] [ LANG ] /www/wwwroot/tongchengmiyue/tp6/thinkphp/lang/zh-cn.php
[ info ] [ ROUTE ] array (
)
[ info ] [ HEADER ] array (
  'user-agent' => 'Mozilla/5.0 (compatible; Nimbostratus-Bot/v1.3.2; http://cloudsystemnetworks.com)',
  'host' => '40.83.103.135:443',
  'content-type' => '',
  'content-length' => '',
)
[ info ] [ PARAM ] array (
)
---------------------------------------------------------------

[2022-03-02T06:54:46+08:00] 209.17.96.50 GET 40.83.103.135:443/admin/login/index/
[运行时间：0.021464s] [吞吐率：46.59req/s] [内存消耗：2,810.05kb] [文件加载：90]
[ info ] [ LANG ] /www/wwwroot/tongchengmiyue/tp6/thinkphp/lang/zh-cn.php
[ info ] [ ROUTE ] array (
)
[ info ] [ HEADER ] array (
  'user-agent' => 'Mozilla/5.0 (compatible; Nimbostratus-Bot/v1.3.2; http://cloudsystemnetworks.com)',
  'host' => '40.83.103.135:443',
  'content-type' => '',
  'content-length' => '',
)
[ info ] [ PARAM ] array (
)
[ info ] [ VIEW ] /www/wwwroot/tongchengmiyue/tp6/application/admin/view/login/index.html [ array (
) ]
---------------------------------------------------------------

[2022-03-02T07:45:24+08:00] 37.19.197.133 GET www.mihuanjishupinzhifuwudiyi16.com/
[运行时间：0.019006s] [吞吐率：52.61req/s] [内存消耗：2,807.16kb] [文件加载：90]
[ info ] [ LANG ] /www/wwwroot/tongchengmiyue/tp6/thinkphp/lang/zh-cn.php
[ info ] [ ROUTE ] array (
)
[ info ] [ HEADER ] array (
  'connection' => 'keep-alive',
  'host' => 'www.mihuanjishupinzhifuwudiyi16.com',
  'accept-encoding' => 'gzip, deflate',
  'accept' => 'text/*, text/html',
  'accept-language' => 'en',
  'user-agent' => 'panscient.com',
  'content-type' => '',
  'content-length' => '',
)
[ info ] [ PARAM ] array (
)
---------------------------------------------------------------

[2022-03-02T07:45:25+08:00] 37.19.197.133 GET www.mihuanjishupinzhifuwudiyi16.com/admin/login/index/
[运行时间：0.019000s] [吞吐率：52.63req/s] [内存消耗：2,810.46kb] [文件加载：90]
[ info ] [ LANG ] /www/wwwroot/tongchengmiyue/tp6/thinkphp/lang/zh-cn.php
[ info ] [ ROUTE ] array (
)
[ info ] [ HEADER ] array (
  'connection' => 'keep-alive',
  'host' => 'www.mihuanjishupinzhifuwudiyi16.com',
  'accept-encoding' => 'gzip, deflate',
  'accept' => 'text/*, text/html',
  'accept-language' => 'en',
  'user-agent' => 'panscient.com',
  'content-type' => '',
  'content-length' => '',
)
[ info ] [ PARAM ] array (
)
[ info ] [ VIEW ] /www/wwwroot/tongchengmiyue/tp6/application/admin/view/login/index.html [ array (
) ]
---------------------------------------------------------------

[2022-03-02T07:45:25+08:00] 37.19.197.133 GET www.mihuanjishupinzhifuwudiyi16.com/
[运行时间：0.020066s] [吞吐率：49.84req/s] [内存消耗：2,807.16kb] [文件加载：90]
[ info ] [ LANG ] /www/wwwroot/tongchengmiyue/tp6/thinkphp/lang/zh-cn.php
[ info ] [ ROUTE ] array (
)
[ info ] [ HEADER ] array (
  'connection' => 'keep-alive',
  'host' => 'www.mihuanjishupinzhifuwudiyi16.com',
  'accept-encoding' => 'gzip, deflate',
  'accept' => 'text/*, text/html',
  'accept-language' => 'en',
  'user-agent' => 'panscient.com',
  'content-type' => '',
  'content-length' => '',
)
[ info ] [ PARAM ] array (
)
---------------------------------------------------------------

[2022-03-02T07:45:26+08:00] 37.19.197.133 GET www.mihuanjishupinzhifuwudiyi16.com/admin/login/index/
[运行时间：0.019490s] [吞吐率：51.31req/s] [内存消耗：2,810.46kb] [文件加载：90]
[ info ] [ LANG ] /www/wwwroot/tongchengmiyue/tp6/thinkphp/lang/zh-cn.php
[ info ] [ ROUTE ] array (
)
[ info ] [ HEADER ] array (
  'connection' => 'keep-alive',
  'host' => 'www.mihuanjishupinzhifuwudiyi16.com',
  'accept-encoding' => 'gzip, deflate',
  'accept' => 'text/*, text/html',
  'accept-language' => 'en',
  'user-agent' => 'panscient.com',
  'content-type' => '',
  'content-length' => '',
)
[ info ] [ PARAM ] array (
)
[ info ] [ VIEW ] /www/wwwroot/tongchengmiyue/tp6/application/admin/view/login/index.html [ array (
) ]
---------------------------------------------------------------

[2022-03-02T07:45:27+08:00] 37.19.197.133 GET www.mihuanjishupinzhifuwudiyi16.com/
[运行时间：0.017971s] [吞吐率：55.65req/s] [内存消耗：2,807.16kb] [文件加载：90]
[ info ] [ LANG ] /www/wwwroot/tongchengmiyue/tp6/thinkphp/lang/zh-cn.php
[ info ] [ ROUTE ] array (
)
[ info ] [ HEADER ] array (
  'connection' => 'keep-alive',
  'host' => 'www.mihuanjishupinzhifuwudiyi16.com',
  'accept-encoding' => 'gzip, deflate',
  'accept' => 'text/*, text/html',
  'accept-language' => 'en',
  'user-agent' => 'panscient.com',
  'content-type' => '',
  'content-length' => '',
)
[ info ] [ PARAM ] array (
)
---------------------------------------------------------------

[2022-03-02T07:45:28+08:00] 37.19.197.133 GET www.mihuanjishupinzhifuwudiyi16.com/admin/login/index/
[运行时间：0.018782s] [吞吐率：53.24req/s] [内存消耗：2,810.46kb] [文件加载：90]
[ info ] [ LANG ] /www/wwwroot/tongchengmiyue/tp6/thinkphp/lang/zh-cn.php
[ info ] [ ROUTE ] array (
)
[ info ] [ HEADER ] array (
  'connection' => 'keep-alive',
  'host' => 'www.mihuanjishupinzhifuwudiyi16.com',
  'accept-encoding' => 'gzip, deflate',
  'accept' => 'text/*, text/html',
  'accept-language' => 'en',
  'user-agent' => 'panscient.com',
  'content-type' => '',
  'content-length' => '',
)
[ info ] [ PARAM ] array (
)
[ info ] [ VIEW ] /www/wwwroot/tongchengmiyue/tp6/application/admin/view/login/index.html [ array (
) ]
---------------------------------------------------------------

[2022-03-02T07:45:29+08:00] 37.19.197.133 GET www.mihuanjishupinzhifuwudiyi16.com/
[运行时间：0.019514s] [吞吐率：51.25req/s] [内存消耗：2,807.16kb] [文件加载：90]
[ info ] [ LANG ] /www/wwwroot/tongchengmiyue/tp6/thinkphp/lang/zh-cn.php
[ info ] [ ROUTE ] array (
)
[ info ] [ HEADER ] array (
  'connection' => 'keep-alive',
  'host' => 'www.mihuanjishupinzhifuwudiyi16.com',
  'accept-encoding' => 'gzip, deflate',
  'accept' => 'text/*, text/html',
  'accept-language' => 'en',
  'user-agent' => 'panscient.com',
  'content-type' => '',
  'content-length' => '',
)
[ info ] [ PARAM ] array (
)
---------------------------------------------------------------

[2022-03-02T07:45:30+08:00] 37.19.197.133 GET www.mihuanjishupinzhifuwudiyi16.com/admin/login/index/
[运行时间：0.018903s] [吞吐率：52.90req/s] [内存消耗：2,810.46kb] [文件加载：90]
[ info ] [ LANG ] /www/wwwroot/tongchengmiyue/tp6/thinkphp/lang/zh-cn.php
[ info ] [ ROUTE ] array (
)
[ info ] [ HEADER ] array (
  'connection' => 'keep-alive',
  'host' => 'www.mihuanjishupinzhifuwudiyi16.com',
  'accept-encoding' => 'gzip, deflate',
  'accept' => 'text/*, text/html',
  'accept-language' => 'en',
  'user-agent' => 'panscient.com',
  'content-type' => '',
  'content-length' => '',
)
[ info ] [ PARAM ] array (
)
[ info ] [ VIEW ] /www/wwwroot/tongchengmiyue/tp6/application/admin/view/login/index.html [ array (
) ]
---------------------------------------------------------------

[2022-03-02T07:45:30+08:00] 37.19.197.133 GET www.mihuanjishupinzhifuwudiyi16.com/
[运行时间：0.019303s] [吞吐率：51.81req/s] [内存消耗：2,807.16kb] [文件加载：90]
[ info ] [ LANG ] /www/wwwroot/tongchengmiyue/tp6/thinkphp/lang/zh-cn.php
[ info ] [ ROUTE ] array (
)
[ info ] [ HEADER ] array (
  'connection' => 'keep-alive',
  'host' => 'www.mihuanjishupinzhifuwudiyi16.com',
  'accept-encoding' => 'gzip, deflate',
  'accept' => 'text/*, text/html',
  'accept-language' => 'en',
  'user-agent' => 'panscient.com',
  'content-type' => '',
  'content-length' => '',
)
[ info ] [ PARAM ] array (
)
---------------------------------------------------------------

[2022-03-02T07:45:31+08:00] 37.19.197.133 GET www.mihuanjishupinzhifuwudiyi16.com/admin/login/index/
[运行时间：0.020207s] [吞吐率：49.49req/s] [内存消耗：2,810.46kb] [文件加载：90]
[ info ] [ LANG ] /www/wwwroot/tongchengmiyue/tp6/thinkphp/lang/zh-cn.php
[ info ] [ ROUTE ] array (
)
[ info ] [ HEADER ] array (
  'connection' => 'keep-alive',
  'host' => 'www.mihuanjishupinzhifuwudiyi16.com',
  'accept-encoding' => 'gzip, deflate',
  'accept' => 'text/*, text/html',
  'accept-language' => 'en',
  'user-agent' => 'panscient.com',
  'content-type' => '',
  'content-length' => '',
)
[ info ] [ PARAM ] array (
)
[ info ] [ VIEW ] /www/wwwroot/tongchengmiyue/tp6/application/admin/view/login/index.html [ array (
) ]
---------------------------------------------------------------

[2022-03-02T07:53:09+08:00] 40.77.167.78 GET www.mihuanjishupinzhifuwudiyi65.cc/admin/login/index/
[运行时间：0.020091s] [吞吐率：49.77req/s] [内存消耗：2,811.11kb] [文件加载：90]
[ info ] [ LANG ] /www/wwwroot/tongchengmiyue/tp6/thinkphp/lang/zh-cn.php
[ info ] [ ROUTE ] array (
)
[ info ] [ HEADER ] array (
  'user-agent' => 'Mozilla/5.0 (compatible; bingbot/2.0; +http://www.bing.com/bingbot.htm)',
  'from' => 'bingbot(at)microsoft.com',
  'accept-encoding' => 'gzip, deflate',
  'accept' => '*/*',
  'pragma' => 'no-cache',
  'cache-control' => 'no-cache',
  'host' => 'www.mihuanjishupinzhifuwudiyi65.cc',
  'content-type' => '',
  'content-length' => '',
)
[ info ] [ PARAM ] array (
)
[ info ] [ VIEW ] /www/wwwroot/tongchengmiyue/tp6/application/admin/view/login/index.html [ array (
) ]
---------------------------------------------------------------

[2022-03-02T08:00:06+08:00] 167.248.133.63 GET 40.83.103.135:443/
[运行时间：0.027455s] [吞吐率：36.42req/s] [内存消耗：2,806.43kb] [文件加载：90]
[ info ] [ LANG ] /www/wwwroot/tongchengmiyue/tp6/thinkphp/lang/zh-cn.php
[ info ] [ ROUTE ] array (
)
[ info ] [ HEADER ] array (
  'host' => '40.83.103.135:443',
  'content-type' => '',
  'content-length' => '',
)
[ info ] [ PARAM ] array (
)
---------------------------------------------------------------

[2022-03-02T08:00:06+08:00] 167.248.133.63 GET 40.83.103.135/
[运行时间：0.021914s] [吞吐率：45.63req/s] [内存消耗：2,806.97kb] [文件加载：90]
[ info ] [ LANG ] /www/wwwroot/tongchengmiyue/tp6/thinkphp/lang/zh-cn.php
[ info ] [ ROUTE ] array (
)
[ info ] [ HEADER ] array (
  'accept-encoding' => 'gzip',
  'accept' => '*/*',
  'user-agent' => 'Mozilla/5.0 (compatible; CensysInspect/1.1; +https://about.censys.io/)',
  'host' => '40.83.103.135',
  'content-type' => '',
  'content-length' => '',
)
[ info ] [ PARAM ] array (
)
---------------------------------------------------------------

[2022-03-02T08:00:07+08:00] 167.248.133.63 GET 40.83.103.135/admin/login/index/
[运行时间：0.028016s] [吞吐率：35.69req/s] [内存消耗：2,810.33kb] [文件加载：90]
[ info ] [ LANG ] /www/wwwroot/tongchengmiyue/tp6/thinkphp/lang/zh-cn.php
[ info ] [ ROUTE ] array (
)
[ info ] [ HEADER ] array (
  'accept-encoding' => 'gzip',
  'accept' => '*/*',
  'user-agent' => 'Mozilla/5.0 (compatible; CensysInspect/1.1; +https://about.censys.io/)',
  'host' => '40.83.103.135',
  'content-type' => '',
  'content-length' => '',
)
[ info ] [ PARAM ] array (
)
[ info ] [ VIEW ] /www/wwwroot/tongchengmiyue/tp6/application/admin/view/login/index.html [ array (
) ]
---------------------------------------------------------------

[2022-03-02T09:07:23+08:00] 167.94.138.60 GET 40.83.103.135:443/
[运行时间：0.019859s] [吞吐率：50.36req/s] [内存消耗：2,806.43kb] [文件加载：90]
[ info ] [ LANG ] /www/wwwroot/tongchengmiyue/tp6/thinkphp/lang/zh-cn.php
[ info ] [ ROUTE ] array (
)
[ info ] [ HEADER ] array (
  'host' => '40.83.103.135:443',
  'content-type' => '',
  'content-length' => '',
)
[ info ] [ PARAM ] array (
)
---------------------------------------------------------------

[2022-03-02T09:07:23+08:00] 167.94.138.60 GET 40.83.103.135/
[运行时间：0.026891s] [吞吐率：37.19req/s] [内存消耗：2,806.97kb] [文件加载：90]
[ info ] [ LANG ] /www/wwwroot/tongchengmiyue/tp6/thinkphp/lang/zh-cn.php
[ info ] [ ROUTE ] array (
)
[ info ] [ HEADER ] array (
  'accept-encoding' => 'gzip',
  'accept' => '*/*',
  'user-agent' => 'Mozilla/5.0 (compatible; CensysInspect/1.1; +https://about.censys.io/)',
  'host' => '40.83.103.135',
  'content-type' => '',
  'content-length' => '',
)
[ info ] [ PARAM ] array (
)
---------------------------------------------------------------

[2022-03-02T09:07:24+08:00] 167.94.138.60 GET 40.83.103.135/admin/login/index/
[运行时间：0.021023s] [吞吐率：47.57req/s] [内存消耗：2,810.33kb] [文件加载：90]
[ info ] [ LANG ] /www/wwwroot/tongchengmiyue/tp6/thinkphp/lang/zh-cn.php
[ info ] [ ROUTE ] array (
)
[ info ] [ HEADER ] array (
  'accept-encoding' => 'gzip',
  'accept' => '*/*',
  'user-agent' => 'Mozilla/5.0 (compatible; CensysInspect/1.1; +https://about.censys.io/)',
  'host' => '40.83.103.135',
  'content-type' => '',
  'content-length' => '',
)
[ info ] [ PARAM ] array (
)
[ info ] [ VIEW ] /www/wwwroot/tongchengmiyue/tp6/application/admin/view/login/index.html [ array (
) ]
---------------------------------------------------------------

[2022-03-02T09:19:21+08:00] 92.118.160.49 GET 40.83.103.135:443/
[运行时间：0.019323s] [吞吐率：51.75req/s] [内存消耗：2,806.94kb] [文件加载：90]
[ info ] [ LANG ] /www/wwwroot/tongchengmiyue/tp6/thinkphp/lang/zh-cn.php
[ info ] [ ROUTE ] array (
)
[ info ] [ HEADER ] array (
  'user-agent' => 'NetSystemsResearch studies the availability of various services across the internet. Our website is netsystemsresearch.com',
  'host' => '40.83.103.135:443',
  'content-type' => '',
  'content-length' => '',
)
[ info ] [ PARAM ] array (
)
---------------------------------------------------------------

[2022-03-02T09:19:22+08:00] 92.118.160.49 GET 40.83.103.135:443/admin/login/index/
[运行时间：0.020488s] [吞吐率：48.81req/s] [内存消耗：2,810.30kb] [文件加载：90]
[ info ] [ LANG ] /www/wwwroot/tongchengmiyue/tp6/thinkphp/lang/zh-cn.php
[ info ] [ ROUTE ] array (
)
[ info ] [ HEADER ] array (
  'user-agent' => 'NetSystemsResearch studies the availability of various services across the internet. Our website is netsystemsresearch.com',
  'host' => '40.83.103.135:443',
  'content-type' => '',
  'content-length' => '',
)
[ info ] [ PARAM ] array (
)
[ info ] [ VIEW ] /www/wwwroot/tongchengmiyue/tp6/application/admin/view/login/index.html [ array (
) ]
---------------------------------------------------------------

[2022-03-02T09:53:31+08:00] 162.142.125.10 GET 40.83.103.135:443/
[运行时间：0.018882s] [吞吐率：52.96req/s] [内存消耗：2,806.43kb] [文件加载：90]
[ info ] [ LANG ] /www/wwwroot/tongchengmiyue/tp6/thinkphp/lang/zh-cn.php
[ info ] [ ROUTE ] array (
)
[ info ] [ HEADER ] array (
  'host' => '40.83.103.135:443',
  'content-type' => '',
  'content-length' => '',
)
[ info ] [ PARAM ] array (
)
---------------------------------------------------------------

[2022-03-02T09:53:32+08:00] 162.142.125.10 GET 40.83.103.135/
[运行时间：0.019344s] [吞吐率：51.70req/s] [内存消耗：2,806.97kb] [文件加载：90]
[ info ] [ LANG ] /www/wwwroot/tongchengmiyue/tp6/thinkphp/lang/zh-cn.php
[ info ] [ ROUTE ] array (
)
[ info ] [ HEADER ] array (
  'accept-encoding' => 'gzip',
  'accept' => '*/*',
  'user-agent' => 'Mozilla/5.0 (compatible; CensysInspect/1.1; +https://about.censys.io/)',
  'host' => '40.83.103.135',
  'content-type' => '',
  'content-length' => '',
)
[ info ] [ PARAM ] array (
)
---------------------------------------------------------------

[2022-03-02T09:53:33+08:00] 162.142.125.10 GET 40.83.103.135/admin/login/index/
[运行时间：0.018813s] [吞吐率：53.16req/s] [内存消耗：2,810.33kb] [文件加载：90]
[ info ] [ LANG ] /www/wwwroot/tongchengmiyue/tp6/thinkphp/lang/zh-cn.php
[ info ] [ ROUTE ] array (
)
[ info ] [ HEADER ] array (
  'accept-encoding' => 'gzip',
  'accept' => '*/*',
  'user-agent' => 'Mozilla/5.0 (compatible; CensysInspect/1.1; +https://about.censys.io/)',
  'host' => '40.83.103.135',
  'content-type' => '',
  'content-length' => '',
)
[ info ] [ PARAM ] array (
)
[ info ] [ VIEW ] /www/wwwroot/tongchengmiyue/tp6/application/admin/view/login/index.html [ array (
) ]
---------------------------------------------------------------

[2022-03-02T10:52:39+08:00] 47.242.95.113 GET admin.mihuanjishupinzhifuwudiyi44.cc/
[运行时间：0.018702s] [吞吐率：53.47req/s] [内存消耗：2,807.98kb] [文件加载：90]
[ info ] [ LANG ] /www/wwwroot/tongchengmiyue/tp6/thinkphp/lang/zh-cn.php
[ info ] [ ROUTE ] array (
)
[ info ] [ HEADER ] array (
  'connection' => 'close',
  'accept-language' => 'zh-CN,zh;q=0.9',
  'accept-encoding' => 'gzip, deflate',
  'accept' => 'text/html,application/xhtml+xml,application/xml;q=0.9,image/webp,image/apng,*/*;q=0.8,application/signed-exchange;v=b3',
  'host' => 'admin.mihuanjishupinzhifuwudiyi44.cc',
  'user-agent' => 'Mozilla/5.0 (Macintosh; Intel Mac OS X 10_14_6) AppleWebKit/537.36 (KHTML, like Gecko) Chrome/76.0.3809.132 Safari/537.36',
  'content-type' => '',
  'content-length' => '',
)
[ info ] [ PARAM ] array (
)
---------------------------------------------------------------

[2022-03-02T10:52:51+08:00] 47.242.95.113 GET admin.mihuanjishupinzhifuwudiyi44.cc/admin/login/index/
[运行时间：0.022434s] [吞吐率：44.58req/s] [内存消耗：2,811.50kb] [文件加载：90]
[ info ] [ LANG ] /www/wwwroot/tongchengmiyue/tp6/thinkphp/lang/zh-cn.php
[ info ] [ ROUTE ] array (
)
[ info ] [ HEADER ] array (
  'connection' => 'close',
  'cookie' => 'PHPSESSID=86aosoglfjkllre7di667p6338',
  'accept-language' => 'zh-CN,zh;q=0.9',
  'accept-encoding' => 'gzip, deflate',
  'accept' => 'text/html,application/xhtml+xml,application/xml;q=0.9,image/webp,image/apng,*/*;q=0.8,application/signed-exchange;v=b3',
  'host' => 'admin.mihuanjishupinzhifuwudiyi44.cc',
  'user-agent' => 'Mozilla/5.0 (Macintosh; Intel Mac OS X 10_14_6) AppleWebKit/537.36 (KHTML, like Gecko) Chrome/76.0.3809.132 Safari/537.36',
  'content-type' => '',
  'content-length' => '',
)
[ info ] [ PARAM ] array (
)
[ info ] [ VIEW ] /www/wwwroot/tongchengmiyue/tp6/application/admin/view/login/index.html [ array (
) ]
---------------------------------------------------------------

[2022-03-02T10:53:54+08:00] 192.241.218.71 GET 40.83.103.135/owa/auth/logon.aspx?url=https%3a%2f%2f1%2fecp%2f
[运行时间：0.011607s] [吞吐率：86.16req/s] [内存消耗：1,192.10kb] [文件加载：48]
[ info ] [ LANG ] /www/wwwroot/tongchengmiyue/tp6/thinkphp/lang/zh-cn.php
---------------------------------------------------------------

[2022-03-02T10:56:43+08:00] 192.241.221.63 GET 40.83.103.135/ecp/Current/exporttool/microsoft.exchange.ediscovery.exporttool.application
[运行时间：0.011150s] [吞吐率：89.69req/s] [内存消耗：1,192.27kb] [文件加载：48]
[ info ] [ LANG ] /www/wwwroot/tongchengmiyue/tp6/thinkphp/lang/zh-cn.php
---------------------------------------------------------------

[2022-03-02T11:24:16+08:00] 184.105.139.67 GET 40.83.103.135/
[运行时间：0.020883s] [吞吐率：47.89req/s] [内存消耗：2,806.39kb] [文件加载：90]
[ info ] [ LANG ] /www/wwwroot/tongchengmiyue/tp6/thinkphp/lang/zh-cn.php
[ info ] [ ROUTE ] array (
)
[ info ] [ HEADER ] array (
  'host' => '40.83.103.135',
  'content-type' => '',
  'content-length' => '',
)
[ info ] [ PARAM ] array (
)
---------------------------------------------------------------

[2022-03-02T11:24:55+08:00] 192.241.221.159 GET 40.83.103.135/ReportServer
[运行时间：0.009912s] [吞吐率：100.89req/s] [内存消耗：1,192.04kb] [文件加载：48]
[ info ] [ LANG ] /www/wwwroot/tongchengmiyue/tp6/thinkphp/lang/zh-cn.php
---------------------------------------------------------------

[2022-03-02T11:31:45+08:00] 47.242.164.185 GET admin.mihuanjishupinzhifuwudiyi44.cc/
[运行时间：0.019297s] [吞吐率：51.82req/s] [内存消耗：2,807.98kb] [文件加载：90]
[ info ] [ LANG ] /www/wwwroot/tongchengmiyue/tp6/thinkphp/lang/zh-cn.php
[ info ] [ ROUTE ] array (
)
[ info ] [ HEADER ] array (
  'connection' => 'close',
  'accept-language' => 'zh-CN,zh;q=0.9',
  'accept-encoding' => 'gzip, deflate',
  'accept' => 'text/html,application/xhtml+xml,application/xml;q=0.9,image/webp,image/apng,*/*;q=0.8,application/signed-exchange;v=b3',
  'host' => 'admin.mihuanjishupinzhifuwudiyi44.cc',
  'user-agent' => 'Mozilla/5.0 (Macintosh; Intel Mac OS X 10_14_6) AppleWebKit/537.36 (KHTML, like Gecko) Chrome/76.0.3809.132 Safari/537.36',
  'content-type' => '',
  'content-length' => '',
)
[ info ] [ PARAM ] array (
)
---------------------------------------------------------------

[2022-03-02T11:31:48+08:00] 47.242.164.185 GET admin.mihuanjishupinzhifuwudiyi44.cc/sitemap.xml
[运行时间：0.010715s] [吞吐率：93.33req/s] [内存消耗：1,192.07kb] [文件加载：48]
[ info ] [ LANG ] /www/wwwroot/tongchengmiyue/tp6/thinkphp/lang/zh-cn.php
---------------------------------------------------------------

[2022-03-02T11:31:52+08:00] 47.242.164.185 GET admin.mihuanjishupinzhifuwudiyi44.cc/admin/login/index/
[运行时间：0.025374s] [吞吐率：39.41req/s] [内存消耗：2,811.50kb] [文件加载：90]
[ info ] [ LANG ] /www/wwwroot/tongchengmiyue/tp6/thinkphp/lang/zh-cn.php
[ info ] [ ROUTE ] array (
)
[ info ] [ HEADER ] array (
  'connection' => 'close',
  'cookie' => 'PHPSESSID=q4cmhud05l1n4fiucl318tdlpl',
  'accept-language' => 'zh-CN,zh;q=0.9',
  'accept-encoding' => 'gzip, deflate',
  'accept' => 'text/html,application/xhtml+xml,application/xml;q=0.9,image/webp,image/apng,*/*;q=0.8,application/signed-exchange;v=b3',
  'host' => 'admin.mihuanjishupinzhifuwudiyi44.cc',
  'user-agent' => 'Mozilla/5.0 (Macintosh; Intel Mac OS X 10_14_6) AppleWebKit/537.36 (KHTML, like Gecko) Chrome/76.0.3809.132 Safari/537.36',
  'content-type' => '',
  'content-length' => '',
)
[ info ] [ PARAM ] array (
)
[ info ] [ VIEW ] /www/wwwroot/tongchengmiyue/tp6/application/admin/view/login/index.html [ array (
) ]
---------------------------------------------------------------

[2022-03-02T11:31:56+08:00] 47.242.164.185 GET admin.mihuanjishupinzhifuwudiyi44.cc/sitemap.xml
[运行时间：0.010876s] [吞吐率：91.95req/s] [内存消耗：1,192.07kb] [文件加载：48]
[ info ] [ LANG ] /www/wwwroot/tongchengmiyue/tp6/thinkphp/lang/zh-cn.php
---------------------------------------------------------------

[2022-03-02T11:36:33+08:00] 192.241.215.64 GET 40.83.103.135/login
[运行时间：0.009973s] [吞吐率：100.27req/s] [内存消耗：1,192.03kb] [文件加载：48]
[ info ] [ LANG ] /www/wwwroot/tongchengmiyue/tp6/thinkphp/lang/zh-cn.php
---------------------------------------------------------------

[2022-03-02T12:50:41+08:00] 20.55.53.144 GET 40.83.103.135/eP2GsJXiAKDSyOvbV6kdjgYNrTT
[运行时间：0.009079s] [吞吐率：110.14req/s] [内存消耗：1,192.05kb] [文件加载：48]
[ info ] [ LANG ] /www/wwwroot/tongchengmiyue/tp6/thinkphp/lang/zh-cn.php
---------------------------------------------------------------

[2022-03-02T13:16:35+08:00] 101.36.126.176 GET 40.83.103.135:443/
[运行时间：0.026684s] [吞吐率：37.48req/s] [内存消耗：2,806.43kb] [文件加载：90]
[ info ] [ LANG ] /www/wwwroot/tongchengmiyue/tp6/thinkphp/lang/zh-cn.php
[ info ] [ ROUTE ] array (
)
[ info ] [ HEADER ] array (
  'host' => '40.83.103.135:443',
  'content-type' => '',
  'content-length' => '',
)
[ info ] [ PARAM ] array (
)
---------------------------------------------------------------

[2022-03-02T14:16:46+08:00] 210.223.25.83 POST 40.83.103.135:443/_ignition/execute-solution
[运行时间：0.015346s] [吞吐率：65.16req/s] [内存消耗：1,158.95kb] [文件加载：46]
[ info ] [ LANG ] /www/wwwroot/tongchengmiyue/tp6/thinkphp/lang/zh-cn.php
---------------------------------------------------------------

[2022-03-02T14:16:46+08:00] 210.223.25.83 GET 40.83.103.135:443/
[运行时间：0.025369s] [吞吐率：39.42req/s] [内存消耗：2,807.69kb] [文件加载：90]
[ info ] [ LANG ] /www/wwwroot/tongchengmiyue/tp6/thinkphp/lang/zh-cn.php
[ info ] [ ROUTE ] array (
)
[ info ] [ HEADER ] array (
  'accept-encoding' => 'gzip',
  'content-type' => '%{#context[\'com.opensymphony.xwork2.dispatcher.HttpServletResponse\'].addHeader(\'cg8svkq9\',\'1\')}.multipart/form-data',
  'connection' => 'close',
  'accept-language' => 'en-US,en;q=0.5',
  'accept' => '*/*',
  'user-agent' => 'Mozilla/5.0 (Windows NT 10.0; Win64; x64; rv:83.0) Gecko/20100101 Firefox/83.0',
  'host' => '40.83.103.135:443',
  'content-length' => '',
)
[ info ] [ PARAM ] array (
)
---------------------------------------------------------------

[2022-03-02T14:16:47+08:00] 210.223.25.83 GET 40.83.103.135:443/admin/login/index/
[运行时间：0.018855s] [吞吐率：53.04req/s] [内存消耗：2,811.62kb] [文件加载：90]
[ info ] [ LANG ] /www/wwwroot/tongchengmiyue/tp6/thinkphp/lang/zh-cn.php
[ info ] [ ROUTE ] array (
)
[ info ] [ HEADER ] array (
  'accept-encoding' => 'gzip',
  'referer' => 'https://40.83.103.135:443/',
  'cookie' => 'PHPSESSID=tbvlijsnlvglduehvp10tb21ah',
  'content-type' => '%{#context[\'com.opensymphony.xwork2.dispatcher.HttpServletResponse\'].addHeader(\'cg8svkq9\',\'1\')}.multipart/form-data',
  'connection' => 'close',
  'accept-language' => 'en-US,en;q=0.5',
  'accept' => '*/*',
  'user-agent' => 'Mozilla/5.0 (Windows NT 10.0; Win64; x64; rv:83.0) Gecko/20100101 Firefox/83.0',
  'host' => '40.83.103.135:443',
  'content-length' => '',
)
[ info ] [ PARAM ] array (
)
[ info ] [ VIEW ] /www/wwwroot/tongchengmiyue/tp6/application/admin/view/login/index.html [ array (
) ]
---------------------------------------------------------------

[2022-03-02T14:16:47+08:00] 210.223.25.83 GET 40.83.103.135:443/script
[运行时间：0.009203s] [吞吐率：108.66req/s] [内存消耗：1,192.07kb] [文件加载：48]
[ info ] [ LANG ] /www/wwwroot/tongchengmiyue/tp6/thinkphp/lang/zh-cn.php
---------------------------------------------------------------

[2022-03-02T14:16:48+08:00] 210.223.25.83 GET 40.83.103.135:443/login
[运行时间：0.010039s] [吞吐率：99.61req/s] [内存消耗：1,192.07kb] [文件加载：48]
[ info ] [ LANG ] /www/wwwroot/tongchengmiyue/tp6/thinkphp/lang/zh-cn.php
---------------------------------------------------------------

[2022-03-02T14:16:49+08:00] 210.223.25.83 GET 40.83.103.135:443/jenkins/login
[运行时间：0.009474s] [吞吐率：105.55req/s] [内存消耗：1,192.08kb] [文件加载：48]
[ info ] [ LANG ] /www/wwwroot/tongchengmiyue/tp6/thinkphp/lang/zh-cn.php
---------------------------------------------------------------

[2022-03-02T14:16:49+08:00] 210.223.25.83 GET 40.83.103.135:443/manager/html
[运行时间：0.010021s] [吞吐率：99.79req/s] [内存消耗：1,192.08kb] [文件加载：48]
[ info ] [ LANG ] /www/wwwroot/tongchengmiyue/tp6/thinkphp/lang/zh-cn.php
---------------------------------------------------------------

[2022-03-02T14:16:50+08:00] 210.223.25.83 GET 40.83.103.135:443/?s=/Index/\think\app/invokefunction&function=call_user_func_array&vars[0]=md5&vars[1][]=cg8svkq9
[运行时间：0.010035s] [吞吐率：99.65req/s] [内存消耗：1,159.34kb] [文件加载：46]
[ info ] [ LANG ] /www/wwwroot/tongchengmiyue/tp6/thinkphp/lang/zh-cn.php
---------------------------------------------------------------

[2022-03-02T14:16:50+08:00] 210.223.25.83 GET 40.83.103.135:443/users/sign_in
[运行时间：0.012572s] [吞吐率：79.54req/s] [内存消耗：1,192.08kb] [文件加载：48]
[ info ] [ LANG ] /www/wwwroot/tongchengmiyue/tp6/thinkphp/lang/zh-cn.php
---------------------------------------------------------------

[2022-03-02T15:22:37+08:00] 192.241.216.230 GET 40.83.103.135/
[运行时间：0.019054s] [吞吐率：52.48req/s] [内存消耗：2,806.75kb] [文件加载：90]
[ info ] [ LANG ] /www/wwwroot/tongchengmiyue/tp6/thinkphp/lang/zh-cn.php
[ info ] [ ROUTE ] array (
)
[ info ] [ HEADER ] array (
  'accept-encoding' => 'gzip',
  'accept' => '*/*',
  'user-agent' => 'Mozilla/5.0 zgrab/0.x',
  'host' => '40.83.103.135',
  'content-type' => '',
  'content-length' => '',
)
[ info ] [ PARAM ] array (
)
---------------------------------------------------------------

[2022-03-02T17:33:52+08:00] 45.146.165.37 POST 40.83.103.135:443/mifs/.;/services/LogService
[运行时间：0.009528s] [吞吐率：104.95req/s] [内存消耗：1,158.80kb] [文件加载：46]
[ info ] [ LANG ] /www/wwwroot/tongchengmiyue/tp6/thinkphp/lang/zh-cn.php
---------------------------------------------------------------

[2022-03-02T18:51:36+08:00] 45.146.165.37 GET 40.83.103.135:443/console/
[运行时间：0.009976s] [吞吐率：100.24req/s] [内存消耗：1,192.08kb] [文件加载：48]
[ info ] [ LANG ] /www/wwwroot/tongchengmiyue/tp6/thinkphp/lang/zh-cn.php
---------------------------------------------------------------

[2022-03-02T19:12:58+08:00] 45.146.165.37 POST 40.83.103.135:443/Autodiscover/Autodiscover.xml
[运行时间：0.012776s] [吞吐率：78.27req/s] [内存消耗：1,191.98kb] [文件加载：48]
[ info ] [ LANG ] /www/wwwroot/tongchengmiyue/tp6/thinkphp/lang/zh-cn.php
---------------------------------------------------------------

[2022-03-02T20:02:38+08:00] 185.163.109.66 GET 40.83.103.135/
[运行时间：0.018576s] [吞吐率：53.83req/s] [内存消耗：2,807.28kb] [文件加载：90]
[ info ] [ LANG ] /www/wwwroot/tongchengmiyue/tp6/thinkphp/lang/zh-cn.php
[ info ] [ ROUTE ] array (
)
[ info ] [ HEADER ] array (
  'user-agent' => 'Mozilla/5.0 (X11; Linux x86_64) AppleWebKit/537.36 (KHTML, like Gecko) Chrome/34.0.1847.137 Safari/537.36',
  'accept' => 'text/html,application/xhtml+xml,application/xml;q=0.9,*/*;q=0.8',
  'host' => '40.83.103.135',
  'accept-encoding' => 'identity',
  'content-type' => '',
  'content-length' => '',
)
[ info ] [ PARAM ] array (
)
---------------------------------------------------------------

[2022-03-02T20:02:39+08:00] 185.163.109.66 GET 40.83.103.135/admin/login/index/
[运行时间：0.018899s] [吞吐率：52.91req/s] [内存消耗：2,810.45kb] [文件加载：90]
[ info ] [ LANG ] /www/wwwroot/tongchengmiyue/tp6/thinkphp/lang/zh-cn.php
[ info ] [ ROUTE ] array (
)
[ info ] [ HEADER ] array (
  'user-agent' => 'Mozilla/5.0 (X11; Linux x86_64) AppleWebKit/537.36 (KHTML, like Gecko) Chrome/34.0.1847.137 Safari/537.36',
  'accept' => 'text/html,application/xhtml+xml,application/xml;q=0.9,*/*;q=0.8',
  'host' => '40.83.103.135',
  'accept-encoding' => 'identity',
  'content-type' => '',
  'content-length' => '',
)
[ info ] [ PARAM ] array (
)
[ info ] [ VIEW ] /www/wwwroot/tongchengmiyue/tp6/application/admin/view/login/index.html [ array (
) ]
---------------------------------------------------------------

[2022-03-02T20:03:16+08:00] 185.163.109.66 GET 40.83.103.135/sitemap.xml
[运行时间：0.008951s] [吞吐率：111.72req/s] [内存消耗：1,192.08kb] [文件加载：48]
[ info ] [ LANG ] /www/wwwroot/tongchengmiyue/tp6/thinkphp/lang/zh-cn.php
---------------------------------------------------------------

[2022-03-02T20:37:56+08:00] 45.146.165.37 GET 40.83.103.135:443/_ignition/execute-solution
[运行时间：0.008950s] [吞吐率：111.73req/s] [内存消耗：1,159.34kb] [文件加载：46]
[ info ] [ LANG ] /www/wwwroot/tongchengmiyue/tp6/thinkphp/lang/zh-cn.php
---------------------------------------------------------------

[2022-03-02T20:46:39+08:00] 47.243.255.95 GET admin.mihuanjishupinzhifuwudiyi44.cc/
[运行时间：0.019200s] [吞吐率：52.08req/s] [内存消耗：2,807.98kb] [文件加载：90]
[ info ] [ LANG ] /www/wwwroot/tongchengmiyue/tp6/thinkphp/lang/zh-cn.php
[ info ] [ ROUTE ] array (
)
[ info ] [ HEADER ] array (
  'connection' => 'close',
  'accept-language' => 'zh-CN,zh;q=0.9',
  'accept-encoding' => 'gzip, deflate',
  'accept' => 'text/html,application/xhtml+xml,application/xml;q=0.9,image/webp,image/apng,*/*;q=0.8,application/signed-exchange;v=b3',
  'host' => 'admin.mihuanjishupinzhifuwudiyi44.cc',
  'user-agent' => 'Mozilla/5.0 (Macintosh; Intel Mac OS X 10_14_6) AppleWebKit/537.36 (KHTML, like Gecko) Chrome/76.0.3809.132 Safari/537.36',
  'content-type' => '',
  'content-length' => '',
)
[ info ] [ PARAM ] array (
)
---------------------------------------------------------------

[2022-03-02T20:46:43+08:00] 47.243.255.95 GET admin.mihuanjishupinzhifuwudiyi44.cc/sitemap.xml
[运行时间：0.012774s] [吞吐率：78.28req/s] [内存消耗：1,192.07kb] [文件加载：48]
[ info ] [ LANG ] /www/wwwroot/tongchengmiyue/tp6/thinkphp/lang/zh-cn.php
---------------------------------------------------------------

[2022-03-02T20:46:49+08:00] 47.243.255.95 GET admin.mihuanjishupinzhifuwudiyi44.cc/admin/login/index/
[运行时间：0.018106s] [吞吐率：55.23req/s] [内存消耗：2,811.50kb] [文件加载：90]
[ info ] [ LANG ] /www/wwwroot/tongchengmiyue/tp6/thinkphp/lang/zh-cn.php
[ info ] [ ROUTE ] array (
)
[ info ] [ HEADER ] array (
  'connection' => 'close',
  'cookie' => 'PHPSESSID=87bl9bvsd1psrp129cc6m5p9t5',
  'accept-language' => 'zh-CN,zh;q=0.9',
  'accept-encoding' => 'gzip, deflate',
  'accept' => 'text/html,application/xhtml+xml,application/xml;q=0.9,image/webp,image/apng,*/*;q=0.8,application/signed-exchange;v=b3',
  'host' => 'admin.mihuanjishupinzhifuwudiyi44.cc',
  'user-agent' => 'Mozilla/5.0 (Macintosh; Intel Mac OS X 10_14_6) AppleWebKit/537.36 (KHTML, like Gecko) Chrome/76.0.3809.132 Safari/537.36',
  'content-type' => '',
  'content-length' => '',
)
[ info ] [ PARAM ] array (
)
[ info ] [ VIEW ] /www/wwwroot/tongchengmiyue/tp6/application/admin/view/login/index.html [ array (
) ]
---------------------------------------------------------------

[2022-03-02T20:46:57+08:00] 47.243.255.95 GET admin.mihuanjishupinzhifuwudiyi44.cc/sitemap.xml
[运行时间：0.014240s] [吞吐率：70.22req/s] [内存消耗：1,192.07kb] [文件加载：48]
[ info ] [ LANG ] /www/wwwroot/tongchengmiyue/tp6/thinkphp/lang/zh-cn.php
---------------------------------------------------------------

[2022-03-02T21:18:31+08:00] 45.146.165.37 GET 40.83.103.135:443/
[运行时间：0.018557s] [吞吐率：53.89req/s] [内存消耗：2,807.20kb] [文件加载：90]
[ info ] [ LANG ] /www/wwwroot/tongchengmiyue/tp6/thinkphp/lang/zh-cn.php
[ info ] [ ROUTE ] array (
)
[ info ] [ HEADER ] array (
  'connection' => 'close',
  'accept-encoding' => 'gzip',
  'user-agent' => 'Mozilla/5.0 (Windows NT 10.0; Win64; x64) AppleWebKit/537.36 (KHTML, like Gecko) Chrome/78.0.3904.108 Safari/537.36',
  'host' => '40.83.103.135:443',
  'content-type' => '',
  'content-length' => '',
)
[ info ] [ PARAM ] array (
)
---------------------------------------------------------------

[2022-03-02T21:18:33+08:00] 45.146.165.37 GET 40.83.103.135:443/admin/login/index/
[运行时间：0.018887s] [吞吐率：52.95req/s] [内存消耗：2,810.53kb] [文件加载：90]
[ info ] [ LANG ] /www/wwwroot/tongchengmiyue/tp6/thinkphp/lang/zh-cn.php
[ info ] [ ROUTE ] array (
)
[ info ] [ HEADER ] array (
  'connection' => 'close',
  'accept-encoding' => 'gzip',
  'referer' => 'https://40.83.103.135:443/',
  'user-agent' => 'Mozilla/5.0 (Windows NT 10.0; Win64; x64) AppleWebKit/537.36 (KHTML, like Gecko) Chrome/78.0.3904.108 Safari/537.36',
  'host' => '40.83.103.135:443',
  'content-type' => '',
  'content-length' => '',
)
[ info ] [ PARAM ] array (
)
[ info ] [ VIEW ] /www/wwwroot/tongchengmiyue/tp6/application/admin/view/login/index.html [ array (
) ]
---------------------------------------------------------------

[2022-03-02T21:44:45+08:00] 111.13.63.104 GET 40.83.103.135:443/
[运行时间：0.017916s] [吞吐率：55.82req/s] [内存消耗：2,806.98kb] [文件加载：90]
[ info ] [ LANG ] /www/wwwroot/tongchengmiyue/tp6/thinkphp/lang/zh-cn.php
[ info ] [ ROUTE ] array (
)
[ info ] [ HEADER ] array (
  'accept-encoding' => 'gzip',
  'user-agent' => 'Mozilla/5.0 (Macintosh; U; PPC Mac OS X; en) AppleWebKit/125.2 (KHTML, like Gecko) Safari/85.8',
  'host' => '40.83.103.135:443',
  'content-type' => '',
  'content-length' => '',
)
[ info ] [ PARAM ] array (
)
---------------------------------------------------------------

[2022-03-02T21:44:45+08:00] 111.13.63.104 GET 40.83.103.135:443/admin/login/index/
[运行时间：0.018596s] [吞吐率：53.77req/s] [内存消耗：2,810.34kb] [文件加载：90]
[ info ] [ LANG ] /www/wwwroot/tongchengmiyue/tp6/thinkphp/lang/zh-cn.php
[ info ] [ ROUTE ] array (
)
[ info ] [ HEADER ] array (
  'accept-encoding' => 'gzip',
  'user-agent' => 'Mozilla/5.0 (Macintosh; U; PPC Mac OS X; en) AppleWebKit/125.2 (KHTML, like Gecko) Safari/85.8',
  'host' => '40.83.103.135:443',
  'content-type' => '',
  'content-length' => '',
)
[ info ] [ PARAM ] array (
)
[ info ] [ VIEW ] /www/wwwroot/tongchengmiyue/tp6/application/admin/view/login/index.html [ array (
) ]
---------------------------------------------------------------

[2022-03-02T21:44:46+08:00] 111.13.63.104 GET 40.83.103.135:443//sitemap.xml
[运行时间：0.009708s] [吞吐率：103.01req/s] [内存消耗：1,192.12kb] [文件加载：48]
[ info ] [ LANG ] /www/wwwroot/tongchengmiyue/tp6/thinkphp/lang/zh-cn.php
---------------------------------------------------------------

[2022-03-02T21:53:09+08:00] 45.146.165.37 GET 40.83.103.135:443/
[运行时间：0.020207s] [吞吐率：49.49req/s] [内存消耗：2,807.24kb] [文件加载：90]
[ info ] [ LANG ] /www/wwwroot/tongchengmiyue/tp6/thinkphp/lang/zh-cn.php
[ info ] [ ROUTE ] array (
)
[ info ] [ HEADER ] array (
  'connection' => 'close',
  'accept-encoding' => 'gzip',
  'content-type' => 'application/json',
  'user-agent' => 'Mozilla/5.0 (Windows NT 10.0; Win64; x64) AppleWebKit/537.36 (KHTML, like Gecko) Chrome/78.0.3904.108 Safari/537.36',
  'host' => '40.83.103.135:443',
  'content-length' => '',
)
[ info ] [ PARAM ] array (
)
---------------------------------------------------------------

[2022-03-02T21:53:11+08:00] 45.146.165.37 GET 40.83.103.135:443/admin/login/index/
[运行时间：0.026672s] [吞吐率：37.49req/s] [内存消耗：2,810.63kb] [文件加载：90]
[ info ] [ LANG ] /www/wwwroot/tongchengmiyue/tp6/thinkphp/lang/zh-cn.php
[ info ] [ ROUTE ] array (
)
[ info ] [ HEADER ] array (
  'connection' => 'close',
  'accept-encoding' => 'gzip',
  'referer' => 'https://40.83.103.135:443',
  'content-type' => 'application/json',
  'user-agent' => 'Mozilla/5.0 (Windows NT 10.0; Win64; x64) AppleWebKit/537.36 (KHTML, like Gecko) Chrome/78.0.3904.108 Safari/537.36',
  'host' => '40.83.103.135:443',
  'content-length' => '',
)
[ info ] [ PARAM ] array (
)
[ info ] [ VIEW ] /www/wwwroot/tongchengmiyue/tp6/application/admin/view/login/index.html [ array (
) ]
---------------------------------------------------------------

[2022-03-02T23:02:21+08:00] 35.195.93.98 GET 40.83.103.135/
[运行时间：0.017789s] [吞吐率：56.21req/s] [内存消耗：2,807.91kb] [文件加载：90]
[ info ] [ LANG ] /www/wwwroot/tongchengmiyue/tp6/thinkphp/lang/zh-cn.php
[ info ] [ ROUTE ] array (
)
[ info ] [ HEADER ] array (
  'x-datadog-sampling-priority' => '1',
  'x-datadog-parent-id' => '2993432826230440817',
  'x-datadog-trace-id' => '17264852363133114482',
  'connection' => 'keep-alive',
  'accept' => '*/*',
  'accept-encoding' => 'gzip, deflate',
  'user-agent' => 'python-requests/2.27.1',
  'host' => '40.83.103.135',
  'content-type' => '',
  'content-length' => '',
)
[ info ] [ PARAM ] array (
)
---------------------------------------------------------------

[2022-03-02T23:06:08+08:00] 45.146.165.37 GET 40.83.103.135:443/
[运行时间：0.018145s] [吞吐率：55.11req/s] [内存消耗：2,807.20kb] [文件加载：90]
[ info ] [ LANG ] /www/wwwroot/tongchengmiyue/tp6/thinkphp/lang/zh-cn.php
[ info ] [ ROUTE ] array (
)
[ info ] [ HEADER ] array (
  'connection' => 'close',
  'accept-encoding' => 'gzip',
  'user-agent' => 'Mozilla/5.0 (Windows NT 10.0; Win64; x64) AppleWebKit/537.36 (KHTML, like Gecko) Chrome/78.0.3904.108 Safari/537.36',
  'host' => '40.83.103.135:443',
  'content-type' => '',
  'content-length' => '',
)
[ info ] [ PARAM ] array (
)
---------------------------------------------------------------

[2022-03-02T23:06:12+08:00] 45.146.165.37 GET 40.83.103.135:443/admin/login/index/
[运行时间：0.018388s] [吞吐率：54.38req/s] [内存消耗：2,810.53kb] [文件加载：90]
[ info ] [ LANG ] /www/wwwroot/tongchengmiyue/tp6/thinkphp/lang/zh-cn.php
[ info ] [ ROUTE ] array (
)
[ info ] [ HEADER ] array (
  'connection' => 'close',
  'accept-encoding' => 'gzip',
  'referer' => 'https://40.83.103.135:443/',
  'user-agent' => 'Mozilla/5.0 (Windows NT 10.0; Win64; x64) AppleWebKit/537.36 (KHTML, like Gecko) Chrome/78.0.3904.108 Safari/537.36',
  'host' => '40.83.103.135:443',
  'content-type' => '',
  'content-length' => '',
)
[ info ] [ PARAM ] array (
)
[ info ] [ VIEW ] /www/wwwroot/tongchengmiyue/tp6/application/admin/view/login/index.html [ array (
) ]
