---------------------------------------------------------------

[2022-03-15T00:32:19+08:00] 116.248.109.20 GET admin.mihuanjishupinzhifuwudiyi44.cc/api/system/base
[运行时间：0.046346s] [吞吐率：21.58req/s] [内存消耗：3,260.63kb] [文件加载：79]
[ info ] [ LANG ] /www/wwwroot/tongchengmiyue/tp6/thinkphp/lang/zh-cn.php
[ info ] [ ROUTE ] array (
)
[ info ] [ HEADER ] array (
  'accept-language' => 'zh,en-US;q=0.9,en;q=0.8',
  'accept-encoding' => 'gzip, deflate, br',
  'referer' => 'https://www.mihuanjishupinzhifuwudiyi50.cc/',
  'sec-fetch-site' => 'cross-site',
  'x-requested-with' => 'com.mdcm.hengyao',
  'sec-fetch-mode' => 'cors',
  'user-agent' => 'meimaweb-android',
  'origin' => 'https://www.mihuanjishupinzhifuwudiyi50.cc',
  'accept' => 'application/json, text/plain, */*',
  'host' => 'admin.mihuanjishupinzhifuwudiyi44.cc',
  'content-type' => '',
  'content-length' => '',
)
[ info ] [ PARAM ] array (
)
[ info ] [ DB ] INIT mysql
[ sql ] [ DB ] CONNECT:[ UseTime:0.000427s ] mysql:host=127.0.0.1;dbname=tcmy;charset=utf8
[ sql ] [ SQL ] SHOW COLUMNS FROM `system` [ RunTime:0.001059s ]
[ sql ] [ SQL ] SELECT * FROM `system` WHERE  `key` = 'base' LIMIT 1 [ RunTime:0.000436s ]
---------------------------------------------------------------

[2022-03-15T00:32:19+08:00] 116.248.109.20 GET admin.mihuanjishupinzhifuwudiyi44.cc/api/system/config
[运行时间：0.094375s] [吞吐率：10.60req/s] [内存消耗：3,411.39kb] [文件加载：82]
[ info ] [ LANG ] /www/wwwroot/tongchengmiyue/tp6/thinkphp/lang/zh-cn.php
[ info ] [ ROUTE ] array (
)
[ info ] [ HEADER ] array (
  'accept-language' => 'zh,en-US;q=0.9,en;q=0.8',
  'accept-encoding' => 'gzip, deflate, br',
  'referer' => 'https://www.mihuanjishupinzhifuwudiyi50.cc/',
  'sec-fetch-site' => 'cross-site',
  'x-requested-with' => 'com.mdcm.hengyao',
  'sec-fetch-mode' => 'cors',
  'user-agent' => 'meimaweb-android',
  'origin' => 'https://www.mihuanjishupinzhifuwudiyi50.cc',
  'accept' => 'application/json, text/plain, */*',
  'host' => 'admin.mihuanjishupinzhifuwudiyi44.cc',
  'content-type' => '',
  'content-length' => '',
)
[ info ] [ PARAM ] array (
)
[ info ] [ DB ] INIT mysql
[ sql ] [ DB ] CONNECT:[ UseTime:0.000427s ] mysql:host=127.0.0.1;dbname=tcmy;charset=utf8
[ sql ] [ SQL ] SHOW COLUMNS FROM `notice` [ RunTime:0.001059s ]
[ sql ] [ SQL ] SELECT `text` FROM `notice` WHERE  `hot` = 1  AND `status` = 1 LIMIT 1 [ RunTime:0.000426s ]
[ sql ] [ SQL ] SHOW COLUMNS FROM `banner` [ RunTime:0.000831s ]
[ sql ] [ SQL ] SELECT * FROM `banner` WHERE  `status` = 1 [ RunTime:0.000288s ]
[ sql ] [ SQL ] SHOW COLUMNS FROM `video` [ RunTime:0.000626s ]
[ sql ] [ SQL ] SELECT * FROM `video` WHERE  `vod_status` = 1  AND `vod_hot` = 1 ORDER BY `id` ASC [ RunTime:0.010830s ]
[ sql ] [ SQL ] SELECT * FROM `video` WHERE  `vod_status` = 1 ORDER BY rand(),`id` ASC LIMIT 8 [ RunTime:0.032075s ]
---------------------------------------------------------------

[2022-03-15T00:32:20+08:00] 116.248.109.20 GET admin.mihuanjishupinzhifuwudiyi44.cc/api/Lottery/hotLottery
[运行时间：0.038929s] [吞吐率：25.69req/s] [内存消耗：3,333.48kb] [文件加载：81]
[ info ] [ LANG ] /www/wwwroot/tongchengmiyue/tp6/thinkphp/lang/zh-cn.php
[ info ] [ ROUTE ] array (
)
[ info ] [ HEADER ] array (
  'accept-language' => 'zh,en-US;q=0.9,en;q=0.8',
  'accept-encoding' => 'gzip, deflate, br',
  'referer' => 'https://www.mihuanjishupinzhifuwudiyi50.cc/',
  'sec-fetch-site' => 'cross-site',
  'x-requested-with' => 'com.mdcm.hengyao',
  'sec-fetch-mode' => 'cors',
  'user-agent' => 'meimaweb-android',
  'origin' => 'https://www.mihuanjishupinzhifuwudiyi50.cc',
  'accept' => 'application/json, text/plain, */*',
  'host' => 'admin.mihuanjishupinzhifuwudiyi44.cc',
  'content-type' => '',
  'content-length' => '',
)
[ info ] [ PARAM ] array (
)
[ info ] [ DB ] INIT mysql
[ sql ] [ DB ] CONNECT:[ UseTime:0.000478s ] mysql:host=127.0.0.1;dbname=tcmy;charset=utf8
[ sql ] [ SQL ] SHOW COLUMNS FROM `lottery` [ RunTime:0.001706s ]
[ sql ] [ SQL ] SELECT * FROM `lottery` WHERE  `status` = 1  AND `hot` = 1 ORDER BY `id` ASC [ RunTime:0.000907s ]
---------------------------------------------------------------

[2022-03-15T01:30:42+08:00] 167.248.133.120 GET 40.83.103.135:443/
[运行时间：0.120962s] [吞吐率：8.27req/s] [内存消耗：2,806.43kb] [文件加载：90]
[ info ] [ LANG ] /www/wwwroot/tongchengmiyue/tp6/thinkphp/lang/zh-cn.php
[ info ] [ ROUTE ] array (
)
[ info ] [ HEADER ] array (
  'host' => '40.83.103.135:443',
  'content-type' => '',
  'content-length' => '',
)
[ info ] [ PARAM ] array (
)
---------------------------------------------------------------

[2022-03-15T01:30:42+08:00] 167.248.133.120 GET 40.83.103.135/
[运行时间：0.026428s] [吞吐率：37.84req/s] [内存消耗：2,806.97kb] [文件加载：90]
[ info ] [ LANG ] /www/wwwroot/tongchengmiyue/tp6/thinkphp/lang/zh-cn.php
[ info ] [ ROUTE ] array (
)
[ info ] [ HEADER ] array (
  'accept-encoding' => 'gzip',
  'accept' => '*/*',
  'user-agent' => 'Mozilla/5.0 (compatible; CensysInspect/1.1; +https://about.censys.io/)',
  'host' => '40.83.103.135',
  'content-type' => '',
  'content-length' => '',
)
[ info ] [ PARAM ] array (
)
---------------------------------------------------------------

[2022-03-15T01:30:46+08:00] 167.248.133.120 GET 40.83.103.135/admin/login/index/
[运行时间：0.028971s] [吞吐率：34.52req/s] [内存消耗：2,810.33kb] [文件加载：90]
[ info ] [ LANG ] /www/wwwroot/tongchengmiyue/tp6/thinkphp/lang/zh-cn.php
[ info ] [ ROUTE ] array (
)
[ info ] [ HEADER ] array (
  'accept-encoding' => 'gzip',
  'accept' => '*/*',
  'user-agent' => 'Mozilla/5.0 (compatible; CensysInspect/1.1; +https://about.censys.io/)',
  'host' => '40.83.103.135',
  'content-type' => '',
  'content-length' => '',
)
[ info ] [ PARAM ] array (
)
[ info ] [ VIEW ] /www/wwwroot/tongchengmiyue/tp6/application/admin/view/login/index.html [ array (
) ]
---------------------------------------------------------------

[2022-03-15T02:38:38+08:00] 209.17.97.122 GET 40.83.103.135:443/
[运行时间：0.035755s] [吞吐率：27.97req/s] [内存消耗：2,806.75kb] [文件加载：90]
[ info ] [ LANG ] /www/wwwroot/tongchengmiyue/tp6/thinkphp/lang/zh-cn.php
[ info ] [ ROUTE ] array (
)
[ info ] [ HEADER ] array (
  'user-agent' => 'Mozilla/5.0 (compatible; Nimbostratus-Bot/v1.3.2; http://cloudsystemnetworks.com)',
  'host' => '40.83.103.135:443',
  'content-type' => '',
  'content-length' => '',
)
[ info ] [ PARAM ] array (
)
---------------------------------------------------------------

[2022-03-15T02:38:39+08:00] 209.17.97.122 GET 40.83.103.135:443/admin/login/index/
[运行时间：0.021064s] [吞吐率：47.47req/s] [内存消耗：2,810.05kb] [文件加载：90]
[ info ] [ LANG ] /www/wwwroot/tongchengmiyue/tp6/thinkphp/lang/zh-cn.php
[ info ] [ ROUTE ] array (
)
[ info ] [ HEADER ] array (
  'user-agent' => 'Mozilla/5.0 (compatible; Nimbostratus-Bot/v1.3.2; http://cloudsystemnetworks.com)',
  'host' => '40.83.103.135:443',
  'content-type' => '',
  'content-length' => '',
)
[ info ] [ PARAM ] array (
)
[ info ] [ VIEW ] /www/wwwroot/tongchengmiyue/tp6/application/admin/view/login/index.html [ array (
) ]
---------------------------------------------------------------

[2022-03-15T03:18:13+08:00] 172.70.7.167 GET admin.mihuanjishupinzhifuwudiyi44.cc/
[运行时间：0.019639s] [吞吐率：50.92req/s] [内存消耗：2,806.97kb] [文件加载：90]
[ info ] [ LANG ] /www/wwwroot/tongchengmiyue/tp6/thinkphp/lang/zh-cn.php
[ info ] [ ROUTE ] array (
)
[ info ] [ HEADER ] array (
  'user-agent' => 'python-urllib3/1.26.8',
  'sentry-trace' => 'cf42b36e6ac64c7c9e425215970882af-b0ea5c199e549297-',
  'accept-encoding' => 'identity',
  'host' => 'admin.mihuanjishupinzhifuwudiyi44.cc',
  'content-type' => '',
  'content-length' => '',
)
[ info ] [ PARAM ] array (
)
---------------------------------------------------------------

[2022-03-15T03:18:14+08:00] 172.70.7.167 GET admin.mihuanjishupinzhifuwudiyi44.cc/admin/login/index/
[运行时间：0.019568s] [吞吐率：51.10req/s] [内存消耗：2,810.33kb] [文件加载：90]
[ info ] [ LANG ] /www/wwwroot/tongchengmiyue/tp6/thinkphp/lang/zh-cn.php
[ info ] [ ROUTE ] array (
)
[ info ] [ HEADER ] array (
  'user-agent' => 'python-urllib3/1.26.8',
  'sentry-trace' => 'd1664c51288c45608ad6a2108ff71de9-818b8482105f177e-',
  'accept-encoding' => 'identity',
  'host' => 'admin.mihuanjishupinzhifuwudiyi44.cc',
  'content-type' => '',
  'content-length' => '',
)
[ info ] [ PARAM ] array (
)
[ info ] [ VIEW ] /www/wwwroot/tongchengmiyue/tp6/application/admin/view/login/index.html [ array (
) ]
---------------------------------------------------------------

[2022-03-15T03:18:14+08:00] 172.70.7.167 GET admin.mihuanjishupinzhifuwudiyi44.cc/
[运行时间：0.018615s] [吞吐率：53.72req/s] [内存消耗：2,806.97kb] [文件加载：90]
[ info ] [ LANG ] /www/wwwroot/tongchengmiyue/tp6/thinkphp/lang/zh-cn.php
[ info ] [ ROUTE ] array (
)
[ info ] [ HEADER ] array (
  'user-agent' => 'python-urllib3/1.26.8',
  'sentry-trace' => '8d9611c898c64e63be87ac9336b9ced8-8e3ab661c0b2923e-',
  'accept-encoding' => 'identity',
  'host' => 'admin.mihuanjishupinzhifuwudiyi44.cc',
  'content-type' => '',
  'content-length' => '',
)
[ info ] [ PARAM ] array (
)
---------------------------------------------------------------

[2022-03-15T03:18:14+08:00] 172.70.7.167 GET admin.mihuanjishupinzhifuwudiyi44.cc/admin/login/index/
[运行时间：0.017994s] [吞吐率：55.57req/s] [内存消耗：2,810.33kb] [文件加载：90]
[ info ] [ LANG ] /www/wwwroot/tongchengmiyue/tp6/thinkphp/lang/zh-cn.php
[ info ] [ ROUTE ] array (
)
[ info ] [ HEADER ] array (
  'user-agent' => 'python-urllib3/1.26.8',
  'sentry-trace' => 'c3e37c1f4e9848f4b4d2b61e7695ada4-88ee38ca7b7393f6-',
  'accept-encoding' => 'identity',
  'host' => 'admin.mihuanjishupinzhifuwudiyi44.cc',
  'content-type' => '',
  'content-length' => '',
)
[ info ] [ PARAM ] array (
)
[ info ] [ VIEW ] /www/wwwroot/tongchengmiyue/tp6/application/admin/view/login/index.html [ array (
) ]
---------------------------------------------------------------

[2022-03-15T03:18:15+08:00] 172.70.7.167 GET admin.mihuanjishupinzhifuwudiyi44.cc/
[运行时间：0.018189s] [吞吐率：54.98req/s] [内存消耗：2,806.97kb] [文件加载：90]
[ info ] [ LANG ] /www/wwwroot/tongchengmiyue/tp6/thinkphp/lang/zh-cn.php
[ info ] [ ROUTE ] array (
)
[ info ] [ HEADER ] array (
  'user-agent' => 'python-urllib3/1.26.8',
  'sentry-trace' => '8452592876224495b6ddfda4f1225092-a6782ed7019362a3-',
  'accept-encoding' => 'identity',
  'host' => 'admin.mihuanjishupinzhifuwudiyi44.cc',
  'content-type' => '',
  'content-length' => '',
)
[ info ] [ PARAM ] array (
)
---------------------------------------------------------------

[2022-03-15T03:18:15+08:00] 172.70.7.167 GET admin.mihuanjishupinzhifuwudiyi44.cc/admin/login/index/
[运行时间：0.019172s] [吞吐率：52.16req/s] [内存消耗：2,810.33kb] [文件加载：90]
[ info ] [ LANG ] /www/wwwroot/tongchengmiyue/tp6/thinkphp/lang/zh-cn.php
[ info ] [ ROUTE ] array (
)
[ info ] [ HEADER ] array (
  'user-agent' => 'python-urllib3/1.26.8',
  'sentry-trace' => 'eebdbd83b20d4ae5a05c41915a60e7e0-8a877a750962e54c-',
  'accept-encoding' => 'identity',
  'host' => 'admin.mihuanjishupinzhifuwudiyi44.cc',
  'content-type' => '',
  'content-length' => '',
)
[ info ] [ PARAM ] array (
)
[ info ] [ VIEW ] /www/wwwroot/tongchengmiyue/tp6/application/admin/view/login/index.html [ array (
) ]
---------------------------------------------------------------

[2022-03-15T03:48:09+08:00] 172.70.5.204 GET admin.mihuanjishupinzhifuwudiyi44.cc/
[运行时间：0.023919s] [吞吐率：41.81req/s] [内存消耗：2,807.98kb] [文件加载：90]
[ info ] [ LANG ] /www/wwwroot/tongchengmiyue/tp6/thinkphp/lang/zh-cn.php
[ info ] [ ROUTE ] array (
)
[ info ] [ HEADER ] array (
  'connection' => 'keep-alive',
  'accept' => '*/*',
  'accept-encoding' => 'gzip, deflate',
  'user-agent' => 'Mozilla/5.0 (Macintosh; Intel Mac OS X 10_15_7) AppleWebKit/537.36 (KHTML, like Gecko) Chrome/92.0.4515.107 Safari/537.36 (compatible; +https://developers.cloudflare.com/security-center/)',
  'sentry-trace' => '1a405f24b496476282c13d3d31019dee-87219f358d89bc5e-',
  'host' => 'admin.mihuanjishupinzhifuwudiyi44.cc',
  'content-type' => '',
  'content-length' => '',
)
[ info ] [ PARAM ] array (
)
---------------------------------------------------------------

[2022-03-15T04:13:33+08:00] 51.222.253.2 GET www.mihuanjishupinzhifuwudiyi16.com/
[运行时间：0.019431s] [吞吐率：51.46req/s] [内存消耗：2,806.96kb] [文件加载：90]
[ info ] [ LANG ] /www/wwwroot/tongchengmiyue/tp6/thinkphp/lang/zh-cn.php
[ info ] [ ROUTE ] array (
)
[ info ] [ HEADER ] array (
  'accept-encoding' => 'deflate, gzip, br',
  'accept' => '*/*',
  'user-agent' => 'Mozilla/5.0 (compatible; AhrefsBot/7.0; +http://ahrefs.com/robot/)',
  'host' => 'www.mihuanjishupinzhifuwudiyi16.com',
  'content-type' => '',
  'content-length' => '',
)
[ info ] [ PARAM ] array (
)
---------------------------------------------------------------

[2022-03-15T04:50:55+08:00] 109.237.103.38 GET 40.83.103.135/.env
[运行时间：0.020575s] [吞吐率：48.60req/s] [内存消耗：2,807.99kb] [文件加载：90]
[ info ] [ LANG ] /www/wwwroot/tongchengmiyue/tp6/thinkphp/lang/zh-cn.php
[ info ] [ ROUTE ] array (
)
[ info ] [ HEADER ] array (
  'connection' => 'keep-alive',
  'accept' => '*/*',
  'accept-encoding' => 'gzip, deflate',
  'user-agent' => 'Mozilla/5.0 (X11; Linux x86_64) AppleWebKit/537.36 (KHTML, like Gecko) Chrome/81.0.4044.129 Safari/537.36',
  'host' => '40.83.103.135',
  'content-type' => '',
  'content-length' => '',
)
[ info ] [ PARAM ] array (
)
---------------------------------------------------------------

[2022-03-15T07:08:13+08:00] 194.110.115.18 GET 40.83.103.135/
[运行时间：0.046642s] [吞吐率：21.44req/s] [内存消耗：2,807.20kb] [文件加载：90]
[ info ] [ LANG ] /www/wwwroot/tongchengmiyue/tp6/thinkphp/lang/zh-cn.php
[ info ] [ ROUTE ] array (
)
[ info ] [ HEADER ] array (
  'connection' => 'keep-alive',
  'accept' => '*/*',
  'accept-encoding' => 'gzip, deflate',
  'user-agent' => 'Mozilla/5.0 (Windows NT 6.4; WOW64) AppleWebKit/537.36 (KHTML, like Gecko) Chrome/41.0.2225.0 Safari/537.36',
  'host' => '40.83.103.135',
  'content-type' => '',
  'content-length' => '',
)
[ info ] [ PARAM ] array (
)
---------------------------------------------------------------

[2022-03-15T07:08:15+08:00] 194.110.115.18 GET 40.83.103.135/admin/login/index/
[运行时间：0.024678s] [吞吐率：40.52req/s] [内存消耗：2,810.66kb] [文件加载：90]
[ info ] [ LANG ] /www/wwwroot/tongchengmiyue/tp6/thinkphp/lang/zh-cn.php
[ info ] [ ROUTE ] array (
)
[ info ] [ HEADER ] array (
  'cookie' => 'PHPSESSID=0emjtj76sm7d47mm9lt84q23j2',
  'connection' => 'keep-alive',
  'accept' => '*/*',
  'accept-encoding' => 'gzip, deflate',
  'user-agent' => 'Mozilla/5.0 (Windows NT 6.4; WOW64) AppleWebKit/537.36 (KHTML, like Gecko) Chrome/41.0.2225.0 Safari/537.36',
  'host' => '40.83.103.135',
  'content-type' => '',
  'content-length' => '',
)
[ info ] [ PARAM ] array (
)
[ info ] [ VIEW ] /www/wwwroot/tongchengmiyue/tp6/application/admin/view/login/index.html [ array (
) ]
---------------------------------------------------------------

[2022-03-15T08:29:26+08:00] 20.115.74.141 GET /
[运行时间：0.045159s] [吞吐率：22.14req/s] [内存消耗：2,806.18kb] [文件加载：90]
[ info ] [ LANG ] /www/wwwroot/tongchengmiyue/tp6/thinkphp/lang/zh-cn.php
[ info ] [ ROUTE ] array (
)
[ info ] [ HEADER ] array (
  'content-type' => '',
  'content-length' => '',
)
[ info ] [ PARAM ] array (
)
---------------------------------------------------------------

[2022-03-15T08:46:04+08:00] 109.237.103.118 GET 40.83.103.135/.env
[运行时间：0.019925s] [吞吐率：50.19req/s] [内存消耗：2,807.99kb] [文件加载：90]
[ info ] [ LANG ] /www/wwwroot/tongchengmiyue/tp6/thinkphp/lang/zh-cn.php
[ info ] [ ROUTE ] array (
)
[ info ] [ HEADER ] array (
  'connection' => 'keep-alive',
  'accept' => '*/*',
  'accept-encoding' => 'gzip, deflate',
  'user-agent' => 'Mozilla/5.0 (X11; Linux x86_64) AppleWebKit/537.36 (KHTML, like Gecko) Chrome/81.0.4044.129 Safari/537.36',
  'host' => '40.83.103.135',
  'content-type' => '',
  'content-length' => '',
)
[ info ] [ PARAM ] array (
)
---------------------------------------------------------------

[2022-03-15T09:19:34+08:00] 167.94.138.61 GET 40.83.103.135:443/
[运行时间：0.019776s] [吞吐率：50.57req/s] [内存消耗：2,806.43kb] [文件加载：90]
[ info ] [ LANG ] /www/wwwroot/tongchengmiyue/tp6/thinkphp/lang/zh-cn.php
[ info ] [ ROUTE ] array (
)
[ info ] [ HEADER ] array (
  'host' => '40.83.103.135:443',
  'content-type' => '',
  'content-length' => '',
)
[ info ] [ PARAM ] array (
)
---------------------------------------------------------------

[2022-03-15T09:19:35+08:00] 167.94.138.61 GET 40.83.103.135/
[运行时间：0.018105s] [吞吐率：55.23req/s] [内存消耗：2,806.97kb] [文件加载：90]
[ info ] [ LANG ] /www/wwwroot/tongchengmiyue/tp6/thinkphp/lang/zh-cn.php
[ info ] [ ROUTE ] array (
)
[ info ] [ HEADER ] array (
  'accept-encoding' => 'gzip',
  'accept' => '*/*',
  'user-agent' => 'Mozilla/5.0 (compatible; CensysInspect/1.1; +https://about.censys.io/)',
  'host' => '40.83.103.135',
  'content-type' => '',
  'content-length' => '',
)
[ info ] [ PARAM ] array (
)
---------------------------------------------------------------

[2022-03-15T09:19:36+08:00] 167.94.138.61 GET 40.83.103.135/admin/login/index/
[运行时间：0.022729s] [吞吐率：44.00req/s] [内存消耗：2,810.33kb] [文件加载：90]
[ info ] [ LANG ] /www/wwwroot/tongchengmiyue/tp6/thinkphp/lang/zh-cn.php
[ info ] [ ROUTE ] array (
)
[ info ] [ HEADER ] array (
  'accept-encoding' => 'gzip',
  'accept' => '*/*',
  'user-agent' => 'Mozilla/5.0 (compatible; CensysInspect/1.1; +https://about.censys.io/)',
  'host' => '40.83.103.135',
  'content-type' => '',
  'content-length' => '',
)
[ info ] [ PARAM ] array (
)
[ info ] [ VIEW ] /www/wwwroot/tongchengmiyue/tp6/application/admin/view/login/index.html [ array (
) ]
---------------------------------------------------------------

[2022-03-15T10:24:01+08:00] 20.55.53.144 GET 40.83.103.135/
[运行时间：0.048533s] [吞吐率：20.60req/s] [内存消耗：2,807.16kb] [文件加载：90]
[ info ] [ LANG ] /www/wwwroot/tongchengmiyue/tp6/thinkphp/lang/zh-cn.php
[ info ] [ ROUTE ] array (
)
[ info ] [ HEADER ] array (
  'accept-encoding' => 'gzip, deflate',
  'accept' => '*/*',
  'user-agent' => 'Mozilla/5.0 (Windows NT 10.0; Win64; x64) AppleWebKit/537.36 (KHTML, like Gecko) Chrome/79.0.3945.117 Safari/537.36',
  'host' => '40.83.103.135',
  'content-type' => '',
  'content-length' => '',
)
[ info ] [ PARAM ] array (
)
---------------------------------------------------------------

[2022-03-15T10:24:02+08:00] 20.55.53.144 GET 40.83.103.135/admin/login/index/
[运行时间：0.019284s] [吞吐率：51.86req/s] [内存消耗：2,810.45kb] [文件加载：90]
[ info ] [ LANG ] /www/wwwroot/tongchengmiyue/tp6/thinkphp/lang/zh-cn.php
[ info ] [ ROUTE ] array (
)
[ info ] [ HEADER ] array (
  'accept-encoding' => 'gzip, deflate',
  'accept' => '*/*',
  'user-agent' => 'Mozilla/5.0 (Windows NT 10.0; Win64; x64) AppleWebKit/537.36 (KHTML, like Gecko) Chrome/79.0.3945.117 Safari/537.36',
  'host' => '40.83.103.135',
  'content-type' => '',
  'content-length' => '',
)
[ info ] [ PARAM ] array (
)
[ info ] [ VIEW ] /www/wwwroot/tongchengmiyue/tp6/application/admin/view/login/index.html [ array (
) ]
---------------------------------------------------------------

[2022-03-15T11:43:00+08:00] 192.241.192.159 GET 40.83.103.135/actuator/health
[运行时间：0.024249s] [吞吐率：41.24req/s] [内存消耗：1,192.04kb] [文件加载：48]
[ info ] [ LANG ] /www/wwwroot/tongchengmiyue/tp6/thinkphp/lang/zh-cn.php
---------------------------------------------------------------

[2022-03-15T12:13:59+08:00] 51.159.102.248 HEAD 40.83.103.135/
[运行时间：0.035257s] [吞吐率：28.36req/s] [内存消耗：2,806.62kb] [文件加载：90]
[ info ] [ LANG ] /www/wwwroot/tongchengmiyue/tp6/thinkphp/lang/zh-cn.php
[ info ] [ ROUTE ] array (
)
[ info ] [ HEADER ] array (
  'accept' => '*/*',
  'user-agent' => 'curl/7.68.0',
  'host' => '40.83.103.135',
  'content-type' => '',
  'content-length' => '',
)
[ info ] [ PARAM ] array (
)
---------------------------------------------------------------

[2022-03-15T12:41:52+08:00] 192.241.214.26 GET 40.83.103.135/owa/auth/logon.aspx?url=https%3a%2f%2f1%2fecp%2f
[运行时间：0.010783s] [吞吐率：92.74req/s] [内存消耗：1,192.10kb] [文件加载：48]
[ info ] [ LANG ] /www/wwwroot/tongchengmiyue/tp6/thinkphp/lang/zh-cn.php
---------------------------------------------------------------

[2022-03-15T12:43:33+08:00] 192.241.225.22 GET 40.83.103.135/ecp/Current/exporttool/microsoft.exchange.ediscovery.exporttool.application
[运行时间：0.011937s] [吞吐率：83.77req/s] [内存消耗：1,192.27kb] [文件加载：48]
[ info ] [ LANG ] /www/wwwroot/tongchengmiyue/tp6/thinkphp/lang/zh-cn.php
---------------------------------------------------------------

[2022-03-15T14:17:55+08:00] 40.77.167.35 GET www.mihuanjishupinzhifuwudiyi65.cc/atom.xml
[运行时间：0.023828s] [吞吐率：41.97req/s] [内存消耗：1,192.07kb] [文件加载：48]
[ info ] [ LANG ] /www/wwwroot/tongchengmiyue/tp6/thinkphp/lang/zh-cn.php
---------------------------------------------------------------

[2022-03-15T14:19:50+08:00] 207.46.13.63 GET www.mihuanjishupinzhifuwudiyi65.cc/sitemap.xml
[运行时间：0.009525s] [吞吐率：104.99req/s] [内存消耗：1,192.07kb] [文件加载：48]
[ info ] [ LANG ] /www/wwwroot/tongchengmiyue/tp6/thinkphp/lang/zh-cn.php
---------------------------------------------------------------

[2022-03-15T14:20:07+08:00] 45.153.160.140 GET 40.83.103.135/
[运行时间：0.034896s] [吞吐率：28.66req/s] [内存消耗：2,807.20kb] [文件加载：90]
[ info ] [ LANG ] /www/wwwroot/tongchengmiyue/tp6/thinkphp/lang/zh-cn.php
[ info ] [ ROUTE ] array (
)
[ info ] [ HEADER ] array (
  'accept-encoding' => 'gzip',
  'accept' => '*/*',
  'connection' => 'close',
  'user-agent' => 'Mozilla/5.0 (Windows NT 10.0; Win64; x64) AppleWebKit/537.36 (KHTML, like Gecko) Chrome/95.0.4638.69 Safari/537.36',
  'host' => '40.83.103.135',
  'content-type' => '',
  'content-length' => '',
)
[ info ] [ PARAM ] array (
)
---------------------------------------------------------------

[2022-03-15T14:31:56+08:00] 40.77.167.35 GET www.mihuanjishupinzhifuwudiyi65.cc/sitemap_index.xml
[运行时间：0.010485s] [吞吐率：95.37req/s] [内存消耗：1,192.09kb] [文件加载：48]
[ info ] [ LANG ] /www/wwwroot/tongchengmiyue/tp6/thinkphp/lang/zh-cn.php
---------------------------------------------------------------

[2022-03-15T14:43:37+08:00] 40.77.167.35 GET www.mihuanjishupinzhifuwudiyi65.cc/sitemap.txt
[运行时间：0.009699s] [吞吐率：103.10req/s] [内存消耗：1,192.07kb] [文件加载：48]
[ info ] [ LANG ] /www/wwwroot/tongchengmiyue/tp6/thinkphp/lang/zh-cn.php
---------------------------------------------------------------

[2022-03-15T14:44:36+08:00] 157.55.39.25 GET www.mihuanjishupinzhifuwudiyi65.cc/sitemap.xml.gz
[运行时间：0.014616s] [吞吐率：68.42req/s] [内存消耗：1,192.08kb] [文件加载：48]
[ info ] [ LANG ] /www/wwwroot/tongchengmiyue/tp6/thinkphp/lang/zh-cn.php
---------------------------------------------------------------

[2022-03-15T14:49:51+08:00] 172.70.6.105 GET admin.mihuanjishupinzhifuwudiyi44.cc/
[运行时间：0.022734s] [吞吐率：43.99req/s] [内存消耗：2,807.98kb] [文件加载：90]
[ info ] [ LANG ] /www/wwwroot/tongchengmiyue/tp6/thinkphp/lang/zh-cn.php
[ info ] [ ROUTE ] array (
)
[ info ] [ HEADER ] array (
  'connection' => 'keep-alive',
  'accept' => '*/*',
  'accept-encoding' => 'gzip, deflate',
  'user-agent' => 'Mozilla/5.0 (Macintosh; Intel Mac OS X 10_15_7) AppleWebKit/537.36 (KHTML, like Gecko) Chrome/92.0.4515.107 Safari/537.36 (compatible; +https://developers.cloudflare.com/security-center/)',
  'sentry-trace' => 'b17f7705e828415daec27c5d567aa5d5-a59fdc2e16a5a8f6-',
  'host' => 'admin.mihuanjishupinzhifuwudiyi44.cc',
  'content-type' => '',
  'content-length' => '',
)
[ info ] [ PARAM ] array (
)
---------------------------------------------------------------

[2022-03-15T14:49:52+08:00] 172.70.6.105 GET admin.mihuanjishupinzhifuwudiyi44.cc/admin/login/index/
[运行时间：0.022371s] [吞吐率：44.70req/s] [内存消耗：2,811.50kb] [文件加载：90]
[ info ] [ LANG ] /www/wwwroot/tongchengmiyue/tp6/thinkphp/lang/zh-cn.php
[ info ] [ ROUTE ] array (
)
[ info ] [ HEADER ] array (
  'cookie' => 'PHPSESSID=onsv8soo4n0i9476a5m2qp34tf',
  'connection' => 'keep-alive',
  'accept' => '*/*',
  'accept-encoding' => 'gzip, deflate',
  'user-agent' => 'Mozilla/5.0 (Macintosh; Intel Mac OS X 10_15_7) AppleWebKit/537.36 (KHTML, like Gecko) Chrome/92.0.4515.107 Safari/537.36 (compatible; +https://developers.cloudflare.com/security-center/)',
  'sentry-trace' => '74c7a48598c543c6aae3bfc1f63537f1-8ea62997c6830cfa-',
  'host' => 'admin.mihuanjishupinzhifuwudiyi44.cc',
  'content-type' => '',
  'content-length' => '',
)
[ info ] [ PARAM ] array (
)
[ info ] [ VIEW ] /www/wwwroot/tongchengmiyue/tp6/application/admin/view/login/index.html [ array (
) ]
---------------------------------------------------------------

[2022-03-15T15:22:18+08:00] 40.77.167.48 GET www.mihuanjishupinzhifuwudiyi65.cc/sitemaps.xml
[运行时间：0.010983s] [吞吐率：91.05req/s] [内存消耗：1,192.08kb] [文件加载：48]
[ info ] [ LANG ] /www/wwwroot/tongchengmiyue/tp6/thinkphp/lang/zh-cn.php
---------------------------------------------------------------

[2022-03-15T15:26:20+08:00] 71.6.232.7 GET 40.83.103.135/
[运行时间：0.019012s] [吞吐率：52.60req/s] [内存消耗：2,807.09kb] [文件加载：90]
[ info ] [ LANG ] /www/wwwroot/tongchengmiyue/tp6/thinkphp/lang/zh-cn.php
[ info ] [ ROUTE ] array (
)
[ info ] [ HEADER ] array (
  'accept-encoding' => 'gzip',
  'accept' => '*/*',
  'user-agent' => 'Mozilla/5.0 (Windows NT 10.0; Win64; x64) AppleWebKit/537.36 (KHTML, like Gecko) Chrome/74.0.3729.131 Safari/537.36',
  'host' => '40.83.103.135',
  'content-type' => '',
  'content-length' => '',
)
[ info ] [ PARAM ] array (
)
---------------------------------------------------------------

[2022-03-15T15:37:25+08:00] 184.105.247.194 GET 40.83.103.135/
[运行时间：0.017750s] [吞吐率：56.34req/s] [内存消耗：2,806.39kb] [文件加载：90]
[ info ] [ LANG ] /www/wwwroot/tongchengmiyue/tp6/thinkphp/lang/zh-cn.php
[ info ] [ ROUTE ] array (
)
[ info ] [ HEADER ] array (
  'host' => '40.83.103.135',
  'content-type' => '',
  'content-length' => '',
)
[ info ] [ PARAM ] array (
)
---------------------------------------------------------------

[2022-03-15T15:39:35+08:00] 162.142.125.211 GET 40.83.103.135:443/
[运行时间：0.018227s] [吞吐率：54.86req/s] [内存消耗：2,806.43kb] [文件加载：90]
[ info ] [ LANG ] /www/wwwroot/tongchengmiyue/tp6/thinkphp/lang/zh-cn.php
[ info ] [ ROUTE ] array (
)
[ info ] [ HEADER ] array (
  'host' => '40.83.103.135:443',
  'content-type' => '',
  'content-length' => '',
)
[ info ] [ PARAM ] array (
)
---------------------------------------------------------------

[2022-03-15T15:39:36+08:00] 162.142.125.211 GET 40.83.103.135/
[运行时间：0.019515s] [吞吐率：51.24req/s] [内存消耗：2,806.97kb] [文件加载：90]
[ info ] [ LANG ] /www/wwwroot/tongchengmiyue/tp6/thinkphp/lang/zh-cn.php
[ info ] [ ROUTE ] array (
)
[ info ] [ HEADER ] array (
  'accept-encoding' => 'gzip',
  'accept' => '*/*',
  'user-agent' => 'Mozilla/5.0 (compatible; CensysInspect/1.1; +https://about.censys.io/)',
  'host' => '40.83.103.135',
  'content-type' => '',
  'content-length' => '',
)
[ info ] [ PARAM ] array (
)
---------------------------------------------------------------

[2022-03-15T15:39:37+08:00] 162.142.125.211 GET 40.83.103.135/admin/login/index/
[运行时间：0.025118s] [吞吐率：39.81req/s] [内存消耗：2,810.33kb] [文件加载：90]
[ info ] [ LANG ] /www/wwwroot/tongchengmiyue/tp6/thinkphp/lang/zh-cn.php
[ info ] [ ROUTE ] array (
)
[ info ] [ HEADER ] array (
  'accept-encoding' => 'gzip',
  'accept' => '*/*',
  'user-agent' => 'Mozilla/5.0 (compatible; CensysInspect/1.1; +https://about.censys.io/)',
  'host' => '40.83.103.135',
  'content-type' => '',
  'content-length' => '',
)
[ info ] [ PARAM ] array (
)
[ info ] [ VIEW ] /www/wwwroot/tongchengmiyue/tp6/application/admin/view/login/index.html [ array (
) ]
---------------------------------------------------------------

[2022-03-15T17:11:11+08:00] 40.77.167.35 GET www.mihuanjishupinzhifuwudiyi65.cc/sitemap_index.xml
[运行时间：0.029318s] [吞吐率：34.11req/s] [内存消耗：1,192.09kb] [文件加载：48]
[ info ] [ LANG ] /www/wwwroot/tongchengmiyue/tp6/thinkphp/lang/zh-cn.php
---------------------------------------------------------------

[2022-03-15T17:12:31+08:00] 40.77.167.35 GET www.mihuanjishupinzhifuwudiyi65.cc/sitemap.txt
[运行时间：0.009558s] [吞吐率：104.62req/s] [内存消耗：1,192.07kb] [文件加载：48]
[ info ] [ LANG ] /www/wwwroot/tongchengmiyue/tp6/thinkphp/lang/zh-cn.php
---------------------------------------------------------------

[2022-03-15T17:12:51+08:00] 157.55.39.25 GET www.mihuanjishupinzhifuwudiyi65.cc/sitemap.xml.gz
[运行时间：0.010032s] [吞吐率：99.68req/s] [内存消耗：1,192.08kb] [文件加载：48]
[ info ] [ LANG ] /www/wwwroot/tongchengmiyue/tp6/thinkphp/lang/zh-cn.php
---------------------------------------------------------------

[2022-03-15T17:15:32+08:00] 20.55.53.144 GET 40.83.103.135/HmjUtlFP61WXC9Zs4ou3aTnfyMy
[运行时间：0.009306s] [吞吐率：107.46req/s] [内存消耗：1,192.05kb] [文件加载：48]
[ info ] [ LANG ] /www/wwwroot/tongchengmiyue/tp6/thinkphp/lang/zh-cn.php
---------------------------------------------------------------

[2022-03-15T17:32:21+08:00] 45.146.165.37 GET 40.83.103.135:443/?XDEBUG_SESSION_START=phpstorm
[运行时间：0.045531s] [吞吐率：21.96req/s] [内存消耗：3,674.53kb] [文件加载：95]
[ info ] [ LANG ] /www/wwwroot/tongchengmiyue/tp6/thinkphp/lang/zh-cn.php
[ info ] [ ROUTE ] array (
)
[ info ] [ HEADER ] array (
  'connection' => 'close',
  'accept-encoding' => 'gzip',
  'user-agent' => 'Mozilla/5.0 (Windows NT 10.0; Win64; x64) AppleWebKit/537.36 (KHTML, like Gecko) Chrome/78.0.3904.108 Safari/537.36',
  'host' => '40.83.103.135:443',
  'content-type' => '',
  'content-length' => '',
)
[ info ] [ PARAM ] array (
  'XDEBUG_SESSION_START' => 'phpstorm',
)
[ info ] [ DB ] INIT mysql
[ sql ] [ DB ] CONNECT:[ UseTime:0.000425s ] mysql:host=127.0.0.1;dbname=tcmy;charset=utf8
[ sql ] [ SQL ] SHOW COLUMNS FROM `user_log` [ RunTime:0.000835s ]
[ sql ] [ SQL ] INSERT INTO `user_log` (`url` , `param` , `ip` , `uid` , `uname`) VALUES ('/' , '{\"XDEBUG_SESSION_START\":\"phpstorm\"}' , '45.146.165.37' , NULL , NULL) [ RunTime:0.000313s ]
---------------------------------------------------------------

[2022-03-15T17:32:22+08:00] 45.146.165.37 GET 40.83.103.135:443/admin/login/index/
[运行时间：0.035159s] [吞吐率：28.44req/s] [内存消耗：2,810.78kb] [文件加载：90]
[ info ] [ LANG ] /www/wwwroot/tongchengmiyue/tp6/thinkphp/lang/zh-cn.php
[ info ] [ ROUTE ] array (
)
[ info ] [ HEADER ] array (
  'connection' => 'close',
  'accept-encoding' => 'gzip',
  'referer' => 'https://40.83.103.135:443/?XDEBUG_SESSION_START=phpstorm',
  'user-agent' => 'Mozilla/5.0 (Windows NT 10.0; Win64; x64) AppleWebKit/537.36 (KHTML, like Gecko) Chrome/78.0.3904.108 Safari/537.36',
  'host' => '40.83.103.135:443',
  'content-type' => '',
  'content-length' => '',
)
[ info ] [ PARAM ] array (
)
[ info ] [ VIEW ] /www/wwwroot/tongchengmiyue/tp6/application/admin/view/login/index.html [ array (
) ]
---------------------------------------------------------------

[2022-03-15T17:59:29+08:00] 192.241.224.18 GET 40.83.103.135/
[运行时间：0.019584s] [吞吐率：51.06req/s] [内存消耗：2,806.75kb] [文件加载：90]
[ info ] [ LANG ] /www/wwwroot/tongchengmiyue/tp6/thinkphp/lang/zh-cn.php
[ info ] [ ROUTE ] array (
)
[ info ] [ HEADER ] array (
  'accept-encoding' => 'gzip',
  'accept' => '*/*',
  'user-agent' => 'Mozilla/5.0 zgrab/0.x',
  'host' => '40.83.103.135',
  'content-type' => '',
  'content-length' => '',
)
[ info ] [ PARAM ] array (
)
---------------------------------------------------------------

[2022-03-15T18:08:13+08:00] 40.77.167.48 GET www.mihuanjishupinzhifuwudiyi65.cc/sitemaps.xml
[运行时间：0.010970s] [吞吐率：91.16req/s] [内存消耗：1,192.08kb] [文件加载：48]
[ info ] [ LANG ] /www/wwwroot/tongchengmiyue/tp6/thinkphp/lang/zh-cn.php
---------------------------------------------------------------

[2022-03-15T19:02:03+08:00] 45.146.165.37 POST 40.83.103.135:443/mifs/.;/services/LogService
[运行时间：0.009619s] [吞吐率：103.96req/s] [内存消耗：1,158.80kb] [文件加载：46]
[ info ] [ LANG ] /www/wwwroot/tongchengmiyue/tp6/thinkphp/lang/zh-cn.php
---------------------------------------------------------------

[2022-03-15T19:21:41+08:00] 45.146.165.37 GET 40.83.103.135:443/console/
[运行时间：0.009810s] [吞吐率：101.93req/s] [内存消耗：1,192.08kb] [文件加载：48]
[ info ] [ LANG ] /www/wwwroot/tongchengmiyue/tp6/thinkphp/lang/zh-cn.php
---------------------------------------------------------------

[2022-03-15T19:25:40+08:00] 207.46.13.63 GET www.mihuanjishupinzhifuwudiyi65.cc/sitemap.xml
[运行时间：0.010313s] [吞吐率：96.96req/s] [内存消耗：1,192.07kb] [文件加载：48]
[ info ] [ LANG ] /www/wwwroot/tongchengmiyue/tp6/thinkphp/lang/zh-cn.php
---------------------------------------------------------------

[2022-03-15T19:25:43+08:00] 40.77.167.35 GET www.mihuanjishupinzhifuwudiyi65.cc/atom.xml
[运行时间：0.009950s] [吞吐率：100.50req/s] [内存消耗：1,192.07kb] [文件加载：48]
[ info ] [ LANG ] /www/wwwroot/tongchengmiyue/tp6/thinkphp/lang/zh-cn.php
---------------------------------------------------------------

[2022-03-15T20:02:05+08:00] 207.46.13.4 GET admin.mihuanjishupinzhifuwudiyi44.cc/admin/login/index/
[运行时间：0.044755s] [吞吐率：22.34req/s] [内存消耗：2,811.11kb] [文件加载：90]
[ info ] [ LANG ] /www/wwwroot/tongchengmiyue/tp6/thinkphp/lang/zh-cn.php
[ info ] [ ROUTE ] array (
)
[ info ] [ HEADER ] array (
  'user-agent' => 'Mozilla/5.0 (compatible; bingbot/2.0; +http://www.bing.com/bingbot.htm)',
  'from' => 'bingbot(at)microsoft.com',
  'accept-encoding' => 'gzip, deflate',
  'accept' => '*/*',
  'pragma' => 'no-cache',
  'cache-control' => 'no-cache',
  'host' => 'admin.mihuanjishupinzhifuwudiyi44.cc',
  'content-type' => '',
  'content-length' => '',
)
[ info ] [ PARAM ] array (
)
[ info ] [ VIEW ] /www/wwwroot/tongchengmiyue/tp6/application/admin/view/login/index.html [ array (
) ]
---------------------------------------------------------------

[2022-03-15T20:09:43+08:00] 13.94.67.216 GET 40.83.103.135/.env
[运行时间：0.019339s] [吞吐率：51.71req/s] [内存消耗：2,808.24kb] [文件加载：90]
[ info ] [ LANG ] /www/wwwroot/tongchengmiyue/tp6/thinkphp/lang/zh-cn.php
[ info ] [ ROUTE ] array (
)
[ info ] [ HEADER ] array (
  'connection' => 'keep-alive',
  'accept' => '*/*',
  'accept-encoding' => 'gzip, deflate',
  'user-agent' => 'Mozilla/5.0 (Linux; U; Android 4.4.2; en-US; HM NOTE 1W Build/KOT49H) AppleWebKit/534.30 (KHTML, like Gecko) Version/4.0 UCBrowser/11.0.5.850 U3/0.8.0 Mobile Safari/534.30',
  'host' => '40.83.103.135',
  'content-type' => '',
  'content-length' => '',
)
[ info ] [ PARAM ] array (
)
---------------------------------------------------------------

[2022-03-15T20:09:44+08:00] 13.94.67.216 POST 40.83.103.135/
[运行时间：0.032348s] [吞吐率：30.91req/s] [内存消耗：3,674.36kb] [文件加载：95]
[ info ] [ LANG ] /www/wwwroot/tongchengmiyue/tp6/thinkphp/lang/zh-cn.php
[ info ] [ ROUTE ] array (
)
[ info ] [ HEADER ] array (
  'content-type' => 'application/x-www-form-urlencoded',
  'content-length' => '20',
  'connection' => 'keep-alive',
  'accept' => '*/*',
  'accept-encoding' => 'gzip, deflate',
  'user-agent' => 'Mozilla/5.0 (Linux; U; Android 4.4.2; en-US; HM NOTE 1W Build/KOT49H) AppleWebKit/534.30 (KHTML, like Gecko) Version/4.0 UCBrowser/11.0.5.850 U3/0.8.0 Mobile Safari/534.30',
  'host' => '40.83.103.135',
)
[ info ] [ PARAM ] array (
  '0x' => 
  array (
    0 => 'androxgh0st',
  ),
)
[ info ] [ DB ] INIT mysql
[ sql ] [ DB ] CONNECT:[ UseTime:0.000400s ] mysql:host=127.0.0.1;dbname=tcmy;charset=utf8
[ sql ] [ SQL ] SHOW COLUMNS FROM `user_log` [ RunTime:0.000847s ]
[ sql ] [ SQL ] INSERT INTO `user_log` (`url` , `param` , `ip` , `uid` , `uname`) VALUES ('/' , '{\"0x\":[\"androxgh0st\"]}' , '13.94.67.216' , NULL , NULL) [ RunTime:0.000326s ]
---------------------------------------------------------------

[2022-03-15T20:26:40+08:00] 162.142.125.8 GET 40.83.103.135:443/
[运行时间：0.029594s] [吞吐率：33.79req/s] [内存消耗：2,806.43kb] [文件加载：90]
[ info ] [ LANG ] /www/wwwroot/tongchengmiyue/tp6/thinkphp/lang/zh-cn.php
[ info ] [ ROUTE ] array (
)
[ info ] [ HEADER ] array (
  'host' => '40.83.103.135:443',
  'content-type' => '',
  'content-length' => '',
)
[ info ] [ PARAM ] array (
)
---------------------------------------------------------------

[2022-03-15T20:26:41+08:00] 162.142.125.8 GET 40.83.103.135/
[运行时间：0.019168s] [吞吐率：52.17req/s] [内存消耗：2,806.97kb] [文件加载：90]
[ info ] [ LANG ] /www/wwwroot/tongchengmiyue/tp6/thinkphp/lang/zh-cn.php
[ info ] [ ROUTE ] array (
)
[ info ] [ HEADER ] array (
  'accept-encoding' => 'gzip',
  'accept' => '*/*',
  'user-agent' => 'Mozilla/5.0 (compatible; CensysInspect/1.1; +https://about.censys.io/)',
  'host' => '40.83.103.135',
  'content-type' => '',
  'content-length' => '',
)
[ info ] [ PARAM ] array (
)
---------------------------------------------------------------

[2022-03-15T20:26:42+08:00] 162.142.125.8 GET 40.83.103.135/admin/login/index/
[运行时间：0.018157s] [吞吐率：55.08req/s] [内存消耗：2,810.33kb] [文件加载：90]
[ info ] [ LANG ] /www/wwwroot/tongchengmiyue/tp6/thinkphp/lang/zh-cn.php
[ info ] [ ROUTE ] array (
)
[ info ] [ HEADER ] array (
  'accept-encoding' => 'gzip',
  'accept' => '*/*',
  'user-agent' => 'Mozilla/5.0 (compatible; CensysInspect/1.1; +https://about.censys.io/)',
  'host' => '40.83.103.135',
  'content-type' => '',
  'content-length' => '',
)
[ info ] [ PARAM ] array (
)
[ info ] [ VIEW ] /www/wwwroot/tongchengmiyue/tp6/application/admin/view/login/index.html [ array (
) ]
---------------------------------------------------------------

[2022-03-15T20:27:21+08:00] 45.146.165.37 POST 40.83.103.135:443/Autodiscover/Autodiscover.xml
[运行时间：0.009987s] [吞吐率：100.13req/s] [内存消耗：1,191.98kb] [文件加载：48]
[ info ] [ LANG ] /www/wwwroot/tongchengmiyue/tp6/thinkphp/lang/zh-cn.php
---------------------------------------------------------------

[2022-03-15T21:15:03+08:00] 35.233.62.116 GET 40.83.103.135/
[运行时间：0.033542s] [吞吐率：29.81req/s] [内存消耗：2,807.91kb] [文件加载：90]
[ info ] [ LANG ] /www/wwwroot/tongchengmiyue/tp6/thinkphp/lang/zh-cn.php
[ info ] [ ROUTE ] array (
)
[ info ] [ HEADER ] array (
  'x-datadog-sampling-priority' => '1',
  'x-datadog-parent-id' => '2883101600431120487',
  'x-datadog-trace-id' => '15243617508189268547',
  'connection' => 'keep-alive',
  'accept' => '*/*',
  'accept-encoding' => 'gzip, deflate',
  'user-agent' => 'python-requests/2.27.1',
  'host' => '40.83.103.135',
  'content-type' => '',
  'content-length' => '',
)
[ info ] [ PARAM ] array (
)
---------------------------------------------------------------

[2022-03-15T21:23:01+08:00] 45.146.165.37 GET 40.83.103.135:443/_ignition/execute-solution
[运行时间：0.010218s] [吞吐率：97.87req/s] [内存消耗：1,159.34kb] [文件加载：46]
[ info ] [ LANG ] /www/wwwroot/tongchengmiyue/tp6/thinkphp/lang/zh-cn.php
---------------------------------------------------------------

[2022-03-15T21:46:33+08:00] 45.146.165.37 GET 40.83.103.135:443/
[运行时间：0.024219s] [吞吐率：41.29req/s] [内存消耗：2,807.20kb] [文件加载：90]
[ info ] [ LANG ] /www/wwwroot/tongchengmiyue/tp6/thinkphp/lang/zh-cn.php
[ info ] [ ROUTE ] array (
)
[ info ] [ HEADER ] array (
  'connection' => 'close',
  'accept-encoding' => 'gzip',
  'user-agent' => 'Mozilla/5.0 (Windows NT 10.0; Win64; x64) AppleWebKit/537.36 (KHTML, like Gecko) Chrome/78.0.3904.108 Safari/537.36',
  'host' => '40.83.103.135:443',
  'content-type' => '',
  'content-length' => '',
)
[ info ] [ PARAM ] array (
)
---------------------------------------------------------------

[2022-03-15T21:46:39+08:00] 45.146.165.37 GET 40.83.103.135:443/admin/login/index/
[运行时间：0.020073s] [吞吐率：49.82req/s] [内存消耗：2,810.53kb] [文件加载：90]
[ info ] [ LANG ] /www/wwwroot/tongchengmiyue/tp6/thinkphp/lang/zh-cn.php
[ info ] [ ROUTE ] array (
)
[ info ] [ HEADER ] array (
  'connection' => 'close',
  'accept-encoding' => 'gzip',
  'referer' => 'https://40.83.103.135:443/',
  'user-agent' => 'Mozilla/5.0 (Windows NT 10.0; Win64; x64) AppleWebKit/537.36 (KHTML, like Gecko) Chrome/78.0.3904.108 Safari/537.36',
  'host' => '40.83.103.135:443',
  'content-type' => '',
  'content-length' => '',
)
[ info ] [ PARAM ] array (
)
[ info ] [ VIEW ] /www/wwwroot/tongchengmiyue/tp6/application/admin/view/login/index.html [ array (
) ]
---------------------------------------------------------------

[2022-03-15T22:02:44+08:00] 109.237.103.123 GET 40.83.103.135/.env
[运行时间：0.019744s] [吞吐率：50.65req/s] [内存消耗：2,807.99kb] [文件加载：90]
[ info ] [ LANG ] /www/wwwroot/tongchengmiyue/tp6/thinkphp/lang/zh-cn.php
[ info ] [ ROUTE ] array (
)
[ info ] [ HEADER ] array (
  'connection' => 'keep-alive',
  'accept' => '*/*',
  'accept-encoding' => 'gzip, deflate',
  'user-agent' => 'Mozilla/5.0 (X11; Linux x86_64) AppleWebKit/537.36 (KHTML, like Gecko) Chrome/81.0.4044.129 Safari/537.36',
  'host' => '40.83.103.135',
  'content-type' => '',
  'content-length' => '',
)
[ info ] [ PARAM ] array (
)
---------------------------------------------------------------

[2022-03-15T22:59:10+08:00] 45.146.165.37 GET 40.83.103.135:443/
[运行时间：0.020042s] [吞吐率：49.90req/s] [内存消耗：2,807.24kb] [文件加载：90]
[ info ] [ LANG ] /www/wwwroot/tongchengmiyue/tp6/thinkphp/lang/zh-cn.php
[ info ] [ ROUTE ] array (
)
[ info ] [ HEADER ] array (
  'connection' => 'close',
  'accept-encoding' => 'gzip',
  'content-type' => 'application/json',
  'user-agent' => 'Mozilla/5.0 (Windows NT 10.0; Win64; x64) AppleWebKit/537.36 (KHTML, like Gecko) Chrome/78.0.3904.108 Safari/537.36',
  'host' => '40.83.103.135:443',
  'content-length' => '',
)
[ info ] [ PARAM ] array (
)
---------------------------------------------------------------

[2022-03-15T22:59:12+08:00] 45.146.165.37 GET 40.83.103.135:443/admin/login/index/
[运行时间：0.019456s] [吞吐率：51.40req/s] [内存消耗：2,810.63kb] [文件加载：90]
[ info ] [ LANG ] /www/wwwroot/tongchengmiyue/tp6/thinkphp/lang/zh-cn.php
[ info ] [ ROUTE ] array (
)
[ info ] [ HEADER ] array (
  'connection' => 'close',
  'accept-encoding' => 'gzip',
  'referer' => 'https://40.83.103.135:443',
  'content-type' => 'application/json',
  'user-agent' => 'Mozilla/5.0 (Windows NT 10.0; Win64; x64) AppleWebKit/537.36 (KHTML, like Gecko) Chrome/78.0.3904.108 Safari/537.36',
  'host' => '40.83.103.135:443',
  'content-length' => '',
)
[ info ] [ PARAM ] array (
)
[ info ] [ VIEW ] /www/wwwroot/tongchengmiyue/tp6/application/admin/view/login/index.html [ array (
) ]
