---------------------------------------------------------------

[2022-03-18T00:13:12+08:00] 45.146.165.37 POST 40.83.103.135:443/mifs/.;/services/LogService
[运行时间：0.011693s] [吞吐率：85.52req/s] [内存消耗：1,158.79kb] [文件加载：46]
[ info ] [ LANG ] /www/wwwroot/tongchengmiyue/tp6/thinkphp/lang/zh-cn.php
---------------------------------------------------------------

[2022-03-18T00:29:09+08:00] 45.146.165.37 GET 40.83.103.135:443/console/
[运行时间：0.008975s] [吞吐率：111.42req/s] [内存消耗：1,192.08kb] [文件加载：48]
[ info ] [ LANG ] /www/wwwroot/tongchengmiyue/tp6/thinkphp/lang/zh-cn.php
---------------------------------------------------------------

[2022-03-18T00:34:00+08:00] 106.75.218.140 GET 40.83.103.135:443/
[运行时间：0.033188s] [吞吐率：30.13req/s] [内存消耗：2,806.43kb] [文件加载：90]
[ info ] [ LANG ] /www/wwwroot/tongchengmiyue/tp6/thinkphp/lang/zh-cn.php
[ info ] [ ROUTE ] array (
)
[ info ] [ HEADER ] array (
  'host' => '40.83.103.135:443',
  'content-type' => '',
  'content-length' => '',
)
[ info ] [ PARAM ] array (
)
---------------------------------------------------------------

[2022-03-18T01:18:16+08:00] 45.146.165.37 POST 40.83.103.135:443/Autodiscover/Autodiscover.xml
[运行时间：0.010400s] [吞吐率：96.15req/s] [内存消耗：1,191.98kb] [文件加载：48]
[ info ] [ LANG ] /www/wwwroot/tongchengmiyue/tp6/thinkphp/lang/zh-cn.php
---------------------------------------------------------------

[2022-03-18T01:27:40+08:00] 139.162.200.4 GET 40.83.103.135/
[运行时间：0.022435s] [吞吐率：44.57req/s] [内存消耗：2,806.97kb] [文件加载：90]
[ info ] [ LANG ] /www/wwwroot/tongchengmiyue/tp6/thinkphp/lang/zh-cn.php
[ info ] [ ROUTE ] array (
)
[ info ] [ HEADER ] array (
  'accept-encoding' => 'deflate, gzip',
  'accept' => '*/*',
  'user-agent' => 'Mozilla/5.0 (Windows NT 6.1; WOW64; rv:8.0) Gecko/20100101 Firefox/8.0',
  'host' => '40.83.103.135',
  'content-type' => '',
  'content-length' => '',
)
[ info ] [ PARAM ] array (
)
---------------------------------------------------------------

[2022-03-18T01:27:40+08:00] 139.162.200.4 GET 40.83.103.135/admin/login/index/
[运行时间：0.020736s] [吞吐率：48.23req/s] [内存消耗：2,810.37kb] [文件加载：90]
[ info ] [ LANG ] /www/wwwroot/tongchengmiyue/tp6/thinkphp/lang/zh-cn.php
[ info ] [ ROUTE ] array (
)
[ info ] [ HEADER ] array (
  'cookie' => 'PHPSESSID=9rr1osblv0ib5kv1tc03568k41',
  'accept-encoding' => 'deflate, gzip',
  'accept' => '*/*',
  'user-agent' => 'Mozilla/5.0 (Windows NT 6.1; WOW64; rv:8.0) Gecko/20100101 Firefox/8.0',
  'host' => '40.83.103.135',
  'content-type' => '',
  'content-length' => '',
)
[ info ] [ PARAM ] array (
)
[ info ] [ VIEW ] /www/wwwroot/tongchengmiyue/tp6/application/admin/view/login/index.html [ array (
) ]
---------------------------------------------------------------

[2022-03-18T02:18:58+08:00] 45.146.165.37 GET 40.83.103.135:443/_ignition/execute-solution
[运行时间：0.009066s] [吞吐率：110.30req/s] [内存消耗：1,159.34kb] [文件加载：46]
[ info ] [ LANG ] /www/wwwroot/tongchengmiyue/tp6/thinkphp/lang/zh-cn.php
---------------------------------------------------------------

[2022-03-18T02:42:30+08:00] 23.129.64.140 GET 40.83.103.135/
[运行时间：0.038521s] [吞吐率：25.96req/s] [内存消耗：2,807.20kb] [文件加载：90]
[ info ] [ LANG ] /www/wwwroot/tongchengmiyue/tp6/thinkphp/lang/zh-cn.php
[ info ] [ ROUTE ] array (
)
[ info ] [ HEADER ] array (
  'accept-encoding' => 'gzip',
  'accept' => '*/*',
  'connection' => 'close',
  'user-agent' => 'Mozilla/5.0 (Windows NT 10.0; Win64; x64) AppleWebKit/537.36 (KHTML, like Gecko) Chrome/95.0.4638.69 Safari/537.36',
  'host' => '40.83.103.135',
  'content-type' => '',
  'content-length' => '',
)
[ info ] [ PARAM ] array (
)
---------------------------------------------------------------

[2022-03-18T02:48:06+08:00] 209.17.96.154 GET 40.83.103.135:443/
[运行时间：0.018044s] [吞吐率：55.42req/s] [内存消耗：2,806.75kb] [文件加载：90]
[ info ] [ LANG ] /www/wwwroot/tongchengmiyue/tp6/thinkphp/lang/zh-cn.php
[ info ] [ ROUTE ] array (
)
[ info ] [ HEADER ] array (
  'user-agent' => 'Mozilla/5.0 (compatible; Nimbostratus-Bot/v1.3.2; http://cloudsystemnetworks.com)',
  'host' => '40.83.103.135:443',
  'content-type' => '',
  'content-length' => '',
)
[ info ] [ PARAM ] array (
)
---------------------------------------------------------------

[2022-03-18T02:48:07+08:00] 209.17.96.154 GET 40.83.103.135:443/admin/login/index/
[运行时间：0.022886s] [吞吐率：43.69req/s] [内存消耗：2,810.05kb] [文件加载：90]
[ info ] [ LANG ] /www/wwwroot/tongchengmiyue/tp6/thinkphp/lang/zh-cn.php
[ info ] [ ROUTE ] array (
)
[ info ] [ HEADER ] array (
  'user-agent' => 'Mozilla/5.0 (compatible; Nimbostratus-Bot/v1.3.2; http://cloudsystemnetworks.com)',
  'host' => '40.83.103.135:443',
  'content-type' => '',
  'content-length' => '',
)
[ info ] [ PARAM ] array (
)
[ info ] [ VIEW ] /www/wwwroot/tongchengmiyue/tp6/application/admin/view/login/index.html [ array (
) ]
---------------------------------------------------------------

[2022-03-18T03:14:48+08:00] 45.146.165.37 GET 40.83.103.135:443/
[运行时间：0.019118s] [吞吐率：52.31req/s] [内存消耗：2,807.20kb] [文件加载：90]
[ info ] [ LANG ] /www/wwwroot/tongchengmiyue/tp6/thinkphp/lang/zh-cn.php
[ info ] [ ROUTE ] array (
)
[ info ] [ HEADER ] array (
  'connection' => 'close',
  'accept-encoding' => 'gzip',
  'user-agent' => 'Mozilla/5.0 (Windows NT 10.0; Win64; x64) AppleWebKit/537.36 (KHTML, like Gecko) Chrome/78.0.3904.108 Safari/537.36',
  'host' => '40.83.103.135:443',
  'content-type' => '',
  'content-length' => '',
)
[ info ] [ PARAM ] array (
)
---------------------------------------------------------------

[2022-03-18T03:42:10+08:00] 45.146.165.37 GET 40.83.103.135:443/
[运行时间：0.019681s] [吞吐率：50.81req/s] [内存消耗：2,807.24kb] [文件加载：90]
[ info ] [ LANG ] /www/wwwroot/tongchengmiyue/tp6/thinkphp/lang/zh-cn.php
[ info ] [ ROUTE ] array (
)
[ info ] [ HEADER ] array (
  'connection' => 'close',
  'accept-encoding' => 'gzip',
  'content-type' => 'application/json',
  'user-agent' => 'Mozilla/5.0 (Windows NT 10.0; Win64; x64) AppleWebKit/537.36 (KHTML, like Gecko) Chrome/78.0.3904.108 Safari/537.36',
  'host' => '40.83.103.135:443',
  'content-length' => '',
)
[ info ] [ PARAM ] array (
)
---------------------------------------------------------------

[2022-03-18T03:42:17+08:00] 45.146.165.37 GET 40.83.103.135:443/admin/login/index/
[运行时间：0.019875s] [吞吐率：50.31req/s] [内存消耗：2,810.63kb] [文件加载：90]
[ info ] [ LANG ] /www/wwwroot/tongchengmiyue/tp6/thinkphp/lang/zh-cn.php
[ info ] [ ROUTE ] array (
)
[ info ] [ HEADER ] array (
  'connection' => 'close',
  'accept-encoding' => 'gzip',
  'referer' => 'https://40.83.103.135:443',
  'content-type' => 'application/json',
  'user-agent' => 'Mozilla/5.0 (Windows NT 10.0; Win64; x64) AppleWebKit/537.36 (KHTML, like Gecko) Chrome/78.0.3904.108 Safari/537.36',
  'host' => '40.83.103.135:443',
  'content-length' => '',
)
[ info ] [ PARAM ] array (
)
[ info ] [ VIEW ] /www/wwwroot/tongchengmiyue/tp6/application/admin/view/login/index.html [ array (
) ]
---------------------------------------------------------------

[2022-03-18T03:52:20+08:00] 106.75.85.103 GET 40.83.103.135/
[运行时间：0.018109s] [吞吐率：55.22req/s] [内存消耗：2,807.55kb] [文件加载：90]
[ info ] [ LANG ] /www/wwwroot/tongchengmiyue/tp6/thinkphp/lang/zh-cn.php
[ info ] [ ROUTE ] array (
)
[ info ] [ HEADER ] array (
  'connection' => 'close',
  'accept-language' => 'zh-CN,zh;q=0.8',
  'accept-charset' => 'GBK,utf-8;q=0.7,*;q=0.3',
  'accept' => 'text/html,application/xhtml+xml,application/xml;q=0.9,*/*;q=0.8',
  'user-agent' => 'Mozilla/5.0 (Windows NT 6.1) AppleWebKit/537.36 (KHTML, like Gecko) Chrome/49.0.2623.112 Safari/537.36',
  'host' => '40.83.103.135',
  'content-type' => '',
  'content-length' => '',
)
[ info ] [ PARAM ] array (
)
---------------------------------------------------------------

[2022-03-18T03:52:20+08:00] 106.75.85.103 GET 40.83.103.135/admin/login/index/
[运行时间：0.019072s] [吞吐率：52.43req/s] [内存消耗：2,811.25kb] [文件加载：90]
[ info ] [ LANG ] /www/wwwroot/tongchengmiyue/tp6/thinkphp/lang/zh-cn.php
[ info ] [ ROUTE ] array (
)
[ info ] [ HEADER ] array (
  'connection' => 'close',
  'referer' => 'https://40.83.103.135',
  'accept-language' => 'zh-CN,zh;q=0.8',
  'accept-charset' => 'GBK,utf-8;q=0.7,*;q=0.3',
  'accept' => 'text/html,application/xhtml+xml,application/xml;q=0.9,*/*;q=0.8',
  'user-agent' => 'Mozilla/5.0 (Windows NT 6.1) AppleWebKit/537.36 (KHTML, like Gecko) Chrome/49.0.2623.112 Safari/537.36',
  'host' => '40.83.103.135',
  'content-type' => '',
  'content-length' => '',
)
[ info ] [ PARAM ] array (
)
[ info ] [ VIEW ] /www/wwwroot/tongchengmiyue/tp6/application/admin/view/login/index.html [ array (
) ]
---------------------------------------------------------------

[2022-03-18T04:04:49+08:00] 172.70.6.25 GET admin.mihuanjishupinzhifuwudiyi44.cc/
[运行时间：0.020007s] [吞吐率：49.98req/s] [内存消耗：2,807.98kb] [文件加载：90]
[ info ] [ LANG ] /www/wwwroot/tongchengmiyue/tp6/thinkphp/lang/zh-cn.php
[ info ] [ ROUTE ] array (
)
[ info ] [ HEADER ] array (
  'connection' => 'keep-alive',
  'accept' => '*/*',
  'accept-encoding' => 'gzip, deflate',
  'user-agent' => 'Mozilla/5.0 (Macintosh; Intel Mac OS X 10_15_7) AppleWebKit/537.36 (KHTML, like Gecko) Chrome/92.0.4515.107 Safari/537.36 (compatible; +https://developers.cloudflare.com/security-center/)',
  'sentry-trace' => '95a9b4f430c746988b839630332cfa7e-a5aa32061b5e9a7f-',
  'host' => 'admin.mihuanjishupinzhifuwudiyi44.cc',
  'content-type' => '',
  'content-length' => '',
)
[ info ] [ PARAM ] array (
)
---------------------------------------------------------------

[2022-03-18T04:10:52+08:00] 118.193.34.62 GET admin.mihuanjishupinzhifuwudiyi44.cc/
[运行时间：0.018027s] [吞吐率：55.47req/s] [内存消耗：2,808.02kb] [文件加载：90]
[ info ] [ LANG ] /www/wwwroot/tongchengmiyue/tp6/thinkphp/lang/zh-cn.php
[ info ] [ ROUTE ] array (
)
[ info ] [ HEADER ] array (
  'accept-language' => 'en-US,en;q=0.9',
  'content-type' => 'application/x-www-form-urlencoded',
  'connection' => 'keep-alive',
  'accept' => '*/*',
  'accept-encoding' => 'gzip, deflate',
  'user-agent' => 'Mozilla/5.0 (Linux; Android 8.1; EML-L29 Build/HUAWEIEML-L29; xx-xx) AppleWebKit/537.36 (KHTML, like Gecko) Version/4.0 Chrome/65.0.3325.109 Mobile Safari/537.36 (iPad; iPhone; CPU iPhone OS 13_2_3 like Mac OS X)',
  'host' => 'admin.mihuanjishupinzhifuwudiyi44.cc',
  'content-length' => '',
)
[ info ] [ PARAM ] array (
)
---------------------------------------------------------------

[2022-03-18T04:10:52+08:00] 118.193.34.62 GET admin.mihuanjishupinzhifuwudiyi44.cc/admin/login/index/
[运行时间：0.018041s] [吞吐率：55.43req/s] [内存消耗：2,811.50kb] [文件加载：90]
[ info ] [ LANG ] /www/wwwroot/tongchengmiyue/tp6/thinkphp/lang/zh-cn.php
[ info ] [ ROUTE ] array (
)
[ info ] [ HEADER ] array (
  'cookie' => 'PHPSESSID=vqlh4iqp2j1i7r3uqbhulqcgom',
  'accept-language' => 'en-US,en;q=0.9',
  'connection' => 'keep-alive',
  'accept' => '*/*',
  'accept-encoding' => 'gzip, deflate',
  'user-agent' => 'Mozilla/5.0 (Linux; Android 8.1; EML-L29 Build/HUAWEIEML-L29; xx-xx) AppleWebKit/537.36 (KHTML, like Gecko) Version/4.0 Chrome/65.0.3325.109 Mobile Safari/537.36 (iPad; iPhone; CPU iPhone OS 13_2_3 like Mac OS X)',
  'host' => 'admin.mihuanjishupinzhifuwudiyi44.cc',
  'content-type' => '',
  'content-length' => '',
)
[ info ] [ PARAM ] array (
)
[ info ] [ VIEW ] /www/wwwroot/tongchengmiyue/tp6/application/admin/view/login/index.html [ array (
) ]
---------------------------------------------------------------

[2022-03-18T04:10:52+08:00] 118.193.34.62 GET admin.mihuanjishupinzhifuwudiyi44.cc/
[运行时间：0.018012s] [吞吐率：55.52req/s] [内存消耗：2,808.12kb] [文件加载：90]
[ info ] [ LANG ] /www/wwwroot/tongchengmiyue/tp6/thinkphp/lang/zh-cn.php
[ info ] [ ROUTE ] array (
)
[ info ] [ HEADER ] array (
  'cookie' => 'PHPSESSID=vqlh4iqp2j1i7r3uqbhulqcgom',
  'accept-language' => 'en-US,en;q=0.9',
  'content-type' => 'application/x-www-form-urlencoded',
  'connection' => 'keep-alive',
  'accept' => '*/*',
  'accept-encoding' => 'gzip, deflate',
  'user-agent' => 'Mozilla/5.0 (Macintosh; Intel Mac OS X 10_15_7) AppleWebKit/537.36 (KHTML, like Gecko) Chrome/85.0.4183.121 Safari/537.36',
  'host' => 'admin.mihuanjishupinzhifuwudiyi44.cc',
  'content-length' => '',
)
[ info ] [ PARAM ] array (
)
---------------------------------------------------------------

[2022-03-18T04:10:52+08:00] 118.193.34.62 GET admin.mihuanjishupinzhifuwudiyi44.cc/admin/login/index/
[运行时间：0.018135s] [吞吐率：55.14req/s] [内存消耗：2,811.13kb] [文件加载：90]
[ info ] [ LANG ] /www/wwwroot/tongchengmiyue/tp6/thinkphp/lang/zh-cn.php
[ info ] [ ROUTE ] array (
)
[ info ] [ HEADER ] array (
  'cookie' => 'PHPSESSID=vqlh4iqp2j1i7r3uqbhulqcgom',
  'accept-language' => 'en-US,en;q=0.9',
  'connection' => 'keep-alive',
  'accept' => '*/*',
  'accept-encoding' => 'gzip, deflate',
  'user-agent' => 'Mozilla/5.0 (Macintosh; Intel Mac OS X 10_15_7) AppleWebKit/537.36 (KHTML, like Gecko) Chrome/85.0.4183.121 Safari/537.36',
  'host' => 'admin.mihuanjishupinzhifuwudiyi44.cc',
  'content-type' => '',
  'content-length' => '',
)
[ info ] [ PARAM ] array (
)
[ info ] [ VIEW ] /www/wwwroot/tongchengmiyue/tp6/application/admin/view/login/index.html [ array (
) ]
---------------------------------------------------------------

[2022-03-18T04:10:53+08:00] 118.193.34.62 GET admin.mihuanjishupinzhifuwudiyi44.cc/
[运行时间：0.019173s] [吞吐率：52.16req/s] [内存消耗：2,808.24kb] [文件加载：90]
[ info ] [ LANG ] /www/wwwroot/tongchengmiyue/tp6/thinkphp/lang/zh-cn.php
[ info ] [ ROUTE ] array (
)
[ info ] [ HEADER ] array (
  'cookie' => 'PHPSESSID=vqlh4iqp2j1i7r3uqbhulqcgom',
  'accept-language' => 'en-US,en;q=0.9',
  'content-type' => 'application/x-www-form-urlencoded',
  'connection' => 'keep-alive',
  'accept' => '*/*',
  'accept-encoding' => 'gzip, deflate',
  'user-agent' => 'Mozilla/5.0 (Linux; Android 8.1; EML-L29 Build/HUAWEIEML-L29; xx-xx) AppleWebKit/537.36 (KHTML, like Gecko) Version/4.0 Chrome/65.0.3325.109 Mobile Safari/537.36 (iPad; iPhone; CPU iPhone OS 13_2_3 like Mac OS X)',
  'host' => 'admin.mihuanjishupinzhifuwudiyi44.cc',
  'content-length' => '',
)
[ info ] [ PARAM ] array (
)
---------------------------------------------------------------

[2022-03-18T04:10:53+08:00] 118.193.34.62 GET admin.mihuanjishupinzhifuwudiyi44.cc/admin/login/index/
[运行时间：0.017686s] [吞吐率：56.54req/s] [内存消耗：2,811.50kb] [文件加载：90]
[ info ] [ LANG ] /www/wwwroot/tongchengmiyue/tp6/thinkphp/lang/zh-cn.php
[ info ] [ ROUTE ] array (
)
[ info ] [ HEADER ] array (
  'cookie' => 'PHPSESSID=vqlh4iqp2j1i7r3uqbhulqcgom',
  'accept-language' => 'en-US,en;q=0.9',
  'connection' => 'keep-alive',
  'accept' => '*/*',
  'accept-encoding' => 'gzip, deflate',
  'user-agent' => 'Mozilla/5.0 (Linux; Android 8.1; EML-L29 Build/HUAWEIEML-L29; xx-xx) AppleWebKit/537.36 (KHTML, like Gecko) Version/4.0 Chrome/65.0.3325.109 Mobile Safari/537.36 (iPad; iPhone; CPU iPhone OS 13_2_3 like Mac OS X)',
  'host' => 'admin.mihuanjishupinzhifuwudiyi44.cc',
  'content-type' => '',
  'content-length' => '',
)
[ info ] [ PARAM ] array (
)
[ info ] [ VIEW ] /www/wwwroot/tongchengmiyue/tp6/application/admin/view/login/index.html [ array (
) ]
---------------------------------------------------------------

[2022-03-18T04:10:53+08:00] 118.193.34.62 GET admin.mihuanjishupinzhifuwudiyi44.cc/xy/
[运行时间：0.012186s] [吞吐率：82.06req/s] [内存消耗：1,192.02kb] [文件加载：48]
[ info ] [ LANG ] /www/wwwroot/tongchengmiyue/tp6/thinkphp/lang/zh-cn.php
---------------------------------------------------------------

[2022-03-18T04:10:53+08:00] 118.193.34.62 GET admin.mihuanjishupinzhifuwudiyi44.cc/
[运行时间：0.018650s] [吞吐率：53.62req/s] [内存消耗：2,808.12kb] [文件加载：90]
[ info ] [ LANG ] /www/wwwroot/tongchengmiyue/tp6/thinkphp/lang/zh-cn.php
[ info ] [ ROUTE ] array (
)
[ info ] [ HEADER ] array (
  'cookie' => 'PHPSESSID=vqlh4iqp2j1i7r3uqbhulqcgom',
  'accept-language' => 'en-US,en;q=0.9',
  'content-type' => 'application/x-www-form-urlencoded',
  'connection' => 'keep-alive',
  'accept' => '*/*',
  'accept-encoding' => 'gzip, deflate',
  'user-agent' => 'Mozilla/5.0 (Macintosh; Intel Mac OS X 10_15_7) AppleWebKit/537.36 (KHTML, like Gecko) Chrome/85.0.4183.121 Safari/537.36',
  'host' => 'admin.mihuanjishupinzhifuwudiyi44.cc',
  'content-length' => '',
)
[ info ] [ PARAM ] array (
)
---------------------------------------------------------------

[2022-03-18T04:10:54+08:00] 118.193.34.62 GET admin.mihuanjishupinzhifuwudiyi44.cc/admin/login/index/
[运行时间：0.023010s] [吞吐率：43.46req/s] [内存消耗：2,811.13kb] [文件加载：90]
[ info ] [ LANG ] /www/wwwroot/tongchengmiyue/tp6/thinkphp/lang/zh-cn.php
[ info ] [ ROUTE ] array (
)
[ info ] [ HEADER ] array (
  'cookie' => 'PHPSESSID=vqlh4iqp2j1i7r3uqbhulqcgom',
  'accept-language' => 'en-US,en;q=0.9',
  'connection' => 'keep-alive',
  'accept' => '*/*',
  'accept-encoding' => 'gzip, deflate',
  'user-agent' => 'Mozilla/5.0 (Macintosh; Intel Mac OS X 10_15_7) AppleWebKit/537.36 (KHTML, like Gecko) Chrome/85.0.4183.121 Safari/537.36',
  'host' => 'admin.mihuanjishupinzhifuwudiyi44.cc',
  'content-type' => '',
  'content-length' => '',
)
[ info ] [ PARAM ] array (
)
[ info ] [ VIEW ] /www/wwwroot/tongchengmiyue/tp6/application/admin/view/login/index.html [ array (
) ]
---------------------------------------------------------------

[2022-03-18T04:10:54+08:00] 118.193.34.62 GET admin.mihuanjishupinzhifuwudiyi44.cc/h5/
[运行时间：0.014763s] [吞吐率：67.74req/s] [内存消耗：1,192.02kb] [文件加载：48]
[ info ] [ LANG ] /www/wwwroot/tongchengmiyue/tp6/thinkphp/lang/zh-cn.php
---------------------------------------------------------------

[2022-03-18T04:10:58+08:00] 118.193.34.62 GET admin.mihuanjishupinzhifuwudiyi44.cc/mobile/login.html
[运行时间：0.014106s] [吞吐率：70.89req/s] [内存消耗：1,192.09kb] [文件加载：48]
[ info ] [ LANG ] /www/wwwroot/tongchengmiyue/tp6/thinkphp/lang/zh-cn.php
---------------------------------------------------------------

[2022-03-18T04:10:58+08:00] 118.193.34.62 GET admin.mihuanjishupinzhifuwudiyi44.cc/admin
[运行时间：0.017806s] [吞吐率：56.16req/s] [内存消耗：2,809.01kb] [文件加载：90]
[ info ] [ LANG ] /www/wwwroot/tongchengmiyue/tp6/thinkphp/lang/zh-cn.php
[ info ] [ ROUTE ] array (
)
[ info ] [ HEADER ] array (
  'cookie' => 'PHPSESSID=vqlh4iqp2j1i7r3uqbhulqcgom',
  'accept-language' => 'en-US,en;q=0.9',
  'content-type' => 'application/x-www-form-urlencoded',
  'connection' => 'keep-alive',
  'accept' => '*/*',
  'accept-encoding' => 'gzip, deflate',
  'user-agent' => 'Mozilla/5.0 (Linux; Android 8.1; EML-L29 Build/HUAWEIEML-L29; xx-xx) AppleWebKit/537.36 (KHTML, like Gecko) Version/4.0 Chrome/65.0.3325.109 Mobile Safari/537.36 (iPad; iPhone; CPU iPhone OS 13_2_3 like Mac OS X)',
  'host' => 'admin.mihuanjishupinzhifuwudiyi44.cc',
  'content-length' => '',
)
[ info ] [ PARAM ] array (
)
---------------------------------------------------------------

[2022-03-18T04:10:58+08:00] 118.193.34.62 GET admin.mihuanjishupinzhifuwudiyi44.cc/wap/
[运行时间：0.008990s] [吞吐率：111.23req/s] [内存消耗：1,192.02kb] [文件加载：48]
[ info ] [ LANG ] /www/wwwroot/tongchengmiyue/tp6/thinkphp/lang/zh-cn.php
---------------------------------------------------------------

[2022-03-18T04:10:58+08:00] 118.193.34.62 GET admin.mihuanjishupinzhifuwudiyi44.cc/im/
[运行时间：0.008524s] [吞吐率：117.32req/s] [内存消耗：1,173.16kb] [文件加载：47]
[ info ] [ LANG ] /www/wwwroot/tongchengmiyue/tp6/thinkphp/lang/zh-cn.php
---------------------------------------------------------------

[2022-03-18T04:10:59+08:00] 118.193.34.62 GET admin.mihuanjishupinzhifuwudiyi44.cc/login
[运行时间：0.009589s] [吞吐率：104.29req/s] [内存消耗：1,192.02kb] [文件加载：48]
[ info ] [ LANG ] /www/wwwroot/tongchengmiyue/tp6/thinkphp/lang/zh-cn.php
---------------------------------------------------------------

[2022-03-18T04:11:03+08:00] 118.193.34.62 GET admin.mihuanjishupinzhifuwudiyi44.cc/api/apps
[运行时间：0.013639s] [吞吐率：73.32req/s] [内存消耗：1,679.48kb] [文件加载：59]
[ info ] [ LANG ] /www/wwwroot/tongchengmiyue/tp6/thinkphp/lang/zh-cn.php
[ info ] [ ROUTE ] array (
)
[ info ] [ HEADER ] array (
  'cookie' => 'PHPSESSID=vqlh4iqp2j1i7r3uqbhulqcgom',
  'accept-language' => 'en-US,en;q=0.9',
  'content-type' => 'application/x-www-form-urlencoded',
  'connection' => 'keep-alive',
  'accept' => '*/*',
  'accept-encoding' => 'gzip, deflate',
  'user-agent' => 'Mozilla/5.0 (Linux; Android 8.1; EML-L29 Build/HUAWEIEML-L29; xx-xx) AppleWebKit/537.36 (KHTML, like Gecko) Version/4.0 Chrome/65.0.3325.109 Mobile Safari/537.36 (iPad; iPhone; CPU iPhone OS 13_2_3 like Mac OS X)',
  'host' => 'admin.mihuanjishupinzhifuwudiyi44.cc',
  'content-length' => '',
)
[ info ] [ PARAM ] array (
)
---------------------------------------------------------------

[2022-03-18T04:11:03+08:00] 118.193.34.62 GET admin.mihuanjishupinzhifuwudiyi44.cc/im/h5/
[运行时间：0.008506s] [吞吐率：117.57req/s] [内存消耗：1,173.16kb] [文件加载：47]
[ info ] [ LANG ] /www/wwwroot/tongchengmiyue/tp6/thinkphp/lang/zh-cn.php
---------------------------------------------------------------

[2022-03-18T04:11:04+08:00] 118.193.34.62 GET admin.mihuanjishupinzhifuwudiyi44.cc/getLocale
[运行时间：0.010285s] [吞吐率：97.23req/s] [内存消耗：1,192.03kb] [文件加载：48]
[ info ] [ LANG ] /www/wwwroot/tongchengmiyue/tp6/thinkphp/lang/zh-cn.php
---------------------------------------------------------------

[2022-03-18T04:11:05+08:00] 118.193.34.62 GET admin.mihuanjishupinzhifuwudiyi44.cc/step1.asp
[运行时间：0.010301s] [吞吐率：97.08req/s] [内存消耗：1,192.07kb] [文件加载：48]
[ info ] [ LANG ] /www/wwwroot/tongchengmiyue/tp6/thinkphp/lang/zh-cn.php
---------------------------------------------------------------

[2022-03-18T04:11:05+08:00] 118.193.34.62 GET admin.mihuanjishupinzhifuwudiyi44.cc/mtja.html
[运行时间：0.008985s] [吞吐率：111.30req/s] [内存消耗：1,192.07kb] [文件加载：48]
[ info ] [ LANG ] /www/wwwroot/tongchengmiyue/tp6/thinkphp/lang/zh-cn.php
---------------------------------------------------------------

[2022-03-18T04:11:08+08:00] 118.193.34.62 GET admin.mihuanjishupinzhifuwudiyi44.cc/index/user/get_server_info
[运行时间：0.009165s] [吞吐率：109.11req/s] [内存消耗：1,192.05kb] [文件加载：48]
[ info ] [ LANG ] /www/wwwroot/tongchengmiyue/tp6/thinkphp/lang/zh-cn.php
---------------------------------------------------------------

[2022-03-18T04:11:09+08:00] 118.193.34.62 GET admin.mihuanjishupinzhifuwudiyi44.cc/api/linkPF
[运行时间：0.012675s] [吞吐率：78.90req/s] [内存消耗：1,678.99kb] [文件加载：59]
[ info ] [ LANG ] /www/wwwroot/tongchengmiyue/tp6/thinkphp/lang/zh-cn.php
[ info ] [ ROUTE ] array (
)
[ info ] [ HEADER ] array (
  'cookie' => 'PHPSESSID=vqlh4iqp2j1i7r3uqbhulqcgom',
  'accept-language' => 'en-US,en;q=0.9',
  'content-type' => 'application/x-www-form-urlencoded',
  'connection' => 'keep-alive',
  'accept' => '*/*',
  'accept-encoding' => 'gzip, deflate',
  'user-agent' => 'okhttp/3.3.1',
  'host' => 'admin.mihuanjishupinzhifuwudiyi44.cc',
  'content-length' => '',
)
[ info ] [ PARAM ] array (
)
---------------------------------------------------------------

[2022-03-18T04:11:09+08:00] 118.193.34.62 GET admin.mihuanjishupinzhifuwudiyi44.cc/api/ht/xy1
[运行时间：0.011874s] [吞吐率：84.22req/s] [内存消耗：1,679.52kb] [文件加载：59]
[ info ] [ LANG ] /www/wwwroot/tongchengmiyue/tp6/thinkphp/lang/zh-cn.php
[ info ] [ ROUTE ] array (
)
[ info ] [ HEADER ] array (
  'cookie' => 'PHPSESSID=vqlh4iqp2j1i7r3uqbhulqcgom',
  'accept-language' => 'en-US,en;q=0.9',
  'content-type' => 'application/x-www-form-urlencoded',
  'connection' => 'keep-alive',
  'accept' => '*/*',
  'accept-encoding' => 'gzip, deflate',
  'user-agent' => 'Mozilla/5.0 (Linux; Android 8.1; EML-L29 Build/HUAWEIEML-L29; xx-xx) AppleWebKit/537.36 (KHTML, like Gecko) Version/4.0 Chrome/65.0.3325.109 Mobile Safari/537.36 (iPad; iPhone; CPU iPhone OS 13_2_3 like Mac OS X)',
  'host' => 'admin.mihuanjishupinzhifuwudiyi44.cc',
  'content-length' => '',
)
[ info ] [ PARAM ] array (
)
---------------------------------------------------------------

[2022-03-18T04:11:10+08:00] 118.193.34.62 GET admin.mihuanjishupinzhifuwudiyi44.cc/user/Login
[运行时间：0.010569s] [吞吐率：94.62req/s] [内存消耗：1,192.03kb] [文件加载：48]
[ info ] [ LANG ] /www/wwwroot/tongchengmiyue/tp6/thinkphp/lang/zh-cn.php
---------------------------------------------------------------

[2022-03-18T04:11:10+08:00] 118.193.34.62 GET admin.mihuanjishupinzhifuwudiyi44.cc/index/aurl
[运行时间：0.010631s] [吞吐率：94.06req/s] [内存消耗：1,192.03kb] [文件加载：48]
[ info ] [ LANG ] /www/wwwroot/tongchengmiyue/tp6/thinkphp/lang/zh-cn.php
---------------------------------------------------------------

[2022-03-18T04:11:14+08:00] 118.193.34.62 GET admin.mihuanjishupinzhifuwudiyi44.cc/m/
[运行时间：0.009196s] [吞吐率：108.74req/s] [内存消耗：1,192.02kb] [文件加载：48]
[ info ] [ LANG ] /www/wwwroot/tongchengmiyue/tp6/thinkphp/lang/zh-cn.php
---------------------------------------------------------------

[2022-03-18T04:11:14+08:00] 118.193.34.62 POST admin.mihuanjishupinzhifuwudiyi44.cc/api/im/conf
[运行时间：0.012067s] [吞吐率：82.87req/s] [内存消耗：1,678.48kb] [文件加载：59]
[ info ] [ LANG ] /www/wwwroot/tongchengmiyue/tp6/thinkphp/lang/zh-cn.php
[ info ] [ ROUTE ] array (
)
[ info ] [ HEADER ] array (
  'content-length' => '0',
  'cookie' => 'PHPSESSID=vqlh4iqp2j1i7r3uqbhulqcgom',
  'accept-language' => 'en-US,en;q=0.9',
  'content-type' => 'application/x-www-form-urlencoded',
  'connection' => 'keep-alive',
  'accept' => '*/*',
  'accept-encoding' => 'gzip, deflate',
  'user-agent' => 'okhttp/3.3.1',
  'host' => 'admin.mihuanjishupinzhifuwudiyi44.cc',
)
[ info ] [ PARAM ] array (
)
---------------------------------------------------------------

[2022-03-18T04:11:17+08:00] 118.193.34.62 GET admin.mihuanjishupinzhifuwudiyi44.cc/js/post.js/
[运行时间：0.009291s] [吞吐率：107.63req/s] [内存消耗：1,192.03kb] [文件加载：48]
[ info ] [ LANG ] /www/wwwroot/tongchengmiyue/tp6/thinkphp/lang/zh-cn.php
---------------------------------------------------------------

[2022-03-18T04:11:19+08:00] 118.193.34.62 GET admin.mihuanjishupinzhifuwudiyi44.cc/mstock/login
[运行时间：0.009724s] [吞吐率：102.84req/s] [内存消耗：1,192.03kb] [文件加载：48]
[ info ] [ LANG ] /www/wwwroot/tongchengmiyue/tp6/thinkphp/lang/zh-cn.php
---------------------------------------------------------------

[2022-03-18T04:11:19+08:00] 118.193.34.62 GET admin.mihuanjishupinzhifuwudiyi44.cc/v1/getConfig
[运行时间：0.008848s] [吞吐率：113.02req/s] [内存消耗：1,192.03kb] [文件加载：48]
[ info ] [ LANG ] /www/wwwroot/tongchengmiyue/tp6/thinkphp/lang/zh-cn.php
---------------------------------------------------------------

[2022-03-18T04:11:20+08:00] 118.193.34.62 GET admin.mihuanjishupinzhifuwudiyi44.cc/m/allticker/1
[运行时间：0.009364s] [吞吐率：106.79req/s] [内存消耗：1,192.03kb] [文件加载：48]
[ info ] [ LANG ] /www/wwwroot/tongchengmiyue/tp6/thinkphp/lang/zh-cn.php
---------------------------------------------------------------

[2022-03-18T04:11:20+08:00] 118.193.34.62 GET admin.mihuanjishupinzhifuwudiyi44.cc/fePublicInfo/
[运行时间：0.008895s] [吞吐率：112.42req/s] [内存消耗：1,192.03kb] [文件加载：48]
[ info ] [ LANG ] /www/wwwroot/tongchengmiyue/tp6/thinkphp/lang/zh-cn.php
---------------------------------------------------------------

[2022-03-18T04:11:24+08:00] 118.193.34.62 GET admin.mihuanjishupinzhifuwudiyi44.cc/im/in/GetUuid
[运行时间：0.010065s] [吞吐率：99.36req/s] [内存消耗：1,192.03kb] [文件加载：48]
[ info ] [ LANG ] /www/wwwroot/tongchengmiyue/tp6/thinkphp/lang/zh-cn.php
---------------------------------------------------------------

[2022-03-18T04:11:27+08:00] 118.193.34.62 GET admin.mihuanjishupinzhifuwudiyi44.cc/mstock/login
[运行时间：0.009331s] [吞吐率：107.17req/s] [内存消耗：1,192.03kb] [文件加载：48]
[ info ] [ LANG ] /www/wwwroot/tongchengmiyue/tp6/thinkphp/lang/zh-cn.php
---------------------------------------------------------------

[2022-03-18T04:11:29+08:00] 118.193.34.62 GET admin.mihuanjishupinzhifuwudiyi44.cc/im/App/config
[运行时间：0.009229s] [吞吐率：108.35req/s] [内存消耗：1,173.17kb] [文件加载：47]
[ info ] [ LANG ] /www/wwwroot/tongchengmiyue/tp6/thinkphp/lang/zh-cn.php
---------------------------------------------------------------

[2022-03-18T04:11:29+08:00] 118.193.34.62 GET admin.mihuanjishupinzhifuwudiyi44.cc/api/getonLine
[运行时间：0.011925s] [吞吐率：83.86req/s] [内存消耗：1,679.52kb] [文件加载：59]
[ info ] [ LANG ] /www/wwwroot/tongchengmiyue/tp6/thinkphp/lang/zh-cn.php
[ info ] [ ROUTE ] array (
)
[ info ] [ HEADER ] array (
  'cookie' => 'PHPSESSID=vqlh4iqp2j1i7r3uqbhulqcgom',
  'accept-language' => 'en-US,en;q=0.9',
  'content-type' => 'application/x-www-form-urlencoded',
  'connection' => 'keep-alive',
  'accept' => '*/*',
  'accept-encoding' => 'gzip, deflate',
  'user-agent' => 'Mozilla/5.0 (Linux; Android 8.1; EML-L29 Build/HUAWEIEML-L29; xx-xx) AppleWebKit/537.36 (KHTML, like Gecko) Version/4.0 Chrome/65.0.3325.109 Mobile Safari/537.36 (iPad; iPhone; CPU iPhone OS 13_2_3 like Mac OS X)',
  'host' => 'admin.mihuanjishupinzhifuwudiyi44.cc',
  'content-length' => '',
)
[ info ] [ PARAM ] array (
)
---------------------------------------------------------------

[2022-03-18T04:11:34+08:00] 118.193.34.62 POST admin.mihuanjishupinzhifuwudiyi44.cc/kkrp/site/info
[运行时间：0.009078s] [吞吐率：110.16req/s] [内存消耗：1,191.46kb] [文件加载：48]
[ info ] [ LANG ] /www/wwwroot/tongchengmiyue/tp6/thinkphp/lang/zh-cn.php
---------------------------------------------------------------

[2022-03-18T04:11:35+08:00] 118.193.34.62 GET admin.mihuanjishupinzhifuwudiyi44.cc/proxy/settings
[运行时间：0.008940s] [吞吐率：111.86req/s] [内存消耗：1,192.03kb] [文件加载：48]
[ info ] [ LANG ] /www/wwwroot/tongchengmiyue/tp6/thinkphp/lang/zh-cn.php
---------------------------------------------------------------

[2022-03-18T04:11:41+08:00] 118.193.34.62 GET admin.mihuanjishupinzhifuwudiyi44.cc/anquan/qgga.asp
[运行时间：0.011895s] [吞吐率：84.07req/s] [内存消耗：1,192.08kb] [文件加载：48]
[ info ] [ LANG ] /www/wwwroot/tongchengmiyue/tp6/thinkphp/lang/zh-cn.php
---------------------------------------------------------------

[2022-03-18T04:11:41+08:00] 118.193.34.62 GET admin.mihuanjishupinzhifuwudiyi44.cc/api/config-init
[运行时间：0.008727s] [吞吐率：114.59req/s] [内存消耗：1,159.27kb] [文件加载：46]
[ info ] [ LANG ] /www/wwwroot/tongchengmiyue/tp6/thinkphp/lang/zh-cn.php
---------------------------------------------------------------

[2022-03-18T04:11:41+08:00] 118.193.34.62 GET admin.mihuanjishupinzhifuwudiyi44.cc/user/login.html
[运行时间：0.011208s] [吞吐率：89.22req/s] [内存消耗：1,192.08kb] [文件加载：48]
[ info ] [ LANG ] /www/wwwroot/tongchengmiyue/tp6/thinkphp/lang/zh-cn.php
---------------------------------------------------------------

[2022-03-18T04:11:44+08:00] 118.193.34.62 GET admin.mihuanjishupinzhifuwudiyi44.cc/api/apps/config
[运行时间：0.012925s] [吞吐率：77.37req/s] [内存消耗：1,679.52kb] [文件加载：59]
[ info ] [ LANG ] /www/wwwroot/tongchengmiyue/tp6/thinkphp/lang/zh-cn.php
[ info ] [ ROUTE ] array (
)
[ info ] [ HEADER ] array (
  'cookie' => 'PHPSESSID=vqlh4iqp2j1i7r3uqbhulqcgom',
  'accept-language' => 'en-US,en;q=0.9',
  'content-type' => 'application/x-www-form-urlencoded',
  'connection' => 'keep-alive',
  'accept' => '*/*',
  'accept-encoding' => 'gzip, deflate',
  'user-agent' => 'Mozilla/5.0 (Linux; Android 8.1; EML-L29 Build/HUAWEIEML-L29; xx-xx) AppleWebKit/537.36 (KHTML, like Gecko) Version/4.0 Chrome/65.0.3325.109 Mobile Safari/537.36 (iPad; iPhone; CPU iPhone OS 13_2_3 like Mac OS X)',
  'host' => 'admin.mihuanjishupinzhifuwudiyi44.cc',
  'content-length' => '',
)
[ info ] [ PARAM ] array (
)
---------------------------------------------------------------

[2022-03-18T04:11:44+08:00] 118.193.34.62 GET admin.mihuanjishupinzhifuwudiyi44.cc/m/ticker/usdtqc
[运行时间：0.010858s] [吞吐率：92.10req/s] [内存消耗：1,173.17kb] [文件加载：47]
[ info ] [ LANG ] /www/wwwroot/tongchengmiyue/tp6/thinkphp/lang/zh-cn.php
---------------------------------------------------------------

[2022-03-18T04:11:51+08:00] 118.193.34.62 GET admin.mihuanjishupinzhifuwudiyi44.cc/verification.asp
[运行时间：0.008438s] [吞吐率：118.51req/s] [内存消耗：1,173.24kb] [文件加载：47]
[ info ] [ LANG ] /www/wwwroot/tongchengmiyue/tp6/thinkphp/lang/zh-cn.php
---------------------------------------------------------------

[2022-03-18T04:11:54+08:00] 118.193.34.62 POST admin.mihuanjishupinzhifuwudiyi44.cc/auth/oauth/token
[运行时间：0.009330s] [吞吐率：107.18req/s] [内存消耗：1,191.47kb] [文件加载：48]
[ info ] [ LANG ] /www/wwwroot/tongchengmiyue/tp6/thinkphp/lang/zh-cn.php
---------------------------------------------------------------

[2022-03-18T04:11:56+08:00] 118.193.34.62 GET admin.mihuanjishupinzhifuwudiyi44.cc/v2/start/config
[运行时间：0.009740s] [吞吐率：102.67req/s] [内存消耗：1,192.03kb] [文件加载：48]
[ info ] [ LANG ] /www/wwwroot/tongchengmiyue/tp6/thinkphp/lang/zh-cn.php
---------------------------------------------------------------

[2022-03-18T04:11:56+08:00] 118.193.34.62 GET admin.mihuanjishupinzhifuwudiyi44.cc/api/index/config
[运行时间：0.012075s] [吞吐率：82.81req/s] [内存消耗：1,679.53kb] [文件加载：59]
[ info ] [ LANG ] /www/wwwroot/tongchengmiyue/tp6/thinkphp/lang/zh-cn.php
[ info ] [ ROUTE ] array (
)
[ info ] [ HEADER ] array (
  'cookie' => 'PHPSESSID=vqlh4iqp2j1i7r3uqbhulqcgom',
  'accept-language' => 'en-US,en;q=0.9',
  'content-type' => 'application/x-www-form-urlencoded',
  'connection' => 'keep-alive',
  'accept' => '*/*',
  'accept-encoding' => 'gzip, deflate',
  'user-agent' => 'Mozilla/5.0 (Linux; Android 8.1; EML-L29 Build/HUAWEIEML-L29; xx-xx) AppleWebKit/537.36 (KHTML, like Gecko) Version/4.0 Chrome/65.0.3325.109 Mobile Safari/537.36 (iPad; iPhone; CPU iPhone OS 13_2_3 like Mac OS X)',
  'host' => 'admin.mihuanjishupinzhifuwudiyi44.cc',
  'content-length' => '',
)
[ info ] [ PARAM ] array (
)
---------------------------------------------------------------

[2022-03-18T04:11:56+08:00] 118.193.34.62 GET admin.mihuanjishupinzhifuwudiyi44.cc/index/newapi/api
[运行时间：0.009052s] [吞吐率：110.47req/s] [内存消耗：1,192.04kb] [文件加载：48]
[ info ] [ LANG ] /www/wwwroot/tongchengmiyue/tp6/thinkphp/lang/zh-cn.php
---------------------------------------------------------------

[2022-03-18T04:12:02+08:00] 118.193.34.62 GET admin.mihuanjishupinzhifuwudiyi44.cc/Home/Get/getJnd28
[运行时间：0.009092s] [吞吐率：109.99req/s] [内存消耗：1,192.04kb] [文件加载：48]
[ info ] [ LANG ] /www/wwwroot/tongchengmiyue/tp6/thinkphp/lang/zh-cn.php
---------------------------------------------------------------

[2022-03-18T04:12:06+08:00] 118.193.34.62 POST admin.mihuanjishupinzhifuwudiyi44.cc/api/link/platform
[运行时间：0.012676s] [吞吐率：78.89req/s] [内存消耗：1,678.51kb] [文件加载：59]
[ info ] [ LANG ] /www/wwwroot/tongchengmiyue/tp6/thinkphp/lang/zh-cn.php
[ info ] [ ROUTE ] array (
)
[ info ] [ HEADER ] array (
  'content-length' => '0',
  'cookie' => 'PHPSESSID=vqlh4iqp2j1i7r3uqbhulqcgom',
  'accept-language' => 'en-US,en;q=0.9',
  'content-type' => 'application/x-www-form-urlencoded',
  'connection' => 'keep-alive',
  'accept' => '*/*',
  'accept-encoding' => 'gzip, deflate',
  'user-agent' => 'okhttp/3.3.1',
  'host' => 'admin.mihuanjishupinzhifuwudiyi44.cc',
)
[ info ] [ PARAM ] array (
)
---------------------------------------------------------------

[2022-03-18T04:12:06+08:00] 118.193.34.62 GET admin.mihuanjishupinzhifuwudiyi44.cc/mytio/config/base
[运行时间：0.014317s] [吞吐率：69.85req/s] [内存消耗：1,192.04kb] [文件加载：48]
[ info ] [ LANG ] /www/wwwroot/tongchengmiyue/tp6/thinkphp/lang/zh-cn.php
---------------------------------------------------------------

[2022-03-18T04:12:06+08:00] 118.193.34.62 GET admin.mihuanjishupinzhifuwudiyi44.cc/api/lottery/color
[运行时间：0.029871s] [吞吐率：33.48req/s] [内存消耗：2,427.06kb] [文件加载：79]
[ info ] [ LANG ] /www/wwwroot/tongchengmiyue/tp6/thinkphp/lang/zh-cn.php
[ info ] [ ROUTE ] array (
)
[ info ] [ HEADER ] array (
  'cookie' => 'PHPSESSID=vqlh4iqp2j1i7r3uqbhulqcgom',
  'accept-language' => 'en-US,en;q=0.9',
  'content-type' => 'application/x-www-form-urlencoded',
  'connection' => 'keep-alive',
  'accept' => '*/*',
  'accept-encoding' => 'gzip, deflate',
  'user-agent' => 'Mozilla/5.0 (Linux; Android 8.1; EML-L29 Build/HUAWEIEML-L29; xx-xx) AppleWebKit/537.36 (KHTML, like Gecko) Version/4.0 Chrome/65.0.3325.109 Mobile Safari/537.36 (iPad; iPhone; CPU iPhone OS 13_2_3 like Mac OS X)',
  'host' => 'admin.mihuanjishupinzhifuwudiyi44.cc',
  'content-length' => '',
)
[ info ] [ PARAM ] array (
)
---------------------------------------------------------------

[2022-03-18T04:12:06+08:00] 118.193.34.62 GET admin.mihuanjishupinzhifuwudiyi44.cc/api/pc/cms-config
[运行时间：0.017508s] [吞吐率：57.12req/s] [内存消耗：1,679.54kb] [文件加载：59]
[ info ] [ LANG ] /www/wwwroot/tongchengmiyue/tp6/thinkphp/lang/zh-cn.php
[ info ] [ ROUTE ] array (
)
[ info ] [ HEADER ] array (
  'cookie' => 'PHPSESSID=vqlh4iqp2j1i7r3uqbhulqcgom',
  'accept-language' => 'en-US,en;q=0.9',
  'content-type' => 'application/x-www-form-urlencoded',
  'connection' => 'keep-alive',
  'accept' => '*/*',
  'accept-encoding' => 'gzip, deflate',
  'user-agent' => 'Mozilla/5.0 (Linux; Android 8.1; EML-L29 Build/HUAWEIEML-L29; xx-xx) AppleWebKit/537.36 (KHTML, like Gecko) Version/4.0 Chrome/65.0.3325.109 Mobile Safari/537.36 (iPad; iPhone; CPU iPhone OS 13_2_3 like Mac OS X)',
  'host' => 'admin.mihuanjishupinzhifuwudiyi44.cc',
  'content-length' => '',
)
[ info ] [ PARAM ] array (
)
---------------------------------------------------------------

[2022-03-18T04:12:06+08:00] 118.193.34.62 POST admin.mihuanjishupinzhifuwudiyi44.cc/index/indexSymbol
[运行时间：0.009088s] [吞吐率：110.03req/s] [内存消耗：1,191.47kb] [文件加载：48]
[ info ] [ LANG ] /www/wwwroot/tongchengmiyue/tp6/thinkphp/lang/zh-cn.php
---------------------------------------------------------------

[2022-03-18T04:12:27+08:00] 118.193.34.62 POST admin.mihuanjishupinzhifuwudiyi44.cc/api/app/config_new
[运行时间：0.018453s] [吞吐率：54.19req/s] [内存消耗：1,713.38kb] [文件加载：59]
[ info ] [ LANG ] /www/wwwroot/tongchengmiyue/tp6/thinkphp/lang/zh-cn.php
[ info ] [ ROUTE ] array (
)
[ info ] [ HEADER ] array (
  'content-length' => '0',
  'cookie' => 'PHPSESSID=vqlh4iqp2j1i7r3uqbhulqcgom',
  'accept-language' => 'en-US,en;q=0.9',
  'content-type' => 'application/x-www-form-urlencoded',
  'connection' => 'keep-alive',
  'accept' => '*/*',
  'accept-encoding' => 'gzip, deflate',
  'user-agent' => 'Mozilla/5.0 (Linux; Android 8.1; EML-L29 Build/HUAWEIEML-L29; xx-xx) AppleWebKit/537.36 (KHTML, like Gecko) Version/4.0 Chrome/65.0.3325.109 Mobile Safari/537.36 (iPad; iPhone; CPU iPhone OS 13_2_3 like Mac OS X)',
  'host' => 'admin.mihuanjishupinzhifuwudiyi44.cc',
)
[ info ] [ PARAM ] array (
)
---------------------------------------------------------------

[2022-03-18T04:12:29+08:00] 118.193.34.62 GET admin.mihuanjishupinzhifuwudiyi44.cc/api/getconfig.aspx
[运行时间：0.011942s] [吞吐率：83.74req/s] [内存消耗：1,679.58kb] [文件加载：59]
[ info ] [ LANG ] /www/wwwroot/tongchengmiyue/tp6/thinkphp/lang/zh-cn.php
[ info ] [ ROUTE ] array (
)
[ info ] [ HEADER ] array (
  'cookie' => 'PHPSESSID=vqlh4iqp2j1i7r3uqbhulqcgom',
  'accept-language' => 'en-US,en;q=0.9',
  'content-type' => 'application/x-www-form-urlencoded',
  'connection' => 'keep-alive',
  'accept' => '*/*',
  'accept-encoding' => 'gzip, deflate',
  'user-agent' => 'Mozilla/5.0 (Linux; Android 8.1; EML-L29 Build/HUAWEIEML-L29; xx-xx) AppleWebKit/537.36 (KHTML, like Gecko) Version/4.0 Chrome/65.0.3325.109 Mobile Safari/537.36 (iPad; iPhone; CPU iPhone OS 13_2_3 like Mac OS X)',
  'host' => 'admin.mihuanjishupinzhifuwudiyi44.cc',
  'content-length' => '',
)
[ info ] [ PARAM ] array (
)
---------------------------------------------------------------

[2022-03-18T04:12:32+08:00] 118.193.34.62 GET admin.mihuanjishupinzhifuwudiyi44.cc/api/product/info/1
[运行时间：0.013781s] [吞吐率：72.56req/s] [内存消耗：1,679.53kb] [文件加载：59]
[ info ] [ LANG ] /www/wwwroot/tongchengmiyue/tp6/thinkphp/lang/zh-cn.php
[ info ] [ ROUTE ] array (
)
[ info ] [ HEADER ] array (
  'cookie' => 'PHPSESSID=vqlh4iqp2j1i7r3uqbhulqcgom',
  'accept-language' => 'en-US,en;q=0.9',
  'content-type' => 'application/x-www-form-urlencoded',
  'connection' => 'keep-alive',
  'accept' => '*/*',
  'accept-encoding' => 'gzip, deflate',
  'user-agent' => 'Mozilla/5.0 (Linux; Android 8.1; EML-L29 Build/HUAWEIEML-L29; xx-xx) AppleWebKit/537.36 (KHTML, like Gecko) Version/4.0 Chrome/65.0.3325.109 Mobile Safari/537.36 (iPad; iPhone; CPU iPhone OS 13_2_3 like Mac OS X)',
  'host' => 'admin.mihuanjishupinzhifuwudiyi44.cc',
  'content-length' => '',
)
[ info ] [ PARAM ] array (
)
---------------------------------------------------------------

[2022-03-18T04:12:42+08:00] 118.193.34.62 GET admin.mihuanjishupinzhifuwudiyi44.cc/Promotions/list.mvc
[运行时间：0.010115s] [吞吐率：98.86req/s] [内存消耗：1,192.09kb] [文件加载：48]
[ info ] [ LANG ] /www/wwwroot/tongchengmiyue/tp6/thinkphp/lang/zh-cn.php
---------------------------------------------------------------

[2022-03-18T04:12:47+08:00] 118.193.34.62 GET admin.mihuanjishupinzhifuwudiyi44.cc/api/Index/getconfig
[运行时间：0.012355s] [吞吐率：80.94req/s] [内存消耗：1,679.55kb] [文件加载：59]
[ info ] [ LANG ] /www/wwwroot/tongchengmiyue/tp6/thinkphp/lang/zh-cn.php
[ info ] [ ROUTE ] array (
)
[ info ] [ HEADER ] array (
  'cookie' => 'PHPSESSID=vqlh4iqp2j1i7r3uqbhulqcgom',
  'accept-language' => 'en-US,en;q=0.9',
  'content-type' => 'application/x-www-form-urlencoded',
  'connection' => 'keep-alive',
  'accept' => '*/*',
  'accept-encoding' => 'gzip, deflate',
  'user-agent' => 'Mozilla/5.0 (Linux; Android 8.1; EML-L29 Build/HUAWEIEML-L29; xx-xx) AppleWebKit/537.36 (KHTML, like Gecko) Version/4.0 Chrome/65.0.3325.109 Mobile Safari/537.36 (iPad; iPhone; CPU iPhone OS 13_2_3 like Mac OS X)',
  'host' => 'admin.mihuanjishupinzhifuwudiyi44.cc',
  'content-length' => '',
)
[ info ] [ PARAM ] array (
)
---------------------------------------------------------------

[2022-03-18T04:13:02+08:00] 118.193.34.62 GET admin.mihuanjishupinzhifuwudiyi44.cc/api/wallet/redDetail
[运行时间：0.012590s] [吞吐率：79.43req/s] [内存消耗：1,679.55kb] [文件加载：59]
[ info ] [ LANG ] /www/wwwroot/tongchengmiyue/tp6/thinkphp/lang/zh-cn.php
[ info ] [ ROUTE ] array (
)
[ info ] [ HEADER ] array (
  'cookie' => 'PHPSESSID=vqlh4iqp2j1i7r3uqbhulqcgom',
  'accept-language' => 'en-US,en;q=0.9',
  'content-type' => 'application/x-www-form-urlencoded',
  'connection' => 'keep-alive',
  'accept' => '*/*',
  'accept-encoding' => 'gzip, deflate',
  'user-agent' => 'Mozilla/5.0 (Linux; Android 8.1; EML-L29 Build/HUAWEIEML-L29; xx-xx) AppleWebKit/537.36 (KHTML, like Gecko) Version/4.0 Chrome/65.0.3325.109 Mobile Safari/537.36 (iPad; iPhone; CPU iPhone OS 13_2_3 like Mac OS X)',
  'host' => 'admin.mihuanjishupinzhifuwudiyi44.cc',
  'content-length' => '',
)
[ info ] [ PARAM ] array (
)
---------------------------------------------------------------

[2022-03-18T04:13:08+08:00] 118.193.34.62 POST admin.mihuanjishupinzhifuwudiyi44.cc/api/user/mobilelogin
[运行时间：0.013145s] [吞吐率：76.07req/s] [内存消耗：1,679.67kb] [文件加载：59]
[ info ] [ LANG ] /www/wwwroot/tongchengmiyue/tp6/thinkphp/lang/zh-cn.php
[ info ] [ ROUTE ] array (
)
[ info ] [ HEADER ] array (
  'content-length' => '41',
  'cookie' => 'PHPSESSID=vqlh4iqp2j1i7r3uqbhulqcgom',
  'accept-language' => 'en-US,en;q=0.9',
  'content-type' => 'application/x-www-form-urlencoded',
  'connection' => 'keep-alive',
  'accept' => '*/*',
  'accept-encoding' => 'gzip, deflate',
  'user-agent' => 'Mozilla/5.0 (Linux; Android 8.1; EML-L29 Build/HUAWEIEML-L29; xx-xx) AppleWebKit/537.36 (KHTML, like Gecko) Version/4.0 Chrome/65.0.3325.109 Mobile Safari/537.36 (iPad; iPhone; CPU iPhone OS 13_2_3 like Mac OS X)',
  'host' => 'admin.mihuanjishupinzhifuwudiyi44.cc',
)
[ info ] [ PARAM ] array (
  'mobile' => '13818563800',
  'captcha' => '4578',
  'channel' => '0',
)
---------------------------------------------------------------

[2022-03-18T04:13:08+08:00] 118.193.34.62 GET admin.mihuanjishupinzhifuwudiyi44.cc/api/common/getConfig
[运行时间：0.012086s] [吞吐率：82.74req/s] [内存消耗：1,679.55kb] [文件加载：59]
[ info ] [ LANG ] /www/wwwroot/tongchengmiyue/tp6/thinkphp/lang/zh-cn.php
[ info ] [ ROUTE ] array (
)
[ info ] [ HEADER ] array (
  'cookie' => 'PHPSESSID=vqlh4iqp2j1i7r3uqbhulqcgom',
  'accept-language' => 'en-US,en;q=0.9',
  'content-type' => 'application/x-www-form-urlencoded',
  'connection' => 'keep-alive',
  'accept' => '*/*',
  'accept-encoding' => 'gzip, deflate',
  'user-agent' => 'Mozilla/5.0 (Linux; Android 8.1; EML-L29 Build/HUAWEIEML-L29; xx-xx) AppleWebKit/537.36 (KHTML, like Gecko) Version/4.0 Chrome/65.0.3325.109 Mobile Safari/537.36 (iPad; iPhone; CPU iPhone OS 13_2_3 like Mac OS X)',
  'host' => 'admin.mihuanjishupinzhifuwudiyi44.cc',
  'content-length' => '',
)
[ info ] [ PARAM ] array (
)
---------------------------------------------------------------

[2022-03-18T04:13:15+08:00] 118.193.34.62 GET admin.mihuanjishupinzhifuwudiyi44.cc/api/user/ismustmobile
[运行时间：0.013078s] [吞吐率：76.46req/s] [内存消耗：1,679.54kb] [文件加载：59]
[ info ] [ LANG ] /www/wwwroot/tongchengmiyue/tp6/thinkphp/lang/zh-cn.php
[ info ] [ ROUTE ] array (
)
[ info ] [ HEADER ] array (
  'cookie' => 'PHPSESSID=vqlh4iqp2j1i7r3uqbhulqcgom',
  'accept-language' => 'en-US,en;q=0.9',
  'content-type' => 'application/x-www-form-urlencoded',
  'connection' => 'keep-alive',
  'accept' => '*/*',
  'accept-encoding' => 'gzip, deflate',
  'user-agent' => 'Mozilla/5.0 (Linux; Android 8.1; EML-L29 Build/HUAWEIEML-L29; xx-xx) AppleWebKit/537.36 (KHTML, like Gecko) Version/4.0 Chrome/65.0.3325.109 Mobile Safari/537.36 (iPad; iPhone; CPU iPhone OS 13_2_3 like Mac OS X)',
  'host' => 'admin.mihuanjishupinzhifuwudiyi44.cc',
  'content-length' => '',
)
[ info ] [ PARAM ] array (
)
---------------------------------------------------------------

[2022-03-18T04:13:15+08:00] 118.193.34.62 POST admin.mihuanjishupinzhifuwudiyi44.cc/api/user/ismustmobile
[运行时间：0.011788s] [吞吐率：84.83req/s] [内存消耗：1,679.01kb] [文件加载：59]
[ info ] [ LANG ] /www/wwwroot/tongchengmiyue/tp6/thinkphp/lang/zh-cn.php
[ info ] [ ROUTE ] array (
)
[ info ] [ HEADER ] array (
  'content-length' => '0',
  'cookie' => 'PHPSESSID=vqlh4iqp2j1i7r3uqbhulqcgom',
  'accept-language' => 'en-US,en;q=0.9',
  'content-type' => 'application/x-www-form-urlencoded',
  'connection' => 'keep-alive',
  'accept' => '*/*',
  'accept-encoding' => 'gzip, deflate',
  'user-agent' => 'Mozilla/5.0 (Linux; Android 8.1; EML-L29 Build/HUAWEIEML-L29; xx-xx) AppleWebKit/537.36 (KHTML, like Gecko) Version/4.0 Chrome/65.0.3325.109 Mobile Safari/537.36 (iPad; iPhone; CPU iPhone OS 13_2_3 like Mac OS X)',
  'host' => 'admin.mihuanjishupinzhifuwudiyi44.cc',
)
[ info ] [ PARAM ] array (
)
---------------------------------------------------------------

[2022-03-18T05:15:09+08:00] 45.146.165.37 GET 40.83.103.135:443/
[运行时间：0.018298s] [吞吐率：54.65req/s] [内存消耗：2,807.20kb] [文件加载：90]
[ info ] [ LANG ] /www/wwwroot/tongchengmiyue/tp6/thinkphp/lang/zh-cn.php
[ info ] [ ROUTE ] array (
)
[ info ] [ HEADER ] array (
  'connection' => 'close',
  'accept-encoding' => 'gzip',
  'user-agent' => 'Mozilla/5.0 (Windows NT 10.0; Win64; x64) AppleWebKit/537.36 (KHTML, like Gecko) Chrome/78.0.3904.108 Safari/537.36',
  'host' => '40.83.103.135:443',
  'content-type' => '',
  'content-length' => '',
)
[ info ] [ PARAM ] array (
)
---------------------------------------------------------------

[2022-03-18T05:15:15+08:00] 45.146.165.37 GET 40.83.103.135:443/admin/login/index/
[运行时间：0.018638s] [吞吐率：53.65req/s] [内存消耗：2,810.53kb] [文件加载：90]
[ info ] [ LANG ] /www/wwwroot/tongchengmiyue/tp6/thinkphp/lang/zh-cn.php
[ info ] [ ROUTE ] array (
)
[ info ] [ HEADER ] array (
  'connection' => 'close',
  'accept-encoding' => 'gzip',
  'referer' => 'https://40.83.103.135:443/',
  'user-agent' => 'Mozilla/5.0 (Windows NT 10.0; Win64; x64) AppleWebKit/537.36 (KHTML, like Gecko) Chrome/78.0.3904.108 Safari/537.36',
  'host' => '40.83.103.135:443',
  'content-type' => '',
  'content-length' => '',
)
[ info ] [ PARAM ] array (
)
[ info ] [ VIEW ] /www/wwwroot/tongchengmiyue/tp6/application/admin/view/login/index.html [ array (
) ]
---------------------------------------------------------------

[2022-03-18T06:01:23+08:00] 109.237.103.123 GET 40.83.103.135/.env
[运行时间：0.030180s] [吞吐率：33.13req/s] [内存消耗：2,807.99kb] [文件加载：90]
[ info ] [ LANG ] /www/wwwroot/tongchengmiyue/tp6/thinkphp/lang/zh-cn.php
[ info ] [ ROUTE ] array (
)
[ info ] [ HEADER ] array (
  'connection' => 'keep-alive',
  'accept' => '*/*',
  'accept-encoding' => 'gzip, deflate',
  'user-agent' => 'Mozilla/5.0 (X11; Linux x86_64) AppleWebKit/537.36 (KHTML, like Gecko) Chrome/81.0.4044.129 Safari/537.36',
  'host' => '40.83.103.135',
  'content-type' => '',
  'content-length' => '',
)
[ info ] [ PARAM ] array (
)
---------------------------------------------------------------

[2022-03-18T06:57:47+08:00] 109.237.103.38 GET 40.83.103.135/.env
[运行时间：0.026668s] [吞吐率：37.50req/s] [内存消耗：2,807.99kb] [文件加载：90]
[ info ] [ LANG ] /www/wwwroot/tongchengmiyue/tp6/thinkphp/lang/zh-cn.php
[ info ] [ ROUTE ] array (
)
[ info ] [ HEADER ] array (
  'connection' => 'keep-alive',
  'accept' => '*/*',
  'accept-encoding' => 'gzip, deflate',
  'user-agent' => 'Mozilla/5.0 (X11; Linux x86_64) AppleWebKit/537.36 (KHTML, like Gecko) Chrome/81.0.4044.129 Safari/537.36',
  'host' => '40.83.103.135',
  'content-type' => '',
  'content-length' => '',
)
[ info ] [ PARAM ] array (
)
---------------------------------------------------------------

[2022-03-18T09:44:54+08:00] 120.52.152.20 GET admin.mihuanjishupinzhifuwudiyi44.cc/
[运行时间：0.045270s] [吞吐率：22.09req/s] [内存消耗：2,807.60kb] [文件加载：90]
[ info ] [ LANG ] /www/wwwroot/tongchengmiyue/tp6/thinkphp/lang/zh-cn.php
[ info ] [ ROUTE ] array (
)
[ info ] [ HEADER ] array (
  'connection' => 'close',
  'accept-language' => 'zh-CN,zh;q=0.8',
  'accept-charset' => 'GBK,utf-8;q=0.7,*;q=0.3',
  'accept' => 'text/html,application/xhtml+xml,application/xml;q=0.9,*/*;q=0.8',
  'user-agent' => 'Mozilla/5.0 (Windows NT 6.1) AppleWebKit/537.36 (KHTML, like Gecko) Chrome/49.0.2623.112 Safari/537.36',
  'host' => 'admin.mihuanjishupinzhifuwudiyi44.cc',
  'content-type' => '',
  'content-length' => '',
)
[ info ] [ PARAM ] array (
)
---------------------------------------------------------------

[2022-03-18T09:44:55+08:00] 120.52.152.20 GET admin.mihuanjishupinzhifuwudiyi44.cc/admin/login/index/
[运行时间：0.020733s] [吞吐率：48.23req/s] [内存消耗：2,811.62kb] [文件加载：90]
[ info ] [ LANG ] /www/wwwroot/tongchengmiyue/tp6/thinkphp/lang/zh-cn.php
[ info ] [ ROUTE ] array (
)
[ info ] [ HEADER ] array (
  'connection' => 'close',
  'referer' => 'http://admin.mihuanjishupinzhifuwudiyi44.cc',
  'accept-language' => 'zh-CN,zh;q=0.8',
  'accept-charset' => 'GBK,utf-8;q=0.7,*;q=0.3',
  'accept' => 'text/html,application/xhtml+xml,application/xml;q=0.9,*/*;q=0.8',
  'user-agent' => 'Mozilla/5.0 (Windows NT 6.1) AppleWebKit/537.36 (KHTML, like Gecko) Chrome/49.0.2623.112 Safari/537.36',
  'host' => 'admin.mihuanjishupinzhifuwudiyi44.cc',
  'content-type' => '',
  'content-length' => '',
)
[ info ] [ PARAM ] array (
)
[ info ] [ VIEW ] /www/wwwroot/tongchengmiyue/tp6/application/admin/view/login/index.html [ array (
) ]
---------------------------------------------------------------

[2022-03-18T09:50:57+08:00] 20.115.73.244 GET /
[运行时间：0.029624s] [吞吐率：33.76req/s] [内存消耗：2,806.18kb] [文件加载：90]
[ info ] [ LANG ] /www/wwwroot/tongchengmiyue/tp6/thinkphp/lang/zh-cn.php
[ info ] [ ROUTE ] array (
)
[ info ] [ HEADER ] array (
  'content-type' => '',
  'content-length' => '',
)
[ info ] [ PARAM ] array (
)
---------------------------------------------------------------

[2022-03-18T11:34:53+08:00] 162.142.125.7 GET 40.83.103.135:443/
[运行时间：0.059283s] [吞吐率：16.87req/s] [内存消耗：2,806.43kb] [文件加载：90]
[ info ] [ LANG ] /www/wwwroot/tongchengmiyue/tp6/thinkphp/lang/zh-cn.php
[ info ] [ ROUTE ] array (
)
[ info ] [ HEADER ] array (
  'host' => '40.83.103.135:443',
  'content-type' => '',
  'content-length' => '',
)
[ info ] [ PARAM ] array (
)
---------------------------------------------------------------

[2022-03-18T11:34:53+08:00] 162.142.125.7 GET 40.83.103.135/
[运行时间：0.019604s] [吞吐率：51.01req/s] [内存消耗：2,806.97kb] [文件加载：90]
[ info ] [ LANG ] /www/wwwroot/tongchengmiyue/tp6/thinkphp/lang/zh-cn.php
[ info ] [ ROUTE ] array (
)
[ info ] [ HEADER ] array (
  'accept-encoding' => 'gzip',
  'accept' => '*/*',
  'user-agent' => 'Mozilla/5.0 (compatible; CensysInspect/1.1; +https://about.censys.io/)',
  'host' => '40.83.103.135',
  'content-type' => '',
  'content-length' => '',
)
[ info ] [ PARAM ] array (
)
---------------------------------------------------------------

[2022-03-18T11:34:54+08:00] 162.142.125.7 GET 40.83.103.135/admin/login/index/
[运行时间：0.021374s] [吞吐率：46.79req/s] [内存消耗：2,810.33kb] [文件加载：90]
[ info ] [ LANG ] /www/wwwroot/tongchengmiyue/tp6/thinkphp/lang/zh-cn.php
[ info ] [ ROUTE ] array (
)
[ info ] [ HEADER ] array (
  'accept-encoding' => 'gzip',
  'accept' => '*/*',
  'user-agent' => 'Mozilla/5.0 (compatible; CensysInspect/1.1; +https://about.censys.io/)',
  'host' => '40.83.103.135',
  'content-type' => '',
  'content-length' => '',
)
[ info ] [ PARAM ] array (
)
[ info ] [ VIEW ] /www/wwwroot/tongchengmiyue/tp6/application/admin/view/login/index.html [ array (
) ]
---------------------------------------------------------------

[2022-03-18T11:52:05+08:00] 109.237.103.118 GET 40.83.103.135/.env
[运行时间：0.018300s] [吞吐率：54.64req/s] [内存消耗：2,807.99kb] [文件加载：90]
[ info ] [ LANG ] /www/wwwroot/tongchengmiyue/tp6/thinkphp/lang/zh-cn.php
[ info ] [ ROUTE ] array (
)
[ info ] [ HEADER ] array (
  'connection' => 'keep-alive',
  'accept' => '*/*',
  'accept-encoding' => 'gzip, deflate',
  'user-agent' => 'Mozilla/5.0 (X11; Linux x86_64) AppleWebKit/537.36 (KHTML, like Gecko) Chrome/81.0.4044.129 Safari/537.36',
  'host' => '40.83.103.135',
  'content-type' => '',
  'content-length' => '',
)
[ info ] [ PARAM ] array (
)
---------------------------------------------------------------

[2022-03-18T12:58:56+08:00] 192.241.212.101 GET 40.83.103.135/ecp/Current/exporttool/microsoft.exchange.ediscovery.exporttool.application
[运行时间：0.018094s] [吞吐率：55.27req/s] [内存消耗：1,192.27kb] [文件加载：48]
[ info ] [ LANG ] /www/wwwroot/tongchengmiyue/tp6/thinkphp/lang/zh-cn.php
---------------------------------------------------------------

[2022-03-18T13:02:09+08:00] 192.241.223.167 GET 40.83.103.135/owa/auth/logon.aspx?url=https%3a%2f%2f1%2fecp%2f
[运行时间：0.015275s] [吞吐率：65.47req/s] [内存消耗：1,192.10kb] [文件加载：48]
[ info ] [ LANG ] /www/wwwroot/tongchengmiyue/tp6/thinkphp/lang/zh-cn.php
---------------------------------------------------------------

[2022-03-18T14:08:39+08:00] 65.49.20.68 GET 40.83.103.135/
[运行时间：0.040960s] [吞吐率：24.41req/s] [内存消耗：2,806.39kb] [文件加载：90]
[ info ] [ LANG ] /www/wwwroot/tongchengmiyue/tp6/thinkphp/lang/zh-cn.php
[ info ] [ ROUTE ] array (
)
[ info ] [ HEADER ] array (
  'host' => '40.83.103.135',
  'content-type' => '',
  'content-length' => '',
)
[ info ] [ PARAM ] array (
)
---------------------------------------------------------------

[2022-03-18T15:05:21+08:00] 137.184.51.110 GET 40.83.103.135/flu/403.html
[运行时间：0.018148s] [吞吐率：55.10req/s] [内存消耗：1,192.08kb] [文件加载：48]
[ info ] [ LANG ] /www/wwwroot/tongchengmiyue/tp6/thinkphp/lang/zh-cn.php
---------------------------------------------------------------

[2022-03-18T15:05:24+08:00] 137.184.51.110 GET 40.83.103.135/
[运行时间：0.028127s] [吞吐率：35.55req/s] [内存消耗：2,807.20kb] [文件加载：90]
[ info ] [ LANG ] /www/wwwroot/tongchengmiyue/tp6/thinkphp/lang/zh-cn.php
[ info ] [ ROUTE ] array (
)
[ info ] [ HEADER ] array (
  'connection' => 'keep-alive',
  'accept' => '*/*',
  'accept-encoding' => 'gzip, deflate',
  'user-agent' => 'Mozilla/5.0 (Windows NT 10.0; Win64; x64) AppleWebKit/537.36 (KHTML, like Gecko) Chrome/74.0.3729.169 Safari/537.36',
  'host' => '40.83.103.135',
  'content-type' => '',
  'content-length' => '',
)
[ info ] [ PARAM ] array (
)
---------------------------------------------------------------

[2022-03-18T15:05:25+08:00] 137.184.51.110 GET 40.83.103.135/admin/login/index/
[运行时间：0.024991s] [吞吐率：40.01req/s] [内存消耗：2,810.66kb] [文件加载：90]
[ info ] [ LANG ] /www/wwwroot/tongchengmiyue/tp6/thinkphp/lang/zh-cn.php
[ info ] [ ROUTE ] array (
)
[ info ] [ HEADER ] array (
  'cookie' => 'PHPSESSID=8l4a67qrnrlbp5apad880okcog',
  'connection' => 'keep-alive',
  'accept' => '*/*',
  'accept-encoding' => 'gzip, deflate',
  'user-agent' => 'Mozilla/5.0 (Windows NT 10.0; Win64; x64) AppleWebKit/537.36 (KHTML, like Gecko) Chrome/74.0.3729.169 Safari/537.36',
  'host' => '40.83.103.135',
  'content-type' => '',
  'content-length' => '',
)
[ info ] [ PARAM ] array (
)
[ info ] [ VIEW ] /www/wwwroot/tongchengmiyue/tp6/application/admin/view/login/index.html [ array (
) ]
---------------------------------------------------------------

[2022-03-18T16:43:43+08:00] 52.243.92.221 GET 40.83.103.135/.env
[运行时间：0.041164s] [吞吐率：24.29req/s] [内存消耗：2,808.24kb] [文件加载：90]
[ info ] [ LANG ] /www/wwwroot/tongchengmiyue/tp6/thinkphp/lang/zh-cn.php
[ info ] [ ROUTE ] array (
)
[ info ] [ HEADER ] array (
  'connection' => 'keep-alive',
  'accept' => '*/*',
  'accept-encoding' => 'gzip, deflate',
  'user-agent' => 'Mozilla/5.0 (Linux; U; Android 4.4.2; en-US; HM NOTE 1W Build/KOT49H) AppleWebKit/534.30 (KHTML, like Gecko) Version/4.0 UCBrowser/11.0.5.850 U3/0.8.0 Mobile Safari/534.30',
  'host' => '40.83.103.135',
  'content-type' => '',
  'content-length' => '',
)
[ info ] [ PARAM ] array (
)
---------------------------------------------------------------

[2022-03-18T16:43:43+08:00] 52.243.92.221 POST 40.83.103.135/
[运行时间：0.035427s] [吞吐率：28.23req/s] [内存消耗：3,674.36kb] [文件加载：95]
[ info ] [ LANG ] /www/wwwroot/tongchengmiyue/tp6/thinkphp/lang/zh-cn.php
[ info ] [ ROUTE ] array (
)
[ info ] [ HEADER ] array (
  'content-type' => 'application/x-www-form-urlencoded',
  'content-length' => '20',
  'connection' => 'keep-alive',
  'accept' => '*/*',
  'accept-encoding' => 'gzip, deflate',
  'user-agent' => 'Mozilla/5.0 (Linux; U; Android 4.4.2; en-US; HM NOTE 1W Build/KOT49H) AppleWebKit/534.30 (KHTML, like Gecko) Version/4.0 UCBrowser/11.0.5.850 U3/0.8.0 Mobile Safari/534.30',
  'host' => '40.83.103.135',
)
[ info ] [ PARAM ] array (
  '0x' => 
  array (
    0 => 'androxgh0st',
  ),
)
[ info ] [ DB ] INIT mysql
[ sql ] [ DB ] CONNECT:[ UseTime:0.000413s ] mysql:host=127.0.0.1;dbname=tcmy;charset=utf8
[ sql ] [ SQL ] SHOW COLUMNS FROM `user_log` [ RunTime:0.000857s ]
[ sql ] [ SQL ] INSERT INTO `user_log` (`url` , `param` , `ip` , `uid` , `uname`) VALUES ('/' , '{\"0x\":[\"androxgh0st\"]}' , '52.243.92.221' , NULL , NULL) [ RunTime:0.000325s ]
---------------------------------------------------------------

[2022-03-18T16:49:13+08:00] 172.70.9.76 GET admin.mihuanjishupinzhifuwudiyi44.cc/
[运行时间：0.018069s] [吞吐率：55.34req/s] [内存消耗：2,807.98kb] [文件加载：90]
[ info ] [ LANG ] /www/wwwroot/tongchengmiyue/tp6/thinkphp/lang/zh-cn.php
[ info ] [ ROUTE ] array (
)
[ info ] [ HEADER ] array (
  'connection' => 'keep-alive',
  'accept' => '*/*',
  'accept-encoding' => 'gzip, deflate',
  'user-agent' => 'Mozilla/5.0 (Macintosh; Intel Mac OS X 10_15_7) AppleWebKit/537.36 (KHTML, like Gecko) Chrome/92.0.4515.107 Safari/537.36 (compatible; +https://developers.cloudflare.com/security-center/)',
  'sentry-trace' => 'b58abadbd12b4c9283e9a96e08eedbef-96b4d5123f261dc4-',
  'host' => 'admin.mihuanjishupinzhifuwudiyi44.cc',
  'content-type' => '',
  'content-length' => '',
)
[ info ] [ PARAM ] array (
)
---------------------------------------------------------------

[2022-03-18T16:49:14+08:00] 172.70.9.76 GET admin.mihuanjishupinzhifuwudiyi44.cc/admin/login/index/
[运行时间：0.020270s] [吞吐率：49.33req/s] [内存消耗：2,811.50kb] [文件加载：90]
[ info ] [ LANG ] /www/wwwroot/tongchengmiyue/tp6/thinkphp/lang/zh-cn.php
[ info ] [ ROUTE ] array (
)
[ info ] [ HEADER ] array (
  'cookie' => 'PHPSESSID=s4srhidcg24mhfb5lrgpmdesmd',
  'connection' => 'keep-alive',
  'accept' => '*/*',
  'accept-encoding' => 'gzip, deflate',
  'user-agent' => 'Mozilla/5.0 (Macintosh; Intel Mac OS X 10_15_7) AppleWebKit/537.36 (KHTML, like Gecko) Chrome/92.0.4515.107 Safari/537.36 (compatible; +https://developers.cloudflare.com/security-center/)',
  'sentry-trace' => '16a4c34e2929490b9f579899743f0d60-a2e28dec4335d15a-',
  'host' => 'admin.mihuanjishupinzhifuwudiyi44.cc',
  'content-type' => '',
  'content-length' => '',
)
[ info ] [ PARAM ] array (
)
[ info ] [ VIEW ] /www/wwwroot/tongchengmiyue/tp6/application/admin/view/login/index.html [ array (
) ]
---------------------------------------------------------------

[2022-03-18T17:31:22+08:00] 172.70.6.22 GET admin.mihuanjishupinzhifuwudiyi44.cc/
[运行时间：0.020385s] [吞吐率：49.06req/s] [内存消耗：2,806.97kb] [文件加载：90]
[ info ] [ LANG ] /www/wwwroot/tongchengmiyue/tp6/thinkphp/lang/zh-cn.php
[ info ] [ ROUTE ] array (
)
[ info ] [ HEADER ] array (
  'user-agent' => 'python-urllib3/1.26.8',
  'sentry-trace' => '8ff5f15b98bf4311b03ae8b398b9ec6e-8cbbf8b33fb34602-',
  'accept-encoding' => 'identity',
  'host' => 'admin.mihuanjishupinzhifuwudiyi44.cc',
  'content-type' => '',
  'content-length' => '',
)
[ info ] [ PARAM ] array (
)
---------------------------------------------------------------

[2022-03-18T17:31:23+08:00] 172.70.6.22 GET admin.mihuanjishupinzhifuwudiyi44.cc/admin/login/index/
[运行时间：0.019647s] [吞吐率：50.90req/s] [内存消耗：2,810.33kb] [文件加载：90]
[ info ] [ LANG ] /www/wwwroot/tongchengmiyue/tp6/thinkphp/lang/zh-cn.php
[ info ] [ ROUTE ] array (
)
[ info ] [ HEADER ] array (
  'user-agent' => 'python-urllib3/1.26.8',
  'sentry-trace' => '2ca8f6a0cf4c45f1afa7b1d81ab57495-9989c40d527eb26b-',
  'accept-encoding' => 'identity',
  'host' => 'admin.mihuanjishupinzhifuwudiyi44.cc',
  'content-type' => '',
  'content-length' => '',
)
[ info ] [ PARAM ] array (
)
[ info ] [ VIEW ] /www/wwwroot/tongchengmiyue/tp6/application/admin/view/login/index.html [ array (
) ]
---------------------------------------------------------------

[2022-03-18T17:31:23+08:00] 172.70.6.22 GET admin.mihuanjishupinzhifuwudiyi44.cc/
[运行时间：0.018591s] [吞吐率：53.79req/s] [内存消耗：2,806.97kb] [文件加载：90]
[ info ] [ LANG ] /www/wwwroot/tongchengmiyue/tp6/thinkphp/lang/zh-cn.php
[ info ] [ ROUTE ] array (
)
[ info ] [ HEADER ] array (
  'user-agent' => 'python-urllib3/1.26.8',
  'sentry-trace' => 'b1c6f66d93d447e284f3daa6ef1aea5d-a862be78488c2b25-',
  'accept-encoding' => 'identity',
  'host' => 'admin.mihuanjishupinzhifuwudiyi44.cc',
  'content-type' => '',
  'content-length' => '',
)
[ info ] [ PARAM ] array (
)
---------------------------------------------------------------

[2022-03-18T17:31:23+08:00] 172.70.6.22 GET admin.mihuanjishupinzhifuwudiyi44.cc/admin/login/index/
[运行时间：0.019645s] [吞吐率：50.90req/s] [内存消耗：2,810.33kb] [文件加载：90]
[ info ] [ LANG ] /www/wwwroot/tongchengmiyue/tp6/thinkphp/lang/zh-cn.php
[ info ] [ ROUTE ] array (
)
[ info ] [ HEADER ] array (
  'user-agent' => 'python-urllib3/1.26.8',
  'sentry-trace' => 'a94306794b974f33be0ca47cc209af2b-bed17b80170f61f5-',
  'accept-encoding' => 'identity',
  'host' => 'admin.mihuanjishupinzhifuwudiyi44.cc',
  'content-type' => '',
  'content-length' => '',
)
[ info ] [ PARAM ] array (
)
[ info ] [ VIEW ] /www/wwwroot/tongchengmiyue/tp6/application/admin/view/login/index.html [ array (
) ]
---------------------------------------------------------------

[2022-03-18T17:31:24+08:00] 172.70.6.22 GET admin.mihuanjishupinzhifuwudiyi44.cc/
[运行时间：0.019059s] [吞吐率：52.47req/s] [内存消耗：2,806.97kb] [文件加载：90]
[ info ] [ LANG ] /www/wwwroot/tongchengmiyue/tp6/thinkphp/lang/zh-cn.php
[ info ] [ ROUTE ] array (
)
[ info ] [ HEADER ] array (
  'user-agent' => 'python-urllib3/1.26.8',
  'sentry-trace' => '5641bd470bfb4ff1a2493cd7804dee6c-beb4463f5ab944e0-',
  'accept-encoding' => 'identity',
  'host' => 'admin.mihuanjishupinzhifuwudiyi44.cc',
  'content-type' => '',
  'content-length' => '',
)
[ info ] [ PARAM ] array (
)
---------------------------------------------------------------

[2022-03-18T17:31:24+08:00] 172.70.6.22 GET admin.mihuanjishupinzhifuwudiyi44.cc/admin/login/index/
[运行时间：0.018311s] [吞吐率：54.61req/s] [内存消耗：2,810.33kb] [文件加载：90]
[ info ] [ LANG ] /www/wwwroot/tongchengmiyue/tp6/thinkphp/lang/zh-cn.php
[ info ] [ ROUTE ] array (
)
[ info ] [ HEADER ] array (
  'user-agent' => 'python-urllib3/1.26.8',
  'sentry-trace' => '1449ab44434f4034a4fea78a499dc6cc-9318ecce5947d466-',
  'accept-encoding' => 'identity',
  'host' => 'admin.mihuanjishupinzhifuwudiyi44.cc',
  'content-type' => '',
  'content-length' => '',
)
[ info ] [ PARAM ] array (
)
[ info ] [ VIEW ] /www/wwwroot/tongchengmiyue/tp6/application/admin/view/login/index.html [ array (
) ]
---------------------------------------------------------------

[2022-03-18T18:17:45+08:00] 178.73.215.171 GET /
[运行时间：0.020885s] [吞吐率：47.88req/s] [内存消耗：2,806.32kb] [文件加载：90]
[ info ] [ LANG ] /www/wwwroot/tongchengmiyue/tp6/thinkphp/lang/zh-cn.php
[ info ] [ ROUTE ] array (
)
[ info ] [ HEADER ] array (
  'accept' => '*/*',
  'content-type' => '',
  'content-length' => '',
)
[ info ] [ PARAM ] array (
)
---------------------------------------------------------------

[2022-03-18T18:38:23+08:00] 81.39.111.122 GET 40.83.103.135/
[运行时间：0.018913s] [吞吐率：52.87req/s] [内存消耗：2,806.75kb] [文件加载：90]
[ info ] [ LANG ] /www/wwwroot/tongchengmiyue/tp6/thinkphp/lang/zh-cn.php
[ info ] [ ROUTE ] array (
)
[ info ] [ HEADER ] array (
  'accept-encoding' => 'gzip',
  'accept' => '*/*',
  'user-agent' => 'Mozilla/5.0 zgrab/0.x',
  'host' => '40.83.103.135',
  'content-type' => '',
  'content-length' => '',
)
[ info ] [ PARAM ] array (
)
---------------------------------------------------------------

[2022-03-18T20:44:42+08:00] 34.140.248.32 GET 40.83.103.135/
[运行时间：0.047504s] [吞吐率：21.05req/s] [内存消耗：2,807.91kb] [文件加载：90]
[ info ] [ LANG ] /www/wwwroot/tongchengmiyue/tp6/thinkphp/lang/zh-cn.php
[ info ] [ ROUTE ] array (
)
[ info ] [ HEADER ] array (
  'x-datadog-sampling-priority' => '1',
  'x-datadog-parent-id' => '15667841337674424572',
  'x-datadog-trace-id' => '4869400062414353733',
  'connection' => 'keep-alive',
  'accept' => '*/*',
  'accept-encoding' => 'gzip, deflate',
  'user-agent' => 'python-requests/2.27.1',
  'host' => '40.83.103.135',
  'content-type' => '',
  'content-length' => '',
)
[ info ] [ PARAM ] array (
)
---------------------------------------------------------------

[2022-03-18T23:21:52+08:00] 192.241.226.105 GET 40.83.103.135/actuator/health
[运行时间：0.022062s] [吞吐率：45.33req/s] [内存消耗：1,192.04kb] [文件加载：48]
[ info ] [ LANG ] /www/wwwroot/tongchengmiyue/tp6/thinkphp/lang/zh-cn.php
