---------------------------------------------------------------

[2022-03-19T00:55:09+08:00] 183.136.225.14 GET 40.83.103.135/
[运行时间：0.043545s] [吞吐率：22.96req/s] [内存消耗：2,806.96kb] [文件加载：90]
[ info ] [ LANG ] /www/wwwroot/tongchengmiyue/tp6/thinkphp/lang/zh-cn.php
[ info ] [ ROUTE ] array (
)
[ info ] [ HEADER ] array (
  'connection' => 'keep-alive',
  'accept' => '*/*',
  'user-agent' => 'Mozilla/5.0 (Macintosh; Intel Mac OS X 10.11; rv:47.0) Gecko/20100101 Firefox/47.0',
  'host' => '40.83.103.135',
  'content-type' => '',
  'content-length' => '',
)
[ info ] [ PARAM ] array (
)
---------------------------------------------------------------

[2022-03-19T00:55:09+08:00] 183.136.225.14 GET 40.83.103.135/
[运行时间：0.020236s] [吞吐率：49.42req/s] [内存消耗：2,807.48kb] [文件加载：90]
[ info ] [ LANG ] /www/wwwroot/tongchengmiyue/tp6/thinkphp/lang/zh-cn.php
[ info ] [ ROUTE ] array (
)
[ info ] [ HEADER ] array (
  'connection' => 'close',
  'accept-encoding' => 'gzip',
  'referer' => 'http://40.83.103.135:443',
  'accept' => '*/*',
  'user-agent' => 'Mozilla/5.0 (Windows NT 6.1; WOW64) AppleWebKit/537.36 (KHTML, like Gecko) Chrome/63.0.3239.132 Safari/537.36 QIHU 360SE',
  'host' => '40.83.103.135',
  'content-type' => '',
  'content-length' => '',
)
[ info ] [ PARAM ] array (
)
---------------------------------------------------------------

[2022-03-19T00:55:10+08:00] 183.136.225.14 GET 40.83.103.135/admin/login/index/
[运行时间：0.020356s] [吞吐率：49.13req/s] [内存消耗：2,810.65kb] [文件加载：90]
[ info ] [ LANG ] /www/wwwroot/tongchengmiyue/tp6/thinkphp/lang/zh-cn.php
[ info ] [ ROUTE ] array (
)
[ info ] [ HEADER ] array (
  'connection' => 'close',
  'accept-encoding' => 'gzip',
  'referer' => 'https://40.83.103.135/',
  'accept' => '*/*',
  'user-agent' => 'Mozilla/5.0 (Windows NT 6.1; WOW64) AppleWebKit/537.36 (KHTML, like Gecko) Chrome/63.0.3239.132 Safari/537.36 QIHU 360SE',
  'host' => '40.83.103.135',
  'content-type' => '',
  'content-length' => '',
)
[ info ] [ PARAM ] array (
)
[ info ] [ VIEW ] /www/wwwroot/tongchengmiyue/tp6/application/admin/view/login/index.html [ array (
) ]
---------------------------------------------------------------

[2022-03-19T00:55:17+08:00] 183.136.225.14 GET 40.83.103.135/admin/login/index/
[运行时间：0.017836s] [吞吐率：56.07req/s] [内存消耗：2,810.49kb] [文件加载：90]
[ info ] [ LANG ] /www/wwwroot/tongchengmiyue/tp6/thinkphp/lang/zh-cn.php
[ info ] [ ROUTE ] array (
)
[ info ] [ HEADER ] array (
  'connection' => 'close',
  'accept-encoding' => 'gzip',
  'accept' => '*/*',
  'user-agent' => 'Mozilla/5.0 (Windows NT 6.1; WOW64) AppleWebKit/537.36 (KHTML, like Gecko) Chrome/63.0.3239.132 Safari/537.36 QIHU 360SE',
  'host' => '40.83.103.135',
  'content-type' => '',
  'content-length' => '',
)
[ info ] [ PARAM ] array (
)
[ info ] [ VIEW ] /www/wwwroot/tongchengmiyue/tp6/application/admin/view/login/index.html [ array (
) ]
---------------------------------------------------------------

[2022-03-19T01:25:24+08:00] 45.146.165.37 GET 40.83.103.135:443/index.php?s=/Index/\think\app/invokefunction&function=call_user_func_array&vars[0]=md5&vars[1][]=HelloThinkPHP21
[运行时间：0.010338s] [吞吐率：96.73req/s] [内存消耗：1,159.34kb] [文件加载：46]
[ info ] [ LANG ] /www/wwwroot/tongchengmiyue/tp6/thinkphp/lang/zh-cn.php
---------------------------------------------------------------

[2022-03-19T02:02:12+08:00] 45.146.165.37 GET 40.83.103.135:443/?XDEBUG_SESSION_START=phpstorm
[运行时间：0.052414s] [吞吐率：19.08req/s] [内存消耗：3,674.53kb] [文件加载：95]
[ info ] [ LANG ] /www/wwwroot/tongchengmiyue/tp6/thinkphp/lang/zh-cn.php
[ info ] [ ROUTE ] array (
)
[ info ] [ HEADER ] array (
  'connection' => 'close',
  'accept-encoding' => 'gzip',
  'user-agent' => 'Mozilla/5.0 (Windows NT 10.0; Win64; x64) AppleWebKit/537.36 (KHTML, like Gecko) Chrome/78.0.3904.108 Safari/537.36',
  'host' => '40.83.103.135:443',
  'content-type' => '',
  'content-length' => '',
)
[ info ] [ PARAM ] array (
  'XDEBUG_SESSION_START' => 'phpstorm',
)
[ info ] [ DB ] INIT mysql
[ sql ] [ DB ] CONNECT:[ UseTime:0.000383s ] mysql:host=127.0.0.1;dbname=tcmy;charset=utf8
[ sql ] [ SQL ] SHOW COLUMNS FROM `user_log` [ RunTime:0.000831s ]
[ sql ] [ SQL ] INSERT INTO `user_log` (`url` , `param` , `ip` , `uid` , `uname`) VALUES ('/' , '{\"XDEBUG_SESSION_START\":\"phpstorm\"}' , '45.146.165.37' , NULL , NULL) [ RunTime:0.000332s ]
---------------------------------------------------------------

[2022-03-19T02:02:19+08:00] 45.146.165.37 GET 40.83.103.135:443/admin/login/index/
[运行时间：0.021274s] [吞吐率：47.01req/s] [内存消耗：2,810.78kb] [文件加载：90]
[ info ] [ LANG ] /www/wwwroot/tongchengmiyue/tp6/thinkphp/lang/zh-cn.php
[ info ] [ ROUTE ] array (
)
[ info ] [ HEADER ] array (
  'connection' => 'close',
  'accept-encoding' => 'gzip',
  'referer' => 'https://40.83.103.135:443/?XDEBUG_SESSION_START=phpstorm',
  'user-agent' => 'Mozilla/5.0 (Windows NT 10.0; Win64; x64) AppleWebKit/537.36 (KHTML, like Gecko) Chrome/78.0.3904.108 Safari/537.36',
  'host' => '40.83.103.135:443',
  'content-type' => '',
  'content-length' => '',
)
[ info ] [ PARAM ] array (
)
[ info ] [ VIEW ] /www/wwwroot/tongchengmiyue/tp6/application/admin/view/login/index.html [ array (
) ]
---------------------------------------------------------------

[2022-03-19T02:08:13+08:00] 185.56.83.82 GET 40.83.103.135/
[运行时间：0.017697s] [吞吐率：56.51req/s] [内存消耗：2,806.93kb] [文件加载：90]
[ info ] [ LANG ] /www/wwwroot/tongchengmiyue/tp6/thinkphp/lang/zh-cn.php
[ info ] [ ROUTE ] array (
)
[ info ] [ HEADER ] array (
  'accept' => '*/*',
  'user-agent' => 'Mozilla/5.0 (Macintosh; Intel Mac OS X 10_11_6) AppleWebKit/601.7.7 (KHTML, like Gecko) Version/9.1.2 Safari/601.7.7',
  'host' => '40.83.103.135',
  'content-type' => '',
  'content-length' => '',
)
[ info ] [ PARAM ] array (
)
---------------------------------------------------------------

[2022-03-19T02:19:36+08:00] 170.130.187.42 GET 40.83.103.135:443/
[运行时间：0.028746s] [吞吐率：34.79req/s] [内存消耗：2,806.69kb] [文件加载：90]
[ info ] [ LANG ] /www/wwwroot/tongchengmiyue/tp6/thinkphp/lang/zh-cn.php
[ info ] [ ROUTE ] array (
)
[ info ] [ HEADER ] array (
  'user-agent' => 'https://gdnplus.com:Gather Analyze Provide.',
  'host' => '40.83.103.135:443',
  'content-type' => '',
  'content-length' => '',
)
[ info ] [ PARAM ] array (
)
---------------------------------------------------------------

[2022-03-19T02:19:37+08:00] 170.130.187.42 GET 40.83.103.135:443/admin/login/index/
[运行时间：0.021735s] [吞吐率：46.01req/s] [内存消耗：2,809.92kb] [文件加载：90]
[ info ] [ LANG ] /www/wwwroot/tongchengmiyue/tp6/thinkphp/lang/zh-cn.php
[ info ] [ ROUTE ] array (
)
[ info ] [ HEADER ] array (
  'user-agent' => 'https://gdnplus.com:Gather Analyze Provide.',
  'host' => '40.83.103.135:443',
  'content-type' => '',
  'content-length' => '',
)
[ info ] [ PARAM ] array (
)
[ info ] [ VIEW ] /www/wwwroot/tongchengmiyue/tp6/application/admin/view/login/index.html [ array (
) ]
---------------------------------------------------------------

[2022-03-19T02:27:04+08:00] 45.146.165.37 POST 40.83.103.135:443/mifs/.;/services/LogService
[运行时间：0.011173s] [吞吐率：89.50req/s] [内存消耗：1,158.80kb] [文件加载：46]
[ info ] [ LANG ] /www/wwwroot/tongchengmiyue/tp6/thinkphp/lang/zh-cn.php
---------------------------------------------------------------

[2022-03-19T02:35:32+08:00] 192.241.216.13 GET 40.83.103.135/
[运行时间：0.019335s] [吞吐率：51.72req/s] [内存消耗：2,806.75kb] [文件加载：90]
[ info ] [ LANG ] /www/wwwroot/tongchengmiyue/tp6/thinkphp/lang/zh-cn.php
[ info ] [ ROUTE ] array (
)
[ info ] [ HEADER ] array (
  'accept-encoding' => 'gzip',
  'accept' => '*/*',
  'user-agent' => 'Mozilla/5.0 zgrab/0.x',
  'host' => '40.83.103.135',
  'content-type' => '',
  'content-length' => '',
)
[ info ] [ PARAM ] array (
)
---------------------------------------------------------------

[2022-03-19T04:08:37+08:00] 172.70.8.196 GET admin.mihuanjishupinzhifuwudiyi44.cc/
[运行时间：0.038830s] [吞吐率：25.75req/s] [内存消耗：2,807.98kb] [文件加载：90]
[ info ] [ LANG ] /www/wwwroot/tongchengmiyue/tp6/thinkphp/lang/zh-cn.php
[ info ] [ ROUTE ] array (
)
[ info ] [ HEADER ] array (
  'connection' => 'keep-alive',
  'accept' => '*/*',
  'accept-encoding' => 'gzip, deflate',
  'user-agent' => 'Mozilla/5.0 (Macintosh; Intel Mac OS X 10_15_7) AppleWebKit/537.36 (KHTML, like Gecko) Chrome/92.0.4515.107 Safari/537.36 (compatible; +https://developers.cloudflare.com/security-center/)',
  'sentry-trace' => 'ebcf947d9a954978a35599f31505c91c-b65223f6444e18cf-',
  'host' => 'admin.mihuanjishupinzhifuwudiyi44.cc',
  'content-type' => '',
  'content-length' => '',
)
[ info ] [ PARAM ] array (
)
---------------------------------------------------------------

[2022-03-19T04:17:07+08:00] 209.17.96.170 GET 40.83.103.135:443/
[运行时间：0.019114s] [吞吐率：52.32req/s] [内存消耗：2,806.75kb] [文件加载：90]
[ info ] [ LANG ] /www/wwwroot/tongchengmiyue/tp6/thinkphp/lang/zh-cn.php
[ info ] [ ROUTE ] array (
)
[ info ] [ HEADER ] array (
  'user-agent' => 'Mozilla/5.0 (compatible; Nimbostratus-Bot/v1.3.2; http://cloudsystemnetworks.com)',
  'host' => '40.83.103.135:443',
  'content-type' => '',
  'content-length' => '',
)
[ info ] [ PARAM ] array (
)
---------------------------------------------------------------

[2022-03-19T04:17:08+08:00] 209.17.96.170 GET 40.83.103.135:443/admin/login/index/
[运行时间：0.025688s] [吞吐率：38.93req/s] [内存消耗：2,810.05kb] [文件加载：90]
[ info ] [ LANG ] /www/wwwroot/tongchengmiyue/tp6/thinkphp/lang/zh-cn.php
[ info ] [ ROUTE ] array (
)
[ info ] [ HEADER ] array (
  'user-agent' => 'Mozilla/5.0 (compatible; Nimbostratus-Bot/v1.3.2; http://cloudsystemnetworks.com)',
  'host' => '40.83.103.135:443',
  'content-type' => '',
  'content-length' => '',
)
[ info ] [ PARAM ] array (
)
[ info ] [ VIEW ] /www/wwwroot/tongchengmiyue/tp6/application/admin/view/login/index.html [ array (
) ]
---------------------------------------------------------------

[2022-03-19T04:56:05+08:00] 45.146.165.37 GET 40.83.103.135:443/_ignition/execute-solution
[运行时间：0.011392s] [吞吐率：87.78req/s] [内存消耗：1,159.34kb] [文件加载：46]
[ info ] [ LANG ] /www/wwwroot/tongchengmiyue/tp6/thinkphp/lang/zh-cn.php
---------------------------------------------------------------

[2022-03-19T05:51:43+08:00] 162.142.125.9 GET 40.83.103.135:443/
[运行时间：0.050781s] [吞吐率：19.69req/s] [内存消耗：2,806.43kb] [文件加载：90]
[ info ] [ LANG ] /www/wwwroot/tongchengmiyue/tp6/thinkphp/lang/zh-cn.php
[ info ] [ ROUTE ] array (
)
[ info ] [ HEADER ] array (
  'host' => '40.83.103.135:443',
  'content-type' => '',
  'content-length' => '',
)
[ info ] [ PARAM ] array (
)
---------------------------------------------------------------

[2022-03-19T05:51:43+08:00] 162.142.125.9 GET 40.83.103.135/
[运行时间：0.018948s] [吞吐率：52.78req/s] [内存消耗：2,806.97kb] [文件加载：90]
[ info ] [ LANG ] /www/wwwroot/tongchengmiyue/tp6/thinkphp/lang/zh-cn.php
[ info ] [ ROUTE ] array (
)
[ info ] [ HEADER ] array (
  'accept-encoding' => 'gzip',
  'accept' => '*/*',
  'user-agent' => 'Mozilla/5.0 (compatible; CensysInspect/1.1; +https://about.censys.io/)',
  'host' => '40.83.103.135',
  'content-type' => '',
  'content-length' => '',
)
[ info ] [ PARAM ] array (
)
---------------------------------------------------------------

[2022-03-19T05:51:44+08:00] 162.142.125.9 GET 40.83.103.135/admin/login/index/
[运行时间：0.020575s] [吞吐率：48.60req/s] [内存消耗：2,810.33kb] [文件加载：90]
[ info ] [ LANG ] /www/wwwroot/tongchengmiyue/tp6/thinkphp/lang/zh-cn.php
[ info ] [ ROUTE ] array (
)
[ info ] [ HEADER ] array (
  'accept-encoding' => 'gzip',
  'accept' => '*/*',
  'user-agent' => 'Mozilla/5.0 (compatible; CensysInspect/1.1; +https://about.censys.io/)',
  'host' => '40.83.103.135',
  'content-type' => '',
  'content-length' => '',
)
[ info ] [ PARAM ] array (
)
[ info ] [ VIEW ] /www/wwwroot/tongchengmiyue/tp6/application/admin/view/login/index.html [ array (
) ]
---------------------------------------------------------------

[2022-03-19T05:53:06+08:00] 45.146.165.37 GET 40.83.103.135:443/
[运行时间：0.018890s] [吞吐率：52.94req/s] [内存消耗：2,807.20kb] [文件加载：90]
[ info ] [ LANG ] /www/wwwroot/tongchengmiyue/tp6/thinkphp/lang/zh-cn.php
[ info ] [ ROUTE ] array (
)
[ info ] [ HEADER ] array (
  'connection' => 'close',
  'accept-encoding' => 'gzip',
  'user-agent' => 'Mozilla/5.0 (Windows NT 10.0; Win64; x64) AppleWebKit/537.36 (KHTML, like Gecko) Chrome/78.0.3904.108 Safari/537.36',
  'host' => '40.83.103.135:443',
  'content-type' => '',
  'content-length' => '',
)
[ info ] [ PARAM ] array (
)
---------------------------------------------------------------

[2022-03-19T05:53:08+08:00] 45.146.165.37 GET 40.83.103.135:443/admin/login/index/
[运行时间：0.018550s] [吞吐率：53.91req/s] [内存消耗：2,810.53kb] [文件加载：90]
[ info ] [ LANG ] /www/wwwroot/tongchengmiyue/tp6/thinkphp/lang/zh-cn.php
[ info ] [ ROUTE ] array (
)
[ info ] [ HEADER ] array (
  'connection' => 'close',
  'accept-encoding' => 'gzip',
  'referer' => 'https://40.83.103.135:443/',
  'user-agent' => 'Mozilla/5.0 (Windows NT 10.0; Win64; x64) AppleWebKit/537.36 (KHTML, like Gecko) Chrome/78.0.3904.108 Safari/537.36',
  'host' => '40.83.103.135:443',
  'content-type' => '',
  'content-length' => '',
)
[ info ] [ PARAM ] array (
)
[ info ] [ VIEW ] /www/wwwroot/tongchengmiyue/tp6/application/admin/view/login/index.html [ array (
) ]
---------------------------------------------------------------

[2022-03-19T06:36:11+08:00] 45.146.165.37 GET 40.83.103.135:443/
[运行时间：0.036545s] [吞吐率：27.36req/s] [内存消耗：2,807.24kb] [文件加载：90]
[ info ] [ LANG ] /www/wwwroot/tongchengmiyue/tp6/thinkphp/lang/zh-cn.php
[ info ] [ ROUTE ] array (
)
[ info ] [ HEADER ] array (
  'connection' => 'close',
  'accept-encoding' => 'gzip',
  'content-type' => 'application/json',
  'user-agent' => 'Mozilla/5.0 (Windows NT 10.0; Win64; x64) AppleWebKit/537.36 (KHTML, like Gecko) Chrome/78.0.3904.108 Safari/537.36',
  'host' => '40.83.103.135:443',
  'content-length' => '',
)
[ info ] [ PARAM ] array (
)
---------------------------------------------------------------

[2022-03-19T06:36:16+08:00] 45.146.165.37 GET 40.83.103.135:443/admin/login/index/
[运行时间：0.020196s] [吞吐率：49.51req/s] [内存消耗：2,810.63kb] [文件加载：90]
[ info ] [ LANG ] /www/wwwroot/tongchengmiyue/tp6/thinkphp/lang/zh-cn.php
[ info ] [ ROUTE ] array (
)
[ info ] [ HEADER ] array (
  'connection' => 'close',
  'accept-encoding' => 'gzip',
  'referer' => 'https://40.83.103.135:443',
  'content-type' => 'application/json',
  'user-agent' => 'Mozilla/5.0 (Windows NT 10.0; Win64; x64) AppleWebKit/537.36 (KHTML, like Gecko) Chrome/78.0.3904.108 Safari/537.36',
  'host' => '40.83.103.135:443',
  'content-length' => '',
)
[ info ] [ PARAM ] array (
)
[ info ] [ VIEW ] /www/wwwroot/tongchengmiyue/tp6/application/admin/view/login/index.html [ array (
) ]
---------------------------------------------------------------

[2022-03-19T07:25:08+08:00] 103.213.96.234 GET 40.83.103.135/
[运行时间：0.019834s] [吞吐率：50.42req/s] [内存消耗：2,807.57kb] [文件加载：90]
[ info ] [ LANG ] /www/wwwroot/tongchengmiyue/tp6/thinkphp/lang/zh-cn.php
[ info ] [ ROUTE ] array (
)
[ info ] [ HEADER ] array (
  'accept' => 'text/html,application/xhtml+xml,application/xml;q=0.9,image/avif,image/webp,image/apng,*/*;q=0.8,application/signed-exchange;v=b3;q=0.9',
  'accept-charset' => 'GBK,utf-8;q=0.7,*;q=0.3',
  'accept-language' => 'zh-CN,zh;q=0.8,en-US;q=0.5,en;q=0.3',
  'user-agent' => 'Mozilla/5.0 (Windows NT 10.0; Win64; x64; rv:79.0) Gecko/20100101 Firefox/79.0',
  'host' => '40.83.103.135',
  'content-type' => '',
  'content-length' => '',
)
[ info ] [ PARAM ] array (
)
---------------------------------------------------------------

[2022-03-19T07:25:11+08:00] 103.213.96.234 GET 40.83.103.135/admin/login/index
[运行时间：0.018144s] [吞吐率：55.11req/s] [内存消耗：2,811.16kb] [文件加载：90]
[ info ] [ LANG ] /www/wwwroot/tongchengmiyue/tp6/thinkphp/lang/zh-cn.php
[ info ] [ ROUTE ] array (
)
[ info ] [ HEADER ] array (
  'accept' => 'text/html,application/xhtml+xml,application/xml;q=0.9,image/avif,image/webp,image/apng,*/*;q=0.8,application/signed-exchange;v=b3;q=0.9',
  'accept-charset' => 'GBK,utf-8;q=0.7,*;q=0.3',
  'accept-language' => 'zh-CN,zh;q=0.8,en-US;q=0.5,en;q=0.3',
  'user-agent' => 'Mozilla/5.0 (Windows NT 10.0; Win64; x64; rv:79.0) Gecko/20100101 Firefox/79.0',
  'cookie' => 'PHPSESSID=1m7mu63ejci4teeodk860rkhmu; path=/; HttpOnly',
  'host' => '40.83.103.135',
  'content-type' => '',
  'content-length' => '',
)
[ info ] [ PARAM ] array (
)
[ info ] [ VIEW ] /www/wwwroot/tongchengmiyue/tp6/application/admin/view/login/index.html [ array (
) ]
---------------------------------------------------------------

[2022-03-19T08:22:37+08:00] 45.146.165.37 GET 40.83.103.135:443/
[运行时间：0.028546s] [吞吐率：35.03req/s] [内存消耗：2,807.20kb] [文件加载：90]
[ info ] [ LANG ] /www/wwwroot/tongchengmiyue/tp6/thinkphp/lang/zh-cn.php
[ info ] [ ROUTE ] array (
)
[ info ] [ HEADER ] array (
  'connection' => 'close',
  'accept-encoding' => 'gzip',
  'user-agent' => 'Mozilla/5.0 (Windows NT 10.0; Win64; x64) AppleWebKit/537.36 (KHTML, like Gecko) Chrome/78.0.3904.108 Safari/537.36',
  'host' => '40.83.103.135:443',
  'content-type' => '',
  'content-length' => '',
)
[ info ] [ PARAM ] array (
)
---------------------------------------------------------------

[2022-03-19T08:22:44+08:00] 45.146.165.37 GET 40.83.103.135:443/admin/login/index/
[运行时间：0.022912s] [吞吐率：43.65req/s] [内存消耗：2,810.53kb] [文件加载：90]
[ info ] [ LANG ] /www/wwwroot/tongchengmiyue/tp6/thinkphp/lang/zh-cn.php
[ info ] [ ROUTE ] array (
)
[ info ] [ HEADER ] array (
  'connection' => 'close',
  'accept-encoding' => 'gzip',
  'referer' => 'https://40.83.103.135:443/',
  'user-agent' => 'Mozilla/5.0 (Windows NT 10.0; Win64; x64) AppleWebKit/537.36 (KHTML, like Gecko) Chrome/78.0.3904.108 Safari/537.36',
  'host' => '40.83.103.135:443',
  'content-type' => '',
  'content-length' => '',
)
[ info ] [ PARAM ] array (
)
[ info ] [ VIEW ] /www/wwwroot/tongchengmiyue/tp6/application/admin/view/login/index.html [ array (
) ]
---------------------------------------------------------------

[2022-03-19T09:37:10+08:00] 20.127.235.22 GET /
[运行时间：0.046019s] [吞吐率：21.73req/s] [内存消耗：2,806.18kb] [文件加载：90]
[ info ] [ LANG ] /www/wwwroot/tongchengmiyue/tp6/thinkphp/lang/zh-cn.php
[ info ] [ ROUTE ] array (
)
[ info ] [ HEADER ] array (
  'content-type' => '',
  'content-length' => '',
)
[ info ] [ PARAM ] array (
)
---------------------------------------------------------------

[2022-03-19T09:37:37+08:00] 103.203.57.10 GET 40.83.103.135/
[运行时间：0.023902s] [吞吐率：41.84req/s] [内存消耗：2,807.10kb] [文件加载：90]
[ info ] [ LANG ] /www/wwwroot/tongchengmiyue/tp6/thinkphp/lang/zh-cn.php
[ info ] [ ROUTE ] array (
)
[ info ] [ HEADER ] array (
  'connection' => 'close',
  'accept-encoding' => 'gzip',
  'user-agent' => 'Mozilla/5.0 (Windows NT 10.0; WOW64) AppleWebKit/537.36 (KHTML, like Gecko) Chrome/45.0.2454.101 Safari/537.36',
  'host' => '40.83.103.135',
  'content-type' => '',
  'content-length' => '',
)
[ info ] [ PARAM ] array (
)
---------------------------------------------------------------

[2022-03-19T11:05:45+08:00] 64.62.197.32 GET 40.83.103.135/
[运行时间：0.062321s] [吞吐率：16.05req/s] [内存消耗：2,806.39kb] [文件加载：90]
[ info ] [ LANG ] /www/wwwroot/tongchengmiyue/tp6/thinkphp/lang/zh-cn.php
[ info ] [ ROUTE ] array (
)
[ info ] [ HEADER ] array (
  'host' => '40.83.103.135',
  'content-type' => '',
  'content-length' => '',
)
[ info ] [ PARAM ] array (
)
---------------------------------------------------------------

[2022-03-19T12:39:48+08:00] 162.142.125.213 GET 40.83.103.135:443/
[运行时间：0.048798s] [吞吐率：20.49req/s] [内存消耗：2,806.43kb] [文件加载：90]
[ info ] [ LANG ] /www/wwwroot/tongchengmiyue/tp6/thinkphp/lang/zh-cn.php
[ info ] [ ROUTE ] array (
)
[ info ] [ HEADER ] array (
  'host' => '40.83.103.135:443',
  'content-type' => '',
  'content-length' => '',
)
[ info ] [ PARAM ] array (
)
---------------------------------------------------------------

[2022-03-19T12:39:49+08:00] 162.142.125.213 GET 40.83.103.135/
[运行时间：0.019269s] [吞吐率：51.90req/s] [内存消耗：2,806.97kb] [文件加载：90]
[ info ] [ LANG ] /www/wwwroot/tongchengmiyue/tp6/thinkphp/lang/zh-cn.php
[ info ] [ ROUTE ] array (
)
[ info ] [ HEADER ] array (
  'accept-encoding' => 'gzip',
  'accept' => '*/*',
  'user-agent' => 'Mozilla/5.0 (compatible; CensysInspect/1.1; +https://about.censys.io/)',
  'host' => '40.83.103.135',
  'content-type' => '',
  'content-length' => '',
)
[ info ] [ PARAM ] array (
)
---------------------------------------------------------------

[2022-03-19T12:39:50+08:00] 162.142.125.213 GET 40.83.103.135/admin/login/index/
[运行时间：0.020758s] [吞吐率：48.17req/s] [内存消耗：2,810.33kb] [文件加载：90]
[ info ] [ LANG ] /www/wwwroot/tongchengmiyue/tp6/thinkphp/lang/zh-cn.php
[ info ] [ ROUTE ] array (
)
[ info ] [ HEADER ] array (
  'accept-encoding' => 'gzip',
  'accept' => '*/*',
  'user-agent' => 'Mozilla/5.0 (compatible; CensysInspect/1.1; +https://about.censys.io/)',
  'host' => '40.83.103.135',
  'content-type' => '',
  'content-length' => '',
)
[ info ] [ PARAM ] array (
)
[ info ] [ VIEW ] /www/wwwroot/tongchengmiyue/tp6/application/admin/view/login/index.html [ array (
) ]
---------------------------------------------------------------

[2022-03-19T13:04:38+08:00] 192.241.213.101 GET 40.83.103.135/ecp/Current/exporttool/microsoft.exchange.ediscovery.exporttool.application
[运行时间：0.011864s] [吞吐率：84.29req/s] [内存消耗：1,192.27kb] [文件加载：48]
[ info ] [ LANG ] /www/wwwroot/tongchengmiyue/tp6/thinkphp/lang/zh-cn.php
---------------------------------------------------------------

[2022-03-19T13:06:00+08:00] 192.241.222.63 GET 40.83.103.135/owa/auth/logon.aspx?url=https%3a%2f%2f1%2fecp%2f
[运行时间：0.011150s] [吞吐率：89.69req/s] [内存消耗：1,192.10kb] [文件加载：48]
[ info ] [ LANG ] /www/wwwroot/tongchengmiyue/tp6/thinkphp/lang/zh-cn.php
---------------------------------------------------------------

[2022-03-19T13:53:36+08:00] 139.162.145.250 GET 40.83.103.135/bag2
[运行时间：0.009363s] [吞吐率：106.80req/s] [内存消耗：1,192.03kb] [文件加载：48]
[ info ] [ LANG ] /www/wwwroot/tongchengmiyue/tp6/thinkphp/lang/zh-cn.php
---------------------------------------------------------------

[2022-03-19T15:36:15+08:00] 8.214.87.1 GET 40.83.103.135/
[运行时间：0.041041s] [吞吐率：24.37req/s] [内存消耗：2,806.75kb] [文件加载：90]
[ info ] [ LANG ] /www/wwwroot/tongchengmiyue/tp6/thinkphp/lang/zh-cn.php
[ info ] [ ROUTE ] array (
)
[ info ] [ HEADER ] array (
  'accept-encoding' => 'gzip',
  'accept' => '*/*',
  'user-agent' => 'Mozilla/5.0 zgrab/0.x',
  'host' => '40.83.103.135',
  'content-type' => '',
  'content-length' => '',
)
[ info ] [ PARAM ] array (
)
---------------------------------------------------------------

[2022-03-19T16:20:43+08:00] 45.146.165.168 GET 40.83.103.135/spog/welcome
[运行时间：0.014377s] [吞吐率：69.55req/s] [内存消耗：1,192.04kb] [文件加载：48]
[ info ] [ LANG ] /www/wwwroot/tongchengmiyue/tp6/thinkphp/lang/zh-cn.php
---------------------------------------------------------------

[2022-03-19T16:20:44+08:00] 45.146.165.168 GET 40.83.103.135/cgi-bin/welcome
[运行时间：0.009447s] [吞吐率：105.86req/s] [内存消耗：1,192.04kb] [文件加载：48]
[ info ] [ LANG ] /www/wwwroot/tongchengmiyue/tp6/thinkphp/lang/zh-cn.php
---------------------------------------------------------------

[2022-03-19T18:08:16+08:00] 167.71.180.188 GET 40.83.103.135/
[运行时间：0.051480s] [吞吐率：19.42req/s] [内存消耗：2,807.20kb] [文件加载：90]
[ info ] [ LANG ] /www/wwwroot/tongchengmiyue/tp6/thinkphp/lang/zh-cn.php
[ info ] [ ROUTE ] array (
)
[ info ] [ HEADER ] array (
  'connection' => 'close',
  'accept-encoding' => 'gzip',
  'accept-charset' => 'utf-8',
  'user-agent' => 'Mozilla/5.0 (Windows NT 6.1; WOW64) AppleWebKit/537.36 (KHTML, like Gecko) Chrome/76.0.3809.100 Safari/537.36',
  'host' => '40.83.103.135',
  'content-type' => '',
  'content-length' => '',
)
[ info ] [ PARAM ] array (
)
---------------------------------------------------------------

[2022-03-19T18:24:00+08:00] 162.142.125.212 GET 40.83.103.135:443/
[运行时间：0.018816s] [吞吐率：53.15req/s] [内存消耗：2,806.43kb] [文件加载：90]
[ info ] [ LANG ] /www/wwwroot/tongchengmiyue/tp6/thinkphp/lang/zh-cn.php
[ info ] [ ROUTE ] array (
)
[ info ] [ HEADER ] array (
  'host' => '40.83.103.135:443',
  'content-type' => '',
  'content-length' => '',
)
[ info ] [ PARAM ] array (
)
---------------------------------------------------------------

[2022-03-19T18:24:00+08:00] 162.142.125.212 GET 40.83.103.135/
[运行时间：0.018733s] [吞吐率：53.38req/s] [内存消耗：2,806.97kb] [文件加载：90]
[ info ] [ LANG ] /www/wwwroot/tongchengmiyue/tp6/thinkphp/lang/zh-cn.php
[ info ] [ ROUTE ] array (
)
[ info ] [ HEADER ] array (
  'accept-encoding' => 'gzip',
  'accept' => '*/*',
  'user-agent' => 'Mozilla/5.0 (compatible; CensysInspect/1.1; +https://about.censys.io/)',
  'host' => '40.83.103.135',
  'content-type' => '',
  'content-length' => '',
)
[ info ] [ PARAM ] array (
)
---------------------------------------------------------------

[2022-03-19T18:24:01+08:00] 162.142.125.212 GET 40.83.103.135/admin/login/index/
[运行时间：0.030558s] [吞吐率：32.72req/s] [内存消耗：2,810.33kb] [文件加载：90]
[ info ] [ LANG ] /www/wwwroot/tongchengmiyue/tp6/thinkphp/lang/zh-cn.php
[ info ] [ ROUTE ] array (
)
[ info ] [ HEADER ] array (
  'accept-encoding' => 'gzip',
  'accept' => '*/*',
  'user-agent' => 'Mozilla/5.0 (compatible; CensysInspect/1.1; +https://about.censys.io/)',
  'host' => '40.83.103.135',
  'content-type' => '',
  'content-length' => '',
)
[ info ] [ PARAM ] array (
)
[ info ] [ VIEW ] /www/wwwroot/tongchengmiyue/tp6/application/admin/view/login/index.html [ array (
) ]
---------------------------------------------------------------

[2022-03-19T18:45:32+08:00] 109.237.103.9 GET 40.83.103.135/.env
[运行时间：0.019516s] [吞吐率：51.24req/s] [内存消耗：2,807.99kb] [文件加载：90]
[ info ] [ LANG ] /www/wwwroot/tongchengmiyue/tp6/thinkphp/lang/zh-cn.php
[ info ] [ ROUTE ] array (
)
[ info ] [ HEADER ] array (
  'connection' => 'keep-alive',
  'accept' => '*/*',
  'accept-encoding' => 'gzip, deflate',
  'user-agent' => 'Mozilla/5.0 (X11; Linux x86_64) AppleWebKit/537.36 (KHTML, like Gecko) Chrome/81.0.4044.129 Safari/537.36',
  'host' => '40.83.103.135',
  'content-type' => '',
  'content-length' => '',
)
[ info ] [ PARAM ] array (
)
---------------------------------------------------------------

[2022-03-19T18:46:46+08:00] 138.99.216.224 GET 40.83.103.135/remote/fgt_lang?lang=/../../../..//////////dev/cmdb/sslvpn_websession
[运行时间：0.012019s] [吞吐率：83.20req/s] [内存消耗：1,192.04kb] [文件加载：48]
[ info ] [ LANG ] /www/wwwroot/tongchengmiyue/tp6/thinkphp/lang/zh-cn.php
---------------------------------------------------------------

[2022-03-19T19:46:37+08:00] 59.55.230.232 GET admin.mihuanjishupinzhifuwudiyi44.cc/api/system/base
[运行时间：0.057904s] [吞吐率：17.27req/s] [内存消耗：3,260.68kb] [文件加载：79]
[ info ] [ LANG ] /www/wwwroot/tongchengmiyue/tp6/thinkphp/lang/zh-cn.php
[ info ] [ ROUTE ] array (
)
[ info ] [ HEADER ] array (
  'accept-language' => 'zh,zh-CN;q=0.9,en-US;q=0.8,en;q=0.7',
  'accept-encoding' => 'gzip, deflate, br',
  'referer' => 'https://www.mihuanjishupinzhifuwudiyi50.cc/',
  'sec-fetch-site' => 'cross-site',
  'x-requested-with' => 'com.mdcm.hengyao',
  'sec-fetch-mode' => 'cors',
  'user-agent' => 'meimaweb-android',
  'origin' => 'https://www.mihuanjishupinzhifuwudiyi50.cc',
  'accept' => 'application/json, text/plain, */*',
  'host' => 'admin.mihuanjishupinzhifuwudiyi44.cc',
  'content-type' => '',
  'content-length' => '',
)
[ info ] [ PARAM ] array (
)
[ info ] [ DB ] INIT mysql
[ sql ] [ DB ] CONNECT:[ UseTime:0.000425s ] mysql:host=127.0.0.1;dbname=tcmy;charset=utf8
[ sql ] [ SQL ] SHOW COLUMNS FROM `system` [ RunTime:0.001082s ]
[ sql ] [ SQL ] SELECT * FROM `system` WHERE  `key` = 'base' LIMIT 1 [ RunTime:0.000331s ]
---------------------------------------------------------------

[2022-03-19T19:46:37+08:00] 59.55.230.232 GET admin.mihuanjishupinzhifuwudiyi44.cc/api/system/config
[运行时间：0.103335s] [吞吐率：9.68req/s] [内存消耗：3,411.39kb] [文件加载：82]
[ info ] [ LANG ] /www/wwwroot/tongchengmiyue/tp6/thinkphp/lang/zh-cn.php
[ info ] [ ROUTE ] array (
)
[ info ] [ HEADER ] array (
  'accept-language' => 'zh,zh-CN;q=0.9,en-US;q=0.8,en;q=0.7',
  'accept-encoding' => 'gzip, deflate, br',
  'referer' => 'https://www.mihuanjishupinzhifuwudiyi50.cc/',
  'sec-fetch-site' => 'cross-site',
  'x-requested-with' => 'com.mdcm.hengyao',
  'sec-fetch-mode' => 'cors',
  'user-agent' => 'meimaweb-android',
  'origin' => 'https://www.mihuanjishupinzhifuwudiyi50.cc',
  'accept' => 'application/json, text/plain, */*',
  'host' => 'admin.mihuanjishupinzhifuwudiyi44.cc',
  'content-type' => '',
  'content-length' => '',
)
[ info ] [ PARAM ] array (
)
[ info ] [ DB ] INIT mysql
[ sql ] [ DB ] CONNECT:[ UseTime:0.000425s ] mysql:host=127.0.0.1;dbname=tcmy;charset=utf8
[ sql ] [ SQL ] SHOW COLUMNS FROM `notice` [ RunTime:0.001083s ]
[ sql ] [ SQL ] SELECT `text` FROM `notice` WHERE  `hot` = 1  AND `status` = 1 LIMIT 1 [ RunTime:0.000330s ]
[ sql ] [ SQL ] SHOW COLUMNS FROM `banner` [ RunTime:0.000633s ]
[ sql ] [ SQL ] SELECT * FROM `banner` WHERE  `status` = 1 [ RunTime:0.000287s ]
[ sql ] [ SQL ] SHOW COLUMNS FROM `video` [ RunTime:0.000638s ]
[ sql ] [ SQL ] SELECT * FROM `video` WHERE  `vod_status` = 1  AND `vod_hot` = 1 ORDER BY `id` ASC [ RunTime:0.009277s ]
[ sql ] [ SQL ] SELECT * FROM `video` WHERE  `vod_status` = 1 ORDER BY rand(),`id` ASC LIMIT 8 [ RunTime:0.034700s ]
---------------------------------------------------------------

[2022-03-19T19:46:37+08:00] 59.55.230.232 GET admin.mihuanjishupinzhifuwudiyi44.cc/api/Lottery/hotLottery
[运行时间：0.024107s] [吞吐率：41.48req/s] [内存消耗：3,333.46kb] [文件加载：81]
[ info ] [ LANG ] /www/wwwroot/tongchengmiyue/tp6/thinkphp/lang/zh-cn.php
[ info ] [ ROUTE ] array (
)
[ info ] [ HEADER ] array (
  'accept-language' => 'zh,zh-CN;q=0.9,en-US;q=0.8,en;q=0.7',
  'accept-encoding' => 'gzip, deflate, br',
  'referer' => 'https://www.mihuanjishupinzhifuwudiyi50.cc/',
  'sec-fetch-site' => 'cross-site',
  'x-requested-with' => 'com.mdcm.hengyao',
  'sec-fetch-mode' => 'cors',
  'user-agent' => 'meimaweb-android',
  'origin' => 'https://www.mihuanjishupinzhifuwudiyi50.cc',
  'accept' => 'application/json, text/plain, */*',
  'host' => 'admin.mihuanjishupinzhifuwudiyi44.cc',
  'content-type' => '',
  'content-length' => '',
)
[ info ] [ PARAM ] array (
)
[ info ] [ DB ] INIT mysql
[ sql ] [ DB ] CONNECT:[ UseTime:0.000408s ] mysql:host=127.0.0.1;dbname=tcmy;charset=utf8
[ sql ] [ SQL ] SHOW COLUMNS FROM `lottery` [ RunTime:0.000787s ]
[ sql ] [ SQL ] SELECT * FROM `lottery` WHERE  `status` = 1  AND `hot` = 1 ORDER BY `id` ASC [ RunTime:0.000386s ]
---------------------------------------------------------------

[2022-03-19T20:22:43+08:00] 172.70.9.74 GET admin.mihuanjishupinzhifuwudiyi44.cc/
[运行时间：0.027100s] [吞吐率：36.90req/s] [内存消耗：2,807.98kb] [文件加载：90]
[ info ] [ LANG ] /www/wwwroot/tongchengmiyue/tp6/thinkphp/lang/zh-cn.php
[ info ] [ ROUTE ] array (
)
[ info ] [ HEADER ] array (
  'connection' => 'keep-alive',
  'accept' => '*/*',
  'accept-encoding' => 'gzip, deflate',
  'user-agent' => 'Mozilla/5.0 (Macintosh; Intel Mac OS X 10_15_7) AppleWebKit/537.36 (KHTML, like Gecko) Chrome/92.0.4515.107 Safari/537.36 (compatible; +https://developers.cloudflare.com/security-center/)',
  'sentry-trace' => '34df2d6e52c64ccf8a546773b3dad088-a00a04920e653bd5-',
  'host' => 'admin.mihuanjishupinzhifuwudiyi44.cc',
  'content-type' => '',
  'content-length' => '',
)
[ info ] [ PARAM ] array (
)
---------------------------------------------------------------

[2022-03-19T20:22:44+08:00] 172.70.9.74 GET admin.mihuanjishupinzhifuwudiyi44.cc/admin/login/index/
[运行时间：0.022222s] [吞吐率：45.00req/s] [内存消耗：2,811.50kb] [文件加载：90]
[ info ] [ LANG ] /www/wwwroot/tongchengmiyue/tp6/thinkphp/lang/zh-cn.php
[ info ] [ ROUTE ] array (
)
[ info ] [ HEADER ] array (
  'cookie' => 'PHPSESSID=5dvlpml43e36ufbd6odkb773c0',
  'connection' => 'keep-alive',
  'accept' => '*/*',
  'accept-encoding' => 'gzip, deflate',
  'user-agent' => 'Mozilla/5.0 (Macintosh; Intel Mac OS X 10_15_7) AppleWebKit/537.36 (KHTML, like Gecko) Chrome/92.0.4515.107 Safari/537.36 (compatible; +https://developers.cloudflare.com/security-center/)',
  'sentry-trace' => 'c76ed954f51147f99049e7073e9daa42-a412261f5b4ec684-',
  'host' => 'admin.mihuanjishupinzhifuwudiyi44.cc',
  'content-type' => '',
  'content-length' => '',
)
[ info ] [ PARAM ] array (
)
[ info ] [ VIEW ] /www/wwwroot/tongchengmiyue/tp6/application/admin/view/login/index.html [ array (
) ]
---------------------------------------------------------------

[2022-03-19T20:38:18+08:00] 34.140.248.32 GET 40.83.103.135/
[运行时间：0.020613s] [吞吐率：48.51req/s] [内存消耗：2,807.91kb] [文件加载：90]
[ info ] [ LANG ] /www/wwwroot/tongchengmiyue/tp6/thinkphp/lang/zh-cn.php
[ info ] [ ROUTE ] array (
)
[ info ] [ HEADER ] array (
  'x-datadog-sampling-priority' => '1',
  'x-datadog-parent-id' => '13634657100757664241',
  'x-datadog-trace-id' => '240483884044449403',
  'connection' => 'keep-alive',
  'accept' => '*/*',
  'accept-encoding' => 'gzip, deflate',
  'user-agent' => 'python-requests/2.27.1',
  'host' => '40.83.103.135',
  'content-type' => '',
  'content-length' => '',
)
[ info ] [ PARAM ] array (
)
---------------------------------------------------------------

[2022-03-19T20:47:50+08:00] 45.155.204.34 POST 40.83.103.135/autodiscover/autodiscover.json?a=a@edu.edu/ews/exchange.asmx
[运行时间：0.010758s] [吞吐率：92.95req/s] [内存消耗：1,192.19kb] [文件加载：48]
[ info ] [ LANG ] /www/wwwroot/tongchengmiyue/tp6/thinkphp/lang/zh-cn.php
---------------------------------------------------------------

[2022-03-19T21:57:00+08:00] 118.193.34.62 GET admin.mihuanjishupinzhifuwudiyi44.cc/
[运行时间：0.040394s] [吞吐率：24.76req/s] [内存消耗：2,807.64kb] [文件加载：90]
[ info ] [ LANG ] /www/wwwroot/tongchengmiyue/tp6/thinkphp/lang/zh-cn.php
[ info ] [ ROUTE ] array (
)
[ info ] [ HEADER ] array (
  'accept-language' => 'en-US,en;q=0.9',
  'content-type' => 'application/x-www-form-urlencoded',
  'connection' => 'keep-alive',
  'accept' => '*/*',
  'accept-encoding' => 'gzip, deflate',
  'user-agent' => 'Mozilla/5.0 (Macintosh; Intel Mac OS X 10_15_7) AppleWebKit/537.36 (KHTML, like Gecko) Chrome/85.0.4183.121 Safari/537.36',
  'host' => 'admin.mihuanjishupinzhifuwudiyi44.cc',
  'content-length' => '',
)
[ info ] [ PARAM ] array (
)
---------------------------------------------------------------

[2022-03-19T21:57:00+08:00] 118.193.34.62 GET admin.mihuanjishupinzhifuwudiyi44.cc/admin/login/index/
[运行时间：0.020606s] [吞吐率：48.53req/s] [内存消耗：2,811.13kb] [文件加载：90]
[ info ] [ LANG ] /www/wwwroot/tongchengmiyue/tp6/thinkphp/lang/zh-cn.php
[ info ] [ ROUTE ] array (
)
[ info ] [ HEADER ] array (
  'cookie' => 'PHPSESSID=7ignltgiov7hgqklsb4kc7ubrs',
  'accept-language' => 'en-US,en;q=0.9',
  'connection' => 'keep-alive',
  'accept' => '*/*',
  'accept-encoding' => 'gzip, deflate',
  'user-agent' => 'Mozilla/5.0 (Macintosh; Intel Mac OS X 10_15_7) AppleWebKit/537.36 (KHTML, like Gecko) Chrome/85.0.4183.121 Safari/537.36',
  'host' => 'admin.mihuanjishupinzhifuwudiyi44.cc',
  'content-type' => '',
  'content-length' => '',
)
[ info ] [ PARAM ] array (
)
[ info ] [ VIEW ] /www/wwwroot/tongchengmiyue/tp6/application/admin/view/login/index.html [ array (
) ]
---------------------------------------------------------------

[2022-03-19T21:57:02+08:00] 118.193.34.62 GET admin.mihuanjishupinzhifuwudiyi44.cc/xianyu/index/setp1.html
[运行时间：0.010914s] [吞吐率：91.62req/s] [内存消耗：1,192.10kb] [文件加载：48]
[ info ] [ LANG ] /www/wwwroot/tongchengmiyue/tp6/thinkphp/lang/zh-cn.php
---------------------------------------------------------------

[2022-03-19T21:57:02+08:00] 118.193.34.62 GET admin.mihuanjishupinzhifuwudiyi44.cc/Home/GetAllGameCategory
[运行时间：0.010434s] [吞吐率：95.84req/s] [内存消耗：1,192.04kb] [文件加载：48]
[ info ] [ LANG ] /www/wwwroot/tongchengmiyue/tp6/thinkphp/lang/zh-cn.php
---------------------------------------------------------------

[2022-03-19T21:57:05+08:00] 118.193.34.62 GET admin.mihuanjishupinzhifuwudiyi44.cc/api/Game/getAppConfig
[运行时间：0.034615s] [吞吐率：28.89req/s] [内存消耗：2,471.24kb] [文件加载：79]
[ info ] [ LANG ] /www/wwwroot/tongchengmiyue/tp6/thinkphp/lang/zh-cn.php
[ info ] [ ROUTE ] array (
)
[ info ] [ HEADER ] array (
  'cookie' => 'PHPSESSID=7ignltgiov7hgqklsb4kc7ubrs',
  'accept-language' => 'en-US,en;q=0.9',
  'content-type' => 'application/x-www-form-urlencoded',
  'connection' => 'keep-alive',
  'accept' => '*/*',
  'accept-encoding' => 'gzip, deflate',
  'user-agent' => 'Mozilla/5.0 (Linux; Android 8.1; EML-L29 Build/HUAWEIEML-L29; xx-xx) AppleWebKit/537.36 (KHTML, like Gecko) Version/4.0 Chrome/65.0.3325.109 Mobile Safari/537.36 (iPad; iPhone; CPU iPhone OS 13_2_3 like Mac OS X)',
  'host' => 'admin.mihuanjishupinzhifuwudiyi44.cc',
  'content-length' => '',
)
[ info ] [ PARAM ] array (
)
---------------------------------------------------------------

[2022-03-19T21:57:06+08:00] 118.193.34.62 GET admin.mihuanjishupinzhifuwudiyi44.cc/api/user/get_user_group
[运行时间：0.013752s] [吞吐率：72.72req/s] [内存消耗：1,679.54kb] [文件加载：59]
[ info ] [ LANG ] /www/wwwroot/tongchengmiyue/tp6/thinkphp/lang/zh-cn.php
[ info ] [ ROUTE ] array (
)
[ info ] [ HEADER ] array (
  'cookie' => 'PHPSESSID=7ignltgiov7hgqklsb4kc7ubrs',
  'accept-language' => 'en-US,en;q=0.9',
  'content-type' => 'application/x-www-form-urlencoded',
  'connection' => 'keep-alive',
  'accept' => '*/*',
  'accept-encoding' => 'gzip, deflate',
  'user-agent' => 'Mozilla/5.0 (Linux; Android 8.1; EML-L29 Build/HUAWEIEML-L29; xx-xx) AppleWebKit/537.36 (KHTML, like Gecko) Version/4.0 Chrome/65.0.3325.109 Mobile Safari/537.36 (iPad; iPhone; CPU iPhone OS 13_2_3 like Mac OS X)',
  'host' => 'admin.mihuanjishupinzhifuwudiyi44.cc',
  'content-length' => '',
)
[ info ] [ PARAM ] array (
)
---------------------------------------------------------------

[2022-03-19T21:57:07+08:00] 118.193.34.62 GET admin.mihuanjishupinzhifuwudiyi44.cc/ajax?act=getrlist&rid=1
[运行时间：0.008770s] [吞吐率：114.02req/s] [内存消耗：1,173.16kb] [文件加载：47]
[ info ] [ LANG ] /www/wwwroot/tongchengmiyue/tp6/thinkphp/lang/zh-cn.php
---------------------------------------------------------------

[2022-03-19T21:57:09+08:00] 118.193.34.62 GET admin.mihuanjishupinzhifuwudiyi44.cc/client/api/findFreeTrade
[运行时间：0.008978s] [吞吐率：111.38req/s] [内存消耗：1,192.05kb] [文件加载：48]
[ info ] [ LANG ] /www/wwwroot/tongchengmiyue/tp6/thinkphp/lang/zh-cn.php
---------------------------------------------------------------

[2022-03-19T21:57:09+08:00] 118.193.34.62 GET admin.mihuanjishupinzhifuwudiyi44.cc/assets/app-manifest.json
[运行时间：0.009689s] [吞吐率：103.21req/s] [内存消耗：1,159.35kb] [文件加载：46]
[ info ] [ LANG ] /www/wwwroot/tongchengmiyue/tp6/thinkphp/lang/zh-cn.php
---------------------------------------------------------------

[2022-03-19T21:57:11+08:00] 118.193.34.62 GET admin.mihuanjishupinzhifuwudiyi44.cc/api/default/login-page
[运行时间：0.013102s] [吞吐率：76.32req/s] [内存消耗：1,713.92kb] [文件加载：59]
[ info ] [ LANG ] /www/wwwroot/tongchengmiyue/tp6/thinkphp/lang/zh-cn.php
[ info ] [ ROUTE ] array (
)
[ info ] [ HEADER ] array (
  'cookie' => 'PHPSESSID=7ignltgiov7hgqklsb4kc7ubrs',
  'accept-language' => 'en-US,en;q=0.9',
  'content-type' => 'application/x-www-form-urlencoded',
  'connection' => 'keep-alive',
  'accept' => '*/*',
  'accept-encoding' => 'gzip, deflate',
  'user-agent' => 'Mozilla/5.0 (Linux; Android 8.1; EML-L29 Build/HUAWEIEML-L29; xx-xx) AppleWebKit/537.36 (KHTML, like Gecko) Version/4.0 Chrome/65.0.3325.109 Mobile Safari/537.36 (iPad; iPhone; CPU iPhone OS 13_2_3 like Mac OS X)',
  'host' => 'admin.mihuanjishupinzhifuwudiyi44.cc',
  'content-length' => '',
)
[ info ] [ PARAM ] array (
)
---------------------------------------------------------------

[2022-03-19T21:57:20+08:00] 118.193.34.62 GET admin.mihuanjishupinzhifuwudiyi44.cc/portal/index/protocol.html
[运行时间：0.019554s] [吞吐率：51.14req/s] [内存消耗：1,192.13kb] [文件加载：48]
[ info ] [ LANG ] /www/wwwroot/tongchengmiyue/tp6/thinkphp/lang/zh-cn.php
---------------------------------------------------------------

[2022-03-19T21:57:31+08:00] 118.193.34.62 GET admin.mihuanjishupinzhifuwudiyi44.cc/n/news/banner?column_id=303
[运行时间：0.008993s] [吞吐率：111.20req/s] [内存消耗：1,192.03kb] [文件加载：48]
[ info ] [ LANG ] /www/wwwroot/tongchengmiyue/tp6/thinkphp/lang/zh-cn.php
---------------------------------------------------------------

[2022-03-19T21:57:39+08:00] 118.193.34.62 GET admin.mihuanjishupinzhifuwudiyi44.cc/template/mb/lang/text-zh.json
[运行时间：0.009380s] [吞吐率：106.61req/s] [内存消耗：1,192.13kb] [文件加载：48]
[ info ] [ LANG ] /www/wwwroot/tongchengmiyue/tp6/thinkphp/lang/zh-cn.php
---------------------------------------------------------------

[2022-03-19T21:57:47+08:00] 118.193.34.62 GET admin.mihuanjishupinzhifuwudiyi44.cc/api/public/?service=Home.getConfig
[运行时间：0.018002s] [吞吐率：55.55req/s] [内存消耗：1,680.00kb] [文件加载：59]
[ info ] [ LANG ] /www/wwwroot/tongchengmiyue/tp6/thinkphp/lang/zh-cn.php
[ info ] [ ROUTE ] array (
)
[ info ] [ HEADER ] array (
  'cookie' => 'PHPSESSID=7ignltgiov7hgqklsb4kc7ubrs',
  'accept-language' => 'en-US,en;q=0.9',
  'content-type' => 'application/x-www-form-urlencoded',
  'connection' => 'keep-alive',
  'accept' => '*/*',
  'accept-encoding' => 'gzip, deflate',
  'user-agent' => 'Mozilla/5.0 (Linux; Android 8.1; EML-L29 Build/HUAWEIEML-L29; xx-xx) AppleWebKit/537.36 (KHTML, like Gecko) Version/4.0 Chrome/65.0.3325.109 Mobile Safari/537.36 (iPad; iPhone; CPU iPhone OS 13_2_3 like Mac OS X)',
  'host' => 'admin.mihuanjishupinzhifuwudiyi44.cc',
  'content-length' => '',
)
[ info ] [ PARAM ] array (
  'service' => 'Home.getConfig',
)
---------------------------------------------------------------

[2022-03-19T21:57:47+08:00] 118.193.34.62 GET admin.mihuanjishupinzhifuwudiyi44.cc/index/police/index.html?agent=1000
[运行时间：0.009262s] [吞吐率：107.97req/s] [内存消耗：1,192.10kb] [文件加载：48]
[ info ] [ LANG ] /www/wwwroot/tongchengmiyue/tp6/thinkphp/lang/zh-cn.php
---------------------------------------------------------------

[2022-03-19T21:57:47+08:00] 118.193.34.62 GET admin.mihuanjishupinzhifuwudiyi44.cc/api/user/dataDictionaryService/list
[运行时间：0.013996s] [吞吐率：71.45req/s] [内存消耗：1,679.57kb] [文件加载：59]
[ info ] [ LANG ] /www/wwwroot/tongchengmiyue/tp6/thinkphp/lang/zh-cn.php
[ info ] [ ROUTE ] array (
)
[ info ] [ HEADER ] array (
  'cookie' => 'PHPSESSID=7ignltgiov7hgqklsb4kc7ubrs',
  'accept-language' => 'en-US,en;q=0.9',
  'content-type' => 'application/x-www-form-urlencoded',
  'connection' => 'keep-alive',
  'accept' => '*/*',
  'accept-encoding' => 'gzip, deflate',
  'user-agent' => 'Mozilla/5.0 (Linux; Android 8.1; EML-L29 Build/HUAWEIEML-L29; xx-xx) AppleWebKit/537.36 (KHTML, like Gecko) Version/4.0 Chrome/65.0.3325.109 Mobile Safari/537.36 (iPad; iPhone; CPU iPhone OS 13_2_3 like Mac OS X)',
  'host' => 'admin.mihuanjishupinzhifuwudiyi44.cc',
  'content-length' => '',
)
[ info ] [ PARAM ] array (
)
---------------------------------------------------------------

[2022-03-19T21:57:48+08:00] 118.193.34.62 GET admin.mihuanjishupinzhifuwudiyi44.cc/api/exclude/siteConfig/webSiteConfig
[运行时间：0.013587s] [吞吐率：73.60req/s] [内存消耗：1,679.56kb] [文件加载：59]
[ info ] [ LANG ] /www/wwwroot/tongchengmiyue/tp6/thinkphp/lang/zh-cn.php
[ info ] [ ROUTE ] array (
)
[ info ] [ HEADER ] array (
  'cookie' => 'PHPSESSID=7ignltgiov7hgqklsb4kc7ubrs',
  'accept-language' => 'en-US,en;q=0.9',
  'content-type' => 'application/x-www-form-urlencoded',
  'connection' => 'keep-alive',
  'accept' => '*/*',
  'accept-encoding' => 'gzip, deflate',
  'user-agent' => 'Mozilla/5.0 (Linux; Android 8.1; EML-L29 Build/HUAWEIEML-L29; xx-xx) AppleWebKit/537.36 (KHTML, like Gecko) Version/4.0 Chrome/65.0.3325.109 Mobile Safari/537.36 (iPad; iPhone; CPU iPhone OS 13_2_3 like Mac OS X)',
  'host' => 'admin.mihuanjishupinzhifuwudiyi44.cc',
  'content-length' => '',
)
[ info ] [ PARAM ] array (
)
---------------------------------------------------------------

[2022-03-19T21:57:52+08:00] 118.193.34.62 GET admin.mihuanjishupinzhifuwudiyi44.cc/v1/management/tenant/getSpeedDomain
[运行时间：0.010103s] [吞吐率：98.98req/s] [内存消耗：1,173.20kb] [文件加载：47]
[ info ] [ LANG ] /www/wwwroot/tongchengmiyue/tp6/thinkphp/lang/zh-cn.php
---------------------------------------------------------------

[2022-03-19T21:57:54+08:00] 118.193.34.62 GET admin.mihuanjishupinzhifuwudiyi44.cc/infe/rest/fig/advertise/common.json?mobile_open=1
[运行时间：0.008910s] [吞吐率：112.23req/s] [内存消耗：1,192.53kb] [文件加载：48]
[ info ] [ LANG ] /www/wwwroot/tongchengmiyue/tp6/thinkphp/lang/zh-cn.php
---------------------------------------------------------------

[2022-03-19T21:57:54+08:00] 118.193.34.62 GET admin.mihuanjishupinzhifuwudiyi44.cc/client/api/findConfigByKey?configKey=level_config
[运行时间：0.009980s] [吞吐率：100.20req/s] [内存消耗：1,192.05kb] [文件加载：48]
[ info ] [ LANG ] /www/wwwroot/tongchengmiyue/tp6/thinkphp/lang/zh-cn.php
---------------------------------------------------------------

[2022-03-19T21:57:57+08:00] 118.193.34.62 GET admin.mihuanjishupinzhifuwudiyi44.cc/base/exchange_index/changepwdfirst
[运行时间：0.010465s] [吞吐率：95.56req/s] [内存消耗：1,192.05kb] [文件加载：48]
[ info ] [ LANG ] /www/wwwroot/tongchengmiyue/tp6/thinkphp/lang/zh-cn.php
---------------------------------------------------------------

[2022-03-19T21:57:57+08:00] 118.193.34.62 POST admin.mihuanjishupinzhifuwudiyi44.cc/api/backstageManagement/system/systemConfigForPlatform
[运行时间：0.012194s] [吞吐率：82.01req/s] [内存消耗：1,679.09kb] [文件加载：59]
[ info ] [ LANG ] /www/wwwroot/tongchengmiyue/tp6/thinkphp/lang/zh-cn.php
[ info ] [ ROUTE ] array (
)
[ info ] [ HEADER ] array (
  'content-length' => '0',
  'cookie' => 'PHPSESSID=7ignltgiov7hgqklsb4kc7ubrs',
  'accept-language' => 'en-US,en;q=0.9',
  'content-type' => 'application/x-www-form-urlencoded',
  'connection' => 'keep-alive',
  'accept' => '*/*',
  'accept-encoding' => 'gzip, deflate',
  'user-agent' => 'Mozilla/5.0 (Linux; Android 8.1; EML-L29 Build/HUAWEIEML-L29; xx-xx) AppleWebKit/537.36 (KHTML, like Gecko) Version/4.0 Chrome/65.0.3325.109 Mobile Safari/537.36 (iPad; iPhone; CPU iPhone OS 13_2_3 like Mac OS X)',
  'host' => 'admin.mihuanjishupinzhifuwudiyi44.cc',
)
[ info ] [ PARAM ] array (
)
---------------------------------------------------------------

[2022-03-19T21:57:58+08:00] 118.193.34.62 GET admin.mihuanjishupinzhifuwudiyi44.cc/getConfig/listPopFrame.do?code=14&position=index&_=1601489645097
[运行时间：0.009801s] [吞吐率：102.03req/s] [内存消耗：1,192.13kb] [文件加载：48]
[ info ] [ LANG ] /www/wwwroot/tongchengmiyue/tp6/thinkphp/lang/zh-cn.php
---------------------------------------------------------------

[2022-03-19T21:57:58+08:00] 118.193.34.62 GET admin.mihuanjishupinzhifuwudiyi44.cc/api/product/topRank?token=null&uid=null&lang=null&direct=1&type=1
[运行时间：0.012160s] [吞吐率：82.24req/s] [内存消耗：1,680.18kb] [文件加载：59]
[ info ] [ LANG ] /www/wwwroot/tongchengmiyue/tp6/thinkphp/lang/zh-cn.php
[ info ] [ ROUTE ] array (
)
[ info ] [ HEADER ] array (
  'cookie' => 'PHPSESSID=7ignltgiov7hgqklsb4kc7ubrs',
  'accept-language' => 'en-US,en;q=0.9',
  'content-type' => 'application/x-www-form-urlencoded',
  'connection' => 'keep-alive',
  'accept' => '*/*',
  'accept-encoding' => 'gzip, deflate',
  'user-agent' => 'Mozilla/5.0 (Linux; Android 8.1; EML-L29 Build/HUAWEIEML-L29; xx-xx) AppleWebKit/537.36 (KHTML, like Gecko) Version/4.0 Chrome/65.0.3325.109 Mobile Safari/537.36 (iPad; iPhone; CPU iPhone OS 13_2_3 like Mac OS X)',
  'host' => 'admin.mihuanjishupinzhifuwudiyi44.cc',
  'content-length' => '',
)
[ info ] [ PARAM ] array (
  'token' => 'null',
  'uid' => 'null',
  'lang' => 'null',
  'direct' => '1',
  'type' => '1',
)
---------------------------------------------------------------

[2022-03-19T21:58:05+08:00] 118.193.34.62 GET admin.mihuanjishupinzhifuwudiyi44.cc/ajax/allcoin_a/id/0?t=0.3782499195965951
[运行时间：0.009888s] [吞吐率：101.13req/s] [内存消耗：1,192.04kb] [文件加载：48]
[ info ] [ LANG ] /www/wwwroot/tongchengmiyue/tp6/thinkphp/lang/zh-cn.php
---------------------------------------------------------------

[2022-03-19T21:58:16+08:00] 118.193.34.62 GET admin.mihuanjishupinzhifuwudiyi44.cc/s_api/basic/config_js?callback=__set_config
[运行时间：0.010081s] [吞吐率：99.20req/s] [内存消耗：1,192.04kb] [文件加载：48]
[ info ] [ LANG ] /www/wwwroot/tongchengmiyue/tp6/thinkphp/lang/zh-cn.php
---------------------------------------------------------------

[2022-03-19T21:58:29+08:00] 118.193.34.62 GET admin.mihuanjishupinzhifuwudiyi44.cc/api/apps
[运行时间：0.012858s] [吞吐率：77.77req/s] [内存消耗：1,679.48kb] [文件加载：59]
[ info ] [ LANG ] /www/wwwroot/tongchengmiyue/tp6/thinkphp/lang/zh-cn.php
[ info ] [ ROUTE ] array (
)
[ info ] [ HEADER ] array (
  'cookie' => 'PHPSESSID=7ignltgiov7hgqklsb4kc7ubrs',
  'accept-language' => 'en-US,en;q=0.9',
  'content-type' => 'application/x-www-form-urlencoded',
  'connection' => 'keep-alive',
  'accept' => '*/*',
  'accept-encoding' => 'gzip, deflate',
  'user-agent' => 'Mozilla/5.0 (Linux; Android 8.1; EML-L29 Build/HUAWEIEML-L29; xx-xx) AppleWebKit/537.36 (KHTML, like Gecko) Version/4.0 Chrome/65.0.3325.109 Mobile Safari/537.36 (iPad; iPhone; CPU iPhone OS 13_2_3 like Mac OS X)',
  'host' => 'admin.mihuanjishupinzhifuwudiyi44.cc',
  'content-length' => '',
)
[ info ] [ PARAM ] array (
)
---------------------------------------------------------------

[2022-03-19T21:58:29+08:00] 118.193.34.62 GET admin.mihuanjishupinzhifuwudiyi44.cc/getLocale
[运行时间：0.009132s] [吞吐率：109.51req/s] [内存消耗：1,192.03kb] [文件加载：48]
[ info ] [ LANG ] /www/wwwroot/tongchengmiyue/tp6/thinkphp/lang/zh-cn.php
---------------------------------------------------------------

[2022-03-19T21:58:30+08:00] 118.193.34.62 GET admin.mihuanjishupinzhifuwudiyi44.cc/step1.asp
[运行时间：0.009039s] [吞吐率：110.63req/s] [内存消耗：1,192.07kb] [文件加载：48]
[ info ] [ LANG ] /www/wwwroot/tongchengmiyue/tp6/thinkphp/lang/zh-cn.php
---------------------------------------------------------------

[2022-03-19T21:58:30+08:00] 118.193.34.62 GET admin.mihuanjishupinzhifuwudiyi44.cc/mtja.html
[运行时间：0.014342s] [吞吐率：69.73req/s] [内存消耗：1,192.07kb] [文件加载：48]
[ info ] [ LANG ] /www/wwwroot/tongchengmiyue/tp6/thinkphp/lang/zh-cn.php
---------------------------------------------------------------

[2022-03-19T21:58:30+08:00] 118.193.34.62 GET admin.mihuanjishupinzhifuwudiyi44.cc/site/info
[运行时间：0.009153s] [吞吐率：109.25req/s] [内存消耗：1,192.03kb] [文件加载：48]
[ info ] [ LANG ] /www/wwwroot/tongchengmiyue/tp6/thinkphp/lang/zh-cn.php
---------------------------------------------------------------

[2022-03-19T21:58:34+08:00] 118.193.34.62 GET admin.mihuanjishupinzhifuwudiyi44.cc/login
[运行时间：0.010138s] [吞吐率：98.64req/s] [内存消耗：1,192.02kb] [文件加载：48]
[ info ] [ LANG ] /www/wwwroot/tongchengmiyue/tp6/thinkphp/lang/zh-cn.php
---------------------------------------------------------------

[2022-03-19T21:58:35+08:00] 118.193.34.62 GET admin.mihuanjishupinzhifuwudiyi44.cc/m/
[运行时间：0.010250s] [吞吐率：97.56req/s] [内存消耗：1,192.02kb] [文件加载：48]
[ info ] [ LANG ] /www/wwwroot/tongchengmiyue/tp6/thinkphp/lang/zh-cn.php
---------------------------------------------------------------

[2022-03-19T21:58:35+08:00] 118.193.34.62 GET admin.mihuanjishupinzhifuwudiyi44.cc/api/ht/xy1
[运行时间：0.013372s] [吞吐率：74.78req/s] [内存消耗：1,679.52kb] [文件加载：59]
[ info ] [ LANG ] /www/wwwroot/tongchengmiyue/tp6/thinkphp/lang/zh-cn.php
[ info ] [ ROUTE ] array (
)
[ info ] [ HEADER ] array (
  'cookie' => 'PHPSESSID=7ignltgiov7hgqklsb4kc7ubrs',
  'accept-language' => 'en-US,en;q=0.9',
  'content-type' => 'application/x-www-form-urlencoded',
  'connection' => 'keep-alive',
  'accept' => '*/*',
  'accept-encoding' => 'gzip, deflate',
  'user-agent' => 'Mozilla/5.0 (Linux; Android 8.1; EML-L29 Build/HUAWEIEML-L29; xx-xx) AppleWebKit/537.36 (KHTML, like Gecko) Version/4.0 Chrome/65.0.3325.109 Mobile Safari/537.36 (iPad; iPhone; CPU iPhone OS 13_2_3 like Mac OS X)',
  'host' => 'admin.mihuanjishupinzhifuwudiyi44.cc',
  'content-length' => '',
)
[ info ] [ PARAM ] array (
)
---------------------------------------------------------------

[2022-03-19T21:58:35+08:00] 118.193.34.62 GET admin.mihuanjishupinzhifuwudiyi44.cc/index/aurl
[运行时间：0.010272s] [吞吐率：97.35req/s] [内存消耗：1,192.03kb] [文件加载：48]
[ info ] [ LANG ] /www/wwwroot/tongchengmiyue/tp6/thinkphp/lang/zh-cn.php
---------------------------------------------------------------

[2022-03-19T21:58:39+08:00] 118.193.34.62 GET admin.mihuanjishupinzhifuwudiyi44.cc/proxy/games
[运行时间：0.008951s] [吞吐率：111.72req/s] [内存消耗：1,192.03kb] [文件加载：48]
[ info ] [ LANG ] /www/wwwroot/tongchengmiyue/tp6/thinkphp/lang/zh-cn.php
---------------------------------------------------------------

[2022-03-19T21:58:39+08:00] 118.193.34.62 GET admin.mihuanjishupinzhifuwudiyi44.cc/js/a.script
[运行时间：0.010583s] [吞吐率：94.49req/s] [内存消耗：1,192.07kb] [文件加载：48]
[ info ] [ LANG ] /www/wwwroot/tongchengmiyue/tp6/thinkphp/lang/zh-cn.php
---------------------------------------------------------------

[2022-03-19T21:58:42+08:00] 118.193.34.62 GET admin.mihuanjishupinzhifuwudiyi44.cc/v1/getConfig
[运行时间：0.009338s] [吞吐率：107.09req/s] [内存消耗：1,192.03kb] [文件加载：48]
[ info ] [ LANG ] /www/wwwroot/tongchengmiyue/tp6/thinkphp/lang/zh-cn.php
---------------------------------------------------------------

[2022-03-19T21:58:44+08:00] 118.193.34.62 GET admin.mihuanjishupinzhifuwudiyi44.cc/user/Login
[运行时间：0.009025s] [吞吐率：110.81req/s] [内存消耗：1,192.03kb] [文件加载：48]
[ info ] [ LANG ] /www/wwwroot/tongchengmiyue/tp6/thinkphp/lang/zh-cn.php
---------------------------------------------------------------

[2022-03-19T21:58:45+08:00] 118.193.34.62 GET admin.mihuanjishupinzhifuwudiyi44.cc/im/in/GetUuid
[运行时间：0.009910s] [吞吐率：100.91req/s] [内存消耗：1,192.03kb] [文件加载：48]
[ info ] [ LANG ] /www/wwwroot/tongchengmiyue/tp6/thinkphp/lang/zh-cn.php
---------------------------------------------------------------

[2022-03-19T21:58:50+08:00] 118.193.34.62 POST admin.mihuanjishupinzhifuwudiyi44.cc/kkrp/site/info
[运行时间：0.009762s] [吞吐率：102.44req/s] [内存消耗：1,191.46kb] [文件加载：48]
[ info ] [ LANG ] /www/wwwroot/tongchengmiyue/tp6/thinkphp/lang/zh-cn.php
---------------------------------------------------------------

[2022-03-19T21:58:50+08:00] 118.193.34.62 GET admin.mihuanjishupinzhifuwudiyi44.cc/proxy/settings
[运行时间：0.012683s] [吞吐率：78.84req/s] [内存消耗：1,192.03kb] [文件加载：48]
[ info ] [ LANG ] /www/wwwroot/tongchengmiyue/tp6/thinkphp/lang/zh-cn.php
---------------------------------------------------------------

[2022-03-19T21:58:50+08:00] 118.193.34.62 GET admin.mihuanjishupinzhifuwudiyi44.cc/m/ticker/usdtqc
[运行时间：0.010686s] [吞吐率：93.58req/s] [内存消耗：1,192.03kb] [文件加载：48]
[ info ] [ LANG ] /www/wwwroot/tongchengmiyue/tp6/thinkphp/lang/zh-cn.php
---------------------------------------------------------------

[2022-03-19T21:58:51+08:00] 118.193.34.62 GET admin.mihuanjishupinzhifuwudiyi44.cc/api/config-init
[运行时间：0.008937s] [吞吐率：111.89req/s] [内存消耗：1,159.27kb] [文件加载：46]
[ info ] [ LANG ] /www/wwwroot/tongchengmiyue/tp6/thinkphp/lang/zh-cn.php
---------------------------------------------------------------

[2022-03-19T21:58:59+08:00] 118.193.34.62 GET admin.mihuanjishupinzhifuwudiyi44.cc/api/apps/config
[运行时间：0.012009s] [吞吐率：83.27req/s] [内存消耗：1,679.52kb] [文件加载：59]
[ info ] [ LANG ] /www/wwwroot/tongchengmiyue/tp6/thinkphp/lang/zh-cn.php
[ info ] [ ROUTE ] array (
)
[ info ] [ HEADER ] array (
  'cookie' => 'PHPSESSID=7ignltgiov7hgqklsb4kc7ubrs',
  'accept-language' => 'en-US,en;q=0.9',
  'content-type' => 'application/x-www-form-urlencoded',
  'connection' => 'keep-alive',
  'accept' => '*/*',
  'accept-encoding' => 'gzip, deflate',
  'user-agent' => 'Mozilla/5.0 (Linux; Android 8.1; EML-L29 Build/HUAWEIEML-L29; xx-xx) AppleWebKit/537.36 (KHTML, like Gecko) Version/4.0 Chrome/65.0.3325.109 Mobile Safari/537.36 (iPad; iPhone; CPU iPhone OS 13_2_3 like Mac OS X)',
  'host' => 'admin.mihuanjishupinzhifuwudiyi44.cc',
  'content-length' => '',
)
[ info ] [ PARAM ] array (
)
---------------------------------------------------------------

[2022-03-19T21:59:04+08:00] 118.193.34.62 GET admin.mihuanjishupinzhifuwudiyi44.cc/data/ticker_24hr
[运行时间：0.015929s] [吞吐率：62.78req/s] [内存消耗：1,173.18kb] [文件加载：47]
[ info ] [ LANG ] /www/wwwroot/tongchengmiyue/tp6/thinkphp/lang/zh-cn.php
---------------------------------------------------------------

[2022-03-19T21:59:09+08:00] 118.193.34.62 GET admin.mihuanjishupinzhifuwudiyi44.cc/api/pc/cms-config
[运行时间：0.013262s] [吞吐率：75.40req/s] [内存消耗：1,679.54kb] [文件加载：59]
[ info ] [ LANG ] /www/wwwroot/tongchengmiyue/tp6/thinkphp/lang/zh-cn.php
[ info ] [ ROUTE ] array (
)
[ info ] [ HEADER ] array (
  'cookie' => 'PHPSESSID=7ignltgiov7hgqklsb4kc7ubrs',
  'accept-language' => 'en-US,en;q=0.9',
  'content-type' => 'application/x-www-form-urlencoded',
  'connection' => 'keep-alive',
  'accept' => '*/*',
  'accept-encoding' => 'gzip, deflate',
  'user-agent' => 'Mozilla/5.0 (Linux; Android 8.1; EML-L29 Build/HUAWEIEML-L29; xx-xx) AppleWebKit/537.36 (KHTML, like Gecko) Version/4.0 Chrome/65.0.3325.109 Mobile Safari/537.36 (iPad; iPhone; CPU iPhone OS 13_2_3 like Mac OS X)',
  'host' => 'admin.mihuanjishupinzhifuwudiyi44.cc',
  'content-length' => '',
)
[ info ] [ PARAM ] array (
)
---------------------------------------------------------------

[2022-03-19T21:59:10+08:00] 118.193.34.62 GET admin.mihuanjishupinzhifuwudiyi44.cc/index/login/login
[运行时间：0.009336s] [吞吐率：107.11req/s] [内存消耗：1,192.04kb] [文件加载：48]
[ info ] [ LANG ] /www/wwwroot/tongchengmiyue/tp6/thinkphp/lang/zh-cn.php
---------------------------------------------------------------

[2022-03-19T21:59:12+08:00] 118.193.34.62 GET admin.mihuanjishupinzhifuwudiyi44.cc/mytio/config/base
[运行时间：0.008442s] [吞吐率：118.46req/s] [内存消耗：1,173.18kb] [文件加载：47]
[ info ] [ LANG ] /www/wwwroot/tongchengmiyue/tp6/thinkphp/lang/zh-cn.php
---------------------------------------------------------------

[2022-03-19T22:59:51+08:00] 167.248.133.62 GET 40.83.103.135:443/
[运行时间：0.034157s] [吞吐率：29.28req/s] [内存消耗：2,806.43kb] [文件加载：90]
[ info ] [ LANG ] /www/wwwroot/tongchengmiyue/tp6/thinkphp/lang/zh-cn.php
[ info ] [ ROUTE ] array (
)
[ info ] [ HEADER ] array (
  'host' => '40.83.103.135:443',
  'content-type' => '',
  'content-length' => '',
)
[ info ] [ PARAM ] array (
)
---------------------------------------------------------------

[2022-03-19T22:59:56+08:00] 167.94.138.63 GET 40.83.103.135:443/
[运行时间：0.018711s] [吞吐率：53.44req/s] [内存消耗：2,806.43kb] [文件加载：90]
[ info ] [ LANG ] /www/wwwroot/tongchengmiyue/tp6/thinkphp/lang/zh-cn.php
[ info ] [ ROUTE ] array (
)
[ info ] [ HEADER ] array (
  'host' => '40.83.103.135:443',
  'content-type' => '',
  'content-length' => '',
)
[ info ] [ PARAM ] array (
)
---------------------------------------------------------------

[2022-03-19T23:16:09+08:00] 66.249.71.159 GET www.mihuantuanduidingjijishu65.com/
[运行时间：0.019489s] [吞吐率：51.31req/s] [内存消耗：2,807.59kb] [文件加载：90]
[ info ] [ LANG ] /www/wwwroot/tongchengmiyue/tp6/thinkphp/lang/zh-cn.php
[ info ] [ ROUTE ] array (
)
[ info ] [ HEADER ] array (
  'accept-encoding' => 'gzip, deflate, br',
  'user-agent' => 'Mozilla/5.0 (compatible; Googlebot/2.1; +http://www.google.com/bot.html)',
  'from' => 'googlebot(at)googlebot.com',
  'accept' => 'text/html,application/xhtml+xml,application/signed-exchange;v=b3,application/xml;q=0.9,*/*;q=0.8',
  'connection' => 'keep-alive',
  'host' => 'www.mihuantuanduidingjijishu65.com',
  'content-type' => '',
  'content-length' => '',
)
[ info ] [ PARAM ] array (
)
---------------------------------------------------------------

[2022-03-19T23:16:10+08:00] 66.249.71.155 GET www.mihuantuanduidingjijishu65.com/admin/login/index/
[运行时间：0.021489s] [吞吐率：46.54req/s] [内存消耗：2,811.49kb] [文件加载：90]
[ info ] [ LANG ] /www/wwwroot/tongchengmiyue/tp6/thinkphp/lang/zh-cn.php
[ info ] [ ROUTE ] array (
)
[ info ] [ HEADER ] array (
  'accept-encoding' => 'gzip, deflate, br',
  'user-agent' => 'Mozilla/5.0 (compatible; Googlebot/2.1; +http://www.google.com/bot.html)',
  'from' => 'googlebot(at)googlebot.com',
  'accept' => 'text/html,application/xhtml+xml,application/signed-exchange;v=b3,application/xml;q=0.9,*/*;q=0.8',
  'connection' => 'keep-alive',
  'cookie' => 'PHPSESSID=3gkgbuii7g6u9brio9ppddumlf',
  'host' => 'www.mihuantuanduidingjijishu65.com',
  'content-type' => '',
  'content-length' => '',
)
[ info ] [ PARAM ] array (
)
[ info ] [ VIEW ] /www/wwwroot/tongchengmiyue/tp6/application/admin/view/login/index.html [ array (
) ]
---------------------------------------------------------------

[2022-03-19T23:37:20+08:00] 66.240.219.173 GET 40.83.103.135/
[运行时间：0.034766s] [吞吐率：28.76req/s] [内存消耗：2,807.28kb] [文件加载：90]
[ info ] [ LANG ] /www/wwwroot/tongchengmiyue/tp6/thinkphp/lang/zh-cn.php
[ info ] [ ROUTE ] array (
)
[ info ] [ HEADER ] array (
  'user-agent' => 'Mozilla/5.0 (X11; Linux x86_64) AppleWebKit/537.36 (KHTML, like Gecko) Chrome/34.0.1847.137 Safari/537.36',
  'accept' => 'text/html,application/xhtml+xml,application/xml;q=0.9,*/*;q=0.8',
  'host' => '40.83.103.135',
  'accept-encoding' => 'identity',
  'content-type' => '',
  'content-length' => '',
)
[ info ] [ PARAM ] array (
)
---------------------------------------------------------------

[2022-03-19T23:37:21+08:00] 66.240.219.173 GET 40.83.103.135/admin/login/index/
[运行时间：0.018578s] [吞吐率：53.83req/s] [内存消耗：2,810.45kb] [文件加载：90]
[ info ] [ LANG ] /www/wwwroot/tongchengmiyue/tp6/thinkphp/lang/zh-cn.php
[ info ] [ ROUTE ] array (
)
[ info ] [ HEADER ] array (
  'user-agent' => 'Mozilla/5.0 (X11; Linux x86_64) AppleWebKit/537.36 (KHTML, like Gecko) Chrome/34.0.1847.137 Safari/537.36',
  'accept' => 'text/html,application/xhtml+xml,application/xml;q=0.9,*/*;q=0.8',
  'host' => '40.83.103.135',
  'accept-encoding' => 'identity',
  'content-type' => '',
  'content-length' => '',
)
[ info ] [ PARAM ] array (
)
[ info ] [ VIEW ] /www/wwwroot/tongchengmiyue/tp6/application/admin/view/login/index.html [ array (
) ]
---------------------------------------------------------------

[2022-03-19T23:38:34+08:00] 66.240.219.173 GET 40.83.103.135/sitemap.xml
[运行时间：0.012701s] [吞吐率：78.74req/s] [内存消耗：1,192.08kb] [文件加载：48]
[ info ] [ LANG ] /www/wwwroot/tongchengmiyue/tp6/thinkphp/lang/zh-cn.php
