---------------------------------------------------------------

[2022-02-08T23:36:22+08:00] 222.210.154.234 GET admin.mihuanjishupinzhifuwudiyi44.cc/api/Lottery/hotLottery
[运行时间：0.042655s] [吞吐率：23.44req/s] [内存消耗：3,335.37kb] [文件加载：81]
[ info ] [ LANG ] /www/wwwroot/tongchengmiyue/tp6/thinkphp/lang/zh-cn.php
[ info ] [ ROUTE ] array (
)
[ info ] [ HEADER ] array (
  'accept-language' => 'zh,zh-CN;q=0.9,en-US;q=0.8,en;q=0.7',
  'accept-encoding' => 'gzip, deflate, br',
  'referer' => 'https://www.mihuanjishupinzhifuwudiyi50.cc/',
  'sec-fetch-site' => 'cross-site',
  'x-requested-with' => 'com.mdcm.hengyao',
  'sec-fetch-mode' => 'cors',
  'user-agent' => 'meimaweb-android',
  'origin' => 'https://www.mihuanjishupinzhifuwudiyi50.cc',
  'accept' => 'application/json, text/plain, */*',
  'connection' => 'close',
  'x-request-id' => '9d814cf0cebdb462b65fa912f80627b4',
  'x-country' => 'CN',
  'x-forwarded-proto' => 'https',
  'x-forward-scheme' => 'https',
  'x-real-ip' => '222.210.154.234',
  'host' => 'admin.mihuanjishupinzhifuwudiyi44.cc',
  'x-forward-for' => '222.210.154.234',
  'x-forwarded-for' => '222.210.154.234',
  'content-type' => '',
  'content-length' => '',
)
[ info ] [ PARAM ] array (
)
[ info ] [ DB ] INIT mysql
[ sql ] [ DB ] CONNECT:[ UseTime:0.000490s ] mysql:host=127.0.0.1;dbname=tcmy;charset=utf8
[ sql ] [ SQL ] SHOW COLUMNS FROM `lottery` [ RunTime:0.000994s ]
[ sql ] [ SQL ] SELECT * FROM `lottery` WHERE  `status` = 1  AND `hot` = 1 ORDER BY `id` ASC [ RunTime:0.000417s ]
---------------------------------------------------------------

[2022-02-08T23:37:02+08:00] 40.83.103.135 GET admin.mihuanjishupinzhifuwudiyi44.cc/api/LotteryApi/autoProgram
[运行时间：0.149719s] [吞吐率：6.68req/s] [内存消耗：3,403.09kb] [文件加载：82]
[ info ] [ LANG ] /www/wwwroot/tongchengmiyue/tp6/thinkphp/lang/zh-cn.php
[ info ] [ ROUTE ] array (
)
[ info ] [ HEADER ] array (
  'accept' => '*/*',
  'user-agent' => 'curl/7.29.0',
  'connection' => 'close',
  'x-request-id' => 'd7a2e06a495faf66f0341f0a63d7af4d',
  'x-country' => 'HK',
  'x-forwarded-proto' => 'https',
  'x-forward-scheme' => 'https',
  'x-real-ip' => '40.83.103.135',
  'host' => 'admin.mihuanjishupinzhifuwudiyi44.cc',
  'x-forward-for' => '40.83.103.135',
  'x-forwarded-for' => '40.83.103.135',
  'content-type' => '',
  'content-length' => '',
)
[ info ] [ PARAM ] array (
)
[ info ] [ DB ] INIT mysql
[ sql ] [ DB ] CONNECT:[ UseTime:0.000502s ] mysql:host=127.0.0.1;dbname=tcmy;charset=utf8
[ sql ] [ SQL ] SHOW COLUMNS FROM `lottery` [ RunTime:0.001018s ]
[ sql ] [ SQL ] SELECT `id`,`name`,`status`,`rule`,`cid`,`condition`,`hot`,`key`,`ico`,`create_time`,`update_time` FROM `lottery` WHERE  `status` = 1 ORDER BY `id` ASC [ RunTime:0.000394s ]
[ sql ] [ SQL ] SHOW COLUMNS FROM `lottery_kj` [ RunTime:0.000777s ]
[ sql ] [ SQL ] SELECT * FROM `lottery_kj` WHERE  `key` = 'game1'  AND `expect` = '2022020811417' LIMIT 1 [ RunTime:0.037472s ]
[ sql ] [ SQL ] SHOW COLUMNS FROM `lottery_yukaijiang` [ RunTime:0.000974s ]
[ sql ] [ SQL ] SELECT * FROM `lottery_yukaijiang` WHERE  `key` = 'game1'  AND `expect` = '2022020811417' LIMIT 1 [ RunTime:0.001960s ]
[ sql ] [ SQL ] INSERT INTO `lottery_kj` (`key` , `expect` , `opencode` , `is_yukaijiang` , `create_time` , `update_time`) VALUES ('game1' , '2022020811417' , '2,3,2' , 0 , 1644334622 , 1644334622) [ RunTime:0.003614s ]
[ sql ] [ SQL ] SELECT * FROM `lottery_kj` WHERE  `key` = '5'  AND `expect` = '202202083472' LIMIT 1 [ RunTime:0.030442s ]
[ sql ] [ SQL ] SELECT * FROM `lottery_yukaijiang` WHERE  `key` = '5'  AND `expect` = '202202083472' LIMIT 1 [ RunTime:0.001999s ]
[ sql ] [ SQL ] SELECT * FROM `lottery_kj` WHERE  `key` = 'game2'  AND `expect` = '202202085283' LIMIT 1 [ RunTime:0.033949s ]
[ sql ] [ SQL ] SELECT * FROM `lottery_yukaijiang` WHERE  `key` = 'game2'  AND `expect` = '202202085283' LIMIT 1 [ RunTime:0.002104s ]
[ sql ] [ SQL ] SHOW COLUMNS FROM `game` [ RunTime:0.000826s ]
[ sql ] [ SQL ] SELECT * FROM `game` WHERE  `status` = 0 [ RunTime:0.000478s ]
---------------------------------------------------------------

[2022-02-08T23:38:02+08:00] 40.83.103.135 GET admin.mihuanjishupinzhifuwudiyi44.cc/api/LotteryApi/autoProgram
[运行时间：0.127624s] [吞吐率：7.84req/s] [内存消耗：3,403.09kb] [文件加载：82]
[ info ] [ LANG ] /www/wwwroot/tongchengmiyue/tp6/thinkphp/lang/zh-cn.php
[ info ] [ ROUTE ] array (
)
[ info ] [ HEADER ] array (
  'accept' => '*/*',
  'user-agent' => 'curl/7.29.0',
  'connection' => 'close',
  'x-request-id' => '4bcd24bdbee104709257af00e77451f4',
  'x-country' => 'HK',
  'x-forwarded-proto' => 'https',
  'x-forward-scheme' => 'https',
  'x-real-ip' => '40.83.103.135',
  'host' => 'admin.mihuanjishupinzhifuwudiyi44.cc',
  'x-forward-for' => '40.83.103.135',
  'x-forwarded-for' => '40.83.103.135',
  'content-type' => '',
  'content-length' => '',
)
[ info ] [ PARAM ] array (
)
[ info ] [ DB ] INIT mysql
[ sql ] [ DB ] CONNECT:[ UseTime:0.000430s ] mysql:host=127.0.0.1;dbname=tcmy;charset=utf8
[ sql ] [ SQL ] SHOW COLUMNS FROM `lottery` [ RunTime:0.000782s ]
[ sql ] [ SQL ] SELECT `id`,`name`,`status`,`rule`,`cid`,`condition`,`hot`,`key`,`ico`,`create_time`,`update_time` FROM `lottery` WHERE  `status` = 1 ORDER BY `id` ASC [ RunTime:0.000276s ]
[ sql ] [ SQL ] SHOW COLUMNS FROM `lottery_kj` [ RunTime:0.000646s ]
[ sql ] [ SQL ] SELECT * FROM `lottery_kj` WHERE  `key` = 'game1'  AND `expect` = '2022020811418' LIMIT 1 [ RunTime:0.031755s ]
[ sql ] [ SQL ] SHOW COLUMNS FROM `lottery_yukaijiang` [ RunTime:0.000741s ]
[ sql ] [ SQL ] SELECT * FROM `lottery_yukaijiang` WHERE  `key` = 'game1'  AND `expect` = '2022020811418' LIMIT 1 [ RunTime:0.002044s ]
[ sql ] [ SQL ] INSERT INTO `lottery_kj` (`key` , `expect` , `opencode` , `is_yukaijiang` , `create_time` , `update_time`) VALUES ('game1' , '2022020811418' , '1,2,6' , 0 , 1644334682 , 1644334682) [ RunTime:0.003743s ]
[ sql ] [ SQL ] SELECT * FROM `lottery_kj` WHERE  `key` = '5'  AND `expect` = '202202083472' LIMIT 1 [ RunTime:0.029061s ]
[ sql ] [ SQL ] SELECT * FROM `lottery_yukaijiang` WHERE  `key` = '5'  AND `expect` = '202202083472' LIMIT 1 [ RunTime:0.001996s ]
[ sql ] [ SQL ] SELECT * FROM `lottery_kj` WHERE  `key` = 'game2'  AND `expect` = '202202085283' LIMIT 1 [ RunTime:0.029874s ]
[ sql ] [ SQL ] SELECT * FROM `lottery_yukaijiang` WHERE  `key` = 'game2'  AND `expect` = '202202085283' LIMIT 1 [ RunTime:0.002108s ]
[ sql ] [ SQL ] SHOW COLUMNS FROM `game` [ RunTime:0.000840s ]
[ sql ] [ SQL ] SELECT * FROM `game` WHERE  `status` = 0 [ RunTime:0.000459s ]
---------------------------------------------------------------

[2022-02-08T23:39:01+08:00] 40.83.103.135 GET admin.mihuanjishupinzhifuwudiyi44.cc/api/LotteryApi/autoProgram
[运行时间：0.143058s] [吞吐率：6.99req/s] [内存消耗：3,403.81kb] [文件加载：82]
[ info ] [ LANG ] /www/wwwroot/tongchengmiyue/tp6/thinkphp/lang/zh-cn.php
[ info ] [ ROUTE ] array (
)
[ info ] [ HEADER ] array (
  'accept' => '*/*',
  'user-agent' => 'curl/7.29.0',
  'connection' => 'close',
  'x-request-id' => '6e5a479cf0dad0f2d872bfc8f78d9006',
  'x-country' => 'HK',
  'x-forwarded-proto' => 'https',
  'x-forward-scheme' => 'https',
  'x-real-ip' => '40.83.103.135',
  'host' => 'admin.mihuanjishupinzhifuwudiyi44.cc',
  'x-forward-for' => '40.83.103.135',
  'x-forwarded-for' => '40.83.103.135',
  'content-type' => '',
  'content-length' => '',
)
[ info ] [ PARAM ] array (
)
[ info ] [ DB ] INIT mysql
[ sql ] [ DB ] CONNECT:[ UseTime:0.000478s ] mysql:host=127.0.0.1;dbname=tcmy;charset=utf8
[ sql ] [ SQL ] SHOW COLUMNS FROM `lottery` [ RunTime:0.000734s ]
[ sql ] [ SQL ] SELECT `id`,`name`,`status`,`rule`,`cid`,`condition`,`hot`,`key`,`ico`,`create_time`,`update_time` FROM `lottery` WHERE  `status` = 1 ORDER BY `id` ASC [ RunTime:0.000284s ]
[ sql ] [ SQL ] SHOW COLUMNS FROM `lottery_kj` [ RunTime:0.000616s ]
[ sql ] [ SQL ] SELECT * FROM `lottery_kj` WHERE  `key` = 'game1'  AND `expect` = '2022020811419' LIMIT 1 [ RunTime:0.030983s ]
[ sql ] [ SQL ] SHOW COLUMNS FROM `lottery_yukaijiang` [ RunTime:0.000841s ]
[ sql ] [ SQL ] SELECT * FROM `lottery_yukaijiang` WHERE  `key` = 'game1'  AND `expect` = '2022020811419' LIMIT 1 [ RunTime:0.002011s ]
[ sql ] [ SQL ] INSERT INTO `lottery_kj` (`key` , `expect` , `opencode` , `is_yukaijiang` , `create_time` , `update_time`) VALUES ('game1' , '2022020811419' , '4,1,6' , 0 , 1644334741 , 1644334741) [ RunTime:0.004561s ]
[ sql ] [ SQL ] SELECT * FROM `lottery_kj` WHERE  `key` = '5'  AND `expect` = '202202083473' LIMIT 1 [ RunTime:0.028798s ]
[ sql ] [ SQL ] SELECT * FROM `lottery_yukaijiang` WHERE  `key` = '5'  AND `expect` = '202202083473' LIMIT 1 [ RunTime:0.001938s ]
[ sql ] [ SQL ] INSERT INTO `lottery_kj` (`key` , `expect` , `opencode` , `is_yukaijiang` , `create_time` , `update_time`) VALUES ('5' , '202202083473' , '5,6,3' , 0 , 1644334741 , 1644334741) [ RunTime:0.012540s ]
[ sql ] [ SQL ] SELECT * FROM `lottery_kj` WHERE  `key` = 'game2'  AND `expect` = '202202085283' LIMIT 1 [ RunTime:0.031323s ]
[ sql ] [ SQL ] SELECT * FROM `lottery_yukaijiang` WHERE  `key` = 'game2'  AND `expect` = '202202085283' LIMIT 1 [ RunTime:0.002071s ]
[ sql ] [ SQL ] SHOW COLUMNS FROM `game` [ RunTime:0.000814s ]
[ sql ] [ SQL ] SELECT * FROM `game` WHERE  `status` = 0 [ RunTime:0.000457s ]
---------------------------------------------------------------

[2022-02-08T23:40:02+08:00] 40.83.103.135 GET admin.mihuanjishupinzhifuwudiyi44.cc/api/LotteryApi/autoProgram
[运行时间：0.489098s] [吞吐率：2.04req/s] [内存消耗：3,403.84kb] [文件加载：82]
[ info ] [ LANG ] /www/wwwroot/tongchengmiyue/tp6/thinkphp/lang/zh-cn.php
[ info ] [ ROUTE ] array (
)
[ info ] [ HEADER ] array (
  'accept' => '*/*',
  'user-agent' => 'curl/7.29.0',
  'connection' => 'close',
  'x-request-id' => '16e5d60060582bbbab5907c6a0147285',
  'x-country' => 'HK',
  'x-forwarded-proto' => 'https',
  'x-forward-scheme' => 'https',
  'x-real-ip' => '40.83.103.135',
  'host' => 'admin.mihuanjishupinzhifuwudiyi44.cc',
  'x-forward-for' => '40.83.103.135',
  'x-forwarded-for' => '40.83.103.135',
  'content-type' => '',
  'content-length' => '',
)
[ info ] [ PARAM ] array (
)
[ info ] [ DB ] INIT mysql
[ sql ] [ DB ] CONNECT:[ UseTime:0.026046s ] mysql:host=127.0.0.1;dbname=tcmy;charset=utf8
[ sql ] [ SQL ] SHOW COLUMNS FROM `lottery` [ RunTime:0.018477s ]
[ sql ] [ SQL ] SELECT `id`,`name`,`status`,`rule`,`cid`,`condition`,`hot`,`key`,`ico`,`create_time`,`update_time` FROM `lottery` WHERE  `status` = 1 ORDER BY `id` ASC [ RunTime:0.000348s ]
[ sql ] [ SQL ] SHOW COLUMNS FROM `lottery_kj` [ RunTime:0.000924s ]
[ sql ] [ SQL ] SELECT * FROM `lottery_kj` WHERE  `key` = 'game1'  AND `expect` = '2022020811420' LIMIT 1 [ RunTime:0.105948s ]
[ sql ] [ SQL ] SHOW COLUMNS FROM `lottery_yukaijiang` [ RunTime:0.001096s ]
[ sql ] [ SQL ] SELECT * FROM `lottery_yukaijiang` WHERE  `key` = 'game1'  AND `expect` = '2022020811420' LIMIT 1 [ RunTime:0.003260s ]
[ sql ] [ SQL ] INSERT INTO `lottery_kj` (`key` , `expect` , `opencode` , `is_yukaijiang` , `create_time` , `update_time`) VALUES ('game1' , '2022020811420' , '5,5,4' , 0 , 1644334802 , 1644334802) [ RunTime:0.027730s ]
[ sql ] [ SQL ] SELECT * FROM `lottery_kj` WHERE  `key` = '5'  AND `expect` = '202202083473' LIMIT 1 [ RunTime:0.085822s ]
[ sql ] [ SQL ] SELECT * FROM `lottery_yukaijiang` WHERE  `key` = '5'  AND `expect` = '202202083473' LIMIT 1 [ RunTime:0.015520s ]
[ sql ] [ SQL ] SELECT * FROM `lottery_kj` WHERE  `key` = 'game2'  AND `expect` = '202202085284' LIMIT 1 [ RunTime:0.091201s ]
[ sql ] [ SQL ] SELECT * FROM `lottery_yukaijiang` WHERE  `key` = 'game2'  AND `expect` = '202202085284' LIMIT 1 [ RunTime:0.003363s ]
[ sql ] [ SQL ] INSERT INTO `lottery_kj` (`key` , `expect` , `opencode` , `is_yukaijiang` , `create_time` , `update_time`) VALUES ('game2' , '202202085284' , '3,1,2' , 0 , 1644334802 , 1644334802) [ RunTime:0.063978s ]
[ sql ] [ SQL ] SHOW COLUMNS FROM `game` [ RunTime:0.001122s ]
[ sql ] [ SQL ] SELECT * FROM `game` WHERE  `status` = 0 [ RunTime:0.000636s ]
---------------------------------------------------------------

[2022-02-08T23:40:19+08:00] 61.174.118.238 GET admin.mihuanjishupinzhifuwudiyi44.cc/api/system/base
[运行时间：0.104293s] [吞吐率：9.59req/s] [内存消耗：3,262.66kb] [文件加载：79]
[ info ] [ LANG ] /www/wwwroot/tongchengmiyue/tp6/thinkphp/lang/zh-cn.php
[ info ] [ ROUTE ] array (
)
[ info ] [ HEADER ] array (
  'accept-language' => 'zh,zh-CN;q=0.9,en-US;q=0.8,en;q=0.7',
  'accept-encoding' => 'gzip, deflate, br',
  'referer' => 'https://www.mihuanjishupinzhifuwudiyi50.cc/',
  'sec-fetch-site' => 'cross-site',
  'x-requested-with' => 'com.mdcm.hengyao',
  'accept' => '*/*',
  'token' => 'NjE0Mg==',
  'user-agent' => 'meimaweb-android',
  'origin' => 'https://www.mihuanjishupinzhifuwudiyi50.cc',
  'sec-fetch-mode' => 'cors',
  'connection' => 'close',
  'x-request-id' => 'f4c3fea4c09ec7b12731669742f0103d',
  'x-country' => 'CN',
  'x-forwarded-proto' => 'https',
  'x-forward-scheme' => 'https',
  'x-real-ip' => '61.174.118.238',
  'host' => 'admin.mihuanjishupinzhifuwudiyi44.cc',
  'x-forward-for' => '61.174.118.238',
  'x-forwarded-for' => '61.174.118.238',
  'content-type' => '',
  'content-length' => '',
)
[ info ] [ PARAM ] array (
)
[ info ] [ DB ] INIT mysql
[ sql ] [ DB ] CONNECT:[ UseTime:0.039851s ] mysql:host=127.0.0.1;dbname=tcmy;charset=utf8
[ sql ] [ SQL ] SHOW COLUMNS FROM `system` [ RunTime:0.001010s ]
[ sql ] [ SQL ] SELECT * FROM `system` WHERE  `key` = 'base' LIMIT 1 [ RunTime:0.000314s ]
---------------------------------------------------------------

[2022-02-08T23:40:20+08:00] 61.174.118.238 GET admin.mihuanjishupinzhifuwudiyi44.cc/api/system/config
[运行时间：0.222174s] [吞吐率：4.50req/s] [内存消耗：3,413.85kb] [文件加载：82]
[ info ] [ LANG ] /www/wwwroot/tongchengmiyue/tp6/thinkphp/lang/zh-cn.php
[ info ] [ ROUTE ] array (
)
[ info ] [ HEADER ] array (
  'accept-language' => 'zh,zh-CN;q=0.9,en-US;q=0.8,en;q=0.7',
  'accept-encoding' => 'gzip, deflate, br',
  'referer' => 'https://www.mihuanjishupinzhifuwudiyi50.cc/',
  'sec-fetch-site' => 'cross-site',
  'x-requested-with' => 'com.mdcm.hengyao',
  'accept' => '*/*',
  'token' => 'NjE0Mg==',
  'user-agent' => 'meimaweb-android',
  'origin' => 'https://www.mihuanjishupinzhifuwudiyi50.cc',
  'sec-fetch-mode' => 'cors',
  'connection' => 'close',
  'x-request-id' => '092fed5d6499642b6c3969b5257cfa95',
  'x-country' => 'CN',
  'x-forwarded-proto' => 'https',
  'x-forward-scheme' => 'https',
  'x-real-ip' => '61.174.118.238',
  'host' => 'admin.mihuanjishupinzhifuwudiyi44.cc',
  'x-forward-for' => '61.174.118.238',
  'x-forwarded-for' => '61.174.118.238',
  'content-type' => '',
  'content-length' => '',
)
[ info ] [ PARAM ] array (
)
[ info ] [ DB ] INIT mysql
[ sql ] [ DB ] CONNECT:[ UseTime:0.008801s ] mysql:host=127.0.0.1;dbname=tcmy;charset=utf8
[ sql ] [ SQL ] SHOW COLUMNS FROM `notice` [ RunTime:0.000941s ]
[ sql ] [ SQL ] SELECT `text` FROM `notice` WHERE  `hot` = 1  AND `status` = 1 LIMIT 1 [ RunTime:0.000289s ]
[ sql ] [ SQL ] SHOW COLUMNS FROM `banner` [ RunTime:0.000875s ]
[ sql ] [ SQL ] SELECT * FROM `banner` WHERE  `status` = 1 [ RunTime:0.000261s ]
[ sql ] [ SQL ] SHOW COLUMNS FROM `video` [ RunTime:0.001000s ]
[ sql ] [ SQL ] SELECT * FROM `video` WHERE  `vod_status` = 1  AND `vod_hot` = 1 ORDER BY `id` ASC [ RunTime:0.017461s ]
[ sql ] [ SQL ] SELECT * FROM `video` WHERE  `vod_status` = 1 ORDER BY rand(),`id` ASC LIMIT 8 [ RunTime:0.121986s ]
---------------------------------------------------------------

[2022-02-08T23:40:20+08:00] 61.174.118.238 GET admin.mihuanjishupinzhifuwudiyi44.cc/api/Lottery/hotLottery
[运行时间：0.081834s] [吞吐率：12.22req/s] [内存消耗：3,335.45kb] [文件加载：81]
[ info ] [ LANG ] /www/wwwroot/tongchengmiyue/tp6/thinkphp/lang/zh-cn.php
[ info ] [ ROUTE ] array (
)
[ info ] [ HEADER ] array (
  'accept-language' => 'zh,zh-CN;q=0.9,en-US;q=0.8,en;q=0.7',
  'accept-encoding' => 'gzip, deflate, br',
  'referer' => 'https://www.mihuanjishupinzhifuwudiyi50.cc/',
  'sec-fetch-site' => 'cross-site',
  'x-requested-with' => 'com.mdcm.hengyao',
  'accept' => '*/*',
  'token' => 'NjE0Mg==',
  'user-agent' => 'meimaweb-android',
  'origin' => 'https://www.mihuanjishupinzhifuwudiyi50.cc',
  'sec-fetch-mode' => 'cors',
  'connection' => 'close',
  'x-request-id' => 'f5a4e8913867419a7077a1b14eabada0',
  'x-country' => 'CN',
  'x-forwarded-proto' => 'https',
  'x-forward-scheme' => 'https',
  'x-real-ip' => '61.174.118.238',
  'host' => 'admin.mihuanjishupinzhifuwudiyi44.cc',
  'x-forward-for' => '61.174.118.238',
  'x-forwarded-for' => '61.174.118.238',
  'content-type' => '',
  'content-length' => '',
)
[ info ] [ PARAM ] array (
)
[ info ] [ DB ] INIT mysql
[ sql ] [ DB ] CONNECT:[ UseTime:0.017385s ] mysql:host=127.0.0.1;dbname=tcmy;charset=utf8
[ sql ] [ SQL ] SHOW COLUMNS FROM `lottery` [ RunTime:0.001157s ]
[ sql ] [ SQL ] SELECT * FROM `lottery` WHERE  `status` = 1  AND `hot` = 1 ORDER BY `id` ASC [ RunTime:0.000456s ]
---------------------------------------------------------------

[2022-02-08T23:41:02+08:00] 40.83.103.135 GET admin.mihuanjishupinzhifuwudiyi44.cc/api/LotteryApi/autoProgram
[运行时间：0.421353s] [吞吐率：2.37req/s] [内存消耗：3,403.09kb] [文件加载：82]
[ info ] [ LANG ] /www/wwwroot/tongchengmiyue/tp6/thinkphp/lang/zh-cn.php
[ info ] [ ROUTE ] array (
)
[ info ] [ HEADER ] array (
  'accept' => '*/*',
  'user-agent' => 'curl/7.29.0',
  'connection' => 'close',
  'x-request-id' => 'd6157062133f3290109cab504dac80af',
  'x-country' => 'HK',
  'x-forwarded-proto' => 'https',
  'x-forward-scheme' => 'https',
  'x-real-ip' => '40.83.103.135',
  'host' => 'admin.mihuanjishupinzhifuwudiyi44.cc',
  'x-forward-for' => '40.83.103.135',
  'x-forwarded-for' => '40.83.103.135',
  'content-type' => '',
  'content-length' => '',
)
[ info ] [ PARAM ] array (
)
[ info ] [ DB ] INIT mysql
[ sql ] [ DB ] CONNECT:[ UseTime:0.027532s ] mysql:host=127.0.0.1;dbname=tcmy;charset=utf8
[ sql ] [ SQL ] SHOW COLUMNS FROM `lottery` [ RunTime:0.003064s ]
[ sql ] [ SQL ] SELECT `id`,`name`,`status`,`rule`,`cid`,`condition`,`hot`,`key`,`ico`,`create_time`,`update_time` FROM `lottery` WHERE  `status` = 1 ORDER BY `id` ASC [ RunTime:0.000349s ]
[ sql ] [ SQL ] SHOW COLUMNS FROM `lottery_kj` [ RunTime:0.000946s ]
[ sql ] [ SQL ] SELECT * FROM `lottery_kj` WHERE  `key` = 'game1'  AND `expect` = '2022020811421' LIMIT 1 [ RunTime:0.095796s ]
[ sql ] [ SQL ] SHOW COLUMNS FROM `lottery_yukaijiang` [ RunTime:0.001163s ]
[ sql ] [ SQL ] SELECT * FROM `lottery_yukaijiang` WHERE  `key` = 'game1'  AND `expect` = '2022020811421' LIMIT 1 [ RunTime:0.003268s ]
[ sql ] [ SQL ] INSERT INTO `lottery_kj` (`key` , `expect` , `opencode` , `is_yukaijiang` , `create_time` , `update_time`) VALUES ('game1' , '2022020811421' , '5,2,6' , 0 , 1644334862 , 1644334862) [ RunTime:0.016593s ]
[ sql ] [ SQL ] SELECT * FROM `lottery_kj` WHERE  `key` = '5'  AND `expect` = '202202083473' LIMIT 1 [ RunTime:0.096691s ]
[ sql ] [ SQL ] SELECT * FROM `lottery_yukaijiang` WHERE  `key` = '5'  AND `expect` = '202202083473' LIMIT 1 [ RunTime:0.015827s ]
[ sql ] [ SQL ] SELECT * FROM `lottery_kj` WHERE  `key` = 'game2'  AND `expect` = '202202085284' LIMIT 1 [ RunTime:0.092077s ]
[ sql ] [ SQL ] SELECT * FROM `lottery_yukaijiang` WHERE  `key` = 'game2'  AND `expect` = '202202085284' LIMIT 1 [ RunTime:0.003364s ]
[ sql ] [ SQL ] SHOW COLUMNS FROM `game` [ RunTime:0.001064s ]
[ sql ] [ SQL ] SELECT * FROM `game` WHERE  `status` = 0 [ RunTime:0.000623s ]
---------------------------------------------------------------

[2022-02-08T23:41:17+08:00] 61.174.118.238 GET admin.mihuanjishupinzhifuwudiyi44.cc/api/system/base
[运行时间：0.022414s] [吞吐率：44.62req/s] [内存消耗：3,262.62kb] [文件加载：79]
[ info ] [ LANG ] /www/wwwroot/tongchengmiyue/tp6/thinkphp/lang/zh-cn.php
[ info ] [ ROUTE ] array (
)
[ info ] [ HEADER ] array (
  'accept-language' => 'zh,zh-CN;q=0.9,en-US;q=0.8,en;q=0.7',
  'accept-encoding' => 'gzip, deflate, br',
  'referer' => 'https://www.mihuanjishupinzhifuwudiyi50.cc/',
  'sec-fetch-site' => 'cross-site',
  'x-requested-with' => 'com.mdcm.hengyao',
  'accept' => '*/*',
  'token' => 'NjE0Mg==',
  'user-agent' => 'meimaweb-android',
  'origin' => 'https://www.mihuanjishupinzhifuwudiyi50.cc',
  'sec-fetch-mode' => 'cors',
  'connection' => 'close',
  'x-request-id' => '028a1ed89ec2fecc8cf2a1f299068f2f',
  'x-country' => 'CN',
  'x-forwarded-proto' => 'https',
  'x-forward-scheme' => 'https',
  'x-real-ip' => '61.174.118.238',
  'host' => 'admin.mihuanjishupinzhifuwudiyi44.cc',
  'x-forward-for' => '61.174.118.238',
  'x-forwarded-for' => '61.174.118.238',
  'content-type' => '',
  'content-length' => '',
)
[ info ] [ PARAM ] array (
)
[ info ] [ DB ] INIT mysql
[ sql ] [ DB ] CONNECT:[ UseTime:0.000513s ] mysql:host=127.0.0.1;dbname=tcmy;charset=utf8
[ sql ] [ SQL ] SHOW COLUMNS FROM `system` [ RunTime:0.000829s ]
[ sql ] [ SQL ] SELECT * FROM `system` WHERE  `key` = 'base' LIMIT 1 [ RunTime:0.000265s ]
---------------------------------------------------------------

[2022-02-08T23:41:17+08:00] 61.174.118.238 GET admin.mihuanjishupinzhifuwudiyi44.cc/api/system/config
[运行时间：0.060066s] [吞吐率：16.65req/s] [内存消耗：3,413.28kb] [文件加载：82]
[ info ] [ LANG ] /www/wwwroot/tongchengmiyue/tp6/thinkphp/lang/zh-cn.php
[ info ] [ ROUTE ] array (
)
[ info ] [ HEADER ] array (
  'accept-language' => 'zh,zh-CN;q=0.9,en-US;q=0.8,en;q=0.7',
  'accept-encoding' => 'gzip, deflate, br',
  'referer' => 'https://www.mihuanjishupinzhifuwudiyi50.cc/',
  'sec-fetch-site' => 'cross-site',
  'x-requested-with' => 'com.mdcm.hengyao',
  'accept' => '*/*',
  'token' => 'NjE0Mg==',
  'user-agent' => 'meimaweb-android',
  'origin' => 'https://www.mihuanjishupinzhifuwudiyi50.cc',
  'sec-fetch-mode' => 'cors',
  'connection' => 'close',
  'x-request-id' => 'd0a9affc57f1407cdb8dffa39c1a0a2e',
  'x-country' => 'CN',
  'x-forwarded-proto' => 'https',
  'x-forward-scheme' => 'https',
  'x-real-ip' => '61.174.118.238',
  'host' => 'admin.mihuanjishupinzhifuwudiyi44.cc',
  'x-forward-for' => '61.174.118.238',
  'x-forwarded-for' => '61.174.118.238',
  'content-type' => '',
  'content-length' => '',
)
[ info ] [ PARAM ] array (
)
[ info ] [ DB ] INIT mysql
[ sql ] [ DB ] CONNECT:[ UseTime:0.000516s ] mysql:host=127.0.0.1;dbname=tcmy;charset=utf8
[ sql ] [ SQL ] SHOW COLUMNS FROM `notice` [ RunTime:0.000662s ]
[ sql ] [ SQL ] SELECT `text` FROM `notice` WHERE  `hot` = 1  AND `status` = 1 LIMIT 1 [ RunTime:0.000245s ]
[ sql ] [ SQL ] SHOW COLUMNS FROM `banner` [ RunTime:0.000581s ]
[ sql ] [ SQL ] SELECT * FROM `banner` WHERE  `status` = 1 [ RunTime:0.000200s ]
[ sql ] [ SQL ] SHOW COLUMNS FROM `video` [ RunTime:0.000640s ]
[ sql ] [ SQL ] SELECT * FROM `video` WHERE  `vod_status` = 1  AND `vod_hot` = 1 ORDER BY `id` ASC [ RunTime:0.009031s ]
[ sql ] [ SQL ] SELECT * FROM `video` WHERE  `vod_status` = 1 ORDER BY rand(),`id` ASC LIMIT 8 [ RunTime:0.025630s ]
---------------------------------------------------------------

[2022-02-08T23:41:17+08:00] 61.174.118.238 GET admin.mihuanjishupinzhifuwudiyi44.cc/api/Lottery/hotLottery
[运行时间：0.023448s] [吞吐率：42.65req/s] [内存消耗：3,335.46kb] [文件加载：81]
[ info ] [ LANG ] /www/wwwroot/tongchengmiyue/tp6/thinkphp/lang/zh-cn.php
[ info ] [ ROUTE ] array (
)
[ info ] [ HEADER ] array (
  'accept-language' => 'zh,zh-CN;q=0.9,en-US;q=0.8,en;q=0.7',
  'accept-encoding' => 'gzip, deflate, br',
  'referer' => 'https://www.mihuanjishupinzhifuwudiyi50.cc/',
  'sec-fetch-site' => 'cross-site',
  'x-requested-with' => 'com.mdcm.hengyao',
  'accept' => '*/*',
  'token' => 'NjE0Mg==',
  'user-agent' => 'meimaweb-android',
  'origin' => 'https://www.mihuanjishupinzhifuwudiyi50.cc',
  'sec-fetch-mode' => 'cors',
  'connection' => 'close',
  'x-request-id' => '7a2b3c11a5dc2948453155ecbb4da002',
  'x-country' => 'CN',
  'x-forwarded-proto' => 'https',
  'x-forward-scheme' => 'https',
  'x-real-ip' => '61.174.118.238',
  'host' => 'admin.mihuanjishupinzhifuwudiyi44.cc',
  'x-forward-for' => '61.174.118.238',
  'x-forwarded-for' => '61.174.118.238',
  'content-type' => '',
  'content-length' => '',
)
[ info ] [ PARAM ] array (
)
[ info ] [ DB ] INIT mysql
[ sql ] [ DB ] CONNECT:[ UseTime:0.000546s ] mysql:host=127.0.0.1;dbname=tcmy;charset=utf8
[ sql ] [ SQL ] SHOW COLUMNS FROM `lottery` [ RunTime:0.000971s ]
[ sql ] [ SQL ] SELECT * FROM `lottery` WHERE  `status` = 1  AND `hot` = 1 ORDER BY `id` ASC [ RunTime:0.000340s ]
---------------------------------------------------------------

[2022-02-08T23:41:24+08:00] 61.174.118.238 GET admin.mihuanjishupinzhifuwudiyi44.cc/api/member/getUserInfo
[运行时间：0.022473s] [吞吐率：44.50req/s] [内存消耗：3,292.72kb] [文件加载：80]
[ info ] [ LANG ] /www/wwwroot/tongchengmiyue/tp6/thinkphp/lang/zh-cn.php
[ info ] [ ROUTE ] array (
)
[ info ] [ HEADER ] array (
  'accept-language' => 'zh,zh-CN;q=0.9,en-US;q=0.8,en;q=0.7',
  'accept-encoding' => 'gzip, deflate, br',
  'referer' => 'https://www.mihuanjishupinzhifuwudiyi50.cc/',
  'sec-fetch-site' => 'cross-site',
  'x-requested-with' => 'com.mdcm.hengyao',
  'accept' => '*/*',
  'token' => 'NjE0Mg==',
  'user-agent' => 'meimaweb-android',
  'origin' => 'https://www.mihuanjishupinzhifuwudiyi50.cc',
  'sec-fetch-mode' => 'cors',
  'connection' => 'close',
  'x-request-id' => '9134946a0e11f7abb49c01836aebe46e',
  'x-country' => 'CN',
  'x-forwarded-proto' => 'https',
  'x-forward-scheme' => 'https',
  'x-real-ip' => '61.174.118.238',
  'host' => 'admin.mihuanjishupinzhifuwudiyi44.cc',
  'x-forward-for' => '61.174.118.238',
  'x-forwarded-for' => '61.174.118.238',
  'content-type' => '',
  'content-length' => '',
)
[ info ] [ PARAM ] array (
)
[ info ] [ DB ] INIT mysql
[ sql ] [ DB ] CONNECT:[ UseTime:0.000425s ] mysql:host=127.0.0.1;dbname=tcmy;charset=utf8
[ sql ] [ SQL ] SHOW COLUMNS FROM `member` [ RunTime:0.000808s ]
[ sql ] [ SQL ] SELECT * FROM `member` WHERE  `id` = 6142 LIMIT 1 [ RunTime:0.000428s ]
---------------------------------------------------------------

[2022-02-08T23:41:26+08:00] 61.174.118.238 GET admin.mihuanjishupinzhifuwudiyi44.cc/api/member/getUserInfo
[运行时间：0.027122s] [吞吐率：36.87req/s] [内存消耗：3,292.72kb] [文件加载：80]
[ info ] [ LANG ] /www/wwwroot/tongchengmiyue/tp6/thinkphp/lang/zh-cn.php
[ info ] [ ROUTE ] array (
)
[ info ] [ HEADER ] array (
  'accept-language' => 'zh,zh-CN;q=0.9,en-US;q=0.8,en;q=0.7',
  'accept-encoding' => 'gzip, deflate, br',
  'referer' => 'https://www.mihuanjishupinzhifuwudiyi50.cc/',
  'sec-fetch-site' => 'cross-site',
  'x-requested-with' => 'com.mdcm.hengyao',
  'accept' => '*/*',
  'token' => 'NjE0Mg==',
  'user-agent' => 'meimaweb-android',
  'origin' => 'https://www.mihuanjishupinzhifuwudiyi50.cc',
  'sec-fetch-mode' => 'cors',
  'connection' => 'close',
  'x-request-id' => 'a4e954e1490046017d7d241f3b3f800c',
  'x-country' => 'CN',
  'x-forwarded-proto' => 'https',
  'x-forward-scheme' => 'https',
  'x-real-ip' => '61.174.118.238',
  'host' => 'admin.mihuanjishupinzhifuwudiyi44.cc',
  'x-forward-for' => '61.174.118.238',
  'x-forwarded-for' => '61.174.118.238',
  'content-type' => '',
  'content-length' => '',
)
[ info ] [ PARAM ] array (
)
[ info ] [ DB ] INIT mysql
[ sql ] [ DB ] CONNECT:[ UseTime:0.000389s ] mysql:host=127.0.0.1;dbname=tcmy;charset=utf8
[ sql ] [ SQL ] SHOW COLUMNS FROM `member` [ RunTime:0.000703s ]
[ sql ] [ SQL ] SELECT * FROM `member` WHERE  `id` = 6142 LIMIT 1 [ RunTime:0.000313s ]
---------------------------------------------------------------

[2022-02-08T23:41:27+08:00] 61.174.118.238 GET admin.mihuanjishupinzhifuwudiyi44.cc/api/member/getUserBankInfo
[运行时间：0.026837s] [吞吐率：37.26req/s] [内存消耗：3,301.77kb] [文件加载：81]
[ info ] [ LANG ] /www/wwwroot/tongchengmiyue/tp6/thinkphp/lang/zh-cn.php
[ info ] [ ROUTE ] array (
)
[ info ] [ HEADER ] array (
  'accept-language' => 'zh,zh-CN;q=0.9,en-US;q=0.8,en;q=0.7',
  'accept-encoding' => 'gzip, deflate, br',
  'referer' => 'https://www.mihuanjishupinzhifuwudiyi50.cc/',
  'sec-fetch-site' => 'cross-site',
  'x-requested-with' => 'com.mdcm.hengyao',
  'accept' => '*/*',
  'token' => 'NjE0Mg==',
  'user-agent' => 'meimaweb-android',
  'origin' => 'https://www.mihuanjishupinzhifuwudiyi50.cc',
  'sec-fetch-mode' => 'cors',
  'connection' => 'close',
  'x-request-id' => '4c4f1813c2e898005767c8bb69f9ebcf',
  'x-country' => 'CN',
  'x-forwarded-proto' => 'https',
  'x-forward-scheme' => 'https',
  'x-real-ip' => '61.174.118.238',
  'host' => 'admin.mihuanjishupinzhifuwudiyi44.cc',
  'x-forward-for' => '61.174.118.238',
  'x-forwarded-for' => '61.174.118.238',
  'content-type' => '',
  'content-length' => '',
)
[ info ] [ PARAM ] array (
)
[ info ] [ DB ] INIT mysql
[ sql ] [ DB ] CONNECT:[ UseTime:0.001639s ] mysql:host=127.0.0.1;dbname=tcmy;charset=utf8
[ sql ] [ SQL ] SHOW COLUMNS FROM `member` [ RunTime:0.001972s ]
[ sql ] [ SQL ] SELECT * FROM `member` WHERE  `id` = 6142 LIMIT 1 [ RunTime:0.000349s ]
[ sql ] [ SQL ] SHOW COLUMNS FROM `bank_bind` [ RunTime:0.000659s ]
[ sql ] [ SQL ] SELECT * FROM `bank_bind` WHERE  `uid` = 6142 LIMIT 1 [ RunTime:0.000294s ]
---------------------------------------------------------------

[2022-02-08T23:41:27+08:00] 61.174.118.238 GET admin.mihuanjishupinzhifuwudiyi44.cc/api/member/getUserInfo
[运行时间：0.022931s] [吞吐率：43.61req/s] [内存消耗：3,292.72kb] [文件加载：80]
[ info ] [ LANG ] /www/wwwroot/tongchengmiyue/tp6/thinkphp/lang/zh-cn.php
[ info ] [ ROUTE ] array (
)
[ info ] [ HEADER ] array (
  'accept-language' => 'zh,zh-CN;q=0.9,en-US;q=0.8,en;q=0.7',
  'accept-encoding' => 'gzip, deflate, br',
  'referer' => 'https://www.mihuanjishupinzhifuwudiyi50.cc/',
  'sec-fetch-site' => 'cross-site',
  'x-requested-with' => 'com.mdcm.hengyao',
  'accept' => '*/*',
  'token' => 'NjE0Mg==',
  'user-agent' => 'meimaweb-android',
  'origin' => 'https://www.mihuanjishupinzhifuwudiyi50.cc',
  'sec-fetch-mode' => 'cors',
  'connection' => 'close',
  'x-request-id' => '21d9ff6ef39364079d47a43d41f18c17',
  'x-country' => 'CN',
  'x-forwarded-proto' => 'https',
  'x-forward-scheme' => 'https',
  'x-real-ip' => '61.174.118.238',
  'host' => 'admin.mihuanjishupinzhifuwudiyi44.cc',
  'x-forward-for' => '61.174.118.238',
  'x-forwarded-for' => '61.174.118.238',
  'content-type' => '',
  'content-length' => '',
)
[ info ] [ PARAM ] array (
)
[ info ] [ DB ] INIT mysql
[ sql ] [ DB ] CONNECT:[ UseTime:0.000461s ] mysql:host=127.0.0.1;dbname=tcmy;charset=utf8
[ sql ] [ SQL ] SHOW COLUMNS FROM `member` [ RunTime:0.000819s ]
[ sql ] [ SQL ] SELECT * FROM `member` WHERE  `id` = 6142 LIMIT 1 [ RunTime:0.000378s ]
---------------------------------------------------------------

[2022-02-08T23:41:27+08:00] 61.174.118.238 GET admin.mihuanjishupinzhifuwudiyi44.cc/api/member/getUserWithdrawRole
[运行时间：0.033732s] [吞吐率：29.65req/s] [内存消耗：3,299.22kb] [文件加载：81]
[ info ] [ LANG ] /www/wwwroot/tongchengmiyue/tp6/thinkphp/lang/zh-cn.php
[ info ] [ ROUTE ] array (
)
[ info ] [ HEADER ] array (
  'accept-language' => 'zh,zh-CN;q=0.9,en-US;q=0.8,en;q=0.7',
  'accept-encoding' => 'gzip, deflate, br',
  'referer' => 'https://www.mihuanjishupinzhifuwudiyi50.cc/',
  'sec-fetch-site' => 'cross-site',
  'x-requested-with' => 'com.mdcm.hengyao',
  'accept' => '*/*',
  'token' => 'NjE0Mg==',
  'user-agent' => 'meimaweb-android',
  'origin' => 'https://www.mihuanjishupinzhifuwudiyi50.cc',
  'sec-fetch-mode' => 'cors',
  'connection' => 'close',
  'x-request-id' => '19b8776564650c03bc23766b634256d6',
  'x-country' => 'CN',
  'x-forwarded-proto' => 'https',
  'x-forward-scheme' => 'https',
  'x-real-ip' => '61.174.118.238',
  'host' => 'admin.mihuanjishupinzhifuwudiyi44.cc',
  'x-forward-for' => '61.174.118.238',
  'x-forwarded-for' => '61.174.118.238',
  'content-type' => '',
  'content-length' => '',
)
[ info ] [ PARAM ] array (
)
[ info ] [ DB ] INIT mysql
[ sql ] [ DB ] CONNECT:[ UseTime:0.000485s ] mysql:host=127.0.0.1;dbname=tcmy;charset=utf8
[ sql ] [ SQL ] SHOW COLUMNS FROM `member` [ RunTime:0.000871s ]
[ sql ] [ SQL ] SELECT * FROM `member` WHERE  `id` = 6142 LIMIT 1 [ RunTime:0.000385s ]
[ sql ] [ SQL ] SHOW COLUMNS FROM `system` [ RunTime:0.000735s ]
[ sql ] [ SQL ] SELECT * FROM `system` WHERE  `key` = 'base' LIMIT 1 [ RunTime:0.000253s ]
---------------------------------------------------------------

[2022-02-08T23:41:28+08:00] 61.174.118.238 GET admin.mihuanjishupinzhifuwudiyi44.cc/api/member/getUserWithdrawList
[运行时间：0.063701s] [吞吐率：15.70req/s] [内存消耗：3,433.63kb] [文件加载：83]
[ info ] [ LANG ] /www/wwwroot/tongchengmiyue/tp6/thinkphp/lang/zh-cn.php
[ info ] [ ROUTE ] array (
)
[ info ] [ HEADER ] array (
  'accept-language' => 'zh,zh-CN;q=0.9,en-US;q=0.8,en;q=0.7',
  'accept-encoding' => 'gzip, deflate, br',
  'referer' => 'https://www.mihuanjishupinzhifuwudiyi50.cc/',
  'sec-fetch-site' => 'cross-site',
  'x-requested-with' => 'com.mdcm.hengyao',
  'accept' => '*/*',
  'token' => 'NjE0Mg==',
  'user-agent' => 'meimaweb-android',
  'origin' => 'https://www.mihuanjishupinzhifuwudiyi50.cc',
  'sec-fetch-mode' => 'cors',
  'connection' => 'close',
  'x-request-id' => '7ef866133041d77be6e981cbd909a80f',
  'x-country' => 'CN',
  'x-forwarded-proto' => 'https',
  'x-forward-scheme' => 'https',
  'x-real-ip' => '61.174.118.238',
  'host' => 'admin.mihuanjishupinzhifuwudiyi44.cc',
  'x-forward-for' => '61.174.118.238',
  'x-forwarded-for' => '61.174.118.238',
  'content-type' => '',
  'content-length' => '',
)
[ info ] [ PARAM ] array (
)
[ info ] [ DB ] INIT mysql
[ sql ] [ DB ] CONNECT:[ UseTime:0.012029s ] mysql:host=127.0.0.1;dbname=tcmy;charset=utf8
[ sql ] [ SQL ] SHOW COLUMNS FROM `member` [ RunTime:0.001153s ]
[ sql ] [ SQL ] SELECT * FROM `member` WHERE  `id` = 6142 LIMIT 1 [ RunTime:0.000386s ]
[ sql ] [ SQL ] SHOW COLUMNS FROM `withdraw` [ RunTime:0.000884s ]
[ sql ] [ SQL ] SELECT * FROM `withdraw` WHERE  `mid` = 6142 ORDER BY `id` DESC [ RunTime:0.000395s ]
---------------------------------------------------------------

[2022-02-08T23:42:02+08:00] 40.83.103.135 GET admin.mihuanjishupinzhifuwudiyi44.cc/api/LotteryApi/autoProgram
[运行时间：0.155738s] [吞吐率：6.42req/s] [内存消耗：3,403.81kb] [文件加载：82]
[ info ] [ LANG ] /www/wwwroot/tongchengmiyue/tp6/thinkphp/lang/zh-cn.php
[ info ] [ ROUTE ] array (
)
[ info ] [ HEADER ] array (
  'accept' => '*/*',
  'user-agent' => 'curl/7.29.0',
  'connection' => 'close',
  'x-request-id' => 'fdad94bc01040de2bfb13eb56bbd13d5',
  'x-country' => 'HK',
  'x-forwarded-proto' => 'https',
  'x-forward-scheme' => 'https',
  'x-real-ip' => '40.83.103.135',
  'host' => 'admin.mihuanjishupinzhifuwudiyi44.cc',
  'x-forward-for' => '40.83.103.135',
  'x-forwarded-for' => '40.83.103.135',
  'content-type' => '',
  'content-length' => '',
)
[ info ] [ PARAM ] array (
)
[ info ] [ DB ] INIT mysql
[ sql ] [ DB ] CONNECT:[ UseTime:0.001296s ] mysql:host=127.0.0.1;dbname=tcmy;charset=utf8
[ sql ] [ SQL ] SHOW COLUMNS FROM `lottery` [ RunTime:0.000897s ]
[ sql ] [ SQL ] SELECT `id`,`name`,`status`,`rule`,`cid`,`condition`,`hot`,`key`,`ico`,`create_time`,`update_time` FROM `lottery` WHERE  `status` = 1 ORDER BY `id` ASC [ RunTime:0.000336s ]
[ sql ] [ SQL ] SHOW COLUMNS FROM `lottery_kj` [ RunTime:0.000663s ]
[ sql ] [ SQL ] SELECT * FROM `lottery_kj` WHERE  `key` = 'game1'  AND `expect` = '2022020811422' LIMIT 1 [ RunTime:0.035003s ]
[ sql ] [ SQL ] SHOW COLUMNS FROM `lottery_yukaijiang` [ RunTime:0.000864s ]
[ sql ] [ SQL ] SELECT * FROM `lottery_yukaijiang` WHERE  `key` = 'game1'  AND `expect` = '2022020811422' LIMIT 1 [ RunTime:0.002010s ]
[ sql ] [ SQL ] INSERT INTO `lottery_kj` (`key` , `expect` , `opencode` , `is_yukaijiang` , `create_time` , `update_time`) VALUES ('game1' , '2022020811422' , '5,5,3' , 0 , 1644334922 , 1644334922) [ RunTime:0.003720s ]
[ sql ] [ SQL ] SELECT * FROM `lottery_kj` WHERE  `key` = '5'  AND `expect` = '202202083474' LIMIT 1 [ RunTime:0.030084s ]
[ sql ] [ SQL ] SELECT * FROM `lottery_yukaijiang` WHERE  `key` = '5'  AND `expect` = '202202083474' LIMIT 1 [ RunTime:0.001934s ]
[ sql ] [ SQL ] INSERT INTO `lottery_kj` (`key` , `expect` , `opencode` , `is_yukaijiang` , `create_time` , `update_time`) VALUES ('5' , '202202083474' , '3,5,6' , 0 , 1644334922 , 1644334922) [ RunTime:0.003329s ]
[ sql ] [ SQL ] SELECT * FROM `lottery_kj` WHERE  `key` = 'game2'  AND `expect` = '202202085284' LIMIT 1 [ RunTime:0.038298s ]
[ sql ] [ SQL ] SELECT * FROM `lottery_yukaijiang` WHERE  `key` = 'game2'  AND `expect` = '202202085284' LIMIT 1 [ RunTime:0.002057s ]
[ sql ] [ SQL ] SHOW COLUMNS FROM `game` [ RunTime:0.000727s ]
[ sql ] [ SQL ] SELECT * FROM `game` WHERE  `status` = 0 [ RunTime:0.000490s ]
---------------------------------------------------------------

[2022-02-08T23:43:01+08:00] 40.83.103.135 GET admin.mihuanjishupinzhifuwudiyi44.cc/api/LotteryApi/autoProgram
[运行时间：0.153915s] [吞吐率：6.50req/s] [内存消耗：3,403.09kb] [文件加载：82]
[ info ] [ LANG ] /www/wwwroot/tongchengmiyue/tp6/thinkphp/lang/zh-cn.php
[ info ] [ ROUTE ] array (
)
[ info ] [ HEADER ] array (
  'accept' => '*/*',
  'user-agent' => 'curl/7.29.0',
  'connection' => 'close',
  'x-request-id' => 'ef8481e4a4347d0e33b2a628c3cf2daf',
  'x-country' => 'HK',
  'x-forwarded-proto' => 'https',
  'x-forward-scheme' => 'https',
  'x-real-ip' => '40.83.103.135',
  'host' => 'admin.mihuanjishupinzhifuwudiyi44.cc',
  'x-forward-for' => '40.83.103.135',
  'x-forwarded-for' => '40.83.103.135',
  'content-type' => '',
  'content-length' => '',
)
[ info ] [ PARAM ] array (
)
[ info ] [ DB ] INIT mysql
[ sql ] [ DB ] CONNECT:[ UseTime:0.000459s ] mysql:host=127.0.0.1;dbname=tcmy;charset=utf8
[ sql ] [ SQL ] SHOW COLUMNS FROM `lottery` [ RunTime:0.001007s ]
[ sql ] [ SQL ] SELECT `id`,`name`,`status`,`rule`,`cid`,`condition`,`hot`,`key`,`ico`,`create_time`,`update_time` FROM `lottery` WHERE  `status` = 1 ORDER BY `id` ASC [ RunTime:0.000405s ]
[ sql ] [ SQL ] SHOW COLUMNS FROM `lottery_kj` [ RunTime:0.000892s ]
[ sql ] [ SQL ] SELECT * FROM `lottery_kj` WHERE  `key` = 'game1'  AND `expect` = '2022020811423' LIMIT 1 [ RunTime:0.056208s ]
[ sql ] [ SQL ] SHOW COLUMNS FROM `lottery_yukaijiang` [ RunTime:0.001145s ]
[ sql ] [ SQL ] SELECT * FROM `lottery_yukaijiang` WHERE  `key` = 'game1'  AND `expect` = '2022020811423' LIMIT 1 [ RunTime:0.003361s ]
[ sql ] [ SQL ] INSERT INTO `lottery_kj` (`key` , `expect` , `opencode` , `is_yukaijiang` , `create_time` , `update_time`) VALUES ('game1' , '2022020811423' , '1,1,6' , 0 , 1644334981 , 1644334981) [ RunTime:0.003686s ]
[ sql ] [ SQL ] SELECT * FROM `lottery_kj` WHERE  `key` = '5'  AND `expect` = '202202083474' LIMIT 1 [ RunTime:0.028466s ]
[ sql ] [ SQL ] SELECT * FROM `lottery_yukaijiang` WHERE  `key` = '5'  AND `expect` = '202202083474' LIMIT 1 [ RunTime:0.001980s ]
[ sql ] [ SQL ] SELECT * FROM `lottery_kj` WHERE  `key` = 'game2'  AND `expect` = '202202085284' LIMIT 1 [ RunTime:0.029405s ]
[ sql ] [ SQL ] SELECT * FROM `lottery_yukaijiang` WHERE  `key` = 'game2'  AND `expect` = '202202085284' LIMIT 1 [ RunTime:0.002027s ]
[ sql ] [ SQL ] SHOW COLUMNS FROM `game` [ RunTime:0.000818s ]
[ sql ] [ SQL ] SELECT * FROM `game` WHERE  `status` = 0 [ RunTime:0.000452s ]
---------------------------------------------------------------

[2022-02-08T23:44:02+08:00] 40.83.103.135 GET admin.mihuanjishupinzhifuwudiyi44.cc/api/LotteryApi/autoProgram
[运行时间：0.155676s] [吞吐率：6.42req/s] [内存消耗：3,403.09kb] [文件加载：82]
[ info ] [ LANG ] /www/wwwroot/tongchengmiyue/tp6/thinkphp/lang/zh-cn.php
[ info ] [ ROUTE ] array (
)
[ info ] [ HEADER ] array (
  'accept' => '*/*',
  'user-agent' => 'curl/7.29.0',
  'connection' => 'close',
  'x-request-id' => '7d0f85f82f8fc36f6843a99f31dcbebc',
  'x-country' => 'HK',
  'x-forwarded-proto' => 'https',
  'x-forward-scheme' => 'https',
  'x-real-ip' => '40.83.103.135',
  'host' => 'admin.mihuanjishupinzhifuwudiyi44.cc',
  'x-forward-for' => '40.83.103.135',
  'x-forwarded-for' => '40.83.103.135',
  'content-type' => '',
  'content-length' => '',
)
[ info ] [ PARAM ] array (
)
[ info ] [ DB ] INIT mysql
[ sql ] [ DB ] CONNECT:[ UseTime:0.008093s ] mysql:host=127.0.0.1;dbname=tcmy;charset=utf8
[ sql ] [ SQL ] SHOW COLUMNS FROM `lottery` [ RunTime:0.001206s ]
[ sql ] [ SQL ] SELECT `id`,`name`,`status`,`rule`,`cid`,`condition`,`hot`,`key`,`ico`,`create_time`,`update_time` FROM `lottery` WHERE  `status` = 1 ORDER BY `id` ASC [ RunTime:0.000390s ]
[ sql ] [ SQL ] SHOW COLUMNS FROM `lottery_kj` [ RunTime:0.000993s ]
[ sql ] [ SQL ] SELECT * FROM `lottery_kj` WHERE  `key` = 'game1'  AND `expect` = '2022020811424' LIMIT 1 [ RunTime:0.044103s ]
[ sql ] [ SQL ] SHOW COLUMNS FROM `lottery_yukaijiang` [ RunTime:0.000747s ]
[ sql ] [ SQL ] SELECT * FROM `lottery_yukaijiang` WHERE  `key` = 'game1'  AND `expect` = '2022020811424' LIMIT 1 [ RunTime:0.002049s ]
[ sql ] [ SQL ] INSERT INTO `lottery_kj` (`key` , `expect` , `opencode` , `is_yukaijiang` , `create_time` , `update_time`) VALUES ('game1' , '2022020811424' , '5,5,6' , 0 , 1644335042 , 1644335042) [ RunTime:0.003822s ]
[ sql ] [ SQL ] SELECT * FROM `lottery_kj` WHERE  `key` = '5'  AND `expect` = '202202083474' LIMIT 1 [ RunTime:0.028528s ]
[ sql ] [ SQL ] SELECT * FROM `lottery_yukaijiang` WHERE  `key` = '5'  AND `expect` = '202202083474' LIMIT 1 [ RunTime:0.002034s ]
[ sql ] [ SQL ] SELECT * FROM `lottery_kj` WHERE  `key` = 'game2'  AND `expect` = '202202085284' LIMIT 1 [ RunTime:0.029388s ]
[ sql ] [ SQL ] SELECT * FROM `lottery_yukaijiang` WHERE  `key` = 'game2'  AND `expect` = '202202085284' LIMIT 1 [ RunTime:0.002270s ]
[ sql ] [ SQL ] SHOW COLUMNS FROM `game` [ RunTime:0.000888s ]
[ sql ] [ SQL ] SELECT * FROM `game` WHERE  `status` = 0 [ RunTime:0.000493s ]
---------------------------------------------------------------

[2022-02-08T23:45:02+08:00] 40.83.103.135 GET admin.mihuanjishupinzhifuwudiyi44.cc/api/LotteryApi/autoProgram
[运行时间：0.413734s] [吞吐率：2.42req/s] [内存消耗：3,404.84kb] [文件加载：82]
[ info ] [ LANG ] /www/wwwroot/tongchengmiyue/tp6/thinkphp/lang/zh-cn.php
[ info ] [ ROUTE ] array (
)
[ info ] [ HEADER ] array (
  'accept' => '*/*',
  'user-agent' => 'curl/7.29.0',
  'connection' => 'close',
  'x-request-id' => '841c0a1db82e9669f4b0b26bea534b45',
  'x-country' => 'HK',
  'x-forwarded-proto' => 'https',
  'x-forward-scheme' => 'https',
  'x-real-ip' => '40.83.103.135',
  'host' => 'admin.mihuanjishupinzhifuwudiyi44.cc',
  'x-forward-for' => '40.83.103.135',
  'x-forwarded-for' => '40.83.103.135',
  'content-type' => '',
  'content-length' => '',
)
[ info ] [ PARAM ] array (
)
[ info ] [ DB ] INIT mysql
[ sql ] [ DB ] CONNECT:[ UseTime:0.000840s ] mysql:host=127.0.0.1;dbname=tcmy;charset=utf8
[ sql ] [ SQL ] SHOW COLUMNS FROM `lottery` [ RunTime:0.001063s ]
[ sql ] [ SQL ] SELECT `id`,`name`,`status`,`rule`,`cid`,`condition`,`hot`,`key`,`ico`,`create_time`,`update_time` FROM `lottery` WHERE  `status` = 1 ORDER BY `id` ASC [ RunTime:0.000332s ]
[ sql ] [ SQL ] SHOW COLUMNS FROM `lottery_kj` [ RunTime:0.000983s ]
[ sql ] [ SQL ] SELECT * FROM `lottery_kj` WHERE  `key` = 'game1'  AND `expect` = '2022020811425' LIMIT 1 [ RunTime:0.057395s ]
[ sql ] [ SQL ] SHOW COLUMNS FROM `lottery_yukaijiang` [ RunTime:0.001052s ]
[ sql ] [ SQL ] SELECT * FROM `lottery_yukaijiang` WHERE  `key` = 'game1'  AND `expect` = '2022020811425' LIMIT 1 [ RunTime:0.003270s ]
[ sql ] [ SQL ] INSERT INTO `lottery_kj` (`key` , `expect` , `opencode` , `is_yukaijiang` , `create_time` , `update_time`) VALUES ('game1' , '2022020811425' , '3,2,3' , 0 , 1644335102 , 1644335102) [ RunTime:0.010879s ]
[ sql ] [ SQL ] SELECT * FROM `lottery_kj` WHERE  `key` = '5'  AND `expect` = '202202083475' LIMIT 1 [ RunTime:0.100606s ]
[ sql ] [ SQL ] SELECT * FROM `lottery_yukaijiang` WHERE  `key` = '5'  AND `expect` = '202202083475' LIMIT 1 [ RunTime:0.026487s ]
[ sql ] [ SQL ] INSERT INTO `lottery_kj` (`key` , `expect` , `opencode` , `is_yukaijiang` , `create_time` , `update_time`) VALUES ('5' , '202202083475' , '3,1,6' , 0 , 1644335102 , 1644335102) [ RunTime:0.032512s ]
[ sql ] [ SQL ] SELECT * FROM `lottery_kj` WHERE  `key` = 'game2'  AND `expect` = '202202085285' LIMIT 1 [ RunTime:0.088885s ]
[ sql ] [ SQL ] SELECT * FROM `lottery_yukaijiang` WHERE  `key` = 'game2'  AND `expect` = '202202085285' LIMIT 1 [ RunTime:0.003344s ]
[ sql ] [ SQL ] INSERT INTO `lottery_kj` (`key` , `expect` , `opencode` , `is_yukaijiang` , `create_time` , `update_time`) VALUES ('game2' , '202202085285' , '4,4,6' , 0 , 1644335102 , 1644335102) [ RunTime:0.042080s ]
[ sql ] [ SQL ] SHOW COLUMNS FROM `game` [ RunTime:0.000983s ]
[ sql ] [ SQL ] SELECT * FROM `game` WHERE  `status` = 0 [ RunTime:0.000636s ]
---------------------------------------------------------------

[2022-02-08T23:46:01+08:00] 40.83.103.135 GET admin.mihuanjishupinzhifuwudiyi44.cc/api/LotteryApi/autoProgram
[运行时间：0.142897s] [吞吐率：7.00req/s] [内存消耗：3,403.09kb] [文件加载：82]
[ info ] [ LANG ] /www/wwwroot/tongchengmiyue/tp6/thinkphp/lang/zh-cn.php
[ info ] [ ROUTE ] array (
)
[ info ] [ HEADER ] array (
  'accept' => '*/*',
  'user-agent' => 'curl/7.29.0',
  'connection' => 'close',
  'x-request-id' => '92a4e2d0ddb63f78d857f15cf7de706e',
  'x-country' => 'HK',
  'x-forwarded-proto' => 'https',
  'x-forward-scheme' => 'https',
  'x-real-ip' => '40.83.103.135',
  'host' => 'admin.mihuanjishupinzhifuwudiyi44.cc',
  'x-forward-for' => '40.83.103.135',
  'x-forwarded-for' => '40.83.103.135',
  'content-type' => '',
  'content-length' => '',
)
[ info ] [ PARAM ] array (
)
[ info ] [ DB ] INIT mysql
[ sql ] [ DB ] CONNECT:[ UseTime:0.000578s ] mysql:host=127.0.0.1;dbname=tcmy;charset=utf8
[ sql ] [ SQL ] SHOW COLUMNS FROM `lottery` [ RunTime:0.001035s ]
[ sql ] [ SQL ] SELECT `id`,`name`,`status`,`rule`,`cid`,`condition`,`hot`,`key`,`ico`,`create_time`,`update_time` FROM `lottery` WHERE  `status` = 1 ORDER BY `id` ASC [ RunTime:0.000389s ]
[ sql ] [ SQL ] SHOW COLUMNS FROM `lottery_kj` [ RunTime:0.001321s ]
[ sql ] [ SQL ] SELECT * FROM `lottery_kj` WHERE  `key` = 'game1'  AND `expect` = '2022020811426' LIMIT 1 [ RunTime:0.035632s ]
[ sql ] [ SQL ] SHOW COLUMNS FROM `lottery_yukaijiang` [ RunTime:0.000812s ]
[ sql ] [ SQL ] SELECT * FROM `lottery_yukaijiang` WHERE  `key` = 'game1'  AND `expect` = '2022020811426' LIMIT 1 [ RunTime:0.002036s ]
[ sql ] [ SQL ] INSERT INTO `lottery_kj` (`key` , `expect` , `opencode` , `is_yukaijiang` , `create_time` , `update_time`) VALUES ('game1' , '2022020811426' , '3,6,3' , 0 , 1644335161 , 1644335161) [ RunTime:0.004543s ]
[ sql ] [ SQL ] SELECT * FROM `lottery_kj` WHERE  `key` = '5'  AND `expect` = '202202083475' LIMIT 1 [ RunTime:0.029398s ]
[ sql ] [ SQL ] SELECT * FROM `lottery_yukaijiang` WHERE  `key` = '5'  AND `expect` = '202202083475' LIMIT 1 [ RunTime:0.001962s ]
[ sql ] [ SQL ] SELECT * FROM `lottery_kj` WHERE  `key` = 'game2'  AND `expect` = '202202085285' LIMIT 1 [ RunTime:0.029584s ]
[ sql ] [ SQL ] SELECT * FROM `lottery_yukaijiang` WHERE  `key` = 'game2'  AND `expect` = '202202085285' LIMIT 1 [ RunTime:0.002131s ]
[ sql ] [ SQL ] SHOW COLUMNS FROM `game` [ RunTime:0.000709s ]
[ sql ] [ SQL ] SELECT * FROM `game` WHERE  `status` = 0 [ RunTime:0.000447s ]
---------------------------------------------------------------

[2022-02-08T23:47:01+08:00] 40.83.103.135 GET admin.mihuanjishupinzhifuwudiyi44.cc/api/LotteryApi/autoProgram
[运行时间：0.131959s] [吞吐率：7.58req/s] [内存消耗：3,403.09kb] [文件加载：82]
[ info ] [ LANG ] /www/wwwroot/tongchengmiyue/tp6/thinkphp/lang/zh-cn.php
[ info ] [ ROUTE ] array (
)
[ info ] [ HEADER ] array (
  'accept' => '*/*',
  'user-agent' => 'curl/7.29.0',
  'connection' => 'close',
  'x-request-id' => 'a6534750093868a271884517256b48cb',
  'x-country' => 'HK',
  'x-forwarded-proto' => 'https',
  'x-forward-scheme' => 'https',
  'x-real-ip' => '40.83.103.135',
  'host' => 'admin.mihuanjishupinzhifuwudiyi44.cc',
  'x-forward-for' => '40.83.103.135',
  'x-forwarded-for' => '40.83.103.135',
  'content-type' => '',
  'content-length' => '',
)
[ info ] [ PARAM ] array (
)
[ info ] [ DB ] INIT mysql
[ sql ] [ DB ] CONNECT:[ UseTime:0.000555s ] mysql:host=127.0.0.1;dbname=tcmy;charset=utf8
[ sql ] [ SQL ] SHOW COLUMNS FROM `lottery` [ RunTime:0.000826s ]
[ sql ] [ SQL ] SELECT `id`,`name`,`status`,`rule`,`cid`,`condition`,`hot`,`key`,`ico`,`create_time`,`update_time` FROM `lottery` WHERE  `status` = 1 ORDER BY `id` ASC [ RunTime:0.000313s ]
[ sql ] [ SQL ] SHOW COLUMNS FROM `lottery_kj` [ RunTime:0.000648s ]
[ sql ] [ SQL ] SELECT * FROM `lottery_kj` WHERE  `key` = 'game1'  AND `expect` = '2022020811427' LIMIT 1 [ RunTime:0.032068s ]
[ sql ] [ SQL ] SHOW COLUMNS FROM `lottery_yukaijiang` [ RunTime:0.000790s ]
[ sql ] [ SQL ] SELECT * FROM `lottery_yukaijiang` WHERE  `key` = 'game1'  AND `expect` = '2022020811427' LIMIT 1 [ RunTime:0.002069s ]
[ sql ] [ SQL ] INSERT INTO `lottery_kj` (`key` , `expect` , `opencode` , `is_yukaijiang` , `create_time` , `update_time`) VALUES ('game1' , '2022020811427' , '4,1,6' , 0 , 1644335221 , 1644335221) [ RunTime:0.005116s ]
[ sql ] [ SQL ] SELECT * FROM `lottery_kj` WHERE  `key` = '5'  AND `expect` = '202202083475' LIMIT 1 [ RunTime:0.029863s ]
[ sql ] [ SQL ] SELECT * FROM `lottery_yukaijiang` WHERE  `key` = '5'  AND `expect` = '202202083475' LIMIT 1 [ RunTime:0.002531s ]
[ sql ] [ SQL ] SELECT * FROM `lottery_kj` WHERE  `key` = 'game2'  AND `expect` = '202202085285' LIMIT 1 [ RunTime:0.030237s ]
[ sql ] [ SQL ] SELECT * FROM `lottery_yukaijiang` WHERE  `key` = 'game2'  AND `expect` = '202202085285' LIMIT 1 [ RunTime:0.002509s ]
[ sql ] [ SQL ] SHOW COLUMNS FROM `game` [ RunTime:0.000861s ]
[ sql ] [ SQL ] SELECT * FROM `game` WHERE  `status` = 0 [ RunTime:0.000469s ]
---------------------------------------------------------------

[2022-02-08T23:48:01+08:00] 40.83.103.135 GET admin.mihuanjishupinzhifuwudiyi44.cc/api/LotteryApi/autoProgram
[运行时间：0.133400s] [吞吐率：7.50req/s] [内存消耗：3,403.84kb] [文件加载：82]
[ info ] [ LANG ] /www/wwwroot/tongchengmiyue/tp6/thinkphp/lang/zh-cn.php
[ info ] [ ROUTE ] array (
)
[ info ] [ HEADER ] array (
  'accept' => '*/*',
  'user-agent' => 'curl/7.29.0',
  'connection' => 'close',
  'x-request-id' => 'd162f3a5f51d89f0beebf3ad042381a9',
  'x-country' => 'HK',
  'x-forwarded-proto' => 'https',
  'x-forward-scheme' => 'https',
  'x-real-ip' => '40.83.103.135',
  'host' => 'admin.mihuanjishupinzhifuwudiyi44.cc',
  'x-forward-for' => '40.83.103.135',
  'x-forwarded-for' => '40.83.103.135',
  'content-type' => '',
  'content-length' => '',
)
[ info ] [ PARAM ] array (
)
[ info ] [ DB ] INIT mysql
[ sql ] [ DB ] CONNECT:[ UseTime:0.000424s ] mysql:host=127.0.0.1;dbname=tcmy;charset=utf8
[ sql ] [ SQL ] SHOW COLUMNS FROM `lottery` [ RunTime:0.000808s ]
[ sql ] [ SQL ] SELECT `id`,`name`,`status`,`rule`,`cid`,`condition`,`hot`,`key`,`ico`,`create_time`,`update_time` FROM `lottery` WHERE  `status` = 1 ORDER BY `id` ASC [ RunTime:0.000298s ]
[ sql ] [ SQL ] SHOW COLUMNS FROM `lottery_kj` [ RunTime:0.000672s ]
[ sql ] [ SQL ] SELECT * FROM `lottery_kj` WHERE  `key` = 'game1'  AND `expect` = '2022020811428' LIMIT 1 [ RunTime:0.031434s ]
[ sql ] [ SQL ] SHOW COLUMNS FROM `lottery_yukaijiang` [ RunTime:0.000718s ]
[ sql ] [ SQL ] SELECT * FROM `lottery_yukaijiang` WHERE  `key` = 'game1'  AND `expect` = '2022020811428' LIMIT 1 [ RunTime:0.001953s ]
[ sql ] [ SQL ] INSERT INTO `lottery_kj` (`key` , `expect` , `opencode` , `is_yukaijiang` , `create_time` , `update_time`) VALUES ('game1' , '2022020811428' , '6,2,4' , 0 , 1644335281 , 1644335281) [ RunTime:0.004027s ]
[ sql ] [ SQL ] SELECT * FROM `lottery_kj` WHERE  `key` = '5'  AND `expect` = '202202083476' LIMIT 1 [ RunTime:0.028356s ]
[ sql ] [ SQL ] SELECT * FROM `lottery_yukaijiang` WHERE  `key` = '5'  AND `expect` = '202202083476' LIMIT 1 [ RunTime:0.001979s ]
[ sql ] [ SQL ] INSERT INTO `lottery_kj` (`key` , `expect` , `opencode` , `is_yukaijiang` , `create_time` , `update_time`) VALUES ('5' , '202202083476' , '4,6,6' , 0 , 1644335281 , 1644335281) [ RunTime:0.004104s ]
[ sql ] [ SQL ] SELECT * FROM `lottery_kj` WHERE  `key` = 'game2'  AND `expect` = '202202085285' LIMIT 1 [ RunTime:0.032705s ]
[ sql ] [ SQL ] SELECT * FROM `lottery_yukaijiang` WHERE  `key` = 'game2'  AND `expect` = '202202085285' LIMIT 1 [ RunTime:0.002015s ]
[ sql ] [ SQL ] SHOW COLUMNS FROM `game` [ RunTime:0.000773s ]
[ sql ] [ SQL ] SELECT * FROM `game` WHERE  `status` = 0 [ RunTime:0.000452s ]
---------------------------------------------------------------

[2022-02-08T23:49:01+08:00] 40.83.103.135 GET admin.mihuanjishupinzhifuwudiyi44.cc/api/LotteryApi/autoProgram
[运行时间：0.140659s] [吞吐率：7.11req/s] [内存消耗：3,403.06kb] [文件加载：82]
[ info ] [ LANG ] /www/wwwroot/tongchengmiyue/tp6/thinkphp/lang/zh-cn.php
[ info ] [ ROUTE ] array (
)
[ info ] [ HEADER ] array (
  'accept' => '*/*',
  'user-agent' => 'curl/7.29.0',
  'connection' => 'close',
  'x-request-id' => 'b3435443680c033ec85e8f10a76fab8a',
  'x-country' => 'HK',
  'x-forwarded-proto' => 'https',
  'x-forward-scheme' => 'https',
  'x-real-ip' => '40.83.103.135',
  'host' => 'admin.mihuanjishupinzhifuwudiyi44.cc',
  'x-forward-for' => '40.83.103.135',
  'x-forwarded-for' => '40.83.103.135',
  'content-type' => '',
  'content-length' => '',
)
[ info ] [ PARAM ] array (
)
[ info ] [ DB ] INIT mysql
[ sql ] [ DB ] CONNECT:[ UseTime:0.000421s ] mysql:host=127.0.0.1;dbname=tcmy;charset=utf8
[ sql ] [ SQL ] SHOW COLUMNS FROM `lottery` [ RunTime:0.000822s ]
[ sql ] [ SQL ] SELECT `id`,`name`,`status`,`rule`,`cid`,`condition`,`hot`,`key`,`ico`,`create_time`,`update_time` FROM `lottery` WHERE  `status` = 1 ORDER BY `id` ASC [ RunTime:0.000335s ]
[ sql ] [ SQL ] SHOW COLUMNS FROM `lottery_kj` [ RunTime:0.000661s ]
[ sql ] [ SQL ] SELECT * FROM `lottery_kj` WHERE  `key` = 'game1'  AND `expect` = '2022020811429' LIMIT 1 [ RunTime:0.031879s ]
[ sql ] [ SQL ] SHOW COLUMNS FROM `lottery_yukaijiang` [ RunTime:0.000849s ]
[ sql ] [ SQL ] SELECT * FROM `lottery_yukaijiang` WHERE  `key` = 'game1'  AND `expect` = '2022020811429' LIMIT 1 [ RunTime:0.002010s ]
[ sql ] [ SQL ] INSERT INTO `lottery_kj` (`key` , `expect` , `opencode` , `is_yukaijiang` , `create_time` , `update_time`) VALUES ('game1' , '2022020811429' , '4,6,3' , 0 , 1644335341 , 1644335341) [ RunTime:0.003857s ]
[ sql ] [ SQL ] SELECT * FROM `lottery_kj` WHERE  `key` = '5'  AND `expect` = '202202083476' LIMIT 1 [ RunTime:0.031120s ]
[ sql ] [ SQL ] SELECT * FROM `lottery_yukaijiang` WHERE  `key` = '5'  AND `expect` = '202202083476' LIMIT 1 [ RunTime:0.001933s ]
[ sql ] [ SQL ] SELECT * FROM `lottery_kj` WHERE  `key` = 'game2'  AND `expect` = '202202085285' LIMIT 1 [ RunTime:0.030343s ]
[ sql ] [ SQL ] SELECT * FROM `lottery_yukaijiang` WHERE  `key` = 'game2'  AND `expect` = '202202085285' LIMIT 1 [ RunTime:0.002017s ]
[ sql ] [ SQL ] SHOW COLUMNS FROM `game` [ RunTime:0.000744s ]
[ sql ] [ SQL ] SELECT * FROM `game` WHERE  `status` = 0 [ RunTime:0.000463s ]
---------------------------------------------------------------

[2022-02-08T23:50:03+08:00] 40.83.103.135 GET admin.mihuanjishupinzhifuwudiyi44.cc/api/LotteryApi/autoProgram
[运行时间：0.564916s] [吞吐率：1.77req/s] [内存消耗：3,403.84kb] [文件加载：82]
[ info ] [ LANG ] /www/wwwroot/tongchengmiyue/tp6/thinkphp/lang/zh-cn.php
[ info ] [ ROUTE ] array (
)
[ info ] [ HEADER ] array (
  'accept' => '*/*',
  'user-agent' => 'curl/7.29.0',
  'connection' => 'close',
  'x-request-id' => 'e334b48a92d7101c5baf1ac9b7fff1ed',
  'x-country' => 'HK',
  'x-forwarded-proto' => 'https',
  'x-forward-scheme' => 'https',
  'x-real-ip' => '40.83.103.135',
  'host' => 'admin.mihuanjishupinzhifuwudiyi44.cc',
  'x-forward-for' => '40.83.103.135',
  'x-forwarded-for' => '40.83.103.135',
  'content-type' => '',
  'content-length' => '',
)
[ info ] [ PARAM ] array (
)
[ info ] [ DB ] INIT mysql
[ sql ] [ DB ] CONNECT:[ UseTime:0.009020s ] mysql:host=127.0.0.1;dbname=tcmy;charset=utf8
[ sql ] [ SQL ] SHOW COLUMNS FROM `lottery` [ RunTime:0.000928s ]
[ sql ] [ SQL ] SELECT `id`,`name`,`status`,`rule`,`cid`,`condition`,`hot`,`key`,`ico`,`create_time`,`update_time` FROM `lottery` WHERE  `status` = 1 ORDER BY `id` ASC [ RunTime:0.000359s ]
[ sql ] [ SQL ] SHOW COLUMNS FROM `lottery_kj` [ RunTime:0.000915s ]
[ sql ] [ SQL ] SELECT * FROM `lottery_kj` WHERE  `key` = 'game1'  AND `expect` = '2022020811430' LIMIT 1 [ RunTime:0.104351s ]
[ sql ] [ SQL ] SHOW COLUMNS FROM `lottery_yukaijiang` [ RunTime:0.009376s ]
[ sql ] [ SQL ] SELECT * FROM `lottery_yukaijiang` WHERE  `key` = 'game1'  AND `expect` = '2022020811430' LIMIT 1 [ RunTime:0.017165s ]
[ sql ] [ SQL ] INSERT INTO `lottery_kj` (`key` , `expect` , `opencode` , `is_yukaijiang` , `create_time` , `update_time`) VALUES ('game1' , '2022020811430' , '1,2,5' , 0 , 1644335403 , 1644335403) [ RunTime:0.025110s ]
[ sql ] [ SQL ] SELECT * FROM `lottery_kj` WHERE  `key` = '5'  AND `expect` = '202202083476' LIMIT 1 [ RunTime:0.085581s ]
[ sql ] [ SQL ] SELECT * FROM `lottery_yukaijiang` WHERE  `key` = '5'  AND `expect` = '202202083476' LIMIT 1 [ RunTime:0.027347s ]
[ sql ] [ SQL ] SELECT * FROM `lottery_kj` WHERE  `key` = 'game2'  AND `expect` = '202202085286' LIMIT 1 [ RunTime:0.154870s ]
[ sql ] [ SQL ] SELECT * FROM `lottery_yukaijiang` WHERE  `key` = 'game2'  AND `expect` = '202202085286' LIMIT 1 [ RunTime:0.003372s ]
[ sql ] [ SQL ] INSERT INTO `lottery_kj` (`key` , `expect` , `opencode` , `is_yukaijiang` , `create_time` , `update_time`) VALUES ('game2' , '202202085286' , '3,5,1' , 0 , 1644335403 , 1644335403) [ RunTime:0.060075s ]
[ sql ] [ SQL ] SHOW COLUMNS FROM `game` [ RunTime:0.001027s ]
[ sql ] [ SQL ] SELECT * FROM `game` WHERE  `status` = 0 [ RunTime:0.009113s ]
---------------------------------------------------------------

[2022-02-08T23:51:03+08:00] 40.83.103.135 GET admin.mihuanjishupinzhifuwudiyi44.cc/api/LotteryApi/autoProgram
[运行时间：0.838448s] [吞吐率：1.19req/s] [内存消耗：3,403.84kb] [文件加载：82]
[ info ] [ LANG ] /www/wwwroot/tongchengmiyue/tp6/thinkphp/lang/zh-cn.php
[ info ] [ ROUTE ] array (
)
[ info ] [ HEADER ] array (
  'accept' => '*/*',
  'user-agent' => 'curl/7.29.0',
  'connection' => 'close',
  'x-request-id' => 'd3e7aaecfd7bb1ed8991aa3d1819bb70',
  'x-country' => 'HK',
  'x-forwarded-proto' => 'https',
  'x-forward-scheme' => 'https',
  'x-real-ip' => '40.83.103.135',
  'host' => 'admin.mihuanjishupinzhifuwudiyi44.cc',
  'x-forward-for' => '40.83.103.135',
  'x-forwarded-for' => '40.83.103.135',
  'content-type' => '',
  'content-length' => '',
)
[ info ] [ PARAM ] array (
)
[ info ] [ DB ] INIT mysql
[ sql ] [ DB ] CONNECT:[ UseTime:0.030299s ] mysql:host=127.0.0.1;dbname=tcmy;charset=utf8
[ sql ] [ SQL ] SHOW COLUMNS FROM `lottery` [ RunTime:0.001131s ]
[ sql ] [ SQL ] SELECT `id`,`name`,`status`,`rule`,`cid`,`condition`,`hot`,`key`,`ico`,`create_time`,`update_time` FROM `lottery` WHERE  `status` = 1 ORDER BY `id` ASC [ RunTime:0.000351s ]
[ sql ] [ SQL ] SHOW COLUMNS FROM `lottery_kj` [ RunTime:0.000930s ]
[ sql ] [ SQL ] SELECT * FROM `lottery_kj` WHERE  `key` = 'game1'  AND `expect` = '2022020811431' LIMIT 1 [ RunTime:0.176705s ]
[ sql ] [ SQL ] SHOW COLUMNS FROM `lottery_yukaijiang` [ RunTime:0.000943s ]
[ sql ] [ SQL ] SELECT * FROM `lottery_yukaijiang` WHERE  `key` = 'game1'  AND `expect` = '2022020811431' LIMIT 1 [ RunTime:0.003417s ]
[ sql ] [ SQL ] INSERT INTO `lottery_kj` (`key` , `expect` , `opencode` , `is_yukaijiang` , `create_time` , `update_time`) VALUES ('game1' , '2022020811431' , '1,5,4' , 0 , 1644335462 , 1644335462) [ RunTime:0.083588s ]
[ sql ] [ SQL ] SELECT * FROM `lottery_kj` WHERE  `key` = '5'  AND `expect` = '202202083477' LIMIT 1 [ RunTime:0.190253s ]
[ sql ] [ SQL ] SELECT * FROM `lottery_yukaijiang` WHERE  `key` = '5'  AND `expect` = '202202083477' LIMIT 1 [ RunTime:0.003167s ]
[ sql ] [ SQL ] INSERT INTO `lottery_kj` (`key` , `expect` , `opencode` , `is_yukaijiang` , `create_time` , `update_time`) VALUES ('5' , '202202083477' , '1,6,1' , 0 , 1644335462 , 1644335462) [ RunTime:0.032875s ]
[ sql ] [ SQL ] SELECT * FROM `lottery_kj` WHERE  `key` = 'game2'  AND `expect` = '202202085286' LIMIT 1 [ RunTime:0.171629s ]
[ sql ] [ SQL ] SELECT * FROM `lottery_yukaijiang` WHERE  `key` = 'game2'  AND `expect` = '202202085286' LIMIT 1 [ RunTime:0.042083s ]
[ sql ] [ SQL ] SHOW COLUMNS FROM `game` [ RunTime:0.000984s ]
[ sql ] [ SQL ] SELECT * FROM `game` WHERE  `status` = 0 [ RunTime:0.000630s ]
---------------------------------------------------------------

[2022-02-08T23:52:01+08:00] 40.83.103.135 GET admin.mihuanjishupinzhifuwudiyi44.cc/api/LotteryApi/autoProgram
[运行时间：0.187377s] [吞吐率：5.34req/s] [内存消耗：3,403.09kb] [文件加载：82]
[ info ] [ LANG ] /www/wwwroot/tongchengmiyue/tp6/thinkphp/lang/zh-cn.php
[ info ] [ ROUTE ] array (
)
[ info ] [ HEADER ] array (
  'accept' => '*/*',
  'user-agent' => 'curl/7.29.0',
  'connection' => 'close',
  'x-request-id' => 'dd8744f6c05d13fb1d92fa362a7055d6',
  'x-country' => 'HK',
  'x-forwarded-proto' => 'https',
  'x-forward-scheme' => 'https',
  'x-real-ip' => '40.83.103.135',
  'host' => 'admin.mihuanjishupinzhifuwudiyi44.cc',
  'x-forward-for' => '40.83.103.135',
  'x-forwarded-for' => '40.83.103.135',
  'content-type' => '',
  'content-length' => '',
)
[ info ] [ PARAM ] array (
)
[ info ] [ DB ] INIT mysql
[ sql ] [ DB ] CONNECT:[ UseTime:0.000383s ] mysql:host=127.0.0.1;dbname=tcmy;charset=utf8
[ sql ] [ SQL ] SHOW COLUMNS FROM `lottery` [ RunTime:0.001027s ]
[ sql ] [ SQL ] SELECT `id`,`name`,`status`,`rule`,`cid`,`condition`,`hot`,`key`,`ico`,`create_time`,`update_time` FROM `lottery` WHERE  `status` = 1 ORDER BY `id` ASC [ RunTime:0.000377s ]
[ sql ] [ SQL ] SHOW COLUMNS FROM `lottery_kj` [ RunTime:0.000993s ]
[ sql ] [ SQL ] SELECT * FROM `lottery_kj` WHERE  `key` = 'game1'  AND `expect` = '2022020811432' LIMIT 1 [ RunTime:0.055210s ]
[ sql ] [ SQL ] SHOW COLUMNS FROM `lottery_yukaijiang` [ RunTime:0.001043s ]
[ sql ] [ SQL ] SELECT * FROM `lottery_yukaijiang` WHERE  `key` = 'game1'  AND `expect` = '2022020811432' LIMIT 1 [ RunTime:0.003157s ]
[ sql ] [ SQL ] INSERT INTO `lottery_kj` (`key` , `expect` , `opencode` , `is_yukaijiang` , `create_time` , `update_time`) VALUES ('game1' , '2022020811432' , '4,6,5' , 0 , 1644335521 , 1644335521) [ RunTime:0.003714s ]
[ sql ] [ SQL ] SELECT * FROM `lottery_kj` WHERE  `key` = '5'  AND `expect` = '202202083477' LIMIT 1 [ RunTime:0.037151s ]
[ sql ] [ SQL ] SELECT * FROM `lottery_yukaijiang` WHERE  `key` = '5'  AND `expect` = '202202083477' LIMIT 1 [ RunTime:0.001981s ]
[ sql ] [ SQL ] SELECT * FROM `lottery_kj` WHERE  `key` = 'game2'  AND `expect` = '202202085286' LIMIT 1 [ RunTime:0.045840s ]
[ sql ] [ SQL ] SELECT * FROM `lottery_yukaijiang` WHERE  `key` = 'game2'  AND `expect` = '202202085286' LIMIT 1 [ RunTime:0.003439s ]
[ sql ] [ SQL ] SHOW COLUMNS FROM `game` [ RunTime:0.000981s ]
[ sql ] [ SQL ] SELECT * FROM `game` WHERE  `status` = 0 [ RunTime:0.000626s ]
---------------------------------------------------------------

[2022-02-08T23:53:03+08:00] 40.83.103.135 GET admin.mihuanjishupinzhifuwudiyi44.cc/api/LotteryApi/autoProgram
[运行时间：0.128807s] [吞吐率：7.76req/s] [内存消耗：3,403.09kb] [文件加载：82]
[ info ] [ LANG ] /www/wwwroot/tongchengmiyue/tp6/thinkphp/lang/zh-cn.php
[ info ] [ ROUTE ] array (
)
[ info ] [ HEADER ] array (
  'accept' => '*/*',
  'user-agent' => 'curl/7.29.0',
  'connection' => 'close',
  'x-request-id' => '07cfdefd6944649233927a8b68f19968',
  'x-country' => 'HK',
  'x-forwarded-proto' => 'https',
  'x-forward-scheme' => 'https',
  'x-real-ip' => '40.83.103.135',
  'host' => 'admin.mihuanjishupinzhifuwudiyi44.cc',
  'x-forward-for' => '40.83.103.135',
  'x-forwarded-for' => '40.83.103.135',
  'content-type' => '',
  'content-length' => '',
)
[ info ] [ PARAM ] array (
)
[ info ] [ DB ] INIT mysql
[ sql ] [ DB ] CONNECT:[ UseTime:0.000544s ] mysql:host=127.0.0.1;dbname=tcmy;charset=utf8
[ sql ] [ SQL ] SHOW COLUMNS FROM `lottery` [ RunTime:0.000886s ]
[ sql ] [ SQL ] SELECT `id`,`name`,`status`,`rule`,`cid`,`condition`,`hot`,`key`,`ico`,`create_time`,`update_time` FROM `lottery` WHERE  `status` = 1 ORDER BY `id` ASC [ RunTime:0.000308s ]
[ sql ] [ SQL ] SHOW COLUMNS FROM `lottery_kj` [ RunTime:0.000751s ]
[ sql ] [ SQL ] SELECT * FROM `lottery_kj` WHERE  `key` = 'game1'  AND `expect` = '2022020811433' LIMIT 1 [ RunTime:0.031702s ]
[ sql ] [ SQL ] SHOW COLUMNS FROM `lottery_yukaijiang` [ RunTime:0.000673s ]
[ sql ] [ SQL ] SELECT * FROM `lottery_yukaijiang` WHERE  `key` = 'game1'  AND `expect` = '2022020811433' LIMIT 1 [ RunTime:0.001954s ]
[ sql ] [ SQL ] INSERT INTO `lottery_kj` (`key` , `expect` , `opencode` , `is_yukaijiang` , `create_time` , `update_time`) VALUES ('game1' , '2022020811433' , '3,2,1' , 0 , 1644335583 , 1644335583) [ RunTime:0.004042s ]
[ sql ] [ SQL ] SELECT * FROM `lottery_kj` WHERE  `key` = '5'  AND `expect` = '202202083477' LIMIT 1 [ RunTime:0.029499s ]
[ sql ] [ SQL ] SELECT * FROM `lottery_yukaijiang` WHERE  `key` = '5'  AND `expect` = '202202083477' LIMIT 1 [ RunTime:0.002074s ]
[ sql ] [ SQL ] SELECT * FROM `lottery_kj` WHERE  `key` = 'game2'  AND `expect` = '202202085286' LIMIT 1 [ RunTime:0.029882s ]
[ sql ] [ SQL ] SELECT * FROM `lottery_yukaijiang` WHERE  `key` = 'game2'  AND `expect` = '202202085286' LIMIT 1 [ RunTime:0.002024s ]
[ sql ] [ SQL ] SHOW COLUMNS FROM `game` [ RunTime:0.000845s ]
[ sql ] [ SQL ] SELECT * FROM `game` WHERE  `status` = 0 [ RunTime:0.000447s ]
---------------------------------------------------------------

[2022-02-08T23:54:02+08:00] 40.83.103.135 GET admin.mihuanjishupinzhifuwudiyi44.cc/api/LotteryApi/autoProgram
[运行时间：0.145358s] [吞吐率：6.88req/s] [内存消耗：3,403.84kb] [文件加载：82]
[ info ] [ LANG ] /www/wwwroot/tongchengmiyue/tp6/thinkphp/lang/zh-cn.php
[ info ] [ ROUTE ] array (
)
[ info ] [ HEADER ] array (
  'accept' => '*/*',
  'user-agent' => 'curl/7.29.0',
  'connection' => 'close',
  'x-request-id' => '4db43654838297ce4f98707a5f862c7a',
  'x-country' => 'HK',
  'x-forwarded-proto' => 'https',
  'x-forward-scheme' => 'https',
  'x-real-ip' => '40.83.103.135',
  'host' => 'admin.mihuanjishupinzhifuwudiyi44.cc',
  'x-forward-for' => '40.83.103.135',
  'x-forwarded-for' => '40.83.103.135',
  'content-type' => '',
  'content-length' => '',
)
[ info ] [ PARAM ] array (
)
[ info ] [ DB ] INIT mysql
[ sql ] [ DB ] CONNECT:[ UseTime:0.000527s ] mysql:host=127.0.0.1;dbname=tcmy;charset=utf8
[ sql ] [ SQL ] SHOW COLUMNS FROM `lottery` [ RunTime:0.000880s ]
[ sql ] [ SQL ] SELECT `id`,`name`,`status`,`rule`,`cid`,`condition`,`hot`,`key`,`ico`,`create_time`,`update_time` FROM `lottery` WHERE  `status` = 1 ORDER BY `id` ASC [ RunTime:0.000352s ]
[ sql ] [ SQL ] SHOW COLUMNS FROM `lottery_kj` [ RunTime:0.000792s ]
[ sql ] [ SQL ] SELECT * FROM `lottery_kj` WHERE  `key` = 'game1'  AND `expect` = '2022020811434' LIMIT 1 [ RunTime:0.032540s ]
[ sql ] [ SQL ] SHOW COLUMNS FROM `lottery_yukaijiang` [ RunTime:0.000727s ]
[ sql ] [ SQL ] SELECT * FROM `lottery_yukaijiang` WHERE  `key` = 'game1'  AND `expect` = '2022020811434' LIMIT 1 [ RunTime:0.002008s ]
[ sql ] [ SQL ] INSERT INTO `lottery_kj` (`key` , `expect` , `opencode` , `is_yukaijiang` , `create_time` , `update_time`) VALUES ('game1' , '2022020811434' , '5,6,6' , 0 , 1644335642 , 1644335642) [ RunTime:0.004675s ]
[ sql ] [ SQL ] SELECT * FROM `lottery_kj` WHERE  `key` = '5'  AND `expect` = '202202083478' LIMIT 1 [ RunTime:0.029380s ]
[ sql ] [ SQL ] SELECT * FROM `lottery_yukaijiang` WHERE  `key` = '5'  AND `expect` = '202202083478' LIMIT 1 [ RunTime:0.001955s ]
[ sql ] [ SQL ] INSERT INTO `lottery_kj` (`key` , `expect` , `opencode` , `is_yukaijiang` , `create_time` , `update_time`) VALUES ('5' , '202202083478' , '3,1,5' , 0 , 1644335642 , 1644335642) [ RunTime:0.003936s ]
[ sql ] [ SQL ] SELECT * FROM `lottery_kj` WHERE  `key` = 'game2'  AND `expect` = '202202085286' LIMIT 1 [ RunTime:0.030197s ]
[ sql ] [ SQL ] SELECT * FROM `lottery_yukaijiang` WHERE  `key` = 'game2'  AND `expect` = '202202085286' LIMIT 1 [ RunTime:0.002104s ]
[ sql ] [ SQL ] SHOW COLUMNS FROM `game` [ RunTime:0.000881s ]
[ sql ] [ SQL ] SELECT * FROM `game` WHERE  `status` = 0 [ RunTime:0.000474s ]
---------------------------------------------------------------

[2022-02-08T23:55:02+08:00] 40.83.103.135 GET admin.mihuanjishupinzhifuwudiyi44.cc/api/LotteryApi/autoProgram
[运行时间：0.324824s] [吞吐率：3.08req/s] [内存消耗：3,403.84kb] [文件加载：82]
[ info ] [ LANG ] /www/wwwroot/tongchengmiyue/tp6/thinkphp/lang/zh-cn.php
[ info ] [ ROUTE ] array (
)
[ info ] [ HEADER ] array (
  'accept' => '*/*',
  'user-agent' => 'curl/7.29.0',
  'connection' => 'close',
  'x-request-id' => 'afaf8eedf09b2e63fc629c02b2f899a1',
  'x-country' => 'HK',
  'x-forwarded-proto' => 'https',
  'x-forward-scheme' => 'https',
  'x-real-ip' => '40.83.103.135',
  'host' => 'admin.mihuanjishupinzhifuwudiyi44.cc',
  'x-forward-for' => '40.83.103.135',
  'x-forwarded-for' => '40.83.103.135',
  'content-type' => '',
  'content-length' => '',
)
[ info ] [ PARAM ] array (
)
[ info ] [ DB ] INIT mysql
[ sql ] [ DB ] CONNECT:[ UseTime:0.000543s ] mysql:host=127.0.0.1;dbname=tcmy;charset=utf8
[ sql ] [ SQL ] SHOW COLUMNS FROM `lottery` [ RunTime:0.000984s ]
[ sql ] [ SQL ] SELECT `id`,`name`,`status`,`rule`,`cid`,`condition`,`hot`,`key`,`ico`,`create_time`,`update_time` FROM `lottery` WHERE  `status` = 1 ORDER BY `id` ASC [ RunTime:0.000326s ]
[ sql ] [ SQL ] SHOW COLUMNS FROM `lottery_kj` [ RunTime:0.000904s ]
[ sql ] [ SQL ] SELECT * FROM `lottery_kj` WHERE  `key` = 'game1'  AND `expect` = '2022020811435' LIMIT 1 [ RunTime:0.057311s ]
[ sql ] [ SQL ] SHOW COLUMNS FROM `lottery_yukaijiang` [ RunTime:0.001078s ]
[ sql ] [ SQL ] SELECT * FROM `lottery_yukaijiang` WHERE  `key` = 'game1'  AND `expect` = '2022020811435' LIMIT 1 [ RunTime:0.003253s ]
[ sql ] [ SQL ] INSERT INTO `lottery_kj` (`key` , `expect` , `opencode` , `is_yukaijiang` , `create_time` , `update_time`) VALUES ('game1' , '2022020811435' , '2,3,2' , 0 , 1644335701 , 1644335701) [ RunTime:0.010460s ]
[ sql ] [ SQL ] SELECT * FROM `lottery_kj` WHERE  `key` = '5'  AND `expect` = '202202083478' LIMIT 1 [ RunTime:0.065701s ]
[ sql ] [ SQL ] SELECT * FROM `lottery_yukaijiang` WHERE  `key` = '5'  AND `expect` = '202202083478' LIMIT 1 [ RunTime:0.003161s ]
[ sql ] [ SQL ] SELECT * FROM `lottery_kj` WHERE  `key` = 'game2'  AND `expect` = '202202085287' LIMIT 1 [ RunTime:0.052679s ]
[ sql ] [ SQL ] SELECT * FROM `lottery_yukaijiang` WHERE  `key` = 'game2'  AND `expect` = '202202085287' LIMIT 1 [ RunTime:0.003378s ]
[ sql ] [ SQL ] INSERT INTO `lottery_kj` (`key` , `expect` , `opencode` , `is_yukaijiang` , `create_time` , `update_time`) VALUES ('game2' , '202202085287' , '1,4,6' , 0 , 1644335701 , 1644335701) [ RunTime:0.080022s ]
[ sql ] [ SQL ] SHOW COLUMNS FROM `game` [ RunTime:0.001032s ]
[ sql ] [ SQL ] SELECT * FROM `game` WHERE  `status` = 0 [ RunTime:0.000628s ]
---------------------------------------------------------------

[2022-02-08T23:56:02+08:00] 40.83.103.135 GET admin.mihuanjishupinzhifuwudiyi44.cc/api/LotteryApi/autoProgram
[运行时间：0.283708s] [吞吐率：3.52req/s] [内存消耗：3,403.09kb] [文件加载：82]
[ info ] [ LANG ] /www/wwwroot/tongchengmiyue/tp6/thinkphp/lang/zh-cn.php
[ info ] [ ROUTE ] array (
)
[ info ] [ HEADER ] array (
  'accept' => '*/*',
  'user-agent' => 'curl/7.29.0',
  'connection' => 'close',
  'x-request-id' => '4000b0f834ce56855d425ca7b2210c6a',
  'x-country' => 'HK',
  'x-forwarded-proto' => 'https',
  'x-forward-scheme' => 'https',
  'x-real-ip' => '40.83.103.135',
  'host' => 'admin.mihuanjishupinzhifuwudiyi44.cc',
  'x-forward-for' => '40.83.103.135',
  'x-forwarded-for' => '40.83.103.135',
  'content-type' => '',
  'content-length' => '',
)
[ info ] [ PARAM ] array (
)
[ info ] [ DB ] INIT mysql
[ sql ] [ DB ] CONNECT:[ UseTime:0.004510s ] mysql:host=127.0.0.1;dbname=tcmy;charset=utf8
[ sql ] [ SQL ] SHOW COLUMNS FROM `lottery` [ RunTime:0.000933s ]
[ sql ] [ SQL ] SELECT `id`,`name`,`status`,`rule`,`cid`,`condition`,`hot`,`key`,`ico`,`create_time`,`update_time` FROM `lottery` WHERE  `status` = 1 ORDER BY `id` ASC [ RunTime:0.000334s ]
[ sql ] [ SQL ] SHOW COLUMNS FROM `lottery_kj` [ RunTime:0.000911s ]
[ sql ] [ SQL ] SELECT * FROM `lottery_kj` WHERE  `key` = 'game1'  AND `expect` = '2022020811436' LIMIT 1 [ RunTime:0.057455s ]
[ sql ] [ SQL ] SHOW COLUMNS FROM `lottery_yukaijiang` [ RunTime:0.001032s ]
[ sql ] [ SQL ] SELECT * FROM `lottery_yukaijiang` WHERE  `key` = 'game1'  AND `expect` = '2022020811436' LIMIT 1 [ RunTime:0.003156s ]
[ sql ] [ SQL ] INSERT INTO `lottery_kj` (`key` , `expect` , `opencode` , `is_yukaijiang` , `create_time` , `update_time`) VALUES ('game1' , '2022020811436' , '1,6,3' , 0 , 1644335762 , 1644335762) [ RunTime:0.043293s ]
[ sql ] [ SQL ] SELECT * FROM `lottery_kj` WHERE  `key` = '5'  AND `expect` = '202202083478' LIMIT 1 [ RunTime:0.066372s ]
[ sql ] [ SQL ] SELECT * FROM `lottery_yukaijiang` WHERE  `key` = '5'  AND `expect` = '202202083478' LIMIT 1 [ RunTime:0.003235s ]
[ sql ] [ SQL ] SELECT * FROM `lottery_kj` WHERE  `key` = 'game2'  AND `expect` = '202202085287' LIMIT 1 [ RunTime:0.052529s ]
[ sql ] [ SQL ] SELECT * FROM `lottery_yukaijiang` WHERE  `key` = 'game2'  AND `expect` = '202202085287' LIMIT 1 [ RunTime:0.003535s ]
[ sql ] [ SQL ] SHOW COLUMNS FROM `game` [ RunTime:0.007969s ]
[ sql ] [ SQL ] SELECT * FROM `game` WHERE  `status` = 0 [ RunTime:0.000614s ]
---------------------------------------------------------------

[2022-02-08T23:57:01+08:00] 40.83.103.135 GET admin.mihuanjishupinzhifuwudiyi44.cc/api/LotteryApi/autoProgram
[运行时间：0.152596s] [吞吐率：6.55req/s] [内存消耗：3,403.84kb] [文件加载：82]
[ info ] [ LANG ] /www/wwwroot/tongchengmiyue/tp6/thinkphp/lang/zh-cn.php
[ info ] [ ROUTE ] array (
)
[ info ] [ HEADER ] array (
  'accept' => '*/*',
  'user-agent' => 'curl/7.29.0',
  'connection' => 'close',
  'x-request-id' => '77a4a30cf7335047e121e592f8445faf',
  'x-country' => 'HK',
  'x-forwarded-proto' => 'https',
  'x-forward-scheme' => 'https',
  'x-real-ip' => '40.83.103.135',
  'host' => 'admin.mihuanjishupinzhifuwudiyi44.cc',
  'x-forward-for' => '40.83.103.135',
  'x-forwarded-for' => '40.83.103.135',
  'content-type' => '',
  'content-length' => '',
)
[ info ] [ PARAM ] array (
)
[ info ] [ DB ] INIT mysql
[ sql ] [ DB ] CONNECT:[ UseTime:0.000411s ] mysql:host=127.0.0.1;dbname=tcmy;charset=utf8
[ sql ] [ SQL ] SHOW COLUMNS FROM `lottery` [ RunTime:0.000767s ]
[ sql ] [ SQL ] SELECT `id`,`name`,`status`,`rule`,`cid`,`condition`,`hot`,`key`,`ico`,`create_time`,`update_time` FROM `lottery` WHERE  `status` = 1 ORDER BY `id` ASC [ RunTime:0.000312s ]
[ sql ] [ SQL ] SHOW COLUMNS FROM `lottery_kj` [ RunTime:0.000656s ]
[ sql ] [ SQL ] SELECT * FROM `lottery_kj` WHERE  `key` = 'game1'  AND `expect` = '2022020811437' LIMIT 1 [ RunTime:0.031336s ]
[ sql ] [ SQL ] SHOW COLUMNS FROM `lottery_yukaijiang` [ RunTime:0.000812s ]
[ sql ] [ SQL ] SELECT * FROM `lottery_yukaijiang` WHERE  `key` = 'game1'  AND `expect` = '2022020811437' LIMIT 1 [ RunTime:0.002018s ]
[ sql ] [ SQL ] INSERT INTO `lottery_kj` (`key` , `expect` , `opencode` , `is_yukaijiang` , `create_time` , `update_time`) VALUES ('game1' , '2022020811437' , '6,2,4' , 0 , 1644335821 , 1644335821) [ RunTime:0.004114s ]
[ sql ] [ SQL ] SELECT * FROM `lottery_kj` WHERE  `key` = '5'  AND `expect` = '202202083479' LIMIT 1 [ RunTime:0.044544s ]
[ sql ] [ SQL ] SELECT * FROM `lottery_yukaijiang` WHERE  `key` = '5'  AND `expect` = '202202083479' LIMIT 1 [ RunTime:0.001960s ]
[ sql ] [ SQL ] INSERT INTO `lottery_kj` (`key` , `expect` , `opencode` , `is_yukaijiang` , `create_time` , `update_time`) VALUES ('5' , '202202083479' , '3,5,3' , 0 , 1644335821 , 1644335821) [ RunTime:0.003818s ]
[ sql ] [ SQL ] SELECT * FROM `lottery_kj` WHERE  `key` = 'game2'  AND `expect` = '202202085287' LIMIT 1 [ RunTime:0.032954s ]
[ sql ] [ SQL ] SELECT * FROM `lottery_yukaijiang` WHERE  `key` = 'game2'  AND `expect` = '202202085287' LIMIT 1 [ RunTime:0.002071s ]
[ sql ] [ SQL ] SHOW COLUMNS FROM `game` [ RunTime:0.000792s ]
[ sql ] [ SQL ] SELECT * FROM `game` WHERE  `status` = 0 [ RunTime:0.000452s ]
---------------------------------------------------------------

[2022-02-08T23:58:02+08:00] 40.83.103.135 GET admin.mihuanjishupinzhifuwudiyi44.cc/api/LotteryApi/autoProgram
[运行时间：0.138568s] [吞吐率：7.22req/s] [内存消耗：3,403.09kb] [文件加载：82]
[ info ] [ LANG ] /www/wwwroot/tongchengmiyue/tp6/thinkphp/lang/zh-cn.php
[ info ] [ ROUTE ] array (
)
[ info ] [ HEADER ] array (
  'accept' => '*/*',
  'user-agent' => 'curl/7.29.0',
  'connection' => 'close',
  'x-request-id' => 'bb4682ed8d7b988ceb828cb3d88eefd1',
  'x-country' => 'HK',
  'x-forwarded-proto' => 'https',
  'x-forward-scheme' => 'https',
  'x-real-ip' => '40.83.103.135',
  'host' => 'admin.mihuanjishupinzhifuwudiyi44.cc',
  'x-forward-for' => '40.83.103.135',
  'x-forwarded-for' => '40.83.103.135',
  'content-type' => '',
  'content-length' => '',
)
[ info ] [ PARAM ] array (
)
[ info ] [ DB ] INIT mysql
[ sql ] [ DB ] CONNECT:[ UseTime:0.000494s ] mysql:host=127.0.0.1;dbname=tcmy;charset=utf8
[ sql ] [ SQL ] SHOW COLUMNS FROM `lottery` [ RunTime:0.000949s ]
[ sql ] [ SQL ] SELECT `id`,`name`,`status`,`rule`,`cid`,`condition`,`hot`,`key`,`ico`,`create_time`,`update_time` FROM `lottery` WHERE  `status` = 1 ORDER BY `id` ASC [ RunTime:0.000300s ]
[ sql ] [ SQL ] SHOW COLUMNS FROM `lottery_kj` [ RunTime:0.000665s ]
[ sql ] [ SQL ] SELECT * FROM `lottery_kj` WHERE  `key` = 'game1'  AND `expect` = '2022020811438' LIMIT 1 [ RunTime:0.031651s ]
[ sql ] [ SQL ] SHOW COLUMNS FROM `lottery_yukaijiang` [ RunTime:0.000809s ]
[ sql ] [ SQL ] SELECT * FROM `lottery_yukaijiang` WHERE  `key` = 'game1'  AND `expect` = '2022020811438' LIMIT 1 [ RunTime:0.002043s ]
[ sql ] [ SQL ] INSERT INTO `lottery_kj` (`key` , `expect` , `opencode` , `is_yukaijiang` , `create_time` , `update_time`) VALUES ('game1' , '2022020811438' , '6,4,5' , 0 , 1644335882 , 1644335882) [ RunTime:0.005901s ]
[ sql ] [ SQL ] SELECT * FROM `lottery_kj` WHERE  `key` = '5'  AND `expect` = '202202083479' LIMIT 1 [ RunTime:0.028391s ]
[ sql ] [ SQL ] SELECT * FROM `lottery_yukaijiang` WHERE  `key` = '5'  AND `expect` = '202202083479' LIMIT 1 [ RunTime:0.001953s ]
[ sql ] [ SQL ] SELECT * FROM `lottery_kj` WHERE  `key` = 'game2'  AND `expect` = '202202085287' LIMIT 1 [ RunTime:0.029992s ]
[ sql ] [ SQL ] SELECT * FROM `lottery_yukaijiang` WHERE  `key` = 'game2'  AND `expect` = '202202085287' LIMIT 1 [ RunTime:0.002071s ]
[ sql ] [ SQL ] SHOW COLUMNS FROM `game` [ RunTime:0.000888s ]
[ sql ] [ SQL ] SELECT * FROM `game` WHERE  `status` = 0 [ RunTime:0.000498s ]
---------------------------------------------------------------

[2022-02-08T23:59:02+08:00] 40.83.103.135 GET admin.mihuanjishupinzhifuwudiyi44.cc/api/LotteryApi/autoProgram
[运行时间：0.126838s] [吞吐率：7.88req/s] [内存消耗：3,403.09kb] [文件加载：82]
[ info ] [ LANG ] /www/wwwroot/tongchengmiyue/tp6/thinkphp/lang/zh-cn.php
[ info ] [ ROUTE ] array (
)
[ info ] [ HEADER ] array (
  'accept' => '*/*',
  'user-agent' => 'curl/7.29.0',
  'connection' => 'close',
  'x-request-id' => 'd8022a11671c805396851b278c067f06',
  'x-country' => 'HK',
  'x-forwarded-proto' => 'https',
  'x-forward-scheme' => 'https',
  'x-real-ip' => '40.83.103.135',
  'host' => 'admin.mihuanjishupinzhifuwudiyi44.cc',
  'x-forward-for' => '40.83.103.135',
  'x-forwarded-for' => '40.83.103.135',
  'content-type' => '',
  'content-length' => '',
)
[ info ] [ PARAM ] array (
)
[ info ] [ DB ] INIT mysql
[ sql ] [ DB ] CONNECT:[ UseTime:0.000412s ] mysql:host=127.0.0.1;dbname=tcmy;charset=utf8
[ sql ] [ SQL ] SHOW COLUMNS FROM `lottery` [ RunTime:0.000680s ]
[ sql ] [ SQL ] SELECT `id`,`name`,`status`,`rule`,`cid`,`condition`,`hot`,`key`,`ico`,`create_time`,`update_time` FROM `lottery` WHERE  `status` = 1 ORDER BY `id` ASC [ RunTime:0.000296s ]
[ sql ] [ SQL ] SHOW COLUMNS FROM `lottery_kj` [ RunTime:0.000636s ]
[ sql ] [ SQL ] SELECT * FROM `lottery_kj` WHERE  `key` = 'game1'  AND `expect` = '2022020811439' LIMIT 1 [ RunTime:0.031417s ]
[ sql ] [ SQL ] SHOW COLUMNS FROM `lottery_yukaijiang` [ RunTime:0.000738s ]
[ sql ] [ SQL ] SELECT * FROM `lottery_yukaijiang` WHERE  `key` = 'game1'  AND `expect` = '2022020811439' LIMIT 1 [ RunTime:0.001985s ]
[ sql ] [ SQL ] INSERT INTO `lottery_kj` (`key` , `expect` , `opencode` , `is_yukaijiang` , `create_time` , `update_time`) VALUES ('game1' , '2022020811439' , '6,2,2' , 0 , 1644335942 , 1644335942) [ RunTime:0.004122s ]
[ sql ] [ SQL ] SELECT * FROM `lottery_kj` WHERE  `key` = '5'  AND `expect` = '202202083479' LIMIT 1 [ RunTime:0.028806s ]
[ sql ] [ SQL ] SELECT * FROM `lottery_yukaijiang` WHERE  `key` = '5'  AND `expect` = '202202083479' LIMIT 1 [ RunTime:0.001978s ]
[ sql ] [ SQL ] SELECT * FROM `lottery_kj` WHERE  `key` = 'game2'  AND `expect` = '202202085287' LIMIT 1 [ RunTime:0.029259s ]
[ sql ] [ SQL ] SELECT * FROM `lottery_yukaijiang` WHERE  `key` = 'game2'  AND `expect` = '202202085287' LIMIT 1 [ RunTime:0.002024s ]
[ sql ] [ SQL ] SHOW COLUMNS FROM `game` [ RunTime:0.000795s ]
[ sql ] [ SQL ] SELECT * FROM `game` WHERE  `status` = 0 [ RunTime:0.000450s ]
