---------------------------------------------------------------

[2022-02-26T00:08:26+08:00] 117.136.12.118 GET admin.mihuanjishupinzhifuwudiyi44.cc/api/system/base
[运行时间：0.031477s] [吞吐率：31.77req/s] [内存消耗：3,260.66kb] [文件加载：79]
[ info ] [ LANG ] /www/wwwroot/tongchengmiyue/tp6/thinkphp/lang/zh-cn.php
[ info ] [ ROUTE ] array (
)
[ info ] [ HEADER ] array (
  'accept-language' => 'zh,zh-CN;q=0.9,en-US;q=0.8,en;q=0.7',
  'accept-encoding' => 'gzip, deflate, br',
  'referer' => 'https://www.mihuanjishupinzhifuwudiyi50.cc/',
  'sec-fetch-site' => 'cross-site',
  'x-requested-with' => 'com.mdcm.hengyao',
  'accept' => '*/*',
  'token' => 'NTc2OQ==',
  'user-agent' => 'meimaweb-android',
  'origin' => 'https://www.mihuanjishupinzhifuwudiyi50.cc',
  'sec-fetch-mode' => 'cors',
  'host' => 'admin.mihuanjishupinzhifuwudiyi44.cc',
  'content-type' => '',
  'content-length' => '',
)
[ info ] [ PARAM ] array (
)
[ info ] [ DB ] INIT mysql
[ sql ] [ DB ] CONNECT:[ UseTime:0.000415s ] mysql:host=127.0.0.1;dbname=tcmy;charset=utf8
[ sql ] [ SQL ] SHOW COLUMNS FROM `system` [ RunTime:0.000658s ]
[ sql ] [ SQL ] SELECT * FROM `system` WHERE  `key` = 'base' LIMIT 1 [ RunTime:0.000268s ]
---------------------------------------------------------------

[2022-02-26T00:08:26+08:00] 117.136.12.118 GET admin.mihuanjishupinzhifuwudiyi44.cc/api/system/config
[运行时间：0.087664s] [吞吐率：11.41req/s] [内存消耗：3,411.48kb] [文件加载：82]
[ info ] [ LANG ] /www/wwwroot/tongchengmiyue/tp6/thinkphp/lang/zh-cn.php
[ info ] [ ROUTE ] array (
)
[ info ] [ HEADER ] array (
  'accept-language' => 'zh,zh-CN;q=0.9,en-US;q=0.8,en;q=0.7',
  'accept-encoding' => 'gzip, deflate, br',
  'referer' => 'https://www.mihuanjishupinzhifuwudiyi50.cc/',
  'sec-fetch-site' => 'cross-site',
  'x-requested-with' => 'com.mdcm.hengyao',
  'accept' => '*/*',
  'token' => 'NTc2OQ==',
  'user-agent' => 'meimaweb-android',
  'origin' => 'https://www.mihuanjishupinzhifuwudiyi50.cc',
  'sec-fetch-mode' => 'cors',
  'host' => 'admin.mihuanjishupinzhifuwudiyi44.cc',
  'content-type' => '',
  'content-length' => '',
)
[ info ] [ PARAM ] array (
)
[ info ] [ DB ] INIT mysql
[ sql ] [ DB ] CONNECT:[ UseTime:0.000593s ] mysql:host=127.0.0.1;dbname=tcmy;charset=utf8
[ sql ] [ SQL ] SHOW COLUMNS FROM `notice` [ RunTime:0.000744s ]
[ sql ] [ SQL ] SELECT `text` FROM `notice` WHERE  `hot` = 1  AND `status` = 1 LIMIT 1 [ RunTime:0.000305s ]
[ sql ] [ SQL ] SHOW COLUMNS FROM `banner` [ RunTime:0.000605s ]
[ sql ] [ SQL ] SELECT * FROM `banner` WHERE  `status` = 1 [ RunTime:0.000245s ]
[ sql ] [ SQL ] SHOW COLUMNS FROM `video` [ RunTime:0.000581s ]
[ sql ] [ SQL ] SELECT * FROM `video` WHERE  `vod_status` = 1  AND `vod_hot` = 1 ORDER BY `id` ASC [ RunTime:0.009774s ]
[ sql ] [ SQL ] SELECT * FROM `video` WHERE  `vod_status` = 1 ORDER BY rand(),`id` ASC LIMIT 8 [ RunTime:0.042386s ]
---------------------------------------------------------------

[2022-02-26T00:08:26+08:00] 117.136.12.118 GET admin.mihuanjishupinzhifuwudiyi44.cc/api/Lottery/hotLottery
[运行时间：0.024193s] [吞吐率：41.33req/s] [内存消耗：3,333.51kb] [文件加载：81]
[ info ] [ LANG ] /www/wwwroot/tongchengmiyue/tp6/thinkphp/lang/zh-cn.php
[ info ] [ ROUTE ] array (
)
[ info ] [ HEADER ] array (
  'accept-language' => 'zh,zh-CN;q=0.9,en-US;q=0.8,en;q=0.7',
  'accept-encoding' => 'gzip, deflate, br',
  'referer' => 'https://www.mihuanjishupinzhifuwudiyi50.cc/',
  'sec-fetch-site' => 'cross-site',
  'x-requested-with' => 'com.mdcm.hengyao',
  'accept' => '*/*',
  'token' => 'NTc2OQ==',
  'user-agent' => 'meimaweb-android',
  'origin' => 'https://www.mihuanjishupinzhifuwudiyi50.cc',
  'sec-fetch-mode' => 'cors',
  'host' => 'admin.mihuanjishupinzhifuwudiyi44.cc',
  'content-type' => '',
  'content-length' => '',
)
[ info ] [ PARAM ] array (
)
[ info ] [ DB ] INIT mysql
[ sql ] [ DB ] CONNECT:[ UseTime:0.000408s ] mysql:host=127.0.0.1;dbname=tcmy;charset=utf8
[ sql ] [ SQL ] SHOW COLUMNS FROM `lottery` [ RunTime:0.000715s ]
[ sql ] [ SQL ] SELECT * FROM `lottery` WHERE  `status` = 1  AND `hot` = 1 ORDER BY `id` ASC [ RunTime:0.000307s ]
---------------------------------------------------------------

[2022-02-26T02:09:19+08:00] 192.241.218.14 GET 40.83.103.135/
[运行时间：0.019918s] [吞吐率：50.21req/s] [内存消耗：2,806.75kb] [文件加载：90]
[ info ] [ LANG ] /www/wwwroot/tongchengmiyue/tp6/thinkphp/lang/zh-cn.php
[ info ] [ ROUTE ] array (
)
[ info ] [ HEADER ] array (
  'accept-encoding' => 'gzip',
  'accept' => '*/*',
  'user-agent' => 'Mozilla/5.0 zgrab/0.x',
  'host' => '40.83.103.135',
  'content-type' => '',
  'content-length' => '',
)
[ info ] [ PARAM ] array (
)
---------------------------------------------------------------

[2022-02-26T02:52:47+08:00] 81.38.99.77 GET 40.83.103.135/
[运行时间：0.017938s] [吞吐率：55.75req/s] [内存消耗：2,806.75kb] [文件加载：90]
[ info ] [ LANG ] /www/wwwroot/tongchengmiyue/tp6/thinkphp/lang/zh-cn.php
[ info ] [ ROUTE ] array (
)
[ info ] [ HEADER ] array (
  'accept-encoding' => 'gzip',
  'accept' => '*/*',
  'user-agent' => 'Mozilla/5.0 zgrab/0.x',
  'host' => '40.83.103.135',
  'content-type' => '',
  'content-length' => '',
)
[ info ] [ PARAM ] array (
)
---------------------------------------------------------------

[2022-02-26T04:37:14+08:00] 109.237.103.123 GET 40.83.103.135/.env
[运行时间：0.018952s] [吞吐率：52.76req/s] [内存消耗：2,807.99kb] [文件加载：90]
[ info ] [ LANG ] /www/wwwroot/tongchengmiyue/tp6/thinkphp/lang/zh-cn.php
[ info ] [ ROUTE ] array (
)
[ info ] [ HEADER ] array (
  'connection' => 'keep-alive',
  'accept' => '*/*',
  'accept-encoding' => 'gzip, deflate',
  'user-agent' => 'Mozilla/5.0 (X11; Linux x86_64) AppleWebKit/537.36 (KHTML, like Gecko) Chrome/81.0.4044.129 Safari/537.36',
  'host' => '40.83.103.135',
  'content-type' => '',
  'content-length' => '',
)
[ info ] [ PARAM ] array (
)
---------------------------------------------------------------

[2022-02-26T04:42:10+08:00] 45.146.165.37 GET 40.83.103.135:443/?XDEBUG_SESSION_START=phpstorm
[运行时间：0.029403s] [吞吐率：34.01req/s] [内存消耗：3,674.53kb] [文件加载：95]
[ info ] [ LANG ] /www/wwwroot/tongchengmiyue/tp6/thinkphp/lang/zh-cn.php
[ info ] [ ROUTE ] array (
)
[ info ] [ HEADER ] array (
  'connection' => 'close',
  'accept-encoding' => 'gzip',
  'user-agent' => 'Mozilla/5.0 (Windows NT 10.0; Win64; x64) AppleWebKit/537.36 (KHTML, like Gecko) Chrome/78.0.3904.108 Safari/537.36',
  'host' => '40.83.103.135:443',
  'content-type' => '',
  'content-length' => '',
)
[ info ] [ PARAM ] array (
  'XDEBUG_SESSION_START' => 'phpstorm',
)
[ info ] [ DB ] INIT mysql
[ sql ] [ DB ] CONNECT:[ UseTime:0.000502s ] mysql:host=127.0.0.1;dbname=tcmy;charset=utf8
[ sql ] [ SQL ] SHOW COLUMNS FROM `user_log` [ RunTime:0.000606s ]
[ sql ] [ SQL ] INSERT INTO `user_log` (`url` , `param` , `ip` , `uid` , `uname`) VALUES ('/' , '{\"XDEBUG_SESSION_START\":\"phpstorm\"}' , '45.146.165.37' , NULL , NULL) [ RunTime:0.000821s ]
---------------------------------------------------------------

[2022-02-26T04:42:17+08:00] 45.146.165.37 GET 40.83.103.135:443/admin/login/index/
[运行时间：0.019298s] [吞吐率：51.82req/s] [内存消耗：2,810.78kb] [文件加载：90]
[ info ] [ LANG ] /www/wwwroot/tongchengmiyue/tp6/thinkphp/lang/zh-cn.php
[ info ] [ ROUTE ] array (
)
[ info ] [ HEADER ] array (
  'connection' => 'close',
  'accept-encoding' => 'gzip',
  'referer' => 'https://40.83.103.135:443/?XDEBUG_SESSION_START=phpstorm',
  'user-agent' => 'Mozilla/5.0 (Windows NT 10.0; Win64; x64) AppleWebKit/537.36 (KHTML, like Gecko) Chrome/78.0.3904.108 Safari/537.36',
  'host' => '40.83.103.135:443',
  'content-type' => '',
  'content-length' => '',
)
[ info ] [ PARAM ] array (
)
[ info ] [ VIEW ] /www/wwwroot/tongchengmiyue/tp6/application/admin/view/login/index.html [ array (
) ]
---------------------------------------------------------------

[2022-02-26T05:46:29+08:00] 45.146.165.37 POST 40.83.103.135:443/mifs/.;/services/LogService
[运行时间：0.010439s] [吞吐率：95.80req/s] [内存消耗：1,158.80kb] [文件加载：46]
[ info ] [ LANG ] /www/wwwroot/tongchengmiyue/tp6/thinkphp/lang/zh-cn.php
---------------------------------------------------------------

[2022-02-26T05:55:06+08:00] 162.142.125.221 GET 40.83.103.135:443/
[运行时间：0.019245s] [吞吐率：51.96req/s] [内存消耗：2,806.43kb] [文件加载：90]
[ info ] [ LANG ] /www/wwwroot/tongchengmiyue/tp6/thinkphp/lang/zh-cn.php
[ info ] [ ROUTE ] array (
)
[ info ] [ HEADER ] array (
  'host' => '40.83.103.135:443',
  'content-type' => '',
  'content-length' => '',
)
[ info ] [ PARAM ] array (
)
---------------------------------------------------------------

[2022-02-26T05:55:07+08:00] 162.142.125.221 GET 40.83.103.135/
[运行时间：0.018667s] [吞吐率：53.57req/s] [内存消耗：2,806.97kb] [文件加载：90]
[ info ] [ LANG ] /www/wwwroot/tongchengmiyue/tp6/thinkphp/lang/zh-cn.php
[ info ] [ ROUTE ] array (
)
[ info ] [ HEADER ] array (
  'accept-encoding' => 'gzip',
  'accept' => '*/*',
  'user-agent' => 'Mozilla/5.0 (compatible; CensysInspect/1.1; +https://about.censys.io/)',
  'host' => '40.83.103.135',
  'content-type' => '',
  'content-length' => '',
)
[ info ] [ PARAM ] array (
)
---------------------------------------------------------------

[2022-02-26T05:55:08+08:00] 162.142.125.221 GET 40.83.103.135/admin/login/index/
[运行时间：0.019980s] [吞吐率：50.05req/s] [内存消耗：2,810.33kb] [文件加载：90]
[ info ] [ LANG ] /www/wwwroot/tongchengmiyue/tp6/thinkphp/lang/zh-cn.php
[ info ] [ ROUTE ] array (
)
[ info ] [ HEADER ] array (
  'accept-encoding' => 'gzip',
  'accept' => '*/*',
  'user-agent' => 'Mozilla/5.0 (compatible; CensysInspect/1.1; +https://about.censys.io/)',
  'host' => '40.83.103.135',
  'content-type' => '',
  'content-length' => '',
)
[ info ] [ PARAM ] array (
)
[ info ] [ VIEW ] /www/wwwroot/tongchengmiyue/tp6/application/admin/view/login/index.html [ array (
) ]
---------------------------------------------------------------

[2022-02-26T06:22:03+08:00] 45.146.165.37 GET 40.83.103.135:443/console/
[运行时间：0.010423s] [吞吐率：95.94req/s] [内存消耗：1,192.08kb] [文件加载：48]
[ info ] [ LANG ] /www/wwwroot/tongchengmiyue/tp6/thinkphp/lang/zh-cn.php
---------------------------------------------------------------

[2022-02-26T06:52:37+08:00] 92.118.161.17 GET 40.83.103.135:443/
[运行时间：0.027803s] [吞吐率：35.97req/s] [内存消耗：2,806.94kb] [文件加载：90]
[ info ] [ LANG ] /www/wwwroot/tongchengmiyue/tp6/thinkphp/lang/zh-cn.php
[ info ] [ ROUTE ] array (
)
[ info ] [ HEADER ] array (
  'user-agent' => 'NetSystemsResearch studies the availability of various services across the internet. Our website is netsystemsresearch.com',
  'host' => '40.83.103.135:443',
  'content-type' => '',
  'content-length' => '',
)
[ info ] [ PARAM ] array (
)
---------------------------------------------------------------

[2022-02-26T06:52:38+08:00] 92.118.161.17 GET 40.83.103.135:443/admin/login/index/
[运行时间：0.019327s] [吞吐率：51.74req/s] [内存消耗：2,810.30kb] [文件加载：90]
[ info ] [ LANG ] /www/wwwroot/tongchengmiyue/tp6/thinkphp/lang/zh-cn.php
[ info ] [ ROUTE ] array (
)
[ info ] [ HEADER ] array (
  'user-agent' => 'NetSystemsResearch studies the availability of various services across the internet. Our website is netsystemsresearch.com',
  'host' => '40.83.103.135:443',
  'content-type' => '',
  'content-length' => '',
)
[ info ] [ PARAM ] array (
)
[ info ] [ VIEW ] /www/wwwroot/tongchengmiyue/tp6/application/admin/view/login/index.html [ array (
) ]
---------------------------------------------------------------

[2022-02-26T07:05:22+08:00] 209.17.97.106 GET 40.83.103.135:443/
[运行时间：0.019378s] [吞吐率：51.61req/s] [内存消耗：2,806.75kb] [文件加载：90]
[ info ] [ LANG ] /www/wwwroot/tongchengmiyue/tp6/thinkphp/lang/zh-cn.php
[ info ] [ ROUTE ] array (
)
[ info ] [ HEADER ] array (
  'user-agent' => 'Mozilla/5.0 (compatible; Nimbostratus-Bot/v1.3.2; http://cloudsystemnetworks.com)',
  'host' => '40.83.103.135:443',
  'content-type' => '',
  'content-length' => '',
)
[ info ] [ PARAM ] array (
)
---------------------------------------------------------------

[2022-02-26T07:05:23+08:00] 209.17.97.106 GET 40.83.103.135:443/admin/login/index/
[运行时间：0.018668s] [吞吐率：53.57req/s] [内存消耗：2,810.05kb] [文件加载：90]
[ info ] [ LANG ] /www/wwwroot/tongchengmiyue/tp6/thinkphp/lang/zh-cn.php
[ info ] [ ROUTE ] array (
)
[ info ] [ HEADER ] array (
  'user-agent' => 'Mozilla/5.0 (compatible; Nimbostratus-Bot/v1.3.2; http://cloudsystemnetworks.com)',
  'host' => '40.83.103.135:443',
  'content-type' => '',
  'content-length' => '',
)
[ info ] [ PARAM ] array (
)
[ info ] [ VIEW ] /www/wwwroot/tongchengmiyue/tp6/application/admin/view/login/index.html [ array (
) ]
---------------------------------------------------------------

[2022-02-26T07:31:01+08:00] 45.146.165.37 POST 40.83.103.135:443/Autodiscover/Autodiscover.xml
[运行时间：0.010531s] [吞吐率：94.96req/s] [内存消耗：1,191.98kb] [文件加载：48]
[ info ] [ LANG ] /www/wwwroot/tongchengmiyue/tp6/thinkphp/lang/zh-cn.php
---------------------------------------------------------------

[2022-02-26T07:55:18+08:00] 45.146.165.37 GET 40.83.103.135:443/_ignition/execute-solution
[运行时间：0.010467s] [吞吐率：95.54req/s] [内存消耗：1,159.34kb] [文件加载：46]
[ info ] [ LANG ] /www/wwwroot/tongchengmiyue/tp6/thinkphp/lang/zh-cn.php
---------------------------------------------------------------

[2022-02-26T09:11:41+08:00] 178.73.215.171 GET /
[运行时间：0.019325s] [吞吐率：51.75req/s] [内存消耗：2,806.32kb] [文件加载：90]
[ info ] [ LANG ] /www/wwwroot/tongchengmiyue/tp6/thinkphp/lang/zh-cn.php
[ info ] [ ROUTE ] array (
)
[ info ] [ HEADER ] array (
  'accept' => '*/*',
  'content-type' => '',
  'content-length' => '',
)
[ info ] [ PARAM ] array (
)
---------------------------------------------------------------

[2022-02-26T09:46:02+08:00] 45.146.165.37 GET 40.83.103.135:443/
[运行时间：0.027029s] [吞吐率：37.00req/s] [内存消耗：2,807.24kb] [文件加载：90]
[ info ] [ LANG ] /www/wwwroot/tongchengmiyue/tp6/thinkphp/lang/zh-cn.php
[ info ] [ ROUTE ] array (
)
[ info ] [ HEADER ] array (
  'connection' => 'close',
  'accept-encoding' => 'gzip',
  'content-type' => 'application/json',
  'user-agent' => 'Mozilla/5.0 (Windows NT 10.0; Win64; x64) AppleWebKit/537.36 (KHTML, like Gecko) Chrome/78.0.3904.108 Safari/537.36',
  'host' => '40.83.103.135:443',
  'content-length' => '',
)
[ info ] [ PARAM ] array (
)
---------------------------------------------------------------

[2022-02-26T09:46:06+08:00] 45.146.165.37 GET 40.83.103.135:443/admin/login/index/
[运行时间：0.020821s] [吞吐率：48.03req/s] [内存消耗：2,810.63kb] [文件加载：90]
[ info ] [ LANG ] /www/wwwroot/tongchengmiyue/tp6/thinkphp/lang/zh-cn.php
[ info ] [ ROUTE ] array (
)
[ info ] [ HEADER ] array (
  'connection' => 'close',
  'accept-encoding' => 'gzip',
  'referer' => 'https://40.83.103.135:443',
  'content-type' => 'application/json',
  'user-agent' => 'Mozilla/5.0 (Windows NT 10.0; Win64; x64) AppleWebKit/537.36 (KHTML, like Gecko) Chrome/78.0.3904.108 Safari/537.36',
  'host' => '40.83.103.135:443',
  'content-length' => '',
)
[ info ] [ PARAM ] array (
)
[ info ] [ VIEW ] /www/wwwroot/tongchengmiyue/tp6/application/admin/view/login/index.html [ array (
) ]
---------------------------------------------------------------

[2022-02-26T10:07:34+08:00] 154.89.5.81 GET 40.83.103.135:443/
[运行时间：0.018786s] [吞吐率：53.23req/s] [内存消耗：2,806.43kb] [文件加载：90]
[ info ] [ LANG ] /www/wwwroot/tongchengmiyue/tp6/thinkphp/lang/zh-cn.php
[ info ] [ ROUTE ] array (
)
[ info ] [ HEADER ] array (
  'host' => '40.83.103.135:443',
  'content-type' => '',
  'content-length' => '',
)
[ info ] [ PARAM ] array (
)
---------------------------------------------------------------

[2022-02-26T10:56:29+08:00] 45.146.165.37 GET 40.83.103.135:443/
[运行时间：0.018949s] [吞吐率：52.77req/s] [内存消耗：2,807.20kb] [文件加载：90]
[ info ] [ LANG ] /www/wwwroot/tongchengmiyue/tp6/thinkphp/lang/zh-cn.php
[ info ] [ ROUTE ] array (
)
[ info ] [ HEADER ] array (
  'connection' => 'close',
  'accept-encoding' => 'gzip',
  'user-agent' => 'Mozilla/5.0 (Windows NT 10.0; Win64; x64) AppleWebKit/537.36 (KHTML, like Gecko) Chrome/78.0.3904.108 Safari/537.36',
  'host' => '40.83.103.135:443',
  'content-type' => '',
  'content-length' => '',
)
[ info ] [ PARAM ] array (
)
---------------------------------------------------------------

[2022-02-26T12:49:33+08:00] 64.62.197.62 GET 40.83.103.135/
[运行时间：0.028031s] [吞吐率：35.67req/s] [内存消耗：2,806.39kb] [文件加载：90]
[ info ] [ LANG ] /www/wwwroot/tongchengmiyue/tp6/thinkphp/lang/zh-cn.php
[ info ] [ ROUTE ] array (
)
[ info ] [ HEADER ] array (
  'host' => '40.83.103.135',
  'content-type' => '',
  'content-length' => '',
)
[ info ] [ PARAM ] array (
)
---------------------------------------------------------------

[2022-02-26T13:03:29+08:00] 44.202.77.189 GET 40.83.103.135/
[运行时间：0.018260s] [吞吐率：54.76req/s] [内存消耗：2,807.10kb] [文件加载：90]
[ info ] [ LANG ] /www/wwwroot/tongchengmiyue/tp6/thinkphp/lang/zh-cn.php
[ info ] [ ROUTE ] array (
)
[ info ] [ HEADER ] array (
  'connection' => 'close',
  'accept-encoding' => 'gzip',
  'user-agent' => 'Mozilla/5.0 (Windows NT 10.0; WOW64) AppleWebKit/537.36 (KHTML, like Gecko) Chrome/83.0.4103.116 Safari/537.36',
  'host' => '40.83.103.135',
  'content-type' => '',
  'content-length' => '',
)
[ info ] [ PARAM ] array (
)
---------------------------------------------------------------

[2022-02-26T13:03:30+08:00] 44.202.77.189 GET 40.83.103.135/admin/login/index/
[运行时间：0.023797s] [吞吐率：42.02req/s] [内存消耗：2,810.49kb] [文件加载：90]
[ info ] [ LANG ] /www/wwwroot/tongchengmiyue/tp6/thinkphp/lang/zh-cn.php
[ info ] [ ROUTE ] array (
)
[ info ] [ HEADER ] array (
  'connection' => 'close',
  'accept-encoding' => 'gzip',
  'referer' => 'https://40.83.103.135/',
  'user-agent' => 'Mozilla/5.0 (Windows NT 10.0; WOW64) AppleWebKit/537.36 (KHTML, like Gecko) Chrome/83.0.4103.116 Safari/537.36',
  'host' => '40.83.103.135',
  'content-type' => '',
  'content-length' => '',
)
[ info ] [ PARAM ] array (
)
[ info ] [ VIEW ] /www/wwwroot/tongchengmiyue/tp6/application/admin/view/login/index.html [ array (
) ]
---------------------------------------------------------------

[2022-02-26T15:37:42+08:00] 34.96.130.14 GET admin.mihuanjishupinzhifuwudiyi44.cc/
[运行时间：0.018962s] [吞吐率：52.74req/s] [内存消耗：2,807.33kb] [文件加载：90]
[ info ] [ LANG ] /www/wwwroot/tongchengmiyue/tp6/thinkphp/lang/zh-cn.php
[ info ] [ ROUTE ] array (
)
[ info ] [ HEADER ] array (
  'user-agent' => 'Expanse, a Palo Alto Networks company, searches across the global IPv4 space multiple times per day to identify customers&#39; presences on the Internet. If you would like to be excluded from our scans, please send IP addresses/domains to: scaninfo@paloaltonetworks.com',
  'host' => 'admin.mihuanjishupinzhifuwudiyi44.cc',
  'content-type' => '',
  'content-length' => '',
)
[ info ] [ PARAM ] array (
)
---------------------------------------------------------------

[2022-02-26T16:47:39+08:00] 192.241.220.228 GET 40.83.103.135/actuator/health
[运行时间：0.009306s] [吞吐率：107.46req/s] [内存消耗：1,192.04kb] [文件加载：48]
[ info ] [ LANG ] /www/wwwroot/tongchengmiyue/tp6/thinkphp/lang/zh-cn.php
---------------------------------------------------------------

[2022-02-26T18:35:49+08:00] 221.130.37.209 GET www.mihuantuanduidingjijishu65.com/
[运行时间：0.018881s] [吞吐率：52.96req/s] [内存消耗：2,807.16kb] [文件加载：90]
[ info ] [ LANG ] /www/wwwroot/tongchengmiyue/tp6/thinkphp/lang/zh-cn.php
[ info ] [ ROUTE ] array (
)
[ info ] [ HEADER ] array (
  'connection' => 'close',
  'host' => 'www.mihuantuanduidingjijishu65.com',
  'content-type' => 'text/html; charset=utf-8',
  'user-agent' => 'Mozilla/5.0 (Linux; Android 7.0; Pixel 1 Build/OPD2.1672) AppleWebKit/537.36 (KHTML, like Gecko) Chrome/91.0.4472.114 Mobile Safari/537.36',
  'content-length' => '',
)
[ info ] [ PARAM ] array (
)
---------------------------------------------------------------

[2022-02-26T18:35:50+08:00] 221.130.37.209 GET 40.83.103.135/admin/login/index/
[运行时间：0.027848s] [吞吐率：35.91req/s] [内存消耗：2,810.45kb] [文件加载：90]
[ info ] [ LANG ] /www/wwwroot/tongchengmiyue/tp6/thinkphp/lang/zh-cn.php
[ info ] [ ROUTE ] array (
)
[ info ] [ HEADER ] array (
  'connection' => 'close',
  'host' => '40.83.103.135',
  'referer' => 'https://40.83.103.135/',
  'user-agent' => 'Mozilla/5.0 (Linux; Android 7.0; Pixel 1 Build/OPD2.1672) AppleWebKit/537.36 (KHTML, like Gecko) Chrome/91.0.4472.114 Mobile Safari/537.36',
  'content-type' => '',
  'content-length' => '',
)
[ info ] [ PARAM ] array (
)
[ info ] [ VIEW ] /www/wwwroot/tongchengmiyue/tp6/application/admin/view/login/index.html [ array (
) ]
---------------------------------------------------------------

[2022-02-26T18:46:36+08:00] 118.193.40.197 GET admin.mihuanjishupinzhifuwudiyi44.cc/
[运行时间：0.018994s] [吞吐率：52.65req/s] [内存消耗：2,808.02kb] [文件加载：90]
[ info ] [ LANG ] /www/wwwroot/tongchengmiyue/tp6/thinkphp/lang/zh-cn.php
[ info ] [ ROUTE ] array (
)
[ info ] [ HEADER ] array (
  'accept-language' => 'en-US,en;q=0.9',
  'content-type' => 'application/x-www-form-urlencoded',
  'connection' => 'keep-alive',
  'accept' => '*/*',
  'accept-encoding' => 'gzip, deflate',
  'user-agent' => 'Mozilla/5.0 (Linux; Android 8.1; EML-L29 Build/HUAWEIEML-L29; xx-xx) AppleWebKit/537.36 (KHTML, like Gecko) Version/4.0 Chrome/65.0.3325.109 Mobile Safari/537.36 (iPad; iPhone; CPU iPhone OS 13_2_3 like Mac OS X)',
  'host' => 'admin.mihuanjishupinzhifuwudiyi44.cc',
  'content-length' => '',
)
[ info ] [ PARAM ] array (
)
---------------------------------------------------------------

[2022-02-26T18:46:36+08:00] 118.193.40.197 GET admin.mihuanjishupinzhifuwudiyi44.cc/admin/login/index/
[运行时间：0.019846s] [吞吐率：50.39req/s] [内存消耗：2,811.50kb] [文件加载：90]
[ info ] [ LANG ] /www/wwwroot/tongchengmiyue/tp6/thinkphp/lang/zh-cn.php
[ info ] [ ROUTE ] array (
)
[ info ] [ HEADER ] array (
  'cookie' => 'PHPSESSID=2hueeqt4gi1456niui3mmcbvak',
  'accept-language' => 'en-US,en;q=0.9',
  'connection' => 'keep-alive',
  'accept' => '*/*',
  'accept-encoding' => 'gzip, deflate',
  'user-agent' => 'Mozilla/5.0 (Linux; Android 8.1; EML-L29 Build/HUAWEIEML-L29; xx-xx) AppleWebKit/537.36 (KHTML, like Gecko) Version/4.0 Chrome/65.0.3325.109 Mobile Safari/537.36 (iPad; iPhone; CPU iPhone OS 13_2_3 like Mac OS X)',
  'host' => 'admin.mihuanjishupinzhifuwudiyi44.cc',
  'content-type' => '',
  'content-length' => '',
)
[ info ] [ PARAM ] array (
)
[ info ] [ VIEW ] /www/wwwroot/tongchengmiyue/tp6/application/admin/view/login/index.html [ array (
) ]
---------------------------------------------------------------

[2022-02-26T18:46:36+08:00] 118.193.40.197 GET admin.mihuanjishupinzhifuwudiyi44.cc/
[运行时间：0.019368s] [吞吐率：51.63req/s] [内存消耗：2,808.12kb] [文件加载：90]
[ info ] [ LANG ] /www/wwwroot/tongchengmiyue/tp6/thinkphp/lang/zh-cn.php
[ info ] [ ROUTE ] array (
)
[ info ] [ HEADER ] array (
  'cookie' => 'PHPSESSID=2hueeqt4gi1456niui3mmcbvak',
  'accept-language' => 'en-US,en;q=0.9',
  'content-type' => 'application/x-www-form-urlencoded',
  'connection' => 'keep-alive',
  'accept' => '*/*',
  'accept-encoding' => 'gzip, deflate',
  'user-agent' => 'Mozilla/5.0 (Macintosh; Intel Mac OS X 10_15_7) AppleWebKit/537.36 (KHTML, like Gecko) Chrome/85.0.4183.121 Safari/537.36',
  'host' => 'admin.mihuanjishupinzhifuwudiyi44.cc',
  'content-length' => '',
)
[ info ] [ PARAM ] array (
)
---------------------------------------------------------------

[2022-02-26T18:46:36+08:00] 118.193.40.197 GET admin.mihuanjishupinzhifuwudiyi44.cc/admin/login/index/
[运行时间：0.018937s] [吞吐率：52.81req/s] [内存消耗：2,811.13kb] [文件加载：90]
[ info ] [ LANG ] /www/wwwroot/tongchengmiyue/tp6/thinkphp/lang/zh-cn.php
[ info ] [ ROUTE ] array (
)
[ info ] [ HEADER ] array (
  'cookie' => 'PHPSESSID=2hueeqt4gi1456niui3mmcbvak',
  'accept-language' => 'en-US,en;q=0.9',
  'connection' => 'keep-alive',
  'accept' => '*/*',
  'accept-encoding' => 'gzip, deflate',
  'user-agent' => 'Mozilla/5.0 (Macintosh; Intel Mac OS X 10_15_7) AppleWebKit/537.36 (KHTML, like Gecko) Chrome/85.0.4183.121 Safari/537.36',
  'host' => 'admin.mihuanjishupinzhifuwudiyi44.cc',
  'content-type' => '',
  'content-length' => '',
)
[ info ] [ PARAM ] array (
)
[ info ] [ VIEW ] /www/wwwroot/tongchengmiyue/tp6/application/admin/view/login/index.html [ array (
) ]
---------------------------------------------------------------

[2022-02-26T18:46:41+08:00] 118.193.40.197 GET admin.mihuanjishupinzhifuwudiyi44.cc/xy/
[运行时间：0.010714s] [吞吐率：93.34req/s] [内存消耗：1,192.02kb] [文件加载：48]
[ info ] [ LANG ] /www/wwwroot/tongchengmiyue/tp6/thinkphp/lang/zh-cn.php
---------------------------------------------------------------

[2022-02-26T18:46:41+08:00] 118.193.40.197 GET admin.mihuanjishupinzhifuwudiyi44.cc/mobile/login.html
[运行时间：0.010859s] [吞吐率：92.09req/s] [内存消耗：1,192.09kb] [文件加载：48]
[ info ] [ LANG ] /www/wwwroot/tongchengmiyue/tp6/thinkphp/lang/zh-cn.php
---------------------------------------------------------------

[2022-02-26T18:46:41+08:00] 118.193.40.197 GET admin.mihuanjishupinzhifuwudiyi44.cc/otc/
[运行时间：0.009428s] [吞吐率：106.07req/s] [内存消耗：1,192.02kb] [文件加载：48]
[ info ] [ LANG ] /www/wwwroot/tongchengmiyue/tp6/thinkphp/lang/zh-cn.php
---------------------------------------------------------------

[2022-02-26T18:46:41+08:00] 118.193.40.197 GET admin.mihuanjishupinzhifuwudiyi44.cc/h5/
[运行时间：0.010966s] [吞吐率：91.19req/s] [内存消耗：1,192.02kb] [文件加载：48]
[ info ] [ LANG ] /www/wwwroot/tongchengmiyue/tp6/thinkphp/lang/zh-cn.php
---------------------------------------------------------------

[2022-02-26T18:46:41+08:00] 118.193.40.197 GET admin.mihuanjishupinzhifuwudiyi44.cc/wap/
[运行时间：0.009880s] [吞吐率：101.22req/s] [内存消耗：1,192.02kb] [文件加载：48]
[ info ] [ LANG ] /www/wwwroot/tongchengmiyue/tp6/thinkphp/lang/zh-cn.php
---------------------------------------------------------------

[2022-02-26T18:46:42+08:00] 118.193.40.197 GET admin.mihuanjishupinzhifuwudiyi44.cc/
[运行时间：0.018300s] [吞吐率：54.64req/s] [内存消耗：2,808.12kb] [文件加载：90]
[ info ] [ LANG ] /www/wwwroot/tongchengmiyue/tp6/thinkphp/lang/zh-cn.php
[ info ] [ ROUTE ] array (
)
[ info ] [ HEADER ] array (
  'cookie' => 'PHPSESSID=2hueeqt4gi1456niui3mmcbvak',
  'accept-language' => 'en-US,en;q=0.9',
  'content-type' => 'application/x-www-form-urlencoded',
  'connection' => 'keep-alive',
  'accept' => '*/*',
  'accept-encoding' => 'gzip, deflate',
  'user-agent' => 'Mozilla/5.0 (Macintosh; Intel Mac OS X 10_15_7) AppleWebKit/537.36 (KHTML, like Gecko) Chrome/85.0.4183.121 Safari/537.36',
  'host' => 'admin.mihuanjishupinzhifuwudiyi44.cc',
  'content-length' => '',
)
[ info ] [ PARAM ] array (
)
---------------------------------------------------------------

[2022-02-26T18:46:46+08:00] 118.193.40.197 GET admin.mihuanjishupinzhifuwudiyi44.cc/homes/
[运行时间：0.010917s] [吞吐率：91.60req/s] [内存消耗：1,192.02kb] [文件加载：48]
[ info ] [ LANG ] /www/wwwroot/tongchengmiyue/tp6/thinkphp/lang/zh-cn.php
---------------------------------------------------------------

[2022-02-26T18:46:46+08:00] 118.193.40.197 GET admin.mihuanjishupinzhifuwudiyi44.cc/zoushi
[运行时间：0.010263s] [吞吐率：97.44req/s] [内存消耗：1,192.02kb] [文件加载：48]
[ info ] [ LANG ] /www/wwwroot/tongchengmiyue/tp6/thinkphp/lang/zh-cn.php
---------------------------------------------------------------

[2022-02-26T18:46:51+08:00] 118.193.40.197 GET admin.mihuanjishupinzhifuwudiyi44.cc/m
[运行时间：0.009293s] [吞吐率：107.61req/s] [内存消耗：1,192.02kb] [文件加载：48]
[ info ] [ LANG ] /www/wwwroot/tongchengmiyue/tp6/thinkphp/lang/zh-cn.php
---------------------------------------------------------------

[2022-02-26T18:46:51+08:00] 118.193.40.197 GET admin.mihuanjishupinzhifuwudiyi44.cc/getLocale
[运行时间：0.009376s] [吞吐率：106.65req/s] [内存消耗：1,192.03kb] [文件加载：48]
[ info ] [ LANG ] /www/wwwroot/tongchengmiyue/tp6/thinkphp/lang/zh-cn.php
---------------------------------------------------------------

[2022-02-26T18:46:52+08:00] 118.193.40.197 GET admin.mihuanjishupinzhifuwudiyi44.cc/step1.asp
[运行时间：0.010336s] [吞吐率：96.75req/s] [内存消耗：1,192.07kb] [文件加载：48]
[ info ] [ LANG ] /www/wwwroot/tongchengmiyue/tp6/thinkphp/lang/zh-cn.php
---------------------------------------------------------------

[2022-02-26T18:46:52+08:00] 118.193.40.197 GET admin.mihuanjishupinzhifuwudiyi44.cc/site/info
[运行时间：0.009063s] [吞吐率：110.34req/s] [内存消耗：1,192.03kb] [文件加载：48]
[ info ] [ LANG ] /www/wwwroot/tongchengmiyue/tp6/thinkphp/lang/zh-cn.php
---------------------------------------------------------------

[2022-02-26T18:46:52+08:00] 118.193.40.197 GET admin.mihuanjishupinzhifuwudiyi44.cc/home/help
[运行时间：0.013959s] [吞吐率：71.64req/s] [内存消耗：1,192.03kb] [文件加载：48]
[ info ] [ LANG ] /www/wwwroot/tongchengmiyue/tp6/thinkphp/lang/zh-cn.php
---------------------------------------------------------------

[2022-02-26T18:46:53+08:00] 118.193.40.197 GET admin.mihuanjishupinzhifuwudiyi44.cc/user/Login
[运行时间：0.009954s] [吞吐率：100.46req/s] [内存消耗：1,192.03kb] [文件加载：48]
[ info ] [ LANG ] /www/wwwroot/tongchengmiyue/tp6/thinkphp/lang/zh-cn.php
---------------------------------------------------------------

[2022-02-26T18:46:58+08:00] 118.193.40.197 GET admin.mihuanjishupinzhifuwudiyi44.cc/index/user/get_server_info
[运行时间：0.009703s] [吞吐率：103.06req/s] [内存消耗：1,192.05kb] [文件加载：48]
[ info ] [ LANG ] /www/wwwroot/tongchengmiyue/tp6/thinkphp/lang/zh-cn.php
---------------------------------------------------------------

[2022-02-26T18:46:59+08:00] 118.193.40.197 GET admin.mihuanjishupinzhifuwudiyi44.cc/api/ht/xy1
[运行时间：0.012730s] [吞吐率：78.56req/s] [内存消耗：1,679.52kb] [文件加载：59]
[ info ] [ LANG ] /www/wwwroot/tongchengmiyue/tp6/thinkphp/lang/zh-cn.php
[ info ] [ ROUTE ] array (
)
[ info ] [ HEADER ] array (
  'cookie' => 'PHPSESSID=2hueeqt4gi1456niui3mmcbvak',
  'accept-language' => 'en-US,en;q=0.9',
  'content-type' => 'application/x-www-form-urlencoded',
  'connection' => 'keep-alive',
  'accept' => '*/*',
  'accept-encoding' => 'gzip, deflate',
  'user-agent' => 'Mozilla/5.0 (Linux; Android 8.1; EML-L29 Build/HUAWEIEML-L29; xx-xx) AppleWebKit/537.36 (KHTML, like Gecko) Version/4.0 Chrome/65.0.3325.109 Mobile Safari/537.36 (iPad; iPhone; CPU iPhone OS 13_2_3 like Mac OS X)',
  'host' => 'admin.mihuanjishupinzhifuwudiyi44.cc',
  'content-length' => '',
)
[ info ] [ PARAM ] array (
)
---------------------------------------------------------------

[2022-02-26T18:47:00+08:00] 118.193.40.197 GET admin.mihuanjishupinzhifuwudiyi44.cc/admin/index
[运行时间：0.018058s] [吞吐率：55.38req/s] [内存消耗：2,809.08kb] [文件加载：90]
[ info ] [ LANG ] /www/wwwroot/tongchengmiyue/tp6/thinkphp/lang/zh-cn.php
[ info ] [ ROUTE ] array (
)
[ info ] [ HEADER ] array (
  'cookie' => 'PHPSESSID=2hueeqt4gi1456niui3mmcbvak',
  'accept-language' => 'en-US,en;q=0.9',
  'content-type' => 'application/x-www-form-urlencoded',
  'connection' => 'keep-alive',
  'accept' => '*/*',
  'accept-encoding' => 'gzip, deflate',
  'user-agent' => 'Mozilla/5.0 (Linux; Android 8.1; EML-L29 Build/HUAWEIEML-L29; xx-xx) AppleWebKit/537.36 (KHTML, like Gecko) Version/4.0 Chrome/65.0.3325.109 Mobile Safari/537.36 (iPad; iPhone; CPU iPhone OS 13_2_3 like Mac OS X)',
  'host' => 'admin.mihuanjishupinzhifuwudiyi44.cc',
  'content-length' => '',
)
[ info ] [ PARAM ] array (
)
---------------------------------------------------------------

[2022-02-26T18:47:03+08:00] 118.193.40.197 POST admin.mihuanjishupinzhifuwudiyi44.cc/api/im/conf
[运行时间：0.013136s] [吞吐率：76.13req/s] [内存消耗：1,678.48kb] [文件加载：59]
[ info ] [ LANG ] /www/wwwroot/tongchengmiyue/tp6/thinkphp/lang/zh-cn.php
[ info ] [ ROUTE ] array (
)
[ info ] [ HEADER ] array (
  'content-length' => '0',
  'cookie' => 'PHPSESSID=2hueeqt4gi1456niui3mmcbvak',
  'accept-language' => 'en-US,en;q=0.9',
  'content-type' => 'application/x-www-form-urlencoded',
  'connection' => 'keep-alive',
  'accept' => '*/*',
  'accept-encoding' => 'gzip, deflate',
  'user-agent' => 'okhttp/3.3.1',
  'host' => 'admin.mihuanjishupinzhifuwudiyi44.cc',
)
[ info ] [ PARAM ] array (
)
---------------------------------------------------------------

[2022-02-26T18:47:03+08:00] 118.193.40.197 GET admin.mihuanjishupinzhifuwudiyi44.cc/proxy/games
[运行时间：0.009662s] [吞吐率：103.50req/s] [内存消耗：1,192.03kb] [文件加载：48]
[ info ] [ LANG ] /www/wwwroot/tongchengmiyue/tp6/thinkphp/lang/zh-cn.php
---------------------------------------------------------------

[2022-02-26T18:47:05+08:00] 118.193.40.197 GET admin.mihuanjishupinzhifuwudiyi44.cc/api/linkPF
[运行时间：0.013883s] [吞吐率：72.03req/s] [内存消耗：1,713.37kb] [文件加载：59]
[ info ] [ LANG ] /www/wwwroot/tongchengmiyue/tp6/thinkphp/lang/zh-cn.php
[ info ] [ ROUTE ] array (
)
[ info ] [ HEADER ] array (
  'cookie' => 'PHPSESSID=2hueeqt4gi1456niui3mmcbvak',
  'accept-language' => 'en-US,en;q=0.9',
  'content-type' => 'application/x-www-form-urlencoded',
  'connection' => 'keep-alive',
  'accept' => '*/*',
  'accept-encoding' => 'gzip, deflate',
  'user-agent' => 'okhttp/3.3.1',
  'host' => 'admin.mihuanjishupinzhifuwudiyi44.cc',
  'content-length' => '',
)
[ info ] [ PARAM ] array (
)
---------------------------------------------------------------

[2022-02-26T18:47:05+08:00] 118.193.40.197 GET admin.mihuanjishupinzhifuwudiyi44.cc/admin/login/index/
[运行时间：0.017957s] [吞吐率：55.69req/s] [内存消耗：2,811.50kb] [文件加载：90]
[ info ] [ LANG ] /www/wwwroot/tongchengmiyue/tp6/thinkphp/lang/zh-cn.php
[ info ] [ ROUTE ] array (
)
[ info ] [ HEADER ] array (
  'cookie' => 'PHPSESSID=2hueeqt4gi1456niui3mmcbvak',
  'accept-language' => 'en-US,en;q=0.9',
  'connection' => 'keep-alive',
  'accept' => '*/*',
  'accept-encoding' => 'gzip, deflate',
  'user-agent' => 'Mozilla/5.0 (Linux; Android 8.1; EML-L29 Build/HUAWEIEML-L29; xx-xx) AppleWebKit/537.36 (KHTML, like Gecko) Version/4.0 Chrome/65.0.3325.109 Mobile Safari/537.36 (iPad; iPhone; CPU iPhone OS 13_2_3 like Mac OS X)',
  'host' => 'admin.mihuanjishupinzhifuwudiyi44.cc',
  'content-type' => '',
  'content-length' => '',
)
[ info ] [ PARAM ] array (
)
[ info ] [ VIEW ] /www/wwwroot/tongchengmiyue/tp6/application/admin/view/login/index.html [ array (
) ]
---------------------------------------------------------------

[2022-02-26T18:47:06+08:00] 118.193.40.197 GET admin.mihuanjishupinzhifuwudiyi44.cc/api/apps
[运行时间：0.012559s] [吞吐率：79.62req/s] [内存消耗：1,679.48kb] [文件加载：59]
[ info ] [ LANG ] /www/wwwroot/tongchengmiyue/tp6/thinkphp/lang/zh-cn.php
[ info ] [ ROUTE ] array (
)
[ info ] [ HEADER ] array (
  'cookie' => 'PHPSESSID=2hueeqt4gi1456niui3mmcbvak',
  'accept-language' => 'en-US,en;q=0.9',
  'content-type' => 'application/x-www-form-urlencoded',
  'connection' => 'keep-alive',
  'accept' => '*/*',
  'accept-encoding' => 'gzip, deflate',
  'user-agent' => 'Mozilla/5.0 (Linux; Android 8.1; EML-L29 Build/HUAWEIEML-L29; xx-xx) AppleWebKit/537.36 (KHTML, like Gecko) Version/4.0 Chrome/65.0.3325.109 Mobile Safari/537.36 (iPad; iPhone; CPU iPhone OS 13_2_3 like Mac OS X)',
  'host' => 'admin.mihuanjishupinzhifuwudiyi44.cc',
  'content-length' => '',
)
[ info ] [ PARAM ] array (
)
---------------------------------------------------------------

[2022-02-26T18:47:07+08:00] 118.193.40.197 GET admin.mihuanjishupinzhifuwudiyi44.cc/js/post.js/
[运行时间：0.011857s] [吞吐率：84.34req/s] [内存消耗：1,192.03kb] [文件加载：48]
[ info ] [ LANG ] /www/wwwroot/tongchengmiyue/tp6/thinkphp/lang/zh-cn.php
---------------------------------------------------------------

[2022-02-26T18:47:07+08:00] 118.193.40.197 GET admin.mihuanjishupinzhifuwudiyi44.cc/api/v1/about
[运行时间：0.014010s] [吞吐率：71.38req/s] [内存消耗：1,679.52kb] [文件加载：59]
[ info ] [ LANG ] /www/wwwroot/tongchengmiyue/tp6/thinkphp/lang/zh-cn.php
[ info ] [ ROUTE ] array (
)
[ info ] [ HEADER ] array (
  'cookie' => 'PHPSESSID=2hueeqt4gi1456niui3mmcbvak',
  'accept-language' => 'en-US,en;q=0.9',
  'content-type' => 'application/x-www-form-urlencoded',
  'connection' => 'keep-alive',
  'accept' => '*/*',
  'accept-encoding' => 'gzip, deflate',
  'user-agent' => 'Mozilla/5.0 (Linux; Android 8.1; EML-L29 Build/HUAWEIEML-L29; xx-xx) AppleWebKit/537.36 (KHTML, like Gecko) Version/4.0 Chrome/65.0.3325.109 Mobile Safari/537.36 (iPad; iPhone; CPU iPhone OS 13_2_3 like Mac OS X)',
  'host' => 'admin.mihuanjishupinzhifuwudiyi44.cc',
  'content-length' => '',
)
[ info ] [ PARAM ] array (
)
---------------------------------------------------------------

[2022-02-26T18:47:07+08:00] 118.193.40.197 GET admin.mihuanjishupinzhifuwudiyi44.cc/mstock/login
[运行时间：0.011325s] [吞吐率：88.30req/s] [内存消耗：1,192.03kb] [文件加载：48]
[ info ] [ LANG ] /www/wwwroot/tongchengmiyue/tp6/thinkphp/lang/zh-cn.php
---------------------------------------------------------------

[2022-02-26T18:47:07+08:00] 118.193.40.197 GET admin.mihuanjishupinzhifuwudiyi44.cc/api/app-info
[运行时间：0.008825s] [吞吐率：113.31req/s] [内存消耗：1,159.27kb] [文件加载：46]
[ info ] [ LANG ] /www/wwwroot/tongchengmiyue/tp6/thinkphp/lang/zh-cn.php
---------------------------------------------------------------

[2022-02-26T18:47:12+08:00] 118.193.40.197 GET admin.mihuanjishupinzhifuwudiyi44.cc/mstock/login
[运行时间：0.010249s] [吞吐率：97.57req/s] [内存消耗：1,173.18kb] [文件加载：47]
[ info ] [ LANG ] /www/wwwroot/tongchengmiyue/tp6/thinkphp/lang/zh-cn.php
---------------------------------------------------------------

[2022-02-26T18:47:16+08:00] 118.193.40.197 GET admin.mihuanjishupinzhifuwudiyi44.cc/fePublicInfo/
[运行时间：0.013140s] [吞吐率：76.10req/s] [内存消耗：1,192.03kb] [文件加载：48]
[ info ] [ LANG ] /www/wwwroot/tongchengmiyue/tp6/thinkphp/lang/zh-cn.php
---------------------------------------------------------------

[2022-02-26T18:47:21+08:00] 118.193.40.197 GET admin.mihuanjishupinzhifuwudiyi44.cc/im/in/GetUuid
[运行时间：0.009659s] [吞吐率：103.53req/s] [内存消耗：1,192.03kb] [文件加载：48]
[ info ] [ LANG ] /www/wwwroot/tongchengmiyue/tp6/thinkphp/lang/zh-cn.php
---------------------------------------------------------------

[2022-02-26T18:47:22+08:00] 118.193.40.197 GET admin.mihuanjishupinzhifuwudiyi44.cc/im/App/config
[运行时间：0.011246s] [吞吐率：88.92req/s] [内存消耗：1,192.03kb] [文件加载：48]
[ info ] [ LANG ] /www/wwwroot/tongchengmiyue/tp6/thinkphp/lang/zh-cn.php
---------------------------------------------------------------

[2022-02-26T18:47:22+08:00] 118.193.40.197 GET admin.mihuanjishupinzhifuwudiyi44.cc/stock/mzhishu
[运行时间：0.013463s] [吞吐率：74.28req/s] [内存消耗：1,192.03kb] [文件加载：48]
[ info ] [ LANG ] /www/wwwroot/tongchengmiyue/tp6/thinkphp/lang/zh-cn.php
---------------------------------------------------------------

[2022-02-26T18:47:22+08:00] 118.193.40.197 GET admin.mihuanjishupinzhifuwudiyi44.cc/index.php/sign
[运行时间：0.009041s] [吞吐率：110.61req/s] [内存消耗：1,191.34kb] [文件加载：48]
[ info ] [ LANG ] /www/wwwroot/tongchengmiyue/tp6/thinkphp/lang/zh-cn.php
---------------------------------------------------------------

[2022-02-26T18:47:22+08:00] 118.193.40.197 POST admin.mihuanjishupinzhifuwudiyi44.cc/kkrp/site/info
[运行时间：0.010221s] [吞吐率：97.84req/s] [内存消耗：1,191.46kb] [文件加载：48]
[ info ] [ LANG ] /www/wwwroot/tongchengmiyue/tp6/thinkphp/lang/zh-cn.php
---------------------------------------------------------------

[2022-02-26T18:47:22+08:00] 118.193.40.197 GET admin.mihuanjishupinzhifuwudiyi44.cc/proxy/settings
[运行时间：0.009407s] [吞吐率：106.30req/s] [内存消耗：1,192.03kb] [文件加载：48]
[ info ] [ LANG ] /www/wwwroot/tongchengmiyue/tp6/thinkphp/lang/zh-cn.php
---------------------------------------------------------------

[2022-02-26T18:47:25+08:00] 118.193.40.197 GET admin.mihuanjishupinzhifuwudiyi44.cc/anquan/qgga.asp
[运行时间：0.008911s] [吞吐率：112.22req/s] [内存消耗：1,192.08kb] [文件加载：48]
[ info ] [ LANG ] /www/wwwroot/tongchengmiyue/tp6/thinkphp/lang/zh-cn.php
---------------------------------------------------------------

[2022-02-26T18:47:25+08:00] 118.193.40.197 GET admin.mihuanjishupinzhifuwudiyi44.cc/api/config-init
[运行时间：0.009848s] [吞吐率：101.54req/s] [内存消耗：1,159.27kb] [文件加载：46]
[ info ] [ LANG ] /www/wwwroot/tongchengmiyue/tp6/thinkphp/lang/zh-cn.php
---------------------------------------------------------------

[2022-02-26T18:47:27+08:00] 118.193.40.197 GET admin.mihuanjishupinzhifuwudiyi44.cc/api/apps/config
[运行时间：0.013034s] [吞吐率：76.72req/s] [内存消耗：1,679.52kb] [文件加载：59]
[ info ] [ LANG ] /www/wwwroot/tongchengmiyue/tp6/thinkphp/lang/zh-cn.php
[ info ] [ ROUTE ] array (
)
[ info ] [ HEADER ] array (
  'cookie' => 'PHPSESSID=2hueeqt4gi1456niui3mmcbvak',
  'accept-language' => 'en-US,en;q=0.9',
  'content-type' => 'application/x-www-form-urlencoded',
  'connection' => 'keep-alive',
  'accept' => '*/*',
  'accept-encoding' => 'gzip, deflate',
  'user-agent' => 'Mozilla/5.0 (Linux; Android 8.1; EML-L29 Build/HUAWEIEML-L29; xx-xx) AppleWebKit/537.36 (KHTML, like Gecko) Version/4.0 Chrome/65.0.3325.109 Mobile Safari/537.36 (iPad; iPhone; CPU iPhone OS 13_2_3 like Mac OS X)',
  'host' => 'admin.mihuanjishupinzhifuwudiyi44.cc',
  'content-length' => '',
)
[ info ] [ PARAM ] array (
)
---------------------------------------------------------------

[2022-02-26T18:47:27+08:00] 118.193.40.197 GET admin.mihuanjishupinzhifuwudiyi44.cc/api/index/index
[运行时间：0.012980s] [吞吐率：77.04req/s] [内存消耗：1,679.52kb] [文件加载：59]
[ info ] [ LANG ] /www/wwwroot/tongchengmiyue/tp6/thinkphp/lang/zh-cn.php
[ info ] [ ROUTE ] array (
)
[ info ] [ HEADER ] array (
  'cookie' => 'PHPSESSID=2hueeqt4gi1456niui3mmcbvak',
  'accept-language' => 'en-US,en;q=0.9',
  'content-type' => 'application/x-www-form-urlencoded',
  'connection' => 'keep-alive',
  'accept' => '*/*',
  'accept-encoding' => 'gzip, deflate',
  'user-agent' => 'Mozilla/5.0 (Linux; Android 8.1; EML-L29 Build/HUAWEIEML-L29; xx-xx) AppleWebKit/537.36 (KHTML, like Gecko) Version/4.0 Chrome/65.0.3325.109 Mobile Safari/537.36 (iPad; iPhone; CPU iPhone OS 13_2_3 like Mac OS X)',
  'host' => 'admin.mihuanjishupinzhifuwudiyi44.cc',
  'content-length' => '',
)
[ info ] [ PARAM ] array (
)
---------------------------------------------------------------

[2022-02-26T18:47:30+08:00] 118.193.40.197 GET admin.mihuanjishupinzhifuwudiyi44.cc/user/login.html
[运行时间：0.010385s] [吞吐率：96.29req/s] [内存消耗：1,192.08kb] [文件加载：48]
[ info ] [ LANG ] /www/wwwroot/tongchengmiyue/tp6/thinkphp/lang/zh-cn.php
---------------------------------------------------------------

[2022-02-26T18:47:32+08:00] 118.193.40.197 GET admin.mihuanjishupinzhifuwudiyi44.cc/api/config/info
[运行时间：0.012468s] [吞吐率：80.20req/s] [内存消耗：1,713.90kb] [文件加载：59]
[ info ] [ LANG ] /www/wwwroot/tongchengmiyue/tp6/thinkphp/lang/zh-cn.php
[ info ] [ ROUTE ] array (
)
[ info ] [ HEADER ] array (
  'cookie' => 'PHPSESSID=2hueeqt4gi1456niui3mmcbvak',
  'accept-language' => 'en-US,en;q=0.9',
  'content-type' => 'application/x-www-form-urlencoded',
  'connection' => 'keep-alive',
  'accept' => '*/*',
  'accept-encoding' => 'gzip, deflate',
  'user-agent' => 'Mozilla/5.0 (Linux; Android 8.1; EML-L29 Build/HUAWEIEML-L29; xx-xx) AppleWebKit/537.36 (KHTML, like Gecko) Version/4.0 Chrome/65.0.3325.109 Mobile Safari/537.36 (iPad; iPhone; CPU iPhone OS 13_2_3 like Mac OS X)',
  'host' => 'admin.mihuanjishupinzhifuwudiyi44.cc',
  'content-length' => '',
)
[ info ] [ PARAM ] array (
)
---------------------------------------------------------------

[2022-02-26T18:47:32+08:00] 118.193.40.197 POST admin.mihuanjishupinzhifuwudiyi44.cc/auth/oauth/token
[运行时间：0.009251s] [吞吐率：108.10req/s] [内存消耗：1,191.47kb] [文件加载：48]
[ info ] [ LANG ] /www/wwwroot/tongchengmiyue/tp6/thinkphp/lang/zh-cn.php
---------------------------------------------------------------

[2022-02-26T18:47:32+08:00] 118.193.40.197 GET admin.mihuanjishupinzhifuwudiyi44.cc/data/ticker_24hr
[运行时间：0.009313s] [吞吐率：107.38req/s] [内存消耗：1,192.04kb] [文件加载：48]
[ info ] [ LANG ] /www/wwwroot/tongchengmiyue/tp6/thinkphp/lang/zh-cn.php
---------------------------------------------------------------

[2022-02-26T18:47:32+08:00] 118.193.40.197 GET admin.mihuanjishupinzhifuwudiyi44.cc/api/pc/configure
[运行时间：0.018646s] [吞吐率：53.63req/s] [内存消耗：1,679.54kb] [文件加载：59]
[ info ] [ LANG ] /www/wwwroot/tongchengmiyue/tp6/thinkphp/lang/zh-cn.php
[ info ] [ ROUTE ] array (
)
[ info ] [ HEADER ] array (
  'cookie' => 'PHPSESSID=2hueeqt4gi1456niui3mmcbvak',
  'accept-language' => 'en-US,en;q=0.9',
  'content-type' => 'application/x-www-form-urlencoded',
  'connection' => 'keep-alive',
  'accept' => '*/*',
  'accept-encoding' => 'gzip, deflate',
  'user-agent' => 'Mozilla/5.0 (Linux; Android 8.1; EML-L29 Build/HUAWEIEML-L29; xx-xx) AppleWebKit/537.36 (KHTML, like Gecko) Version/4.0 Chrome/65.0.3325.109 Mobile Safari/537.36 (iPad; iPhone; CPU iPhone OS 13_2_3 like Mac OS X)',
  'host' => 'admin.mihuanjishupinzhifuwudiyi44.cc',
  'content-length' => '',
)
[ info ] [ PARAM ] array (
)
---------------------------------------------------------------

[2022-02-26T18:47:32+08:00] 118.193.40.197 GET admin.mihuanjishupinzhifuwudiyi44.cc/api/index/config
[运行时间：0.012311s] [吞吐率：81.23req/s] [内存消耗：1,679.53kb] [文件加载：59]
[ info ] [ LANG ] /www/wwwroot/tongchengmiyue/tp6/thinkphp/lang/zh-cn.php
[ info ] [ ROUTE ] array (
)
[ info ] [ HEADER ] array (
  'cookie' => 'PHPSESSID=2hueeqt4gi1456niui3mmcbvak',
  'accept-language' => 'en-US,en;q=0.9',
  'content-type' => 'application/x-www-form-urlencoded',
  'connection' => 'keep-alive',
  'accept' => '*/*',
  'accept-encoding' => 'gzip, deflate',
  'user-agent' => 'Mozilla/5.0 (Linux; Android 8.1; EML-L29 Build/HUAWEIEML-L29; xx-xx) AppleWebKit/537.36 (KHTML, like Gecko) Version/4.0 Chrome/65.0.3325.109 Mobile Safari/537.36 (iPad; iPhone; CPU iPhone OS 13_2_3 like Mac OS X)',
  'host' => 'admin.mihuanjishupinzhifuwudiyi44.cc',
  'content-length' => '',
)
[ info ] [ PARAM ] array (
)
---------------------------------------------------------------

[2022-02-26T18:47:32+08:00] 118.193.40.197 GET admin.mihuanjishupinzhifuwudiyi44.cc/index/newapi/api
[运行时间：0.009390s] [吞吐率：106.50req/s] [内存消耗：1,192.04kb] [文件加载：48]
[ info ] [ LANG ] /www/wwwroot/tongchengmiyue/tp6/thinkphp/lang/zh-cn.php
---------------------------------------------------------------

[2022-02-26T18:47:33+08:00] 118.193.40.197 GET admin.mihuanjishupinzhifuwudiyi44.cc/Home/Bind/binding
[运行时间：0.010881s] [吞吐率：91.90req/s] [内存消耗：1,192.04kb] [文件加载：48]
[ info ] [ LANG ] /www/wwwroot/tongchengmiyue/tp6/thinkphp/lang/zh-cn.php
---------------------------------------------------------------

[2022-02-26T18:47:33+08:00] 118.193.40.197 GET admin.mihuanjishupinzhifuwudiyi44.cc/Home/Index/ajaxTJ
[运行时间：0.016171s] [吞吐率：61.84req/s] [内存消耗：1,192.04kb] [文件加载：48]
[ info ] [ LANG ] /www/wwwroot/tongchengmiyue/tp6/thinkphp/lang/zh-cn.php
---------------------------------------------------------------

[2022-02-26T18:47:33+08:00] 118.193.40.197 GET admin.mihuanjishupinzhifuwudiyi44.cc/verification.asp
[运行时间：0.009192s] [吞吐率：108.79req/s] [内存消耗：1,192.09kb] [文件加载：48]
[ info ] [ LANG ] /www/wwwroot/tongchengmiyue/tp6/thinkphp/lang/zh-cn.php
---------------------------------------------------------------

[2022-02-26T18:47:33+08:00] 118.193.40.197 GET admin.mihuanjishupinzhifuwudiyi44.cc/Home/Get/getJnd28
[运行时间：0.010307s] [吞吐率：97.02req/s] [内存消耗：1,192.04kb] [文件加载：48]
[ info ] [ LANG ] /www/wwwroot/tongchengmiyue/tp6/thinkphp/lang/zh-cn.php
---------------------------------------------------------------

[2022-02-26T18:47:38+08:00] 118.193.40.197 POST admin.mihuanjishupinzhifuwudiyi44.cc/api/link/platform
[运行时间：0.018182s] [吞吐率：55.00req/s] [内存消耗：1,678.51kb] [文件加载：59]
[ info ] [ LANG ] /www/wwwroot/tongchengmiyue/tp6/thinkphp/lang/zh-cn.php
[ info ] [ ROUTE ] array (
)
[ info ] [ HEADER ] array (
  'content-length' => '0',
  'cookie' => 'PHPSESSID=2hueeqt4gi1456niui3mmcbvak',
  'accept-language' => 'en-US,en;q=0.9',
  'content-type' => 'application/x-www-form-urlencoded',
  'connection' => 'keep-alive',
  'accept' => '*/*',
  'accept-encoding' => 'gzip, deflate',
  'user-agent' => 'okhttp/3.3.1',
  'host' => 'admin.mihuanjishupinzhifuwudiyi44.cc',
)
[ info ] [ PARAM ] array (
)
---------------------------------------------------------------

[2022-02-26T18:47:38+08:00] 118.193.40.197 GET admin.mihuanjishupinzhifuwudiyi44.cc/mytio/config/base
[运行时间：0.009880s] [吞吐率：101.21req/s] [内存消耗：1,192.04kb] [文件加载：48]
[ info ] [ LANG ] /www/wwwroot/tongchengmiyue/tp6/thinkphp/lang/zh-cn.php
---------------------------------------------------------------

[2022-02-26T18:47:38+08:00] 118.193.40.197 GET admin.mihuanjishupinzhifuwudiyi44.cc/api/lottery/color
[运行时间：0.017673s] [吞吐率：56.58req/s] [内存消耗：2,427.06kb] [文件加载：79]
[ info ] [ LANG ] /www/wwwroot/tongchengmiyue/tp6/thinkphp/lang/zh-cn.php
[ info ] [ ROUTE ] array (
)
[ info ] [ HEADER ] array (
  'cookie' => 'PHPSESSID=2hueeqt4gi1456niui3mmcbvak',
  'accept-language' => 'en-US,en;q=0.9',
  'content-type' => 'application/x-www-form-urlencoded',
  'connection' => 'keep-alive',
  'accept' => '*/*',
  'accept-encoding' => 'gzip, deflate',
  'user-agent' => 'Mozilla/5.0 (Linux; Android 8.1; EML-L29 Build/HUAWEIEML-L29; xx-xx) AppleWebKit/537.36 (KHTML, like Gecko) Version/4.0 Chrome/65.0.3325.109 Mobile Safari/537.36 (iPad; iPhone; CPU iPhone OS 13_2_3 like Mac OS X)',
  'host' => 'admin.mihuanjishupinzhifuwudiyi44.cc',
  'content-length' => '',
)
[ info ] [ PARAM ] array (
)
---------------------------------------------------------------

[2022-02-26T18:47:41+08:00] 118.193.40.197 POST admin.mihuanjishupinzhifuwudiyi44.cc/index/indexSymbol
[运行时间：0.009420s] [吞吐率：106.16req/s] [内存消耗：1,191.47kb] [文件加载：48]
[ info ] [ LANG ] /www/wwwroot/tongchengmiyue/tp6/thinkphp/lang/zh-cn.php
---------------------------------------------------------------

[2022-02-26T18:47:42+08:00] 118.193.40.197 GET admin.mihuanjishupinzhifuwudiyi44.cc/appxz/index.html
[运行时间：0.011779s] [吞吐率：84.90req/s] [内存消耗：1,192.09kb] [文件加载：48]
[ info ] [ LANG ] /www/wwwroot/tongchengmiyue/tp6/thinkphp/lang/zh-cn.php
---------------------------------------------------------------

[2022-02-26T18:47:42+08:00] 118.193.40.197 GET admin.mihuanjishupinzhifuwudiyi44.cc/Pc/Lang/index.html
[运行时间：0.009443s] [吞吐率：105.90req/s] [内存消耗：1,192.09kb] [文件加载：48]
[ info ] [ LANG ] /www/wwwroot/tongchengmiyue/tp6/thinkphp/lang/zh-cn.php
---------------------------------------------------------------

[2022-02-26T18:47:42+08:00] 118.193.40.197 GET admin.mihuanjishupinzhifuwudiyi44.cc/home/GetQrCodeInfo
[运行时间：0.009213s] [吞吐率：108.54req/s] [内存消耗：1,192.04kb] [文件加载：48]
[ info ] [ LANG ] /www/wwwroot/tongchengmiyue/tp6/thinkphp/lang/zh-cn.php
---------------------------------------------------------------

[2022-02-26T18:47:42+08:00] 118.193.40.197 GET admin.mihuanjishupinzhifuwudiyi44.cc/api/v1/member/kefu
[运行时间：0.013015s] [吞吐率：76.83req/s] [内存消耗：1,679.52kb] [文件加载：59]
[ info ] [ LANG ] /www/wwwroot/tongchengmiyue/tp6/thinkphp/lang/zh-cn.php
[ info ] [ ROUTE ] array (
)
[ info ] [ HEADER ] array (
  'cookie' => 'PHPSESSID=2hueeqt4gi1456niui3mmcbvak',
  'accept-language' => 'en-US,en;q=0.9',
  'content-type' => 'application/x-www-form-urlencoded',
  'connection' => 'keep-alive',
  'accept' => '*/*',
  'accept-encoding' => 'gzip, deflate',
  'user-agent' => 'Mozilla/5.0 (Linux; Android 8.1; EML-L29 Build/HUAWEIEML-L29; xx-xx) AppleWebKit/537.36 (KHTML, like Gecko) Version/4.0 Chrome/65.0.3325.109 Mobile Safari/537.36 (iPad; iPhone; CPU iPhone OS 13_2_3 like Mac OS X)',
  'host' => 'admin.mihuanjishupinzhifuwudiyi44.cc',
  'content-length' => '',
)
[ info ] [ PARAM ] array (
)
---------------------------------------------------------------

[2022-02-26T18:47:46+08:00] 118.193.40.197 GET admin.mihuanjishupinzhifuwudiyi44.cc/Home/GetInitSource
[运行时间：0.009711s] [吞吐率：102.98req/s] [内存消耗：1,192.04kb] [文件加载：48]
[ info ] [ LANG ] /www/wwwroot/tongchengmiyue/tp6/thinkphp/lang/zh-cn.php
---------------------------------------------------------------

[2022-02-26T18:47:46+08:00] 118.193.40.197 POST admin.mihuanjishupinzhifuwudiyi44.cc/wap/banner/details
[运行时间：0.010643s] [吞吐率：93.96req/s] [内存消耗：1,191.51kb] [文件加载：48]
[ info ] [ LANG ] /www/wwwroot/tongchengmiyue/tp6/thinkphp/lang/zh-cn.php
---------------------------------------------------------------

[2022-02-26T18:47:46+08:00] 118.193.40.197 GET admin.mihuanjishupinzhifuwudiyi44.cc/index/index/andiro
[运行时间：0.010598s] [吞吐率：94.36req/s] [内存消耗：1,192.04kb] [文件加载：48]
[ info ] [ LANG ] /www/wwwroot/tongchengmiyue/tp6/thinkphp/lang/zh-cn.php
---------------------------------------------------------------

[2022-02-26T18:47:46+08:00] 118.193.40.197 POST admin.mihuanjishupinzhifuwudiyi44.cc/login/kefuxian.mvc
[运行时间：0.008718s] [吞吐率：114.71req/s] [内存消耗：1,191.57kb] [文件加载：48]
[ info ] [ LANG ] /www/wwwroot/tongchengmiyue/tp6/thinkphp/lang/zh-cn.php
---------------------------------------------------------------

[2022-02-26T18:47:47+08:00] 118.193.40.197 GET admin.mihuanjishupinzhifuwudiyi44.cc/api/content_bottom
[运行时间：0.012945s] [吞吐率：77.25req/s] [内存消耗：1,679.53kb] [文件加载：59]
[ info ] [ LANG ] /www/wwwroot/tongchengmiyue/tp6/thinkphp/lang/zh-cn.php
[ info ] [ ROUTE ] array (
)
[ info ] [ HEADER ] array (
  'cookie' => 'PHPSESSID=2hueeqt4gi1456niui3mmcbvak',
  'accept-language' => 'en-US,en;q=0.9',
  'content-type' => 'application/x-www-form-urlencoded',
  'connection' => 'keep-alive',
  'accept' => '*/*',
  'accept-encoding' => 'gzip, deflate',
  'user-agent' => 'Mozilla/5.0 (Linux; Android 8.1; EML-L29 Build/HUAWEIEML-L29; xx-xx) AppleWebKit/537.36 (KHTML, like Gecko) Version/4.0 Chrome/65.0.3325.109 Mobile Safari/537.36 (iPad; iPhone; CPU iPhone OS 13_2_3 like Mac OS X)',
  'host' => 'admin.mihuanjishupinzhifuwudiyi44.cc',
  'content-length' => '',
)
[ info ] [ PARAM ] array (
)
---------------------------------------------------------------

[2022-02-26T18:47:47+08:00] 118.193.40.197 GET admin.mihuanjishupinzhifuwudiyi44.cc/api/product/info/1
[运行时间：0.012515s] [吞吐率：79.90req/s] [内存消耗：1,679.53kb] [文件加载：59]
[ info ] [ LANG ] /www/wwwroot/tongchengmiyue/tp6/thinkphp/lang/zh-cn.php
[ info ] [ ROUTE ] array (
)
[ info ] [ HEADER ] array (
  'cookie' => 'PHPSESSID=2hueeqt4gi1456niui3mmcbvak',
  'accept-language' => 'en-US,en;q=0.9',
  'content-type' => 'application/x-www-form-urlencoded',
  'connection' => 'keep-alive',
  'accept' => '*/*',
  'accept-encoding' => 'gzip, deflate',
  'user-agent' => 'Mozilla/5.0 (Linux; Android 8.1; EML-L29 Build/HUAWEIEML-L29; xx-xx) AppleWebKit/537.36 (KHTML, like Gecko) Version/4.0 Chrome/65.0.3325.109 Mobile Safari/537.36 (iPad; iPhone; CPU iPhone OS 13_2_3 like Mac OS X)',
  'host' => 'admin.mihuanjishupinzhifuwudiyi44.cc',
  'content-length' => '',
)
[ info ] [ PARAM ] array (
)
---------------------------------------------------------------

[2022-02-26T18:47:47+08:00] 118.193.40.197 GET admin.mihuanjishupinzhifuwudiyi44.cc/api/getconfig.aspx
[运行时间：0.012678s] [吞吐率：78.88req/s] [内存消耗：1,679.58kb] [文件加载：59]
[ info ] [ LANG ] /www/wwwroot/tongchengmiyue/tp6/thinkphp/lang/zh-cn.php
[ info ] [ ROUTE ] array (
)
[ info ] [ HEADER ] array (
  'cookie' => 'PHPSESSID=2hueeqt4gi1456niui3mmcbvak',
  'accept-language' => 'en-US,en;q=0.9',
  'content-type' => 'application/x-www-form-urlencoded',
  'connection' => 'keep-alive',
  'accept' => '*/*',
  'accept-encoding' => 'gzip, deflate',
  'user-agent' => 'Mozilla/5.0 (Linux; Android 8.1; EML-L29 Build/HUAWEIEML-L29; xx-xx) AppleWebKit/537.36 (KHTML, like Gecko) Version/4.0 Chrome/65.0.3325.109 Mobile Safari/537.36 (iPad; iPhone; CPU iPhone OS 13_2_3 like Mac OS X)',
  'host' => 'admin.mihuanjishupinzhifuwudiyi44.cc',
  'content-length' => '',
)
[ info ] [ PARAM ] array (
)
---------------------------------------------------------------

[2022-02-26T18:47:47+08:00] 118.193.40.197 GET admin.mihuanjishupinzhifuwudiyi44.cc/images/favicon.ico
[运行时间：0.009429s] [吞吐率：106.06req/s] [内存消耗：1,192.09kb] [文件加载：48]
[ info ] [ LANG ] /www/wwwroot/tongchengmiyue/tp6/thinkphp/lang/zh-cn.php
---------------------------------------------------------------

[2022-02-26T18:47:47+08:00] 118.193.40.197 POST admin.mihuanjishupinzhifuwudiyi44.cc/v1/auth/getCaptcha
[运行时间：0.009425s] [吞吐率：106.10req/s] [内存消耗：1,191.47kb] [文件加载：48]
[ info ] [ LANG ] /www/wwwroot/tongchengmiyue/tp6/thinkphp/lang/zh-cn.php
---------------------------------------------------------------

[2022-02-26T18:47:47+08:00] 118.193.40.197 GET admin.mihuanjishupinzhifuwudiyi44.cc/api/index/loansList
[运行时间：0.013189s] [吞吐率：75.82req/s] [内存消耗：1,679.55kb] [文件加载：59]
[ info ] [ LANG ] /www/wwwroot/tongchengmiyue/tp6/thinkphp/lang/zh-cn.php
[ info ] [ ROUTE ] array (
)
[ info ] [ HEADER ] array (
  'cookie' => 'PHPSESSID=2hueeqt4gi1456niui3mmcbvak',
  'accept-language' => 'en-US,en;q=0.9',
  'content-type' => 'application/x-www-form-urlencoded',
  'connection' => 'keep-alive',
  'accept' => '*/*',
  'accept-encoding' => 'gzip, deflate',
  'user-agent' => 'Mozilla/5.0 (Linux; Android 8.1; EML-L29 Build/HUAWEIEML-L29; xx-xx) AppleWebKit/537.36 (KHTML, like Gecko) Version/4.0 Chrome/65.0.3325.109 Mobile Safari/537.36 (iPad; iPhone; CPU iPhone OS 13_2_3 like Mac OS X)',
  'host' => 'admin.mihuanjishupinzhifuwudiyi44.cc',
  'content-length' => '',
)
[ info ] [ PARAM ] array (
)
---------------------------------------------------------------

[2022-02-26T18:47:47+08:00] 118.193.40.197 POST admin.mihuanjishupinzhifuwudiyi44.cc/api/app/config_new
[运行时间：0.012250s] [吞吐率：81.63req/s] [内存消耗：1,679.01kb] [文件加载：59]
[ info ] [ LANG ] /www/wwwroot/tongchengmiyue/tp6/thinkphp/lang/zh-cn.php
[ info ] [ ROUTE ] array (
)
[ info ] [ HEADER ] array (
  'content-length' => '0',
  'cookie' => 'PHPSESSID=2hueeqt4gi1456niui3mmcbvak',
  'accept-language' => 'en-US,en;q=0.9',
  'content-type' => 'application/x-www-form-urlencoded',
  'connection' => 'keep-alive',
  'accept' => '*/*',
  'accept-encoding' => 'gzip, deflate',
  'user-agent' => 'Mozilla/5.0 (Linux; Android 8.1; EML-L29 Build/HUAWEIEML-L29; xx-xx) AppleWebKit/537.36 (KHTML, like Gecko) Version/4.0 Chrome/65.0.3325.109 Mobile Safari/537.36 (iPad; iPhone; CPU iPhone OS 13_2_3 like Mac OS X)',
  'host' => 'admin.mihuanjishupinzhifuwudiyi44.cc',
)
[ info ] [ PARAM ] array (
)
---------------------------------------------------------------

[2022-02-26T18:47:47+08:00] 118.193.40.197 GET admin.mihuanjishupinzhifuwudiyi44.cc/api/site/getInfo.do
[运行时间：0.012751s] [吞吐率：78.42req/s] [内存消耗：1,679.59kb] [文件加载：59]
[ info ] [ LANG ] /www/wwwroot/tongchengmiyue/tp6/thinkphp/lang/zh-cn.php
[ info ] [ ROUTE ] array (
)
[ info ] [ HEADER ] array (
  'cookie' => 'PHPSESSID=2hueeqt4gi1456niui3mmcbvak',
  'accept-language' => 'en-US,en;q=0.9',
  'content-type' => 'application/x-www-form-urlencoded',
  'connection' => 'keep-alive',
  'accept' => '*/*',
  'accept-encoding' => 'gzip, deflate',
  'user-agent' => 'Mozilla/5.0 (Linux; Android 8.1; EML-L29 Build/HUAWEIEML-L29; xx-xx) AppleWebKit/537.36 (KHTML, like Gecko) Version/4.0 Chrome/65.0.3325.109 Mobile Safari/537.36 (iPad; iPhone; CPU iPhone OS 13_2_3 like Mac OS X)',
  'host' => 'admin.mihuanjishupinzhifuwudiyi44.cc',
  'content-length' => '',
)
[ info ] [ PARAM ] array (
)
---------------------------------------------------------------

[2022-02-26T18:47:48+08:00] 118.193.40.197 GET admin.mihuanjishupinzhifuwudiyi44.cc/api/message/webInfo
[运行时间：0.013467s] [吞吐率：74.26req/s] [内存消耗：1,679.53kb] [文件加载：59]
[ info ] [ LANG ] /www/wwwroot/tongchengmiyue/tp6/thinkphp/lang/zh-cn.php
[ info ] [ ROUTE ] array (
)
[ info ] [ HEADER ] array (
  'cookie' => 'PHPSESSID=2hueeqt4gi1456niui3mmcbvak',
  'accept-language' => 'en-US,en;q=0.9',
  'content-type' => 'application/x-www-form-urlencoded',
  'connection' => 'keep-alive',
  'accept' => '*/*',
  'accept-encoding' => 'gzip, deflate',
  'user-agent' => 'Mozilla/5.0 (Linux; Android 8.1; EML-L29 Build/HUAWEIEML-L29; xx-xx) AppleWebKit/537.36 (KHTML, like Gecko) Version/4.0 Chrome/65.0.3325.109 Mobile Safari/537.36 (iPad; iPhone; CPU iPhone OS 13_2_3 like Mac OS X)',
  'host' => 'admin.mihuanjishupinzhifuwudiyi44.cc',
  'content-length' => '',
)
[ info ] [ PARAM ] array (
)
---------------------------------------------------------------

[2022-02-26T18:47:48+08:00] 118.193.40.197 GET admin.mihuanjishupinzhifuwudiyi44.cc/Promotions/list.mvc
[运行时间：0.009230s] [吞吐率：108.34req/s] [内存消耗：1,192.09kb] [文件加载：48]
[ info ] [ LANG ] /www/wwwroot/tongchengmiyue/tp6/thinkphp/lang/zh-cn.php
---------------------------------------------------------------

[2022-02-26T18:47:48+08:00] 118.193.40.197 GET admin.mihuanjishupinzhifuwudiyi44.cc/api/index/webconfig
[运行时间：0.013273s] [吞吐率：75.34req/s] [内存消耗：1,679.55kb] [文件加载：59]
[ info ] [ LANG ] /www/wwwroot/tongchengmiyue/tp6/thinkphp/lang/zh-cn.php
[ info ] [ ROUTE ] array (
)
[ info ] [ HEADER ] array (
  'cookie' => 'PHPSESSID=2hueeqt4gi1456niui3mmcbvak',
  'accept-language' => 'en-US,en;q=0.9',
  'content-type' => 'application/x-www-form-urlencoded',
  'connection' => 'keep-alive',
  'accept' => '*/*',
  'accept-encoding' => 'gzip, deflate',
  'user-agent' => 'Mozilla/5.0 (Linux; Android 8.1; EML-L29 Build/HUAWEIEML-L29; xx-xx) AppleWebKit/537.36 (KHTML, like Gecko) Version/4.0 Chrome/65.0.3325.109 Mobile Safari/537.36 (iPad; iPhone; CPU iPhone OS 13_2_3 like Mac OS X)',
  'host' => 'admin.mihuanjishupinzhifuwudiyi44.cc',
  'content-length' => '',
)
[ info ] [ PARAM ] array (
)
---------------------------------------------------------------

[2022-02-26T18:47:48+08:00] 118.193.40.197 GET admin.mihuanjishupinzhifuwudiyi44.cc/api/Index/getconfig
[运行时间：0.013307s] [吞吐率：75.15req/s] [内存消耗：1,679.55kb] [文件加载：59]
[ info ] [ LANG ] /www/wwwroot/tongchengmiyue/tp6/thinkphp/lang/zh-cn.php
[ info ] [ ROUTE ] array (
)
[ info ] [ HEADER ] array (
  'cookie' => 'PHPSESSID=2hueeqt4gi1456niui3mmcbvak',
  'accept-language' => 'en-US,en;q=0.9',
  'content-type' => 'application/x-www-form-urlencoded',
  'connection' => 'keep-alive',
  'accept' => '*/*',
  'accept-encoding' => 'gzip, deflate',
  'user-agent' => 'Mozilla/5.0 (Linux; Android 8.1; EML-L29 Build/HUAWEIEML-L29; xx-xx) AppleWebKit/537.36 (KHTML, like Gecko) Version/4.0 Chrome/65.0.3325.109 Mobile Safari/537.36 (iPad; iPhone; CPU iPhone OS 13_2_3 like Mac OS X)',
  'host' => 'admin.mihuanjishupinzhifuwudiyi44.cc',
  'content-length' => '',
)
[ info ] [ PARAM ] array (
)
---------------------------------------------------------------

[2022-02-26T18:47:48+08:00] 118.193.40.197 GET admin.mihuanjishupinzhifuwudiyi44.cc/api/uploads/apimap
[运行时间：0.013560s] [吞吐率：73.75req/s] [内存消耗：1,679.53kb] [文件加载：59]
[ info ] [ LANG ] /www/wwwroot/tongchengmiyue/tp6/thinkphp/lang/zh-cn.php
[ info ] [ ROUTE ] array (
)
[ info ] [ HEADER ] array (
  'cookie' => 'PHPSESSID=2hueeqt4gi1456niui3mmcbvak',
  'accept-language' => 'en-US,en;q=0.9',
  'content-type' => 'application/x-www-form-urlencoded',
  'connection' => 'keep-alive',
  'accept' => '*/*',
  'accept-encoding' => 'gzip, deflate',
  'user-agent' => 'Mozilla/5.0 (Linux; Android 8.1; EML-L29 Build/HUAWEIEML-L29; xx-xx) AppleWebKit/537.36 (KHTML, like Gecko) Version/4.0 Chrome/65.0.3325.109 Mobile Safari/537.36 (iPad; iPhone; CPU iPhone OS 13_2_3 like Mac OS X)',
  'host' => 'admin.mihuanjishupinzhifuwudiyi44.cc',
  'content-length' => '',
)
[ info ] [ PARAM ] array (
)
---------------------------------------------------------------

[2022-02-26T18:47:48+08:00] 118.193.40.197 GET admin.mihuanjishupinzhifuwudiyi44.cc/Recruit/download_url
[运行时间：0.011083s] [吞吐率：90.23req/s] [内存消耗：1,192.04kb] [文件加载：48]
[ info ] [ LANG ] /www/wwwroot/tongchengmiyue/tp6/thinkphp/lang/zh-cn.php
---------------------------------------------------------------

[2022-02-26T18:47:48+08:00] 118.193.40.197 GET admin.mihuanjishupinzhifuwudiyi44.cc/index/index/ajaxdata
[运行时间：0.011269s] [吞吐率：88.74req/s] [内存消耗：1,192.04kb] [文件加载：48]
[ info ] [ LANG ] /www/wwwroot/tongchengmiyue/tp6/thinkphp/lang/zh-cn.php
---------------------------------------------------------------

[2022-02-26T18:47:53+08:00] 118.193.40.197 GET admin.mihuanjishupinzhifuwudiyi44.cc/room/getRoomBangFans
[运行时间：0.008537s] [吞吐率：117.14req/s] [内存消耗：1,173.18kb] [文件加载：47]
[ info ] [ LANG ] /www/wwwroot/tongchengmiyue/tp6/thinkphp/lang/zh-cn.php
---------------------------------------------------------------

[2022-02-26T18:47:56+08:00] 118.193.40.197 POST admin.mihuanjishupinzhifuwudiyi44.cc/api/user/mobilelogin
[运行时间：0.013357s] [吞吐率：74.87req/s] [内存消耗：1,679.67kb] [文件加载：59]
[ info ] [ LANG ] /www/wwwroot/tongchengmiyue/tp6/thinkphp/lang/zh-cn.php
[ info ] [ ROUTE ] array (
)
[ info ] [ HEADER ] array (
  'content-length' => '41',
  'cookie' => 'PHPSESSID=2hueeqt4gi1456niui3mmcbvak',
  'accept-language' => 'en-US,en;q=0.9',
  'content-type' => 'application/x-www-form-urlencoded',
  'connection' => 'keep-alive',
  'accept' => '*/*',
  'accept-encoding' => 'gzip, deflate',
  'user-agent' => 'Mozilla/5.0 (Linux; Android 8.1; EML-L29 Build/HUAWEIEML-L29; xx-xx) AppleWebKit/537.36 (KHTML, like Gecko) Version/4.0 Chrome/65.0.3325.109 Mobile Safari/537.36 (iPad; iPhone; CPU iPhone OS 13_2_3 like Mac OS X)',
  'host' => 'admin.mihuanjishupinzhifuwudiyi44.cc',
)
[ info ] [ PARAM ] array (
  'mobile' => '13818563800',
  'captcha' => '4578',
  'channel' => '0',
)
---------------------------------------------------------------

[2022-02-26T18:47:58+08:00] 118.193.40.197 GET admin.mihuanjishupinzhifuwudiyi44.cc/api/Index/getLottery
[运行时间：0.016135s] [吞吐率：61.98req/s] [内存消耗：1,713.92kb] [文件加载：59]
[ info ] [ LANG ] /www/wwwroot/tongchengmiyue/tp6/thinkphp/lang/zh-cn.php
[ info ] [ ROUTE ] array (
)
[ info ] [ HEADER ] array (
  'cookie' => 'PHPSESSID=2hueeqt4gi1456niui3mmcbvak',
  'accept-language' => 'en-US,en;q=0.9',
  'content-type' => 'application/x-www-form-urlencoded',
  'connection' => 'keep-alive',
  'accept' => '*/*',
  'accept-encoding' => 'gzip, deflate',
  'user-agent' => 'Mozilla/5.0 (Linux; Android 8.1; EML-L29 Build/HUAWEIEML-L29; xx-xx) AppleWebKit/537.36 (KHTML, like Gecko) Version/4.0 Chrome/65.0.3325.109 Mobile Safari/537.36 (iPad; iPhone; CPU iPhone OS 13_2_3 like Mac OS X)',
  'host' => 'admin.mihuanjishupinzhifuwudiyi44.cc',
  'content-length' => '',
)
[ info ] [ PARAM ] array (
)
---------------------------------------------------------------

[2022-02-26T18:48:01+08:00] 118.193.40.197 POST admin.mihuanjishupinzhifuwudiyi44.cc/km.asmx/getPlatParam
[运行时间：0.008894s] [吞吐率：112.44req/s] [内存消耗：1,172.67kb] [文件加载：47]
[ info ] [ LANG ] /www/wwwroot/tongchengmiyue/tp6/thinkphp/lang/zh-cn.php
---------------------------------------------------------------

[2022-02-26T18:48:02+08:00] 118.193.40.197 GET admin.mihuanjishupinzhifuwudiyi44.cc/api/user/ismustmobile
[运行时间：0.013928s] [吞吐率：71.80req/s] [内存消耗：1,679.54kb] [文件加载：59]
[ info ] [ LANG ] /www/wwwroot/tongchengmiyue/tp6/thinkphp/lang/zh-cn.php
[ info ] [ ROUTE ] array (
)
[ info ] [ HEADER ] array (
  'cookie' => 'PHPSESSID=2hueeqt4gi1456niui3mmcbvak',
  'accept-language' => 'en-US,en;q=0.9',
  'content-type' => 'application/x-www-form-urlencoded',
  'connection' => 'keep-alive',
  'accept' => '*/*',
  'accept-encoding' => 'gzip, deflate',
  'user-agent' => 'Mozilla/5.0 (Linux; Android 8.1; EML-L29 Build/HUAWEIEML-L29; xx-xx) AppleWebKit/537.36 (KHTML, like Gecko) Version/4.0 Chrome/65.0.3325.109 Mobile Safari/537.36 (iPad; iPhone; CPU iPhone OS 13_2_3 like Mac OS X)',
  'host' => 'admin.mihuanjishupinzhifuwudiyi44.cc',
  'content-length' => '',
)
[ info ] [ PARAM ] array (
)
---------------------------------------------------------------

[2022-02-26T18:48:03+08:00] 118.193.40.197 POST admin.mihuanjishupinzhifuwudiyi44.cc/api/user/ismustmobile
[运行时间：0.012491s] [吞吐率：80.06req/s] [内存消耗：1,679.01kb] [文件加载：59]
[ info ] [ LANG ] /www/wwwroot/tongchengmiyue/tp6/thinkphp/lang/zh-cn.php
[ info ] [ ROUTE ] array (
)
[ info ] [ HEADER ] array (
  'content-length' => '0',
  'cookie' => 'PHPSESSID=2hueeqt4gi1456niui3mmcbvak',
  'accept-language' => 'en-US,en;q=0.9',
  'content-type' => 'application/x-www-form-urlencoded',
  'connection' => 'keep-alive',
  'accept' => '*/*',
  'accept-encoding' => 'gzip, deflate',
  'user-agent' => 'Mozilla/5.0 (Linux; Android 8.1; EML-L29 Build/HUAWEIEML-L29; xx-xx) AppleWebKit/537.36 (KHTML, like Gecko) Version/4.0 Chrome/65.0.3325.109 Mobile Safari/537.36 (iPad; iPhone; CPU iPhone OS 13_2_3 like Mac OS X)',
  'host' => 'admin.mihuanjishupinzhifuwudiyi44.cc',
)
[ info ] [ PARAM ] array (
)
---------------------------------------------------------------

[2022-02-26T18:48:03+08:00] 118.193.40.197 GET admin.mihuanjishupinzhifuwudiyi44.cc/index/login/register
[运行时间：0.009333s] [吞吐率：107.15req/s] [内存消耗：1,173.18kb] [文件加载：47]
[ info ] [ LANG ] /www/wwwroot/tongchengmiyue/tp6/thinkphp/lang/zh-cn.php
---------------------------------------------------------------

[2022-02-26T18:55:57+08:00] 118.193.40.197 GET admin.mihuanjishupinzhifuwudiyi44.cc/
[运行时间：0.018728s] [吞吐率：53.40req/s] [内存消耗：2,808.02kb] [文件加载：90]
[ info ] [ LANG ] /www/wwwroot/tongchengmiyue/tp6/thinkphp/lang/zh-cn.php
[ info ] [ ROUTE ] array (
)
[ info ] [ HEADER ] array (
  'accept-language' => 'en-US,en;q=0.9',
  'content-type' => 'application/x-www-form-urlencoded',
  'connection' => 'keep-alive',
  'accept' => '*/*',
  'accept-encoding' => 'gzip, deflate',
  'user-agent' => 'Mozilla/5.0 (Linux; Android 8.1; EML-L29 Build/HUAWEIEML-L29; xx-xx) AppleWebKit/537.36 (KHTML, like Gecko) Version/4.0 Chrome/65.0.3325.109 Mobile Safari/537.36 (iPad; iPhone; CPU iPhone OS 13_2_3 like Mac OS X)',
  'host' => 'admin.mihuanjishupinzhifuwudiyi44.cc',
  'content-length' => '',
)
[ info ] [ PARAM ] array (
)
---------------------------------------------------------------

[2022-02-26T19:01:46+08:00] 118.193.40.197 GET admin.mihuantuanduidingjijishu14.com/
[运行时间：0.017952s] [吞吐率：55.70req/s] [内存消耗：2,808.36kb] [文件加载：90]
[ info ] [ LANG ] /www/wwwroot/tongchengmiyue/tp6/thinkphp/lang/zh-cn.php
[ info ] [ ROUTE ] array (
)
[ info ] [ HEADER ] array (
  'cookie' => 'think_var=null+',
  'accept-language' => 'en-US,en;q=0.9',
  'content-type' => 'application/x-www-form-urlencoded',
  'connection' => 'keep-alive',
  'accept' => '*/*',
  'accept-encoding' => 'gzip, deflate',
  'user-agent' => 'Mozilla/5.0 (Linux; Android 8.1; EML-L29 Build/HUAWEIEML-L29; xx-xx) AppleWebKit/537.36 (KHTML, like Gecko) Version/4.0 Chrome/65.0.3325.109 Mobile Safari/537.36 (iPad; iPhone; CPU iPhone OS 13_2_3 like Mac OS X)',
  'host' => 'admin.mihuantuanduidingjijishu14.com',
  'content-length' => '',
)
[ info ] [ PARAM ] array (
)
---------------------------------------------------------------

[2022-02-26T19:08:48+08:00] 3.238.134.16 GET 40.83.103.135/.env
[运行时间：0.020330s] [吞吐率：49.19req/s] [内存消耗：2,808.24kb] [文件加载：90]
[ info ] [ LANG ] /www/wwwroot/tongchengmiyue/tp6/thinkphp/lang/zh-cn.php
[ info ] [ ROUTE ] array (
)
[ info ] [ HEADER ] array (
  'connection' => 'keep-alive',
  'accept' => '*/*',
  'accept-encoding' => 'gzip, deflate',
  'user-agent' => 'Mozilla/5.0 (Linux; U; Android 4.4.2; en-US; HM NOTE 1W Build/KOT49H) AppleWebKit/534.30 (KHTML, like Gecko) Version/4.0 UCBrowser/11.0.5.850 U3/0.8.0 Mobile Safari/534.30',
  'host' => '40.83.103.135',
  'content-type' => '',
  'content-length' => '',
)
[ info ] [ PARAM ] array (
)
---------------------------------------------------------------

[2022-02-26T19:08:48+08:00] 3.238.134.16 POST 40.83.103.135/
[运行时间：0.028141s] [吞吐率：35.54req/s] [内存消耗：3,674.36kb] [文件加载：95]
[ info ] [ LANG ] /www/wwwroot/tongchengmiyue/tp6/thinkphp/lang/zh-cn.php
[ info ] [ ROUTE ] array (
)
[ info ] [ HEADER ] array (
  'content-type' => 'application/x-www-form-urlencoded',
  'content-length' => '20',
  'connection' => 'keep-alive',
  'accept' => '*/*',
  'accept-encoding' => 'gzip, deflate',
  'user-agent' => 'Mozilla/5.0 (Linux; U; Android 4.4.2; en-US; HM NOTE 1W Build/KOT49H) AppleWebKit/534.30 (KHTML, like Gecko) Version/4.0 UCBrowser/11.0.5.850 U3/0.8.0 Mobile Safari/534.30',
  'host' => '40.83.103.135',
)
[ info ] [ PARAM ] array (
  '0x' => 
  array (
    0 => 'androxgh0st',
  ),
)
[ info ] [ DB ] INIT mysql
[ sql ] [ DB ] CONNECT:[ UseTime:0.000358s ] mysql:host=127.0.0.1;dbname=tcmy;charset=utf8
[ sql ] [ SQL ] SHOW COLUMNS FROM `user_log` [ RunTime:0.000673s ]
[ sql ] [ SQL ] INSERT INTO `user_log` (`url` , `param` , `ip` , `uid` , `uname`) VALUES ('/' , '{\"0x\":[\"androxgh0st\"]}' , '3.238.134.16' , NULL , NULL) [ RunTime:0.000246s ]
---------------------------------------------------------------

[2022-02-26T20:02:47+08:00] 44.202.77.189 GET 40.83.103.135/
[运行时间：0.019712s] [吞吐率：50.73req/s] [内存消耗：2,807.10kb] [文件加载：90]
[ info ] [ LANG ] /www/wwwroot/tongchengmiyue/tp6/thinkphp/lang/zh-cn.php
[ info ] [ ROUTE ] array (
)
[ info ] [ HEADER ] array (
  'connection' => 'close',
  'accept-encoding' => 'gzip',
  'user-agent' => 'Mozilla/5.0 (Windows NT 10.0; WOW64) AppleWebKit/537.36 (KHTML, like Gecko) Chrome/83.0.4103.116 Safari/537.36',
  'host' => '40.83.103.135',
  'content-type' => '',
  'content-length' => '',
)
[ info ] [ PARAM ] array (
)
---------------------------------------------------------------

[2022-02-26T20:02:48+08:00] 44.202.77.189 GET 40.83.103.135/admin/login/index/
[运行时间：0.018340s] [吞吐率：54.53req/s] [内存消耗：2,810.49kb] [文件加载：90]
[ info ] [ LANG ] /www/wwwroot/tongchengmiyue/tp6/thinkphp/lang/zh-cn.php
[ info ] [ ROUTE ] array (
)
[ info ] [ HEADER ] array (
  'connection' => 'close',
  'accept-encoding' => 'gzip',
  'referer' => 'https://40.83.103.135',
  'user-agent' => 'Mozilla/5.0 (Windows NT 10.0; WOW64) AppleWebKit/537.36 (KHTML, like Gecko) Chrome/83.0.4103.116 Safari/537.36',
  'host' => '40.83.103.135',
  'content-type' => '',
  'content-length' => '',
)
[ info ] [ PARAM ] array (
)
[ info ] [ VIEW ] /www/wwwroot/tongchengmiyue/tp6/application/admin/view/login/index.html [ array (
) ]
---------------------------------------------------------------

[2022-02-26T20:03:40+08:00] 221.130.37.173 GET www.mihuanjishupinzhifuwudiyi65.cc/
[运行时间：0.019207s] [吞吐率：52.06req/s] [内存消耗：2,807.16kb] [文件加载：90]
[ info ] [ LANG ] /www/wwwroot/tongchengmiyue/tp6/thinkphp/lang/zh-cn.php
[ info ] [ ROUTE ] array (
)
[ info ] [ HEADER ] array (
  'connection' => 'close',
  'host' => 'www.mihuanjishupinzhifuwudiyi65.cc',
  'content-type' => 'text/html; charset=utf-8',
  'user-agent' => 'Mozilla/5.0 (Linux; Android 10.0; LG G2 Build/170816.012) AppleWebKit/537.36 (KHTML, like Gecko) Chrome/88.0.4472.114 Mobile Safari/537.36',
  'content-length' => '',
)
[ info ] [ PARAM ] array (
)
---------------------------------------------------------------

[2022-02-26T20:03:40+08:00] 221.130.37.173 GET 40.83.103.135/admin/login/index/
[运行时间：0.019438s] [吞吐率：51.45req/s] [内存消耗：2,810.45kb] [文件加载：90]
[ info ] [ LANG ] /www/wwwroot/tongchengmiyue/tp6/thinkphp/lang/zh-cn.php
[ info ] [ ROUTE ] array (
)
[ info ] [ HEADER ] array (
  'connection' => 'close',
  'host' => '40.83.103.135',
  'referer' => 'https://40.83.103.135/',
  'user-agent' => 'Mozilla/5.0 (Linux; Android 10.0; LG G2 Build/170816.012) AppleWebKit/537.36 (KHTML, like Gecko) Chrome/88.0.4472.114 Mobile Safari/537.36',
  'content-type' => '',
  'content-length' => '',
)
[ info ] [ PARAM ] array (
)
[ info ] [ VIEW ] /www/wwwroot/tongchengmiyue/tp6/application/admin/view/login/index.html [ array (
) ]
---------------------------------------------------------------

[2022-02-26T21:01:01+08:00] 167.94.138.61 GET 40.83.103.135:443/
[运行时间：0.019435s] [吞吐率：51.45req/s] [内存消耗：2,806.43kb] [文件加载：90]
[ info ] [ LANG ] /www/wwwroot/tongchengmiyue/tp6/thinkphp/lang/zh-cn.php
[ info ] [ ROUTE ] array (
)
[ info ] [ HEADER ] array (
  'host' => '40.83.103.135:443',
  'content-type' => '',
  'content-length' => '',
)
[ info ] [ PARAM ] array (
)
---------------------------------------------------------------

[2022-02-26T21:01:02+08:00] 167.94.138.61 GET 40.83.103.135/
[运行时间：0.020174s] [吞吐率：49.57req/s] [内存消耗：2,806.97kb] [文件加载：90]
[ info ] [ LANG ] /www/wwwroot/tongchengmiyue/tp6/thinkphp/lang/zh-cn.php
[ info ] [ ROUTE ] array (
)
[ info ] [ HEADER ] array (
  'accept-encoding' => 'gzip',
  'accept' => '*/*',
  'user-agent' => 'Mozilla/5.0 (compatible; CensysInspect/1.1; +https://about.censys.io/)',
  'host' => '40.83.103.135',
  'content-type' => '',
  'content-length' => '',
)
[ info ] [ PARAM ] array (
)
---------------------------------------------------------------

[2022-02-26T21:01:03+08:00] 167.94.138.61 GET 40.83.103.135/admin/login/index/
[运行时间：0.021333s] [吞吐率：46.88req/s] [内存消耗：2,810.33kb] [文件加载：90]
[ info ] [ LANG ] /www/wwwroot/tongchengmiyue/tp6/thinkphp/lang/zh-cn.php
[ info ] [ ROUTE ] array (
)
[ info ] [ HEADER ] array (
  'accept-encoding' => 'gzip',
  'accept' => '*/*',
  'user-agent' => 'Mozilla/5.0 (compatible; CensysInspect/1.1; +https://about.censys.io/)',
  'host' => '40.83.103.135',
  'content-type' => '',
  'content-length' => '',
)
[ info ] [ PARAM ] array (
)
[ info ] [ VIEW ] /www/wwwroot/tongchengmiyue/tp6/application/admin/view/login/index.html [ array (
) ]
---------------------------------------------------------------

[2022-02-26T21:11:31+08:00] 170.210.45.163 GET 40.83.103.135/currentsetting.htm
[运行时间：0.010722s] [吞吐率：93.27req/s] [内存消耗：1,192.10kb] [文件加载：48]
[ info ] [ LANG ] /www/wwwroot/tongchengmiyue/tp6/thinkphp/lang/zh-cn.php
---------------------------------------------------------------

[2022-02-26T22:22:57+08:00] 192.241.217.38 GET 40.83.103.135/ecp/Current/exporttool/microsoft.exchange.ediscovery.exporttool.application
[运行时间：0.010139s] [吞吐率：98.63req/s] [内存消耗：1,192.27kb] [文件加载：48]
[ info ] [ LANG ] /www/wwwroot/tongchengmiyue/tp6/thinkphp/lang/zh-cn.php
---------------------------------------------------------------

[2022-02-26T22:23:18+08:00] 192.241.219.143 GET 40.83.103.135/owa/auth/logon.aspx
[运行时间：0.009742s] [吞吐率：102.65req/s] [内存消耗：1,192.10kb] [文件加载：48]
[ info ] [ LANG ] /www/wwwroot/tongchengmiyue/tp6/thinkphp/lang/zh-cn.php
---------------------------------------------------------------

[2022-02-26T22:44:39+08:00] 92.118.160.17 GET admin.mihuanjishupinzhifuwudiyi44.cc/
[运行时间：0.017675s] [吞吐率：56.58req/s] [内存消耗：2,806.89kb] [文件加载：90]
[ info ] [ LANG ] /www/wwwroot/tongchengmiyue/tp6/thinkphp/lang/zh-cn.php
[ info ] [ ROUTE ] array (
)
[ info ] [ HEADER ] array (
  'user-agent' => 'NetSystemsResearch studies the availability of various services across the internet. Our website is netsystemsresearch.com',
  'host' => 'admin.mihuanjishupinzhifuwudiyi44.cc',
  'content-type' => '',
  'content-length' => '',
)
[ info ] [ PARAM ] array (
)
---------------------------------------------------------------

[2022-02-26T23:43:40+08:00] 34.140.248.32 GET 40.83.103.135/
[运行时间：0.020362s] [吞吐率：49.11req/s] [内存消耗：2,807.91kb] [文件加载：90]
[ info ] [ LANG ] /www/wwwroot/tongchengmiyue/tp6/thinkphp/lang/zh-cn.php
[ info ] [ ROUTE ] array (
)
[ info ] [ HEADER ] array (
  'x-datadog-sampling-priority' => '1',
  'x-datadog-parent-id' => '5503333525868849664',
  'x-datadog-trace-id' => '9841360845382359858',
  'connection' => 'keep-alive',
  'accept' => '*/*',
  'accept-encoding' => 'gzip, deflate',
  'user-agent' => 'python-requests/2.27.1',
  'host' => '40.83.103.135',
  'content-type' => '',
  'content-length' => '',
)
[ info ] [ PARAM ] array (
)
